

================================================================
== Vivado HLS Report for 'matrix_vector'
================================================================
* Date:           Wed Jun 21 11:54:14 2023

* Version:        2020.1 (Build 2897737 on Wed May 27 20:21:37 MDT 2020)
* Project:        matrix_vector_proj
* Solution:       pipeline_dot_product
* Product family: zynquplus
* Target device:  xqzu5ev-ffrb900-1-i


================================================================
== Performance Estimates
================================================================
+ Timing: 
    * Summary: 
    +--------+---------+----------+------------+
    |  Clock |  Target | Estimated| Uncertainty|
    +--------+---------+----------+------------+
    |ap_clk  | 8.00 ns | 6.663 ns |   1.00 ns  |
    +--------+---------+----------+------------+

+ Latency: 
    * Summary: 
    +---------+---------+----------+----------+-----+-----+---------+
    |  Latency (cycles) |  Latency (absolute) |  Interval | Pipeline|
    |   min   |   max   |    min   |    max   | min | max |   Type  |
    +---------+---------+----------+----------+-----+-----+---------+
    |       67|       67| 0.536 us | 0.536 us |   67|   67|   none  |
    +---------+---------+----------+----------+-----+-----+---------+

    + Detail: 
        * Instance: 
        N/A

        * Loop: 
        +------------------------------+---------+---------+----------+-----------+-----------+------+----------+
        |                              |  Latency (cycles) | Iteration|  Initiation Interval  | Trip |          |
        |           Loop Name          |   min   |   max   |  Latency |  achieved |   target  | Count| Pipelined|
        +------------------------------+---------+---------+----------+-----------+-----------+------+----------+
        |- data_loop_dot_product_loop  |       65|       65|         3|          1|          1|    64|    yes   |
        +------------------------------+---------+---------+----------+-----------+-----------+------+----------+

============================================================
+ Verbose Summary: Synthesis Manager
============================================================
InlineROM: 1
ExposeGlobal: 0
============================================================
+ Verbose Summary: CDFG Model
============================================================
IsTopModel: 1
ResetActiveHigh: 1
IsCombinational: 0
IsDatapathOnly: 0
HasWiredReturn: 1
HasMFsm: 0
HasVarLatency: 1
IsPipeline: 0
IsRtlPipelined: 0
IsInstanceOverlapped: 0
IsDontTouch: 0
HasImplIP: 0
IsGatedGlobalClock: 0

+ Individual pipeline summary: 
  * Pipeline-0: initiation interval (II) = 1, depth = 3


============================================================
+ Verbose Summary: Schedule
============================================================
* Number of FSM states : 5
* Pipeline : 1
  Pipeline-0 : II = 1, D = 3, States = { 2 3 4 }
* Dataflow Pipeline: 0

* FSM state transitions: 
1 --> 2 
2 --> 5 3 
3 --> 4 
4 --> 2 
5 --> 

* FSM state operations: 

State 1 <SV = 0> <Delay = 0.75>
ST_1 : Operation 6 [1/1] (0.00ns)   --->   "call void (...)* @_ssdm_op_SpecBitsMap([64 x i32]* %M) nounwind, !map !7"   --->   Operation 6 'specbitsmap' <Predicate = true> <Delay = 0.00>
ST_1 : Operation 7 [1/1] (0.00ns)   --->   "call void (...)* @_ssdm_op_SpecBitsMap([8 x i32]* %V_In) nounwind, !map !13"   --->   Operation 7 'specbitsmap' <Predicate = true> <Delay = 0.00>
ST_1 : Operation 8 [1/1] (0.00ns)   --->   "call void (...)* @_ssdm_op_SpecBitsMap([8 x i32]* %V_Out) nounwind, !map !18"   --->   Operation 8 'specbitsmap' <Predicate = true> <Delay = 0.00>
ST_1 : Operation 9 [1/1] (0.00ns)   --->   "call void (...)* @_ssdm_op_SpecTopModule([14 x i8]* @matrix_vector_str) nounwind"   --->   Operation 9 'spectopmodule' <Predicate = true> <Delay = 0.00>
ST_1 : Operation 10 [1/1] (0.75ns)   --->   "br label %1" [matrix_vector_base.c:7]   --->   Operation 10 'br' <Predicate = true> <Delay = 0.75>

State 2 <SV = 1> <Delay = 3.58>
ST_2 : Operation 11 [1/1] (0.00ns)   --->   "%indvar_flatten = phi i7 [ 0, %0 ], [ %add_ln7, %ifFalse ]" [matrix_vector_base.c:7]   --->   Operation 11 'phi' 'indvar_flatten' <Predicate = true> <Delay = 0.00>
ST_2 : Operation 12 [1/1] (0.00ns)   --->   "%i_0 = phi i4 [ 0, %0 ], [ %select_ln11_2, %ifFalse ]" [matrix_vector_base.c:11]   --->   Operation 12 'phi' 'i_0' <Predicate = true> <Delay = 0.00>
ST_2 : Operation 13 [1/1] (0.00ns)   --->   "%j_0 = phi i4 [ 0, %0 ], [ %j, %ifFalse ]"   --->   Operation 13 'phi' 'j_0' <Predicate = true> <Delay = 0.00>
ST_2 : Operation 14 [1/1] (0.00ns)   --->   "%sum_0 = phi i32 [ 0, %0 ], [ %sum, %ifFalse ]"   --->   Operation 14 'phi' 'sum_0' <Predicate = true> <Delay = 0.00>
ST_2 : Operation 15 [1/1] (0.86ns)   --->   "%icmp_ln7 = icmp eq i7 %indvar_flatten, -64" [matrix_vector_base.c:7]   --->   Operation 15 'icmp' 'icmp_ln7' <Predicate = true> <Delay = 0.86> <Core = "Cmp">   --->   Core 25 'Cmp' <Latency = 0> <II = 1> <Delay = 0.88> <FuncUnit> <Opcode : 'icmp'> <InPorts = 2> <OutPorts = 1>
ST_2 : Operation 16 [1/1] (0.89ns)   --->   "%add_ln7 = add i7 %indvar_flatten, 1" [matrix_vector_base.c:7]   --->   Operation 16 'add' 'add_ln7' <Predicate = true> <Delay = 0.89> <Core = "AddSub">   --->   Core 14 'AddSub' <Latency = 0> <II = 1> <Delay = 0.86> <FuncUnit> <Opcode : 'add' 'sub'> <InPorts = 2> <OutPorts = 1>
ST_2 : Operation 17 [1/1] (0.00ns)   --->   "br i1 %icmp_ln7, label %2, label %dot_product_loop" [matrix_vector_base.c:7]   --->   Operation 17 'br' <Predicate = true> <Delay = 0.00>
ST_2 : Operation 18 [1/1] (0.86ns)   --->   "%i = add i4 %i_0, 1" [matrix_vector_base.c:7]   --->   Operation 18 'add' 'i' <Predicate = (!icmp_ln7)> <Delay = 0.86> <Core = "AddSub">   --->   Core 14 'AddSub' <Latency = 0> <II = 1> <Delay = 0.86> <FuncUnit> <Opcode : 'add' 'sub'> <InPorts = 2> <OutPorts = 1>
ST_2 : Operation 19 [1/1] (0.88ns)   --->   "%icmp_ln10 = icmp eq i4 %j_0, -8" [matrix_vector_base.c:10]   --->   Operation 19 'icmp' 'icmp_ln10' <Predicate = (!icmp_ln7)> <Delay = 0.88> <Core = "Cmp">   --->   Core 25 'Cmp' <Latency = 0> <II = 1> <Delay = 0.88> <FuncUnit> <Opcode : 'icmp'> <InPorts = 2> <OutPorts = 1>
ST_2 : Operation 20 [1/1] (0.45ns)   --->   "%select_ln11 = select i1 %icmp_ln10, i4 0, i4 %j_0" [matrix_vector_base.c:11]   --->   Operation 20 'select' 'select_ln11' <Predicate = (!icmp_ln7)> <Delay = 0.45> <Core = "Sel">   --->   Core 26 'Sel' <Latency = 0> <II = 1> <Delay = 0.45> <FuncUnit> <Opcode : 'select'> <InPorts = 3> <OutPorts = 1>
ST_2 : Operation 21 [1/1] (0.45ns)   --->   "%select_ln11_2 = select i1 %icmp_ln10, i4 %i, i4 %i_0" [matrix_vector_base.c:11]   --->   Operation 21 'select' 'select_ln11_2' <Predicate = (!icmp_ln7)> <Delay = 0.45> <Core = "Sel">   --->   Core 26 'Sel' <Latency = 0> <II = 1> <Delay = 0.45> <FuncUnit> <Opcode : 'select'> <InPorts = 3> <OutPorts = 1>
ST_2 : Operation 22 [1/1] (0.00ns)   --->   "%tmp = call i7 @_ssdm_op_BitConcatenate.i7.i4.i3(i4 %select_ln11_2, i3 0)" [matrix_vector_base.c:11]   --->   Operation 22 'bitconcatenate' 'tmp' <Predicate = (!icmp_ln7)> <Delay = 0.00>
ST_2 : Operation 23 [1/1] (0.00ns)   --->   "%zext_ln10 = zext i7 %tmp to i8" [matrix_vector_base.c:10]   --->   Operation 23 'zext' 'zext_ln10' <Predicate = (!icmp_ln7)> <Delay = 0.00>
ST_2 : Operation 24 [1/1] (0.00ns)   --->   "%zext_ln11_2 = zext i4 %select_ln11 to i8" [matrix_vector_base.c:11]   --->   Operation 24 'zext' 'zext_ln11_2' <Predicate = (!icmp_ln7)> <Delay = 0.00>
ST_2 : Operation 25 [1/1] (0.89ns)   --->   "%add_ln11 = add i8 %zext_ln11_2, %zext_ln10" [matrix_vector_base.c:11]   --->   Operation 25 'add' 'add_ln11' <Predicate = (!icmp_ln7)> <Delay = 0.89> <Core = "AddSub">   --->   Core 14 'AddSub' <Latency = 0> <II = 1> <Delay = 0.86> <FuncUnit> <Opcode : 'add' 'sub'> <InPorts = 2> <OutPorts = 1>
ST_2 : Operation 26 [1/1] (0.00ns)   --->   "%zext_ln11_3 = zext i8 %add_ln11 to i64" [matrix_vector_base.c:11]   --->   Operation 26 'zext' 'zext_ln11_3' <Predicate = (!icmp_ln7)> <Delay = 0.00>
ST_2 : Operation 27 [1/1] (0.00ns)   --->   "%M_addr = getelementptr [64 x i32]* %M, i64 0, i64 %zext_ln11_3" [matrix_vector_base.c:11]   --->   Operation 27 'getelementptr' 'M_addr' <Predicate = (!icmp_ln7)> <Delay = 0.00>
ST_2 : Operation 28 [2/2] (1.35ns)   --->   "%M_load = load i32* %M_addr, align 4" [matrix_vector_base.c:11]   --->   Operation 28 'load' 'M_load' <Predicate = (!icmp_ln7)> <Delay = 1.35> <Core = "RAM">   --->   Core 37 'RAM' <Latency = 1> <II = 1> <Delay = 0.79> <Storage> <Opcode : 'load' 'store'> <Ports = 2> <Width = 32> <Depth = 8> <RAM>
ST_2 : Operation 29 [1/1] (0.86ns)   --->   "%j = add i4 %select_ln11, 1" [matrix_vector_base.c:10]   --->   Operation 29 'add' 'j' <Predicate = (!icmp_ln7)> <Delay = 0.86> <Core = "AddSub">   --->   Core 14 'AddSub' <Latency = 0> <II = 1> <Delay = 0.86> <FuncUnit> <Opcode : 'add' 'sub'> <InPorts = 2> <OutPorts = 1>

State 3 <SV = 2> <Delay = 1.35>
ST_3 : Operation 30 [1/1] (0.00ns)   --->   "%zext_ln11_1 = zext i4 %select_ln11 to i64" [matrix_vector_base.c:11]   --->   Operation 30 'zext' 'zext_ln11_1' <Predicate = (!icmp_ln7)> <Delay = 0.00>
ST_3 : Operation 31 [1/1] (0.00ns)   --->   "%V_In_addr = getelementptr [8 x i32]* %V_In, i64 0, i64 %zext_ln11_1" [matrix_vector_base.c:11]   --->   Operation 31 'getelementptr' 'V_In_addr' <Predicate = (!icmp_ln7)> <Delay = 0.00>
ST_3 : Operation 32 [2/2] (0.79ns)   --->   "%V_In_load = load i32* %V_In_addr, align 4" [matrix_vector_base.c:11]   --->   Operation 32 'load' 'V_In_load' <Predicate = (!icmp_ln7)> <Delay = 0.79> <Core = "RAM">   --->   Core 37 'RAM' <Latency = 1> <II = 1> <Delay = 0.79> <Storage> <Opcode : 'load' 'store'> <Ports = 2> <Width = 32> <Depth = 8> <RAM>
ST_3 : Operation 33 [1/2] (1.35ns)   --->   "%M_load = load i32* %M_addr, align 4" [matrix_vector_base.c:11]   --->   Operation 33 'load' 'M_load' <Predicate = (!icmp_ln7)> <Delay = 1.35> <Core = "RAM">   --->   Core 37 'RAM' <Latency = 1> <II = 1> <Delay = 0.79> <Storage> <Opcode : 'load' 'store'> <Ports = 2> <Width = 32> <Depth = 8> <RAM>
ST_3 : Operation 34 [1/1] (0.88ns)   --->   "%icmp_ln10_1 = icmp eq i4 %j, -8" [matrix_vector_base.c:10]   --->   Operation 34 'icmp' 'icmp_ln10_1' <Predicate = (!icmp_ln7)> <Delay = 0.88> <Core = "Cmp">   --->   Core 25 'Cmp' <Latency = 0> <II = 1> <Delay = 0.88> <FuncUnit> <Opcode : 'icmp'> <InPorts = 2> <OutPorts = 1>
ST_3 : Operation 35 [1/1] (0.00ns)   --->   "br i1 %icmp_ln10_1, label %ifTrue, label %ifFalse" [matrix_vector_base.c:10]   --->   Operation 35 'br' <Predicate = (!icmp_ln7)> <Delay = 0.00>

State 4 <SV = 3> <Delay = 6.66>
ST_4 : Operation 36 [1/1] (0.00ns)   --->   "call void (...)* @_ssdm_op_SpecLoopName([27 x i8]* @data_loop_dot_produc)"   --->   Operation 36 'specloopname' <Predicate = (!icmp_ln7)> <Delay = 0.00>
ST_4 : Operation 37 [1/1] (0.00ns)   --->   "%empty = call i32 (...)* @_ssdm_op_SpecLoopTripCount(i64 64, i64 64, i64 64) nounwind"   --->   Operation 37 'speclooptripcount' 'empty' <Predicate = (!icmp_ln7)> <Delay = 0.00>
ST_4 : Operation 38 [1/1] (0.00ns) (grouped into LUT with out node sum)   --->   "%select_ln11_1 = select i1 %icmp_ln10, i32 0, i32 %sum_0" [matrix_vector_base.c:11]   --->   Operation 38 'select' 'select_ln11_1' <Predicate = (!icmp_ln7)> <Delay = 0.00> <Core = "Sel">   --->   Core 26 'Sel' <Latency = 0> <II = 1> <Delay = 0.45> <FuncUnit> <Opcode : 'select'> <InPorts = 3> <OutPorts = 1>
ST_4 : Operation 39 [1/1] (0.00ns)   --->   "%zext_ln11 = zext i4 %select_ln11_2 to i64" [matrix_vector_base.c:11]   --->   Operation 39 'zext' 'zext_ln11' <Predicate = (!icmp_ln7)> <Delay = 0.00>
ST_4 : Operation 40 [1/1] (0.00ns)   --->   "call void (...)* @_ssdm_op_SpecLoopName([17 x i8]* @p_str1) nounwind" [matrix_vector_base.c:10]   --->   Operation 40 'specloopname' <Predicate = (!icmp_ln7)> <Delay = 0.00>
ST_4 : Operation 41 [1/1] (0.00ns)   --->   "%tmp_1 = call i32 (...)* @_ssdm_op_SpecRegionBegin([17 x i8]* @p_str1) nounwind" [matrix_vector_base.c:10]   --->   Operation 41 'specregionbegin' 'tmp_1' <Predicate = (!icmp_ln7)> <Delay = 0.00>
ST_4 : Operation 42 [1/1] (0.00ns)   --->   "call void (...)* @_ssdm_op_SpecPipeline(i32 -1, i32 1, i32 1, i32 0, [1 x i8]* @p_str2) nounwind" [matrix_vector_base.c:11]   --->   Operation 42 'specpipeline' <Predicate = (!icmp_ln7)> <Delay = 0.00>
ST_4 : Operation 43 [1/2] (0.79ns)   --->   "%V_In_load = load i32* %V_In_addr, align 4" [matrix_vector_base.c:11]   --->   Operation 43 'load' 'V_In_load' <Predicate = (!icmp_ln7)> <Delay = 0.79> <Core = "RAM">   --->   Core 37 'RAM' <Latency = 1> <II = 1> <Delay = 0.79> <Storage> <Opcode : 'load' 'store'> <Ports = 2> <Width = 32> <Depth = 8> <RAM>
ST_4 : Operation 44 [1/1] (3.88ns)   --->   "%mul_ln11 = mul nsw i32 %V_In_load, %M_load" [matrix_vector_base.c:11]   --->   Operation 44 'mul' 'mul_ln11' <Predicate = (!icmp_ln7)> <Delay = 3.88> <Core = "Mul">   --->   Core 16 'Mul' <Latency = 0> <II = 1> <Delay = 3.88> <FuncUnit> <Opcode : 'mul'> <InPorts = 2> <OutPorts = 1>
ST_4 : Operation 45 [1/1] (1.20ns) (out node of the LUT)   --->   "%sum = add nsw i32 %mul_ln11, %select_ln11_1" [matrix_vector_base.c:11]   --->   Operation 45 'add' 'sum' <Predicate = (!icmp_ln7)> <Delay = 1.20> <Core = "AddSub">   --->   Core 14 'AddSub' <Latency = 0> <II = 1> <Delay = 0.86> <FuncUnit> <Opcode : 'add' 'sub'> <InPorts = 2> <OutPorts = 1>
ST_4 : Operation 46 [1/1] (0.00ns)   --->   "%empty_2 = call i32 (...)* @_ssdm_op_SpecRegionEnd([17 x i8]* @p_str1, i32 %tmp_1) nounwind" [matrix_vector_base.c:12]   --->   Operation 46 'specregionend' 'empty_2' <Predicate = (!icmp_ln7)> <Delay = 0.00>
ST_4 : Operation 47 [1/1] (0.00ns)   --->   "%V_Out_addr = getelementptr [8 x i32]* %V_Out, i64 0, i64 %zext_ln11" [matrix_vector_base.c:13]   --->   Operation 47 'getelementptr' 'V_Out_addr' <Predicate = (icmp_ln10_1)> <Delay = 0.00>
ST_4 : Operation 48 [1/1] (0.79ns)   --->   "store i32 %sum, i32* %V_Out_addr, align 4" [matrix_vector_base.c:13]   --->   Operation 48 'store' <Predicate = (icmp_ln10_1)> <Delay = 0.79> <Core = "RAM">   --->   Core 37 'RAM' <Latency = 1> <II = 1> <Delay = 0.79> <Storage> <Opcode : 'load' 'store'> <Ports = 2> <Width = 32> <Depth = 8> <RAM>
ST_4 : Operation 49 [1/1] (0.00ns)   --->   "br label %ifFalse"   --->   Operation 49 'br' <Predicate = (icmp_ln10_1)> <Delay = 0.00>
ST_4 : Operation 50 [1/1] (0.00ns)   --->   "br label %1"   --->   Operation 50 'br' <Predicate = (!icmp_ln7)> <Delay = 0.00>

State 5 <SV = 2> <Delay = 0.00>
ST_5 : Operation 51 [1/1] (0.00ns)   --->   "ret void" [matrix_vector_base.c:15]   --->   Operation 51 'ret' <Predicate = true> <Delay = 0.00>


============================================================
+ Verbose Summary: Timing violations
============================================================
Target clock period: 8ns, clock uncertainty: 1ns.

 <State 1>: 0.755ns
The critical path consists of the following:
	multiplexor before 'phi' operation ('indvar_flatten', matrix_vector_base.c:7) with incoming values : ('add_ln7', matrix_vector_base.c:7) [10]  (0.755 ns)

 <State 2>: 3.58ns
The critical path consists of the following:
	'phi' operation ('j') with incoming values : ('j', matrix_vector_base.c:10) [12]  (0 ns)
	'icmp' operation ('icmp_ln10', matrix_vector_base.c:10) [21]  (0.884 ns)
	'select' operation ('select_ln11', matrix_vector_base.c:11) [22]  (0.45 ns)
	'add' operation ('add_ln11', matrix_vector_base.c:11) [33]  (0.897 ns)
	'getelementptr' operation ('M_addr', matrix_vector_base.c:11) [35]  (0 ns)
	'load' operation ('M_load', matrix_vector_base.c:11) on array 'M' [38]  (1.35 ns)

 <State 3>: 1.35ns
The critical path consists of the following:
	'load' operation ('M_load', matrix_vector_base.c:11) on array 'M' [38]  (1.35 ns)

 <State 4>: 6.66ns
The critical path consists of the following:
	'load' operation ('V_In_load', matrix_vector_base.c:11) on array 'V_In' [37]  (0.79 ns)
	'mul' operation ('mul_ln11', matrix_vector_base.c:11) [39]  (3.88 ns)
	'add' operation ('sum', matrix_vector_base.c:11) [40]  (1.2 ns)
	'store' operation ('store_ln13', matrix_vector_base.c:13) of variable 'sum', matrix_vector_base.c:11 on array 'V_Out' [47]  (0.79 ns)

 <State 5>: 0ns
The critical path consists of the following:


============================================================
+ Verbose Summary: Binding
============================================================
N/A
* FSMD analyzer results:
  - Output states:
 - Input state : 
  - Chain level:
	State 1
	State 2
	State 3
	State 4
	State 5


============================================================
+ Verbose Summary: Datapath Resource usage 
============================================================
N/A
