

================================================================
== Vivado HLS Report for 'matrix_vector'
================================================================
* Date:           Wed Jun 21 11:10:40 2023

* Version:        2020.1 (Build 2897737 on Wed May 27 20:21:37 MDT 2020)
* Project:        matrix_vector_proj
* Solution:       solution1
* Product family: zynquplus
* Target device:  xqzu5ev-ffrb900-1-i


================================================================
== Performance Estimates
================================================================
+ Timing: 
    * Summary: 
    +--------+---------+----------+------------+
    |  Clock |  Target | Estimated| Uncertainty|
    +--------+---------+----------+------------+
    |ap_clk  | 8.00 ns | 6.435 ns |   1.00 ns  |
    +--------+---------+----------+------------+

+ Latency: 
    * Summary: 
    +---------+---------+----------+----------+-----+-----+---------+
    |  Latency (cycles) |  Latency (absolute) |  Interval | Pipeline|
    |   min   |   max   |    min   |    max   | min | max |   Type  |
    +---------+---------+----------+----------+-----+-----+---------+
    |      145|      145| 1.160 us | 1.160 us |  145|  145|   none  |
    +---------+---------+----------+----------+-----+-----+---------+

    + Detail: 
        * Instance: 
        N/A

        * Loop: 
        +---------------------+---------+---------+----------+-----------+-----------+------+----------+
        |                     |  Latency (cycles) | Iteration|  Initiation Interval  | Trip |          |
        |      Loop Name      |   min   |   max   |  Latency |  achieved |   target  | Count| Pipelined|
        +---------------------+---------+---------+----------+-----------+-----------+------+----------+
        |- data_loop          |      144|      144|        18|          -|          -|     8|    no    |
        | + dot_product_loop  |       16|       16|         2|          -|          -|     8|    no    |
        +---------------------+---------+---------+----------+-----------+-----------+------+----------+



================================================================
== Utilization Estimates
================================================================
* Summary: 
+-----------------+---------+-------+--------+--------+-----+
|       Name      | BRAM_18K| DSP48E|   FF   |   LUT  | URAM|
+-----------------+---------+-------+--------+--------+-----+
|DSP              |        -|      -|       -|       -|    -|
|Expression       |        -|      3|       0|     120|    -|
|FIFO             |        -|      -|       -|       -|    -|
|Instance         |        -|      -|       -|       -|    -|
|Memory           |        -|      -|       -|       -|    -|
|Multiplexer      |        -|      -|       -|      54|    -|
|Register         |        -|      -|      60|       -|    -|
+-----------------+---------+-------+--------+--------+-----+
|Total            |        0|      3|      60|     174|    0|
+-----------------+---------+-------+--------+--------+-----+
|Available        |      288|   1248|  234240|  117120|   64|
+-----------------+---------+-------+--------+--------+-----+
|Utilization (%)  |        0|   ~0  |   ~0   |   ~0   |    0|
+-----------------+---------+-------+--------+--------+-----+

+ Detail: 
    * Instance: 
    N/A

    * DSP48E: 
    N/A

    * Memory: 
    N/A

    * FIFO: 
    N/A

    * Expression: 
    +---------------------+----------+-------+---+----+------------+------------+
    |    Variable Name    | Operation| DSP48E| FF| LUT| Bitwidth P0| Bitwidth P1|
    +---------------------+----------+-------+---+----+------------+------------+
    |mul_ln11_fu_173_p2   |     *    |      3|  0|  20|          32|          32|
    |add_ln11_fu_163_p2   |     +    |      0|  0|  15|           8|           8|
    |i_fu_120_p2          |     +    |      0|  0|  12|           4|           1|
    |j_fu_148_p2          |     +    |      0|  0|  12|           4|           1|
    |sum_fu_179_p2        |     +    |      0|  0|  39|          32|          32|
    |icmp_ln10_fu_142_p2  |   icmp   |      0|  0|  11|           4|           5|
    |icmp_ln7_fu_114_p2   |   icmp   |      0|  0|  11|           4|           5|
    +---------------------+----------+-------+---+----+------------+------------+
    |Total                |          |      3|  0| 120|          88|          84|
    +---------------------+----------+-------+---+----+------------+------------+

    * Multiplexer: 
    +---------------+----+-----------+-----+-----------+
    |      Name     | LUT| Input Size| Bits| Total Bits|
    +---------------+----+-----------+-----+-----------+
    |ap_NS_fsm      |  27|          5|    1|          5|
    |i_0_reg_79     |   9|          2|    4|          8|
    |j_0_reg_90     |   9|          2|    4|          8|
    |sum_0_reg_101  |   9|          2|   32|         64|
    +---------------+----+-----------+-----+-----------+
    |Total          |  54|         11|   41|         85|
    +---------------+----+-----------+-----+-----------+

    * Register: 
    +-------------------+----+----+-----+-----------+
    |        Name       | FF | LUT| Bits| Const Bits|
    +-------------------+----+----+-----+-----------+
    |ap_CS_fsm          |   4|   0|    4|          0|
    |i_0_reg_79         |   4|   0|    4|          0|
    |i_reg_188          |   4|   0|    4|          0|
    |j_0_reg_90         |   4|   0|    4|          0|
    |j_reg_206          |   4|   0|    4|          0|
    |sum_0_reg_101      |  32|   0|   32|          0|
    |zext_ln10_reg_198  |   4|   0|    8|          4|
    |zext_ln11_reg_193  |   4|   0|   64|         60|
    +-------------------+----+----+-----+-----------+
    |Total              |  60|   0|  124|         64|
    +-------------------+----+----+-----+-----------+



================================================================
== Interface
================================================================
* Summary: 
+----------------+-----+-----+------------+---------------+--------------+
|    RTL Ports   | Dir | Bits|  Protocol  | Source Object |    C Type    |
+----------------+-----+-----+------------+---------------+--------------+
|ap_clk          |  in |    1| ap_ctrl_hs | matrix_vector | return value |
|ap_rst          |  in |    1| ap_ctrl_hs | matrix_vector | return value |
|ap_start        |  in |    1| ap_ctrl_hs | matrix_vector | return value |
|ap_done         | out |    1| ap_ctrl_hs | matrix_vector | return value |
|ap_idle         | out |    1| ap_ctrl_hs | matrix_vector | return value |
|ap_ready        | out |    1| ap_ctrl_hs | matrix_vector | return value |
|M_address0      | out |    6|  ap_memory |       M       |     array    |
|M_ce0           | out |    1|  ap_memory |       M       |     array    |
|M_q0            |  in |   32|  ap_memory |       M       |     array    |
|V_In_address0   | out |    3|  ap_memory |      V_In     |     array    |
|V_In_ce0        | out |    1|  ap_memory |      V_In     |     array    |
|V_In_q0         |  in |   32|  ap_memory |      V_In     |     array    |
|V_Out_address0  | out |    3|  ap_memory |     V_Out     |     array    |
|V_Out_ce0       | out |    1|  ap_memory |     V_Out     |     array    |
|V_Out_we0       | out |    1|  ap_memory |     V_Out     |     array    |
|V_Out_d0        | out |   32|  ap_memory |     V_Out     |     array    |
+----------------+-----+-----+------------+---------------+--------------+

