==============================================================
Vivado(TM) HLS - High-Level Synthesis from C, C++ and SystemC v2020.1 (64-bit)
Copyright 1986-2020 Xilinx, Inc. All Rights Reserved.
==============================================================
INFO: [SYN 201-201] Setting up clock 'default' with a period of 10ns.
INFO: [HLS 200-10] Setting target device to 'xqzu5ev-ffrb900-1-i'
INFO: [SCHED 204-61] Option 'relax_ii_for_timing' is enabled, will increase II to preserve clock frequency constraints.
INFO: [HLS 200-10] Analyzing design file 'fft_sw.cpp' ... 
INFO: [HLS 200-111] Finished Linking Time (s): cpu = 00:00:02 ; elapsed = 00:00:09 . Memory (MB): peak = 889.145 ; gain = 792.980
INFO: [HLS 200-111] Finished Checking Pragmas Time (s): cpu = 00:00:02 ; elapsed = 00:00:09 . Memory (MB): peak = 889.145 ; gain = 792.980
INFO: [HLS 200-10] Starting code transformations ...
INFO: [HLS 200-111] Finished Standard Transforms Time (s): cpu = 00:00:04 ; elapsed = 00:00:12 . Memory (MB): peak = 889.145 ; gain = 792.980
INFO: [HLS 200-10] Checking synthesizability ...
INFO: [XFORM 203-602] Inlining function 'fp_struct<double>::expv' into 'range_redux_payne_hanek_hotbm<61, double, 63, 63>' (r:/builds/2020.1/continuous/2020_05_27_2902540/src/products/hls/hls_lib/hlsmath/include/FloatingPoint/hls_range_redux.h:470) automatically.
INFO: [XFORM 203-602] Inlining function 'table_lookup_4oPi_hotbm<52, 61>' into 'range_redux_payne_hanek_hotbm<61, double, 63, 63>' (r:/builds/2020.1/continuous/2020_05_27_2902540/src/products/hls/hls_lib/hlsmath/include/FloatingPoint/hls_range_redux.h:496) automatically.
INFO: [XFORM 203-602] Inlining function 'clz<61, 124, 0>' into 'range_redux_payne_hanek_hotbm<61, double, 63, 63>' (r:/builds/2020.1/continuous/2020_05_27_2902540/src/products/hls/hls_lib/hlsmath/include/FloatingPoint/hls_range_redux.h:524) automatically.
INFO: [XFORM 203-602] Inlining function 'fp_struct<double>::data' into 'fp_struct<double>::to_double' (r:/builds/2020.1/continuous/2020_05_27_2902540/src/products/hls/hls_lib/src/hls\utils/x_hls_utils.h:512) automatically.
INFO: [XFORM 203-602] Inlining function 'fp_struct<double>::to_double' into 'fp_struct<double>::to_ieee' (r:/builds/2020.1/continuous/2020_05_27_2902540/src/products/hls/hls_lib/src/hls\utils/x_hls_utils.h:526) automatically.
INFO: [XFORM 203-602] Inlining function 'clz' into 'scaled_fixed2ieee<63, 1>' (r:/builds/2020.1/continuous/2020_05_27_2902540/src/products/hls/hls_lib/src/hls\utils/x_hls_float_utils.h:435) automatically.
INFO: [XFORM 203-602] Inlining function 'fp_struct<double>::set_mantissa' into 'scaled_fixed2ieee<63, 1>' (r:/builds/2020.1/continuous/2020_05_27_2902540/src/products/hls/hls_lib/src/hls\utils/x_hls_float_utils.h:463) automatically.
INFO: [XFORM 203-602] Inlining function 'fp_struct<double>::to_ieee' into 'scaled_fixed2ieee<63, 1>' (r:/builds/2020.1/continuous/2020_05_27_2902540/src/products/hls/hls_lib/src/hls\utils/x_hls_float_utils.h:466) automatically.
INFO: [XFORM 203-602] Inlining function 'hotbm_::value_list<double>::sin_or_cos_approximation<63, 63>' into 'hotbm_::sin_or_cos<double>' (r:/builds/2020.1/continuous/2020_05_27_2902540/src/products/hls/hls_lib/hlsmath/include/FloatingPoint\hls_hotbm.h:279) automatically.
INFO: [XFORM 203-602] Inlining function 'fp_struct<double>::to_ieee' into 'hotbm_::sin_or_cos<double>' (r:/builds/2020.1/continuous/2020_05_27_2902540/src/products/hls/hls_lib/hlsmath/include/FloatingPoint\hls_hotbm.h:316) automatically.
INFO: [XFORM 203-602] Inlining function 'hotbm_::cos' into 'cos' (r:/builds/2020.1/continuous/2020_05_27_2902540/src/products/hls/hls_lib/hlsmath/src/c/sincosdouble.cpp:13) automatically.
INFO: [XFORM 203-602] Inlining function 'hotbm_::sin' into 'sin' (r:/builds/2020.1/continuous/2020_05_27_2902540/src/products/hls/hls_lib/hlsmath/src/c/sincosdouble.cpp:8) automatically.
INFO: [XFORM 203-602] Inlining function 'bit_reverse' into 'fft' (fft_sw.cpp:45) automatically.
INFO: [XFORM 203-602] Inlining function 'cos' into 'fft' (fft_sw.cpp:58) automatically.
INFO: [XFORM 203-602] Inlining function 'sin' into 'fft' (fft_sw.cpp:59) automatically.
WARNING: [SYNCHK 200-23] r:/builds/2020.1/continuous/2020_05_27_2902540/src/products/hls/hls_lib/src/hls\utils/x_hls_float_utils.h:425: variable-indexed range selection may cause suboptimal QoR.
INFO: [SYNCHK 200-10] 0 error(s), 1 warning(s).
INFO: [HLS 200-111] Finished Checking Synthesizability Time (s): cpu = 00:00:05 ; elapsed = 00:00:13 . Memory (MB): peak = 889.145 ; gain = 792.980
INFO: [XFORM 203-502] Unrolling all loops for pipelining in function 'reverse_bits' (fft_sw.cpp:4).
INFO: [HLS 200-489] Unrolling loop 'reverse_bits_loop' (fft_sw.cpp:8) in function 'reverse_bits' completely with a factor of 10.
INFO: [XFORM 203-102] Automatically partitioning small array 'out_bits.V' (r:/builds/2020.1/continuous/2020_05_27_2902540/src/products/hls/hls_lib/src/hls\utils/x_hls_float_utils.h:422) completely based on array size.
INFO: [XFORM 203-102] Automatically partitioning small array 'c' (r:/builds/2020.1/continuous/2020_05_27_2902540/src/products/hls/hls_lib/src/hls\utils/x_hls_float_utils.h:433) completely based on array size.
INFO: [XFORM 203-101] Partitioning array 'swap_table.1'  in dimension 1 completely.
INFO: [XFORM 203-101] Partitioning array 'swap_table'  in dimension 1 completely.
INFO: [XFORM 203-101] Partitioning array 'neg_sin_table'  in dimension 1 completely.
INFO: [XFORM 203-101] Partitioning array 'neg_cos_table'  in dimension 1 completely.
INFO: [XFORM 203-101] Partitioning array 'out_bits.V' (r:/builds/2020.1/continuous/2020_05_27_2902540/src/products/hls/hls_lib/src/hls\utils/x_hls_float_utils.h:422) in dimension 1 completely.
INFO: [XFORM 203-101] Partitioning array 'c' (r:/builds/2020.1/continuous/2020_05_27_2902540/src/products/hls/hls_lib/src/hls\utils/x_hls_float_utils.h:433) in dimension 1 completely.
INFO: [XFORM 203-602] Inlining function 'fp_struct<double>::expv' into 'range_redux_payne_hanek_hotbm<61, double, 63, 63>' (r:/builds/2020.1/continuous/2020_05_27_2902540/src/products/hls/hls_lib/hlsmath/include/FloatingPoint/hls_range_redux.h:470) automatically.
INFO: [XFORM 203-602] Inlining function 'table_lookup_4oPi_hotbm<52, 61>' into 'range_redux_payne_hanek_hotbm<61, double, 63, 63>' (r:/builds/2020.1/continuous/2020_05_27_2902540/src/products/hls/hls_lib/hlsmath/include/FloatingPoint/hls_range_redux.h:496) automatically.
INFO: [XFORM 203-602] Inlining function 'clz<61, 124, 0>' into 'range_redux_payne_hanek_hotbm<61, double, 63, 63>' (r:/builds/2020.1/continuous/2020_05_27_2902540/src/products/hls/hls_lib/hlsmath/include/FloatingPoint/hls_range_redux.h:524) automatically.
INFO: [XFORM 203-602] Inlining function 'fp_struct<double>::data' into 'fp_struct<double>::to_double' (r:/builds/2020.1/continuous/2020_05_27_2902540/src/products/hls/hls_lib/src/hls\utils/x_hls_utils.h:512) automatically.
INFO: [XFORM 203-602] Inlining function 'fp_struct<double>::to_double' into 'fp_struct<double>::to_ieee' (r:/builds/2020.1/continuous/2020_05_27_2902540/src/products/hls/hls_lib/src/hls\utils/x_hls_utils.h:526) automatically.
INFO: [XFORM 203-602] Inlining function 'clz' into 'scaled_fixed2ieee<63, 1>' (r:/builds/2020.1/continuous/2020_05_27_2902540/src/products/hls/hls_lib/src/hls\utils/x_hls_float_utils.h:435) automatically.
INFO: [XFORM 203-602] Inlining function 'fp_struct<double>::set_mantissa' into 'scaled_fixed2ieee<63, 1>' (r:/builds/2020.1/continuous/2020_05_27_2902540/src/products/hls/hls_lib/src/hls\utils/x_hls_float_utils.h:463) automatically.
INFO: [XFORM 203-602] Inlining function 'fp_struct<double>::to_ieee' into 'scaled_fixed2ieee<63, 1>' (r:/builds/2020.1/continuous/2020_05_27_2902540/src/products/hls/hls_lib/src/hls\utils/x_hls_float_utils.h:466) automatically.
INFO: [XFORM 203-602] Inlining function 'range_redux_payne_hanek_hotbm<61, double, 63, 63>' into 'hotbm_::sin_or_cos<double>' (r:/builds/2020.1/continuous/2020_05_27_2902540/src/products/hls/hls_lib/hlsmath/include/FloatingPoint\hls_hotbm.h:268) automatically.
INFO: [XFORM 203-602] Inlining function 'hotbm_::value_list<double>::sin_or_cos_approximation<63, 63>' into 'hotbm_::sin_or_cos<double>' (r:/builds/2020.1/continuous/2020_05_27_2902540/src/products/hls/hls_lib/hlsmath/include/FloatingPoint\hls_hotbm.h:279) automatically.
INFO: [XFORM 203-602] Inlining function 'fp_struct<double>::to_ieee' into 'hotbm_::sin_or_cos<double>' (r:/builds/2020.1/continuous/2020_05_27_2902540/src/products/hls/hls_lib/hlsmath/include/FloatingPoint\hls_hotbm.h:316) automatically.
INFO: [XFORM 203-602] Inlining function 'hotbm_::cos' into 'cos' (r:/builds/2020.1/continuous/2020_05_27_2902540/src/products/hls/hls_lib/hlsmath/src/c/sincosdouble.cpp:13) automatically.
INFO: [XFORM 203-602] Inlining function 'hotbm_::sin' into 'sin' (r:/builds/2020.1/continuous/2020_05_27_2902540/src/products/hls/hls_lib/hlsmath/src/c/sincosdouble.cpp:8) automatically.
INFO: [XFORM 203-602] Inlining function 'bit_reverse' into 'fft' (fft_sw.cpp:45) automatically.
INFO: [XFORM 203-602] Inlining function 'cos' into 'fft' (fft_sw.cpp:58) automatically.
INFO: [XFORM 203-602] Inlining function 'sin' into 'fft' (fft_sw.cpp:59) automatically.
INFO: [XFORM 203-401] Performing if-conversion on hyperblock from (r:/builds/2020.1/continuous/2020_05_27_2902540/src/products/hls/hls_lib/src/hls\utils/x_hls_float_utils.h:452:51) to (r:/builds/2020.1/continuous/2020_05_27_2902540/src/products/hls/hls_lib/src/hls\utils/x_hls_float_utils.h:467:1) in function 'scaled_fixed2ieee<63, 1>'... converting 3 basic blocks.
INFO: [XFORM 203-401] Performing if-conversion on hyperblock from (r:/builds/2020.1/continuous/2020_05_27_2902540/src/products/hls/hls_lib/hlsmath/include/FloatingPoint\hls_hotbm.h:238:18) to (r:/builds/2020.1/continuous/2020_05_27_2902540/src/products/hls/hls_lib/hlsmath/include/FloatingPoint\hls_hotbm.h:316:12) in function 'hotbm_::sin_or_cos<double>'... converting 9 basic blocks.
INFO: [HLS 200-111] Finished Pre-synthesis Time (s): cpu = 00:00:06 ; elapsed = 00:00:14 . Memory (MB): peak = 889.145 ; gain = 792.980
WARNING: [XFORM 203-631] Renaming function 'scaled_fixed2ieee<63, 1>' to 'scaled_fixed2ieee' (r:/builds/2020.1/continuous/2020_05_27_2902540/src/products/hls/hls_lib/src/hls\utils/x_hls_float_utils.h:110:37)
WARNING: [XFORM 203-631] Renaming function 'hotbm_::sin_or_cos<double>' to 'sin_or_cos<double>' (r:/builds/2020.1/continuous/2020_05_27_2902540/src/products/hls/hls_lib/hlsmath/include/FloatingPoint\hls_hotbm.h:238)
INFO: [HLS 200-111] Finished Architecture Synthesis Time (s): cpu = 00:00:07 ; elapsed = 00:00:15 . Memory (MB): peak = 889.145 ; gain = 792.980
INFO: [HLS 200-10] Starting hardware synthesis ...
INFO: [HLS 200-10] Synthesizing 'fft' ...
WARNING: [SYN 201-103] Legalizing function name 'sin_or_cos<double>' to 'sin_or_cos_double_s'.
INFO: [HLS 200-10] ----------------------------------------------------------------
INFO: [HLS 200-42] -- Implementing module 'reverse_bits' 
INFO: [HLS 200-10] ----------------------------------------------------------------
INFO: [SCHED 204-11] Starting scheduling ...
INFO: [SCHED 204-61] Pipelining function 'reverse_bits'.
INFO: [SCHED 204-61] Pipelining result : Target II = 1, Final II = 1, Depth = 1.
INFO: [SCHED 204-11] Finished scheduling.
INFO: [HLS 200-111]  Elapsed time: 15.315 seconds; current allocated memory: 337.282 MB.
INFO: [BIND 205-100] Starting micro-architecture generation ...
INFO: [BIND 205-101] Performing variable lifetime analysis.
INFO: [BIND 205-101] Exploring resource sharing.
INFO: [BIND 205-101] Binding ...
INFO: [BIND 205-100] Finished micro-architecture generation.
INFO: [HLS 200-111]  Elapsed time: 0.102 seconds; current allocated memory: 337.327 MB.
INFO: [HLS 200-10] ----------------------------------------------------------------
INFO: [HLS 200-42] -- Implementing module 'scaled_fixed2ieee' 
INFO: [HLS 200-10] ----------------------------------------------------------------
INFO: [SCHED 204-11] Starting scheduling ...
INFO: [SCHED 204-11] Finished scheduling.
INFO: [HLS 200-111]  Elapsed time: 0.135 seconds; current allocated memory: 337.688 MB.
INFO: [BIND 205-100] Starting micro-architecture generation ...
INFO: [BIND 205-101] Performing variable lifetime analysis.
INFO: [BIND 205-101] Exploring resource sharing.
INFO: [BIND 205-101] Binding ...
INFO: [BIND 205-100] Finished micro-architecture generation.
INFO: [HLS 200-111]  Elapsed time: 0.14 seconds; current allocated memory: 338.062 MB.
INFO: [HLS 200-10] ----------------------------------------------------------------
INFO: [HLS 200-42] -- Implementing module 'sin_or_cos_double_s' 
INFO: [HLS 200-10] ----------------------------------------------------------------
INFO: [SCHED 204-11] Starting scheduling ...
INFO: [SCHED 204-11] Finished scheduling.
INFO: [HLS 200-111]  Elapsed time: 0.269 seconds; current allocated memory: 338.801 MB.
INFO: [BIND 205-100] Starting micro-architecture generation ...
INFO: [BIND 205-101] Performing variable lifetime analysis.
INFO: [BIND 205-101] Exploring resource sharing.
INFO: [BIND 205-101] Binding ...
INFO: [BIND 205-100] Finished micro-architecture generation.
INFO: [HLS 200-111]  Elapsed time: 0.188 seconds; current allocated memory: 339.383 MB.
INFO: [HLS 200-10] ----------------------------------------------------------------
INFO: [HLS 200-42] -- Implementing module 'fft' 
INFO: [HLS 200-10] ----------------------------------------------------------------
INFO: [SCHED 204-11] Starting scheduling ...
INFO: [SCHED 204-11] Finished scheduling.
INFO: [HLS 200-111]  Elapsed time: 0.332 seconds; current allocated memory: 339.875 MB.
INFO: [BIND 205-100] Starting micro-architecture generation ...
INFO: [BIND 205-101] Performing variable lifetime analysis.
INFO: [BIND 205-101] Exploring resource sharing.
INFO: [BIND 205-101] Binding ...
INFO: [BIND 205-100] Finished micro-architecture generation.
INFO: [HLS 200-111]  Elapsed time: 0.305 seconds; current allocated memory: 340.409 MB.
INFO: [HLS 200-10] ----------------------------------------------------------------
INFO: [HLS 200-10] -- Generating RTL for module 'reverse_bits' 
INFO: [HLS 200-10] ----------------------------------------------------------------
INFO: [RTGEN 206-100] Finished creating RTL model for 'reverse_bits'.
INFO: [HLS 200-111]  Elapsed time: 0.421 seconds; current allocated memory: 340.738 MB.
INFO: [HLS 200-10] ----------------------------------------------------------------
INFO: [HLS 200-10] -- Generating RTL for module 'scaled_fixed2ieee' 
INFO: [HLS 200-10] ----------------------------------------------------------------
INFO: [RTGEN 206-100] Generating core module 'fft_mux_42_32_1_1': 2 instance(s).
INFO: [RTGEN 206-100] Finished creating RTL model for 'scaled_fixed2ieee'.
INFO: [HLS 200-111]  Elapsed time: 0.157 seconds; current allocated memory: 341.434 MB.
INFO: [HLS 200-10] ----------------------------------------------------------------
INFO: [HLS 200-10] -- Generating RTL for module 'sin_or_cos_double_s' 
INFO: [HLS 200-10] ----------------------------------------------------------------
INFO: [SYN 201-210] Renamed object name 'sin_or_cos_double_s_ref_4oPi_table_256_V' to 'sin_or_cos_doublebkb' due to the length limit 20
INFO: [SYN 201-210] Renamed object name 'sin_or_cos_double_s_fourth_order_double_4' to 'sin_or_cos_doublecud' due to the length limit 20
INFO: [SYN 201-210] Renamed object name 'sin_or_cos_double_s_fourth_order_double_5' to 'sin_or_cos_doubledEe' due to the length limit 20
INFO: [SYN 201-210] Renamed object name 'sin_or_cos_double_s_fourth_order_double_6' to 'sin_or_cos_doubleeOg' due to the length limit 20
INFO: [SYN 201-210] Renamed object name 'sin_or_cos_double_s_fourth_order_double_7' to 'sin_or_cos_doublefYi' due to the length limit 20
INFO: [SYN 201-210] Renamed object name 'sin_or_cos_double_s_fourth_order_double_s' to 'sin_or_cos_doubleg8j' due to the length limit 20
INFO: [SYN 201-210] Renamed object name 'fft_mul_170ns_53ns_223_2_1' to 'fft_mul_170ns_53nhbi' due to the length limit 20
INFO: [RTGEN 206-100] Generating core module 'fft_mul_170ns_53nhbi': 1 instance(s).
INFO: [RTGEN 206-100] Generating core module 'fft_mux_164_1_1_1': 2 instance(s).
INFO: [RTGEN 206-100] Generating core module 'fft_mux_83_1_1_1': 1 instance(s).
INFO: [RTGEN 206-100] Finished creating RTL model for 'sin_or_cos_double_s'.
INFO: [HLS 200-111]  Elapsed time: 0.408 seconds; current allocated memory: 344.171 MB.
INFO: [HLS 200-10] ----------------------------------------------------------------
INFO: [HLS 200-10] -- Generating RTL for module 'fft' 
INFO: [HLS 200-10] ----------------------------------------------------------------
INFO: [RTGEN 206-500] Setting interface mode on port 'fft/X_R' to 'ap_memory'.
INFO: [RTGEN 206-500] Setting interface mode on port 'fft/X_I' to 'ap_memory'.
INFO: [RTGEN 206-500] Setting interface mode on function 'fft' to 'ap_ctrl_hs'.
INFO: [SYN 201-210] Renamed object name 'fft_faddfsub_32ns_32ns_32_4_full_dsp_1' to 'fft_faddfsub_32nsibs' due to the length limit 20
INFO: [SYN 201-210] Renamed object name 'fft_fmul_32ns_32ns_32_3_max_dsp_1' to 'fft_fmul_32ns_32njbC' due to the length limit 20
INFO: [SYN 201-210] Renamed object name 'fft_fptrunc_64ns_32_2_1' to 'fft_fptrunc_64ns_kbM' due to the length limit 20
INFO: [SYN 201-210] Renamed object name 'fft_fpext_32ns_64_2_1' to 'fft_fpext_32ns_64lbW' due to the length limit 20
INFO: [SYN 201-210] Renamed object name 'fft_ddiv_64ns_64ns_64_22_1' to 'fft_ddiv_64ns_64nmb6' due to the length limit 20
INFO: [SYN 201-210] Renamed object name 'fft_sitodp_32ns_64_4_1' to 'fft_sitodp_32ns_6ncg' due to the length limit 20
INFO: [RTGEN 206-100] Generating core module 'fft_ddiv_64ns_64nmb6': 1 instance(s).
INFO: [RTGEN 206-100] Generating core module 'fft_faddfsub_32nsibs': 2 instance(s).
INFO: [RTGEN 206-100] Generating core module 'fft_fmul_32ns_32njbC': 4 instance(s).
INFO: [RTGEN 206-100] Generating core module 'fft_fpext_32ns_64lbW': 1 instance(s).
INFO: [RTGEN 206-100] Generating core module 'fft_fptrunc_64ns_kbM': 2 instance(s).
INFO: [RTGEN 206-100] Generating core module 'fft_sitodp_32ns_6ncg': 1 instance(s).
INFO: [RTGEN 206-100] Finished creating RTL model for 'fft'.
INFO: [HLS 200-111]  Elapsed time: 0.706 seconds; current allocated memory: 347.350 MB.
INFO: [HLS 200-790] **** Loop Constraint Status: All loop constraints were satisfied.
INFO: [HLS 200-789] **** Estimated Fmax: 115.81 MHz
INFO: [RTMG 210-282] Generating pipelined core: 'fft_mul_170ns_53nhbi_MulnS_0'
INFO: [RTMG 210-279] Implementing memory 'sin_or_cos_doublebkb_rom' using auto ROMs.
INFO: [RTMG 210-279] Implementing memory 'sin_or_cos_doublecud_rom' using distributed ROMs.
INFO: [RTMG 210-279] Implementing memory 'sin_or_cos_doubledEe_rom' using distributed ROMs.
INFO: [RTMG 210-279] Implementing memory 'sin_or_cos_doubleeOg_rom' using distributed ROMs.
INFO: [RTMG 210-279] Implementing memory 'sin_or_cos_doublefYi_rom' using distributed ROMs.
INFO: [RTMG 210-279] Implementing memory 'sin_or_cos_doubleg8j_rom' using distributed ROMs.
INFO: [HLS 200-111] Finished generating all RTL models Time (s): cpu = 00:00:11 ; elapsed = 00:00:22 . Memory (MB): peak = 889.145 ; gain = 792.980
INFO: [VHDL 208-304] Generating VHDL RTL for fft.
INFO: [VLOG 209-307] Generating Verilog RTL for fft.
INFO: [HLS 200-112] Total elapsed time: 22.374 seconds; peak allocated memory: 347.350 MB.
==============================================================
Vivado(TM) HLS - High-Level Synthesis from C, C++ and SystemC v2020.1 (64-bit)
Copyright 1986-2020 Xilinx, Inc. All Rights Reserved.
==============================================================
INFO: [SYN 201-201] Setting up clock 'default' with a period of 10ns.
INFO: [HLS 200-10] Setting target device to 'xqzu5ev-ffrb900-1-i'
INFO: [SCHED 204-61] Option 'relax_ii_for_timing' is enabled, will increase II to preserve clock frequency constraints.
INFO: [HLS 200-10] Analyzing design file 'fft_sw.cpp' ... 
INFO: [HLS 200-111] Finished Linking Time (s): cpu = 00:00:02 ; elapsed = 00:00:09 . Memory (MB): peak = 888.934 ; gain = 792.762
INFO: [HLS 200-111] Finished Checking Pragmas Time (s): cpu = 00:00:02 ; elapsed = 00:00:09 . Memory (MB): peak = 888.934 ; gain = 792.762
INFO: [HLS 200-10] Starting code transformations ...
INFO: [HLS 200-111] Finished Standard Transforms Time (s): cpu = 00:00:04 ; elapsed = 00:00:13 . Memory (MB): peak = 888.934 ; gain = 792.762
INFO: [HLS 200-10] Checking synthesizability ...
INFO: [XFORM 203-602] Inlining function 'fp_struct<double>::expv' into 'range_redux_payne_hanek_hotbm<61, double, 63, 63>' (r:/builds/2020.1/continuous/2020_05_27_2902540/src/products/hls/hls_lib/hlsmath/include/FloatingPoint/hls_range_redux.h:470) automatically.
INFO: [XFORM 203-602] Inlining function 'table_lookup_4oPi_hotbm<52, 61>' into 'range_redux_payne_hanek_hotbm<61, double, 63, 63>' (r:/builds/2020.1/continuous/2020_05_27_2902540/src/products/hls/hls_lib/hlsmath/include/FloatingPoint/hls_range_redux.h:496) automatically.
INFO: [XFORM 203-602] Inlining function 'clz<61, 124, 0>' into 'range_redux_payne_hanek_hotbm<61, double, 63, 63>' (r:/builds/2020.1/continuous/2020_05_27_2902540/src/products/hls/hls_lib/hlsmath/include/FloatingPoint/hls_range_redux.h:524) automatically.
INFO: [XFORM 203-602] Inlining function 'fp_struct<double>::data' into 'fp_struct<double>::to_double' (r:/builds/2020.1/continuous/2020_05_27_2902540/src/products/hls/hls_lib/src/hls\utils/x_hls_utils.h:512) automatically.
INFO: [XFORM 203-602] Inlining function 'fp_struct<double>::to_double' into 'fp_struct<double>::to_ieee' (r:/builds/2020.1/continuous/2020_05_27_2902540/src/products/hls/hls_lib/src/hls\utils/x_hls_utils.h:526) automatically.
INFO: [XFORM 203-602] Inlining function 'clz' into 'scaled_fixed2ieee<63, 1>' (r:/builds/2020.1/continuous/2020_05_27_2902540/src/products/hls/hls_lib/src/hls\utils/x_hls_float_utils.h:435) automatically.
INFO: [XFORM 203-602] Inlining function 'fp_struct<double>::set_mantissa' into 'scaled_fixed2ieee<63, 1>' (r:/builds/2020.1/continuous/2020_05_27_2902540/src/products/hls/hls_lib/src/hls\utils/x_hls_float_utils.h:463) automatically.
INFO: [XFORM 203-602] Inlining function 'fp_struct<double>::to_ieee' into 'scaled_fixed2ieee<63, 1>' (r:/builds/2020.1/continuous/2020_05_27_2902540/src/products/hls/hls_lib/src/hls\utils/x_hls_float_utils.h:466) automatically.
INFO: [XFORM 203-602] Inlining function 'hotbm_::value_list<double>::sin_or_cos_approximation<63, 63>' into 'hotbm_::sin_or_cos<double>' (r:/builds/2020.1/continuous/2020_05_27_2902540/src/products/hls/hls_lib/hlsmath/include/FloatingPoint\hls_hotbm.h:279) automatically.
INFO: [XFORM 203-602] Inlining function 'fp_struct<double>::to_ieee' into 'hotbm_::sin_or_cos<double>' (r:/builds/2020.1/continuous/2020_05_27_2902540/src/products/hls/hls_lib/hlsmath/include/FloatingPoint\hls_hotbm.h:316) automatically.
INFO: [XFORM 203-602] Inlining function 'hotbm_::cos' into 'cos' (r:/builds/2020.1/continuous/2020_05_27_2902540/src/products/hls/hls_lib/hlsmath/src/c/sincosdouble.cpp:13) automatically.
INFO: [XFORM 203-602] Inlining function 'hotbm_::sin' into 'sin' (r:/builds/2020.1/continuous/2020_05_27_2902540/src/products/hls/hls_lib/hlsmath/src/c/sincosdouble.cpp:8) automatically.
INFO: [XFORM 203-602] Inlining function 'bit_reverse' into 'fft' (fft_sw.cpp:45) automatically.
INFO: [XFORM 203-602] Inlining function 'cos' into 'fft' (fft_sw.cpp:58) automatically.
INFO: [XFORM 203-602] Inlining function 'sin' into 'fft' (fft_sw.cpp:59) automatically.
WARNING: [SYNCHK 200-23] r:/builds/2020.1/continuous/2020_05_27_2902540/src/products/hls/hls_lib/src/hls\utils/x_hls_float_utils.h:425: variable-indexed range selection may cause suboptimal QoR.
INFO: [SYNCHK 200-10] 0 error(s), 1 warning(s).
INFO: [HLS 200-111] Finished Checking Synthesizability Time (s): cpu = 00:00:05 ; elapsed = 00:00:14 . Memory (MB): peak = 888.934 ; gain = 792.762
INFO: [XFORM 203-502] Unrolling all loops for pipelining in function 'reverse_bits' (fft_sw.cpp:4).
INFO: [HLS 200-489] Unrolling loop 'reverse_bits_loop' (fft_sw.cpp:8) in function 'reverse_bits' completely with a factor of 10.
INFO: [XFORM 203-102] Automatically partitioning small array 'out_bits.V' (r:/builds/2020.1/continuous/2020_05_27_2902540/src/products/hls/hls_lib/src/hls\utils/x_hls_float_utils.h:422) completely based on array size.
INFO: [XFORM 203-102] Automatically partitioning small array 'c' (r:/builds/2020.1/continuous/2020_05_27_2902540/src/products/hls/hls_lib/src/hls\utils/x_hls_float_utils.h:433) completely based on array size.
INFO: [XFORM 203-101] Partitioning array 'swap_table.1'  in dimension 1 completely.
INFO: [XFORM 203-101] Partitioning array 'swap_table'  in dimension 1 completely.
INFO: [XFORM 203-101] Partitioning array 'neg_sin_table'  in dimension 1 completely.
INFO: [XFORM 203-101] Partitioning array 'neg_cos_table'  in dimension 1 completely.
INFO: [XFORM 203-101] Partitioning array 'out_bits.V' (r:/builds/2020.1/continuous/2020_05_27_2902540/src/products/hls/hls_lib/src/hls\utils/x_hls_float_utils.h:422) in dimension 1 completely.
INFO: [XFORM 203-101] Partitioning array 'c' (r:/builds/2020.1/continuous/2020_05_27_2902540/src/products/hls/hls_lib/src/hls\utils/x_hls_float_utils.h:433) in dimension 1 completely.
INFO: [XFORM 203-602] Inlining function 'fp_struct<double>::expv' into 'range_redux_payne_hanek_hotbm<61, double, 63, 63>' (r:/builds/2020.1/continuous/2020_05_27_2902540/src/products/hls/hls_lib/hlsmath/include/FloatingPoint/hls_range_redux.h:470) automatically.
INFO: [XFORM 203-602] Inlining function 'table_lookup_4oPi_hotbm<52, 61>' into 'range_redux_payne_hanek_hotbm<61, double, 63, 63>' (r:/builds/2020.1/continuous/2020_05_27_2902540/src/products/hls/hls_lib/hlsmath/include/FloatingPoint/hls_range_redux.h:496) automatically.
INFO: [XFORM 203-602] Inlining function 'clz<61, 124, 0>' into 'range_redux_payne_hanek_hotbm<61, double, 63, 63>' (r:/builds/2020.1/continuous/2020_05_27_2902540/src/products/hls/hls_lib/hlsmath/include/FloatingPoint/hls_range_redux.h:524) automatically.
INFO: [XFORM 203-602] Inlining function 'fp_struct<double>::data' into 'fp_struct<double>::to_double' (r:/builds/2020.1/continuous/2020_05_27_2902540/src/products/hls/hls_lib/src/hls\utils/x_hls_utils.h:512) automatically.
INFO: [XFORM 203-602] Inlining function 'fp_struct<double>::to_double' into 'fp_struct<double>::to_ieee' (r:/builds/2020.1/continuous/2020_05_27_2902540/src/products/hls/hls_lib/src/hls\utils/x_hls_utils.h:526) automatically.
INFO: [XFORM 203-602] Inlining function 'clz' into 'scaled_fixed2ieee<63, 1>' (r:/builds/2020.1/continuous/2020_05_27_2902540/src/products/hls/hls_lib/src/hls\utils/x_hls_float_utils.h:435) automatically.
INFO: [XFORM 203-602] Inlining function 'fp_struct<double>::set_mantissa' into 'scaled_fixed2ieee<63, 1>' (r:/builds/2020.1/continuous/2020_05_27_2902540/src/products/hls/hls_lib/src/hls\utils/x_hls_float_utils.h:463) automatically.
INFO: [XFORM 203-602] Inlining function 'fp_struct<double>::to_ieee' into 'scaled_fixed2ieee<63, 1>' (r:/builds/2020.1/continuous/2020_05_27_2902540/src/products/hls/hls_lib/src/hls\utils/x_hls_float_utils.h:466) automatically.
INFO: [XFORM 203-602] Inlining function 'range_redux_payne_hanek_hotbm<61, double, 63, 63>' into 'hotbm_::sin_or_cos<double>' (r:/builds/2020.1/continuous/2020_05_27_2902540/src/products/hls/hls_lib/hlsmath/include/FloatingPoint\hls_hotbm.h:268) automatically.
INFO: [XFORM 203-602] Inlining function 'hotbm_::value_list<double>::sin_or_cos_approximation<63, 63>' into 'hotbm_::sin_or_cos<double>' (r:/builds/2020.1/continuous/2020_05_27_2902540/src/products/hls/hls_lib/hlsmath/include/FloatingPoint\hls_hotbm.h:279) automatically.
INFO: [XFORM 203-602] Inlining function 'fp_struct<double>::to_ieee' into 'hotbm_::sin_or_cos<double>' (r:/builds/2020.1/continuous/2020_05_27_2902540/src/products/hls/hls_lib/hlsmath/include/FloatingPoint\hls_hotbm.h:316) automatically.
INFO: [XFORM 203-602] Inlining function 'hotbm_::cos' into 'cos' (r:/builds/2020.1/continuous/2020_05_27_2902540/src/products/hls/hls_lib/hlsmath/src/c/sincosdouble.cpp:13) automatically.
INFO: [XFORM 203-602] Inlining function 'hotbm_::sin' into 'sin' (r:/builds/2020.1/continuous/2020_05_27_2902540/src/products/hls/hls_lib/hlsmath/src/c/sincosdouble.cpp:8) automatically.
INFO: [XFORM 203-602] Inlining function 'bit_reverse' into 'fft' (fft_sw.cpp:45) automatically.
INFO: [XFORM 203-602] Inlining function 'cos' into 'fft' (fft_sw.cpp:58) automatically.
INFO: [XFORM 203-602] Inlining function 'sin' into 'fft' (fft_sw.cpp:59) automatically.
INFO: [XFORM 203-401] Performing if-conversion on hyperblock from (r:/builds/2020.1/continuous/2020_05_27_2902540/src/products/hls/hls_lib/src/hls\utils/x_hls_float_utils.h:452:51) to (r:/builds/2020.1/continuous/2020_05_27_2902540/src/products/hls/hls_lib/src/hls\utils/x_hls_float_utils.h:467:1) in function 'scaled_fixed2ieee<63, 1>'... converting 3 basic blocks.
INFO: [XFORM 203-401] Performing if-conversion on hyperblock from (r:/builds/2020.1/continuous/2020_05_27_2902540/src/products/hls/hls_lib/hlsmath/include/FloatingPoint\hls_hotbm.h:238:18) to (r:/builds/2020.1/continuous/2020_05_27_2902540/src/products/hls/hls_lib/hlsmath/include/FloatingPoint\hls_hotbm.h:316:12) in function 'hotbm_::sin_or_cos<double>'... converting 9 basic blocks.
INFO: [HLS 200-111] Finished Pre-synthesis Time (s): cpu = 00:00:06 ; elapsed = 00:00:15 . Memory (MB): peak = 888.934 ; gain = 792.762
WARNING: [XFORM 203-631] Renaming function 'scaled_fixed2ieee<63, 1>' to 'scaled_fixed2ieee' (r:/builds/2020.1/continuous/2020_05_27_2902540/src/products/hls/hls_lib/src/hls\utils/x_hls_float_utils.h:110:37)
WARNING: [XFORM 203-631] Renaming function 'hotbm_::sin_or_cos<double>' to 'sin_or_cos<double>' (r:/builds/2020.1/continuous/2020_05_27_2902540/src/products/hls/hls_lib/hlsmath/include/FloatingPoint\hls_hotbm.h:238)
INFO: [HLS 200-111] Finished Architecture Synthesis Time (s): cpu = 00:00:06 ; elapsed = 00:00:16 . Memory (MB): peak = 888.934 ; gain = 792.762
INFO: [HLS 200-10] Starting hardware synthesis ...
INFO: [HLS 200-10] Synthesizing 'fft' ...
WARNING: [SYN 201-103] Legalizing function name 'sin_or_cos<double>' to 'sin_or_cos_double_s'.
INFO: [HLS 200-10] ----------------------------------------------------------------
INFO: [HLS 200-42] -- Implementing module 'reverse_bits' 
INFO: [HLS 200-10] ----------------------------------------------------------------
INFO: [SCHED 204-11] Starting scheduling ...
INFO: [SCHED 204-61] Pipelining function 'reverse_bits'.
INFO: [SCHED 204-61] Pipelining result : Target II = 1, Final II = 1, Depth = 1.
INFO: [SCHED 204-11] Finished scheduling.
INFO: [HLS 200-111]  Elapsed time: 15.886 seconds; current allocated memory: 337.282 MB.
INFO: [BIND 205-100] Starting micro-architecture generation ...
INFO: [BIND 205-101] Performing variable lifetime analysis.
INFO: [BIND 205-101] Exploring resource sharing.
INFO: [BIND 205-101] Binding ...
INFO: [BIND 205-100] Finished micro-architecture generation.
INFO: [HLS 200-111]  Elapsed time: 0.104 seconds; current allocated memory: 337.327 MB.
INFO: [HLS 200-10] ----------------------------------------------------------------
INFO: [HLS 200-42] -- Implementing module 'scaled_fixed2ieee' 
INFO: [HLS 200-10] ----------------------------------------------------------------
INFO: [SCHED 204-11] Starting scheduling ...
INFO: [SCHED 204-11] Finished scheduling.
INFO: [HLS 200-111]  Elapsed time: 0.135 seconds; current allocated memory: 337.688 MB.
INFO: [BIND 205-100] Starting micro-architecture generation ...
INFO: [BIND 205-101] Performing variable lifetime analysis.
INFO: [BIND 205-101] Exploring resource sharing.
INFO: [BIND 205-101] Binding ...
INFO: [BIND 205-100] Finished micro-architecture generation.
INFO: [HLS 200-111]  Elapsed time: 0.14 seconds; current allocated memory: 338.062 MB.
INFO: [HLS 200-10] ----------------------------------------------------------------
INFO: [HLS 200-42] -- Implementing module 'sin_or_cos_double_s' 
INFO: [HLS 200-10] ----------------------------------------------------------------
INFO: [SCHED 204-11] Starting scheduling ...
INFO: [SCHED 204-11] Finished scheduling.
INFO: [HLS 200-111]  Elapsed time: 0.268 seconds; current allocated memory: 338.801 MB.
INFO: [BIND 205-100] Starting micro-architecture generation ...
INFO: [BIND 205-101] Performing variable lifetime analysis.
INFO: [BIND 205-101] Exploring resource sharing.
INFO: [BIND 205-101] Binding ...
INFO: [BIND 205-100] Finished micro-architecture generation.
INFO: [HLS 200-111]  Elapsed time: 0.179 seconds; current allocated memory: 339.383 MB.
INFO: [HLS 200-10] ----------------------------------------------------------------
INFO: [HLS 200-42] -- Implementing module 'fft' 
INFO: [HLS 200-10] ----------------------------------------------------------------
INFO: [SCHED 204-11] Starting scheduling ...
INFO: [SCHED 204-11] Finished scheduling.
INFO: [HLS 200-111]  Elapsed time: 0.322 seconds; current allocated memory: 339.875 MB.
INFO: [BIND 205-100] Starting micro-architecture generation ...
INFO: [BIND 205-101] Performing variable lifetime analysis.
INFO: [BIND 205-101] Exploring resource sharing.
INFO: [BIND 205-101] Binding ...
INFO: [BIND 205-100] Finished micro-architecture generation.
INFO: [HLS 200-111]  Elapsed time: 0.301 seconds; current allocated memory: 340.409 MB.
INFO: [HLS 200-10] ----------------------------------------------------------------
INFO: [HLS 200-10] -- Generating RTL for module 'reverse_bits' 
INFO: [HLS 200-10] ----------------------------------------------------------------
INFO: [RTGEN 206-100] Finished creating RTL model for 'reverse_bits'.
INFO: [HLS 200-111]  Elapsed time: 0.42 seconds; current allocated memory: 340.738 MB.
INFO: [HLS 200-10] ----------------------------------------------------------------
INFO: [HLS 200-10] -- Generating RTL for module 'scaled_fixed2ieee' 
INFO: [HLS 200-10] ----------------------------------------------------------------
INFO: [RTGEN 206-100] Generating core module 'fft_mux_42_32_1_1': 2 instance(s).
INFO: [RTGEN 206-100] Finished creating RTL model for 'scaled_fixed2ieee'.
INFO: [HLS 200-111]  Elapsed time: 0.142 seconds; current allocated memory: 341.434 MB.
INFO: [HLS 200-10] ----------------------------------------------------------------
INFO: [HLS 200-10] -- Generating RTL for module 'sin_or_cos_double_s' 
INFO: [HLS 200-10] ----------------------------------------------------------------
INFO: [SYN 201-210] Renamed object name 'sin_or_cos_double_s_ref_4oPi_table_256_V' to 'sin_or_cos_doublebkb' due to the length limit 20
INFO: [SYN 201-210] Renamed object name 'sin_or_cos_double_s_fourth_order_double_4' to 'sin_or_cos_doublecud' due to the length limit 20
INFO: [SYN 201-210] Renamed object name 'sin_or_cos_double_s_fourth_order_double_5' to 'sin_or_cos_doubledEe' due to the length limit 20
INFO: [SYN 201-210] Renamed object name 'sin_or_cos_double_s_fourth_order_double_6' to 'sin_or_cos_doubleeOg' due to the length limit 20
INFO: [SYN 201-210] Renamed object name 'sin_or_cos_double_s_fourth_order_double_7' to 'sin_or_cos_doublefYi' due to the length limit 20
INFO: [SYN 201-210] Renamed object name 'sin_or_cos_double_s_fourth_order_double_s' to 'sin_or_cos_doubleg8j' due to the length limit 20
INFO: [SYN 201-210] Renamed object name 'fft_mul_170ns_53ns_223_2_1' to 'fft_mul_170ns_53nhbi' due to the length limit 20
INFO: [RTGEN 206-100] Generating core module 'fft_mul_170ns_53nhbi': 1 instance(s).
INFO: [RTGEN 206-100] Generating core module 'fft_mux_164_1_1_1': 2 instance(s).
INFO: [RTGEN 206-100] Generating core module 'fft_mux_83_1_1_1': 1 instance(s).
INFO: [RTGEN 206-100] Finished creating RTL model for 'sin_or_cos_double_s'.
INFO: [HLS 200-111]  Elapsed time: 0.402 seconds; current allocated memory: 344.171 MB.
INFO: [HLS 200-10] ----------------------------------------------------------------
INFO: [HLS 200-10] -- Generating RTL for module 'fft' 
INFO: [HLS 200-10] ----------------------------------------------------------------
INFO: [RTGEN 206-500] Setting interface mode on port 'fft/X_R' to 'ap_memory'.
INFO: [RTGEN 206-500] Setting interface mode on port 'fft/X_I' to 'ap_memory'.
INFO: [RTGEN 206-500] Setting interface mode on function 'fft' to 'ap_ctrl_hs'.
INFO: [SYN 201-210] Renamed object name 'fft_faddfsub_32ns_32ns_32_4_full_dsp_1' to 'fft_faddfsub_32nsibs' due to the length limit 20
INFO: [SYN 201-210] Renamed object name 'fft_fmul_32ns_32ns_32_3_max_dsp_1' to 'fft_fmul_32ns_32njbC' due to the length limit 20
INFO: [SYN 201-210] Renamed object name 'fft_fptrunc_64ns_32_2_1' to 'fft_fptrunc_64ns_kbM' due to the length limit 20
INFO: [SYN 201-210] Renamed object name 'fft_fpext_32ns_64_2_1' to 'fft_fpext_32ns_64lbW' due to the length limit 20
INFO: [SYN 201-210] Renamed object name 'fft_ddiv_64ns_64ns_64_22_1' to 'fft_ddiv_64ns_64nmb6' due to the length limit 20
INFO: [SYN 201-210] Renamed object name 'fft_sitodp_32ns_64_4_1' to 'fft_sitodp_32ns_6ncg' due to the length limit 20
INFO: [RTGEN 206-100] Generating core module 'fft_ddiv_64ns_64nmb6': 1 instance(s).
INFO: [RTGEN 206-100] Generating core module 'fft_faddfsub_32nsibs': 2 instance(s).
INFO: [RTGEN 206-100] Generating core module 'fft_fmul_32ns_32njbC': 4 instance(s).
INFO: [RTGEN 206-100] Generating core module 'fft_fpext_32ns_64lbW': 1 instance(s).
INFO: [RTGEN 206-100] Generating core module 'fft_fptrunc_64ns_kbM': 2 instance(s).
INFO: [RTGEN 206-100] Generating core module 'fft_sitodp_32ns_6ncg': 1 instance(s).
INFO: [RTGEN 206-100] Finished creating RTL model for 'fft'.
INFO: [HLS 200-111]  Elapsed time: 0.605 seconds; current allocated memory: 347.350 MB.
INFO: [HLS 200-790] **** Loop Constraint Status: All loop constraints were satisfied.
INFO: [HLS 200-789] **** Estimated Fmax: 115.81 MHz
INFO: [RTMG 210-282] Generating pipelined core: 'fft_mul_170ns_53nhbi_MulnS_0'
INFO: [RTMG 210-279] Implementing memory 'sin_or_cos_doublebkb_rom' using auto ROMs.
INFO: [RTMG 210-279] Implementing memory 'sin_or_cos_doublecud_rom' using distributed ROMs.
INFO: [RTMG 210-279] Implementing memory 'sin_or_cos_doubledEe_rom' using distributed ROMs.
INFO: [RTMG 210-279] Implementing memory 'sin_or_cos_doubleeOg_rom' using distributed ROMs.
INFO: [RTMG 210-279] Implementing memory 'sin_or_cos_doublefYi_rom' using distributed ROMs.
INFO: [RTMG 210-279] Implementing memory 'sin_or_cos_doubleg8j_rom' using distributed ROMs.
INFO: [HLS 200-111] Finished generating all RTL models Time (s): cpu = 00:00:10 ; elapsed = 00:00:23 . Memory (MB): peak = 888.934 ; gain = 792.762
INFO: [VHDL 208-304] Generating VHDL RTL for fft.
INFO: [VLOG 209-307] Generating Verilog RTL for fft.
INFO: [HLS 200-112] Total elapsed time: 22.787 seconds; peak allocated memory: 347.350 MB.
