==============================================================
Vivado(TM) HLS - High-Level Synthesis from C, C++ and SystemC v2020.1 (64-bit)
Copyright 1986-2020 Xilinx, Inc. All Rights Reserved.
==============================================================
INFO: [SYN 201-201] Setting up clock 'default' with a period of 10ns.
INFO: [HLS 200-10] Setting target device to 'xqzu5ev-ffrb900-1-i'
INFO: [SCHED 204-61] Option 'relax_ii_for_timing' is enabled, will increase II to preserve clock frequency constraints.
INFO: [HLS 200-10] Analyzing design file 'fft_sw.cpp' ... 
INFO: [HLS 200-111] Finished Linking Time (s): cpu = 00:00:02 ; elapsed = 00:00:15 . Memory (MB): peak = 888.730 ; gain = 795.898
INFO: [HLS 200-111] Finished Checking Pragmas Time (s): cpu = 00:00:02 ; elapsed = 00:00:15 . Memory (MB): peak = 888.730 ; gain = 795.898
INFO: [HLS 200-10] Starting code transformations ...
INFO: [HLS 200-111] Finished Standard Transforms Time (s): cpu = 00:00:04 ; elapsed = 00:00:18 . Memory (MB): peak = 888.730 ; gain = 795.898
INFO: [HLS 200-10] Checking synthesizability ...
INFO: [XFORM 203-602] Inlining function 'reverse_bits' into 'bit_reverse' (fft_sw.cpp:22) automatically.
INFO: [XFORM 203-602] Inlining function 'fp_struct<double>::expv' into 'range_redux_payne_hanek_hotbm<61, double, 63, 63>' (r:/builds/2020.1/continuous/2020_05_27_2902540/src/products/hls/hls_lib/hlsmath/include/FloatingPoint/hls_range_redux.h:470) automatically.
INFO: [XFORM 203-602] Inlining function 'table_lookup_4oPi_hotbm<52, 61>' into 'range_redux_payne_hanek_hotbm<61, double, 63, 63>' (r:/builds/2020.1/continuous/2020_05_27_2902540/src/products/hls/hls_lib/hlsmath/include/FloatingPoint/hls_range_redux.h:496) automatically.
INFO: [XFORM 203-602] Inlining function 'clz<61, 124, 0>' into 'range_redux_payne_hanek_hotbm<61, double, 63, 63>' (r:/builds/2020.1/continuous/2020_05_27_2902540/src/products/hls/hls_lib/hlsmath/include/FloatingPoint/hls_range_redux.h:524) automatically.
INFO: [XFORM 203-602] Inlining function 'fp_struct<double>::data' into 'fp_struct<double>::to_double' (r:/builds/2020.1/continuous/2020_05_27_2902540/src/products/hls/hls_lib/src/hls\utils/x_hls_utils.h:512) automatically.
INFO: [XFORM 203-602] Inlining function 'fp_struct<double>::to_double' into 'fp_struct<double>::to_ieee' (r:/builds/2020.1/continuous/2020_05_27_2902540/src/products/hls/hls_lib/src/hls\utils/x_hls_utils.h:526) automatically.
INFO: [XFORM 203-602] Inlining function 'clz' into 'scaled_fixed2ieee<63, 1>' (r:/builds/2020.1/continuous/2020_05_27_2902540/src/products/hls/hls_lib/src/hls\utils/x_hls_float_utils.h:435) automatically.
INFO: [XFORM 203-602] Inlining function 'fp_struct<double>::set_mantissa' into 'scaled_fixed2ieee<63, 1>' (r:/builds/2020.1/continuous/2020_05_27_2902540/src/products/hls/hls_lib/src/hls\utils/x_hls_float_utils.h:463) automatically.
INFO: [XFORM 203-602] Inlining function 'fp_struct<double>::to_ieee' into 'scaled_fixed2ieee<63, 1>' (r:/builds/2020.1/continuous/2020_05_27_2902540/src/products/hls/hls_lib/src/hls\utils/x_hls_float_utils.h:466) automatically.
INFO: [XFORM 203-602] Inlining function 'hotbm_::value_list<double>::sin_or_cos_approximation<63, 63>' into 'hotbm_::sin_or_cos<double>' (r:/builds/2020.1/continuous/2020_05_27_2902540/src/products/hls/hls_lib/hlsmath/include/FloatingPoint\hls_hotbm.h:279) automatically.
INFO: [XFORM 203-602] Inlining function 'fp_struct<double>::to_ieee' into 'hotbm_::sin_or_cos<double>' (r:/builds/2020.1/continuous/2020_05_27_2902540/src/products/hls/hls_lib/hlsmath/include/FloatingPoint\hls_hotbm.h:316) automatically.
INFO: [XFORM 203-602] Inlining function 'hotbm_::cos' into 'cos' (r:/builds/2020.1/continuous/2020_05_27_2902540/src/products/hls/hls_lib/hlsmath/src/c/sincosdouble.cpp:13) automatically.
INFO: [XFORM 203-602] Inlining function 'hotbm_::sin' into 'sin' (r:/builds/2020.1/continuous/2020_05_27_2902540/src/products/hls/hls_lib/hlsmath/src/c/sincosdouble.cpp:8) automatically.
INFO: [XFORM 203-602] Inlining function 'cos' into 'fft' (fft_sw.cpp:58) automatically.
INFO: [XFORM 203-602] Inlining function 'sin' into 'fft' (fft_sw.cpp:59) automatically.
WARNING: [SYNCHK 200-23] r:/builds/2020.1/continuous/2020_05_27_2902540/src/products/hls/hls_lib/src/hls\utils/x_hls_float_utils.h:425: variable-indexed range selection may cause suboptimal QoR.
INFO: [SYNCHK 200-10] 0 error(s), 1 warning(s).
INFO: [HLS 200-111] Finished Checking Synthesizability Time (s): cpu = 00:00:05 ; elapsed = 00:00:19 . Memory (MB): peak = 888.730 ; gain = 795.898
INFO: [HLS 200-489] Unrolling loop 'reverse_bits_loop' (fft_sw.cpp:8) in function 'reverse_bits' completely with a factor of 10.
INFO: [XFORM 203-102] Automatically partitioning small array 'out_bits.V' (r:/builds/2020.1/continuous/2020_05_27_2902540/src/products/hls/hls_lib/src/hls\utils/x_hls_float_utils.h:422) completely based on array size.
INFO: [XFORM 203-102] Automatically partitioning small array 'c' (r:/builds/2020.1/continuous/2020_05_27_2902540/src/products/hls/hls_lib/src/hls\utils/x_hls_float_utils.h:433) completely based on array size.
INFO: [XFORM 203-101] Partitioning array 'swap_table.1'  in dimension 1 completely.
INFO: [XFORM 203-101] Partitioning array 'swap_table'  in dimension 1 completely.
INFO: [XFORM 203-101] Partitioning array 'neg_sin_table'  in dimension 1 completely.
INFO: [XFORM 203-101] Partitioning array 'neg_cos_table'  in dimension 1 completely.
INFO: [XFORM 203-101] Partitioning array 'out_bits.V' (r:/builds/2020.1/continuous/2020_05_27_2902540/src/products/hls/hls_lib/src/hls\utils/x_hls_float_utils.h:422) in dimension 1 completely.
INFO: [XFORM 203-101] Partitioning array 'c' (r:/builds/2020.1/continuous/2020_05_27_2902540/src/products/hls/hls_lib/src/hls\utils/x_hls_float_utils.h:433) in dimension 1 completely.
INFO: [XFORM 203-602] Inlining function 'reverse_bits' into 'bit_reverse' (fft_sw.cpp:22) automatically.
INFO: [XFORM 203-602] Inlining function 'fp_struct<double>::expv' into 'range_redux_payne_hanek_hotbm<61, double, 63, 63>' (r:/builds/2020.1/continuous/2020_05_27_2902540/src/products/hls/hls_lib/hlsmath/include/FloatingPoint/hls_range_redux.h:470) automatically.
INFO: [XFORM 203-602] Inlining function 'table_lookup_4oPi_hotbm<52, 61>' into 'range_redux_payne_hanek_hotbm<61, double, 63, 63>' (r:/builds/2020.1/continuous/2020_05_27_2902540/src/products/hls/hls_lib/hlsmath/include/FloatingPoint/hls_range_redux.h:496) automatically.
INFO: [XFORM 203-602] Inlining function 'clz<61, 124, 0>' into 'range_redux_payne_hanek_hotbm<61, double, 63, 63>' (r:/builds/2020.1/continuous/2020_05_27_2902540/src/products/hls/hls_lib/hlsmath/include/FloatingPoint/hls_range_redux.h:524) automatically.
INFO: [XFORM 203-602] Inlining function 'fp_struct<double>::data' into 'fp_struct<double>::to_double' (r:/builds/2020.1/continuous/2020_05_27_2902540/src/products/hls/hls_lib/src/hls\utils/x_hls_utils.h:512) automatically.
INFO: [XFORM 203-602] Inlining function 'fp_struct<double>::to_double' into 'fp_struct<double>::to_ieee' (r:/builds/2020.1/continuous/2020_05_27_2902540/src/products/hls/hls_lib/src/hls\utils/x_hls_utils.h:526) automatically.
INFO: [XFORM 203-602] Inlining function 'clz' into 'scaled_fixed2ieee<63, 1>' (r:/builds/2020.1/continuous/2020_05_27_2902540/src/products/hls/hls_lib/src/hls\utils/x_hls_float_utils.h:435) automatically.
INFO: [XFORM 203-602] Inlining function 'fp_struct<double>::set_mantissa' into 'scaled_fixed2ieee<63, 1>' (r:/builds/2020.1/continuous/2020_05_27_2902540/src/products/hls/hls_lib/src/hls\utils/x_hls_float_utils.h:463) automatically.
INFO: [XFORM 203-602] Inlining function 'fp_struct<double>::to_ieee' into 'scaled_fixed2ieee<63, 1>' (r:/builds/2020.1/continuous/2020_05_27_2902540/src/products/hls/hls_lib/src/hls\utils/x_hls_float_utils.h:466) automatically.
INFO: [XFORM 203-602] Inlining function 'range_redux_payne_hanek_hotbm<61, double, 63, 63>' into 'hotbm_::sin_or_cos<double>' (r:/builds/2020.1/continuous/2020_05_27_2902540/src/products/hls/hls_lib/hlsmath/include/FloatingPoint\hls_hotbm.h:268) automatically.
INFO: [XFORM 203-602] Inlining function 'hotbm_::value_list<double>::sin_or_cos_approximation<63, 63>' into 'hotbm_::sin_or_cos<double>' (r:/builds/2020.1/continuous/2020_05_27_2902540/src/products/hls/hls_lib/hlsmath/include/FloatingPoint\hls_hotbm.h:279) automatically.
INFO: [XFORM 203-602] Inlining function 'fp_struct<double>::to_ieee' into 'hotbm_::sin_or_cos<double>' (r:/builds/2020.1/continuous/2020_05_27_2902540/src/products/hls/hls_lib/hlsmath/include/FloatingPoint\hls_hotbm.h:316) automatically.
INFO: [XFORM 203-602] Inlining function 'hotbm_::cos' into 'cos' (r:/builds/2020.1/continuous/2020_05_27_2902540/src/products/hls/hls_lib/hlsmath/src/c/sincosdouble.cpp:13) automatically.
INFO: [XFORM 203-602] Inlining function 'hotbm_::sin' into 'sin' (r:/builds/2020.1/continuous/2020_05_27_2902540/src/products/hls/hls_lib/hlsmath/src/c/sincosdouble.cpp:8) automatically.
INFO: [XFORM 203-602] Inlining function 'cos' into 'fft' (fft_sw.cpp:58) automatically.
INFO: [XFORM 203-602] Inlining function 'sin' into 'fft' (fft_sw.cpp:59) automatically.
INFO: [XFORM 203-401] Performing if-conversion on hyperblock from (r:/builds/2020.1/continuous/2020_05_27_2902540/src/products/hls/hls_lib/src/hls\utils/x_hls_float_utils.h:452:51) to (r:/builds/2020.1/continuous/2020_05_27_2902540/src/products/hls/hls_lib/src/hls\utils/x_hls_float_utils.h:467:1) in function 'scaled_fixed2ieee<63, 1>'... converting 3 basic blocks.
INFO: [XFORM 203-401] Performing if-conversion on hyperblock from (r:/builds/2020.1/continuous/2020_05_27_2902540/src/products/hls/hls_lib/hlsmath/include/FloatingPoint\hls_hotbm.h:238:18) to (r:/builds/2020.1/continuous/2020_05_27_2902540/src/products/hls/hls_lib/hlsmath/include/FloatingPoint\hls_hotbm.h:316:12) in function 'hotbm_::sin_or_cos<double>'... converting 9 basic blocks.
INFO: [XFORM 203-401] Performing if-conversion on hyperblock from (fft_sw.cpp:57:32) to (fft_sw.cpp:63:9) in function 'fft'... converting 37 basic blocks.
INFO: [XFORM 203-401] Performing if-conversion on hyperblock from (fft_sw.cpp:50:41) to (fft_sw.cpp:57:8) in function 'fft'... converting 10 basic blocks.
INFO: [HLS 200-111] Finished Pre-synthesis Time (s): cpu = 00:00:06 ; elapsed = 00:00:21 . Memory (MB): peak = 888.730 ; gain = 795.898
WARNING: [XFORM 203-542] Cannot flatten a loop nest 'butterfly_loop' (fft_sw.cpp:57:32) in function 'fft' : 

the outer loop is not a perfect loop.
WARNING: [XFORM 203-542] Cannot flatten a loop nest 'stage_loop' (fft_sw.cpp:50:41) in function 'fft' : 

the outer loop is not a perfect loop because either the parent loop or the sub loop has no invariant trip count.
WARNING: [XFORM 203-631] Renaming function 'scaled_fixed2ieee<63, 1>' to 'scaled_fixed2ieee' (r:/builds/2020.1/continuous/2020_05_27_2902540/src/products/hls/hls_lib/src/hls\utils/x_hls_float_utils.h:110:37)
WARNING: [XFORM 203-631] Renaming function 'hotbm_::sin_or_cos<double>' to 'sin_or_cos<double>' (r:/builds/2020.1/continuous/2020_05_27_2902540/src/products/hls/hls_lib/hlsmath/include/FloatingPoint\hls_hotbm.h:238)
WARNING: [ANALYSIS 214-52] Found false inter dependency for variable 'X_I.V' (fft_sw.cpp:37).
WARNING: [ANALYSIS 214-52] Found false inter dependency for variable 'X_R.V' (fft_sw.cpp:37).
INFO: [HLS 200-111] Finished Architecture Synthesis Time (s): cpu = 00:00:07 ; elapsed = 00:00:22 . Memory (MB): peak = 888.730 ; gain = 795.898
INFO: [HLS 200-10] Starting hardware synthesis ...
INFO: [HLS 200-10] Synthesizing 'fft' ...
WARNING: [SYN 201-103] Legalizing function name 'sin_or_cos<double>' to 'sin_or_cos_double_s'.
INFO: [HLS 200-10] ----------------------------------------------------------------
INFO: [HLS 200-42] -- Implementing module 'bit_reverse' 
INFO: [HLS 200-10] ----------------------------------------------------------------
INFO: [SCHED 204-11] Starting scheduling ...
INFO: [SCHED 204-11] Finished scheduling.
INFO: [HLS 200-111]  Elapsed time: 22.144 seconds; current allocated memory: 355.861 MB.
INFO: [BIND 205-100] Starting micro-architecture generation ...
INFO: [BIND 205-101] Performing variable lifetime analysis.
INFO: [BIND 205-101] Exploring resource sharing.
INFO: [BIND 205-101] Binding ...
INFO: [BIND 205-100] Finished micro-architecture generation.
INFO: [HLS 200-111]  Elapsed time: 0.154 seconds; current allocated memory: 355.969 MB.
INFO: [HLS 200-10] ----------------------------------------------------------------
INFO: [HLS 200-42] -- Implementing module 'scaled_fixed2ieee' 
INFO: [HLS 200-10] ----------------------------------------------------------------
INFO: [SCHED 204-11] Starting scheduling ...
INFO: [SCHED 204-11] Finished scheduling.
INFO: [HLS 200-111]  Elapsed time: 0.186 seconds; current allocated memory: 356.265 MB.
INFO: [BIND 205-100] Starting micro-architecture generation ...
INFO: [BIND 205-101] Performing variable lifetime analysis.
INFO: [BIND 205-101] Exploring resource sharing.
INFO: [BIND 205-101] Binding ...
INFO: [BIND 205-100] Finished micro-architecture generation.
INFO: [HLS 200-111]  Elapsed time: 0.147 seconds; current allocated memory: 356.676 MB.
INFO: [HLS 200-10] ----------------------------------------------------------------
INFO: [HLS 200-42] -- Implementing module 'sin_or_cos_double_s' 
INFO: [HLS 200-10] ----------------------------------------------------------------
INFO: [SCHED 204-11] Starting scheduling ...
INFO: [SCHED 204-11] Finished scheduling.
INFO: [HLS 200-111]  Elapsed time: 0.342 seconds; current allocated memory: 357.346 MB.
INFO: [BIND 205-100] Starting micro-architecture generation ...
INFO: [BIND 205-101] Performing variable lifetime analysis.
INFO: [BIND 205-101] Exploring resource sharing.
INFO: [BIND 205-101] Binding ...
INFO: [BIND 205-100] Finished micro-architecture generation.
INFO: [HLS 200-111]  Elapsed time: 0.233 seconds; current allocated memory: 357.928 MB.
INFO: [HLS 200-10] ----------------------------------------------------------------
INFO: [HLS 200-42] -- Implementing module 'fft' 
INFO: [HLS 200-10] ----------------------------------------------------------------
INFO: [SCHED 204-11] Starting scheduling ...
INFO: [SCHED 204-61] Pipelining loop 'dft_loop'.
WARNING: [SCHED 204-69] Unable to schedule 'store' operation ('X_R_V_addr_write_ln67', fft_sw.cpp:67) of variable 'sub_ln703', fft_sw.cpp:67 on array 'X_R_V' due to limited memory ports. Please consider using a memory core with more ports or partitioning the array 'X_R_V'.
INFO: [SCHED 204-61] Pipelining result : Target II = 1, Final II = 3, Depth = 6.
INFO: [SCHED 204-11] Finished scheduling.
INFO: [HLS 200-111]  Elapsed time: 0.543 seconds; current allocated memory: 358.742 MB.
INFO: [BIND 205-100] Starting micro-architecture generation ...
INFO: [BIND 205-101] Performing variable lifetime analysis.
INFO: [BIND 205-101] Exploring resource sharing.
INFO: [BIND 205-101] Binding ...
INFO: [BIND 205-100] Finished micro-architecture generation.
INFO: [HLS 200-111]  Elapsed time: 0.51 seconds; current allocated memory: 359.760 MB.
INFO: [HLS 200-10] ----------------------------------------------------------------
INFO: [HLS 200-10] -- Generating RTL for module 'bit_reverse' 
INFO: [HLS 200-10] ----------------------------------------------------------------
INFO: [RTGEN 206-100] Finished creating RTL model for 'bit_reverse'.
INFO: [HLS 200-111]  Elapsed time: 0.752 seconds; current allocated memory: 360.361 MB.
INFO: [HLS 200-10] ----------------------------------------------------------------
INFO: [HLS 200-10] -- Generating RTL for module 'scaled_fixed2ieee' 
INFO: [HLS 200-10] ----------------------------------------------------------------
INFO: [RTGEN 206-100] Generating core module 'fft_mux_42_32_1_1': 2 instance(s).
INFO: [RTGEN 206-100] Finished creating RTL model for 'scaled_fixed2ieee'.
INFO: [HLS 200-111]  Elapsed time: 0.28 seconds; current allocated memory: 361.344 MB.
INFO: [HLS 200-10] ----------------------------------------------------------------
INFO: [HLS 200-10] -- Generating RTL for module 'sin_or_cos_double_s' 
INFO: [HLS 200-10] ----------------------------------------------------------------
INFO: [SYN 201-210] Renamed object name 'sin_or_cos_double_s_ref_4oPi_table_256_V' to 'sin_or_cos_doublebkb' due to the length limit 20
INFO: [SYN 201-210] Renamed object name 'sin_or_cos_double_s_fourth_order_double_4' to 'sin_or_cos_doublecud' due to the length limit 20
INFO: [SYN 201-210] Renamed object name 'sin_or_cos_double_s_fourth_order_double_5' to 'sin_or_cos_doubledEe' due to the length limit 20
INFO: [SYN 201-210] Renamed object name 'sin_or_cos_double_s_fourth_order_double_6' to 'sin_or_cos_doubleeOg' due to the length limit 20
INFO: [SYN 201-210] Renamed object name 'sin_or_cos_double_s_fourth_order_double_7' to 'sin_or_cos_doublefYi' due to the length limit 20
INFO: [SYN 201-210] Renamed object name 'sin_or_cos_double_s_fourth_order_double_s' to 'sin_or_cos_doubleg8j' due to the length limit 20
INFO: [SYN 201-210] Renamed object name 'fft_mul_170ns_53ns_223_2_1' to 'fft_mul_170ns_53nhbi' due to the length limit 20
INFO: [RTGEN 206-100] Generating core module 'fft_mul_170ns_53nhbi': 1 instance(s).
INFO: [RTGEN 206-100] Generating core module 'fft_mux_164_1_1_1': 2 instance(s).
INFO: [RTGEN 206-100] Generating core module 'fft_mux_83_1_1_1': 1 instance(s).
INFO: [RTGEN 206-100] Finished creating RTL model for 'sin_or_cos_double_s'.
INFO: [HLS 200-111]  Elapsed time: 0.591 seconds; current allocated memory: 364.067 MB.
INFO: [HLS 200-10] ----------------------------------------------------------------
INFO: [HLS 200-10] -- Generating RTL for module 'fft' 
INFO: [HLS 200-10] ----------------------------------------------------------------
INFO: [RTGEN 206-500] Setting interface mode on port 'fft/X_R_V' to 'ap_memory'.
INFO: [RTGEN 206-500] Setting interface mode on port 'fft/X_I_V' to 'ap_memory'.
INFO: [RTGEN 206-500] Setting interface mode on function 'fft' to 'ap_ctrl_hs'.
INFO: [SYN 201-210] Renamed object name 'fft_ddiv_64ns_64ns_64_22_1' to 'fft_ddiv_64ns_64nibs' due to the length limit 20
INFO: [SYN 201-210] Renamed object name 'fft_sitodp_32ns_64_4_1' to 'fft_sitodp_32ns_6jbC' due to the length limit 20
INFO: [RTGEN 206-100] Generating core module 'fft_ddiv_64ns_64nibs': 1 instance(s).
INFO: [RTGEN 206-100] Generating core module 'fft_sitodp_32ns_6jbC': 1 instance(s).
INFO: [RTGEN 206-100] Finished creating RTL model for 'fft'.
INFO: [HLS 200-111]  Elapsed time: 0.943 seconds; current allocated memory: 368.153 MB.
INFO: [HLS 200-790] **** Loop Constraint Status: All loop constraints were NOT satisfied.
INFO: [HLS 200-789] **** Estimated Fmax: 115.81 MHz
INFO: [RTMG 210-282] Generating pipelined core: 'fft_mul_170ns_53nhbi_MulnS_0'
INFO: [RTMG 210-279] Implementing memory 'sin_or_cos_doublebkb_rom' using auto ROMs.
INFO: [RTMG 210-279] Implementing memory 'sin_or_cos_doublecud_rom' using distributed ROMs.
INFO: [RTMG 210-279] Implementing memory 'sin_or_cos_doubledEe_rom' using distributed ROMs.
INFO: [RTMG 210-279] Implementing memory 'sin_or_cos_doubleeOg_rom' using distributed ROMs.
INFO: [RTMG 210-279] Implementing memory 'sin_or_cos_doublefYi_rom' using distributed ROMs.
INFO: [RTMG 210-279] Implementing memory 'sin_or_cos_doubleg8j_rom' using distributed ROMs.
INFO: [HLS 200-111] Finished generating all RTL models Time (s): cpu = 00:00:13 ; elapsed = 00:00:33 . Memory (MB): peak = 888.730 ; gain = 795.898
INFO: [VHDL 208-304] Generating VHDL RTL for fft.
INFO: [VLOG 209-307] Generating Verilog RTL for fft.
INFO: [HLS 200-112] Total elapsed time: 33.087 seconds; peak allocated memory: 368.153 MB.
