==============================================================
Vivado(TM) HLS - High-Level Synthesis from C, C++ and SystemC v2020.1 (64-bit)
Copyright 1986-2020 Xilinx, Inc. All Rights Reserved.
==============================================================
INFO: [SYN 201-201] Setting up clock 'default' with a period of 8ns.
INFO: [HLS 200-10] Setting target device to 'xqzu5ev-ffrb900-1-i'
INFO: [SCHED 204-61] Option 'relax_ii_for_timing' is enabled, will increase II to preserve clock frequency constraints.
INFO: [HLS 200-10] Analyzing design file 'matrix_vector_base.c' ... 
INFO: [HLS 200-111] Finished Linking Time (s): cpu = 00:00:02 ; elapsed = 00:00:08 . Memory (MB): peak = 889.434 ; gain = 793.293
INFO: [HLS 200-111] Finished Checking Pragmas Time (s): cpu = 00:00:02 ; elapsed = 00:00:08 . Memory (MB): peak = 889.434 ; gain = 793.293
INFO: [HLS 200-10] Starting code transformations ...
INFO: [HLS 200-111] Finished Standard Transforms Time (s): cpu = 00:00:02 ; elapsed = 00:00:08 . Memory (MB): peak = 889.434 ; gain = 793.293
INFO: [HLS 200-10] Checking synthesizability ...
INFO: [HLS 200-111] Finished Checking Synthesizability Time (s): cpu = 00:00:02 ; elapsed = 00:00:08 . Memory (MB): peak = 889.434 ; gain = 793.293
INFO: [HLS 200-489] Unrolling loop 'data_loop' (matrix_vector_base.c:7) in function 'matrix_vector' completely with a factor of 8.
INFO: [HLS 200-489] Unrolling loop 'dot_product_loop' (matrix_vector_base.c:10) in function 'matrix_vector' completely with a factor of 8.
INFO: [XFORM 203-11] Balancing expressions in function 'matrix_vector' (matrix_vector_base.c:4)...56 expression(s) balanced.
INFO: [HLS 200-111] Finished Pre-synthesis Time (s): cpu = 00:00:02 ; elapsed = 00:00:09 . Memory (MB): peak = 889.434 ; gain = 793.293
INFO: [HLS 200-111] Finished Architecture Synthesis Time (s): cpu = 00:00:02 ; elapsed = 00:00:09 . Memory (MB): peak = 889.434 ; gain = 793.293
INFO: [HLS 200-10] Starting hardware synthesis ...
INFO: [HLS 200-10] Synthesizing 'matrix_vector' ...
INFO: [HLS 200-10] ----------------------------------------------------------------
INFO: [HLS 200-42] -- Implementing module 'matrix_vector' 
INFO: [HLS 200-10] ----------------------------------------------------------------
INFO: [SCHED 204-11] Starting scheduling ...
INFO: [SCHED 204-11] Finished scheduling.
INFO: [HLS 200-111]  Elapsed time: 8.93 seconds; current allocated memory: 92.047 MB.
INFO: [BIND 205-100] Starting micro-architecture generation ...
INFO: [BIND 205-101] Performing variable lifetime analysis.
INFO: [BIND 205-101] Exploring resource sharing.
INFO: [BIND 205-101] Binding ...
INFO: [BIND 205-100] Finished micro-architecture generation.
INFO: [HLS 200-111]  Elapsed time: 0.191 seconds; current allocated memory: 92.943 MB.
INFO: [HLS 200-10] ----------------------------------------------------------------
INFO: [HLS 200-10] -- Generating RTL for module 'matrix_vector' 
INFO: [HLS 200-10] ----------------------------------------------------------------
INFO: [RTGEN 206-500] Setting interface mode on port 'matrix_vector/M' to 'ap_memory'.
INFO: [RTGEN 206-500] Setting interface mode on port 'matrix_vector/V_In' to 'ap_memory'.
INFO: [RTGEN 206-500] Setting interface mode on port 'matrix_vector/V_Out' to 'ap_memory'.
INFO: [RTGEN 206-500] Setting interface mode on function 'matrix_vector' to 'ap_ctrl_hs'.
INFO: [RTGEN 206-100] Finished creating RTL model for 'matrix_vector'.
INFO: [HLS 200-111]  Elapsed time: 0.273 seconds; current allocated memory: 94.001 MB.
INFO: [HLS 200-789] **** Estimated Fmax: 147.89 MHz
INFO: [HLS 200-111] Finished generating all RTL models Time (s): cpu = 00:00:03 ; elapsed = 00:00:11 . Memory (MB): peak = 889.434 ; gain = 793.293
INFO: [VHDL 208-304] Generating VHDL RTL for matrix_vector.
INFO: [VLOG 209-307] Generating Verilog RTL for matrix_vector.
INFO: [HLS 200-112] Total elapsed time: 10.988 seconds; peak allocated memory: 94.001 MB.
