

================================================================
== Vivado HLS Report for 'fft_stage84'
================================================================
* Date:           Thu Jul 13 07:17:40 2023

* Version:        2020.1 (Build 2897737 on Wed May 27 20:21:37 MDT 2020)
* Project:        fft_stages.proj
* Solution:       solution1
* Product family: zynquplus
* Target device:  xqzu5ev-ffrb900-1-i


================================================================
== Performance Estimates
================================================================
+ Timing: 
    * Summary: 
    +--------+----------+----------+------------+
    |  Clock |  Target  | Estimated| Uncertainty|
    +--------+----------+----------+------------+
    |ap_clk  | 10.00 ns | 8.635 ns |   1.25 ns  |
    +--------+----------+----------+------------+

+ Latency: 
    * Summary: 
    +---------+---------+----------+----------+-----+-----+---------+
    |  Latency (cycles) |  Latency (absolute) |  Interval | Pipeline|
    |   min   |   max   |    min   |    max   | min | max |   Type  |
    +---------+---------+----------+----------+-----+-----+---------+
    |        ?|        ?|         ?|         ?|    ?|    ?|   none  |
    +---------+---------+----------+----------+-----+-----+---------+

    + Detail: 
        * Instance: 
        +--------------------------------+---------------------+---------+---------+----------+----------+-----+-----+---------+
        |                                |                     |  Latency (cycles) |  Latency (absolute) |  Interval | Pipeline|
        |            Instance            |        Module       |   min   |   max   |    min   |    max   | min | max |   Type  |
        +--------------------------------+---------------------+---------+---------+----------+----------+-----+-----+---------+
        |grp_sin_or_cos_double_s_fu_281  |sin_or_cos_double_s  |       27|       35| 0.270 us | 0.350 us |   27|   35|   none  |
        |grp_sin_or_cos_double_s_fu_300  |sin_or_cos_double_s  |       27|       35| 0.270 us | 0.350 us |   27|   35|   none  |
        +--------------------------------+---------------------+---------+---------+----------+----------+-----+-----+---------+

        * Loop: 
        +------------------+---------+---------+----------+-----------+-----------+------+----------+
        |                  |  Latency (cycles) | Iteration|  Initiation Interval  | Trip |          |
        |     Loop Name    |   min   |   max   |  Latency |  achieved |   target  | Count| Pipelined|
        +------------------+---------+---------+----------+-----------+-----------+------+----------+
        |- butterfly_loop  |        ?|        ?|         ?|          -|          -|     8|    no    |
        | + dft_loop       |        ?|        ?|         2|          -|          -|     ?|    no    |
        +------------------+---------+---------+----------+-----------+-----------+------+----------+



================================================================
== Utilization Estimates
================================================================
* Summary: 
+-----------------+---------+-------+--------+--------+-----+
|       Name      | BRAM_18K| DSP48E|   FF   |   LUT  | URAM|
+-----------------+---------+-------+--------+--------+-----+
|DSP              |        -|      -|       -|       -|    -|
|Expression       |        -|      8|      40|    2593|    -|
|FIFO             |        -|      -|       -|       -|    -|
|Instance         |       16|     52|    4028|   11358|    0|
|Memory           |        -|      -|       -|       -|    -|
|Multiplexer      |        -|      -|       -|      77|    -|
|Register         |        -|      -|     576|       -|    -|
+-----------------+---------+-------+--------+--------+-----+
|Total            |       16|     60|    4644|   14028|    0|
+-----------------+---------+-------+--------+--------+-----+
|Available        |      288|   1248|  234240|  117120|   64|
+-----------------+---------+-------+--------+--------+-----+
|Utilization (%)  |        5|      4|       1|      11|    0|
+-----------------+---------+-------+--------+--------+-----+

+ Detail: 
    * Instance: 
    +--------------------------------+---------------------+---------+-------+------+------+-----+
    |            Instance            |        Module       | BRAM_18K| DSP48E|  FF  |  LUT | URAM|
    +--------------------------------+---------------------+---------+-------+------+------+-----+
    |grp_sin_or_cos_double_s_fu_281  |sin_or_cos_double_s  |        8|     26|  2014|  5679|    0|
    |grp_sin_or_cos_double_s_fu_300  |sin_or_cos_double_s  |        8|     26|  2014|  5679|    0|
    +--------------------------------+---------------------+---------+-------+------+------+-----+
    |Total                           |                     |       16|     52|  4028| 11358|    0|
    +--------------------------------+---------------------+---------+-------+------+------+-----+

    * DSP48E: 
    N/A

    * Memory: 
    N/A

    * FIFO: 
    N/A

    * Expression: 
    +---------------------------------+----------+-------+----+-----+------------+------------+
    |          Variable Name          | Operation| DSP48E| FF | LUT | Bitwidth P0| Bitwidth P1|
    +---------------------------------+----------+-------+----+-----+------------+------------+
    |mul_ln1192_fu_1286_p2            |     *    |      2|   0|   23|          22|          22|
    |mul_ln1193_fu_1260_p2            |     *    |      2|   0|   23|          22|          22|
    |mul_ln700_7_fu_1281_p2           |     *    |      2|   0|   23|          22|          22|
    |mul_ln700_fu_1255_p2             |     *    |      2|   0|   23|          22|          22|
    |Out_I_V_d1                       |     +    |      0|   0|   29|          22|          22|
    |Out_R_V_d1                       |     +    |      0|   0|   29|          22|          22|
    |a_V_fu_581_p2                    |     +    |      0|   0|   21|          11|          14|
    |add_ln581_1_fu_718_p2            |     +    |      0|   0|   19|           5|          12|
    |add_ln581_fu_997_p2              |     +    |      0|   0|   19|           5|          12|
    |add_ln899_fu_461_p2              |     +    |      0|   0|   29|           7|          22|
    |add_ln908_fu_509_p2              |     +    |      0|   0|   39|           7|          32|
    |add_ln915_fu_602_p2              |     +    |      0|   0|   21|          11|          11|
    |i_9_fu_1241_p2                   |     +    |      0|   0|   39|          32|           5|
    |i_lower_fu_1223_p2               |     +    |      0|   0|   39|          32|           4|
    |j_fu_329_p2                      |     +    |      0|   0|   12|           4|           1|
    |lsb_index_fu_387_p2              |     +    |      0|   0|   39|           7|          32|
    |m_33_fu_553_p2                   |     +    |      0|   0|   71|          64|          64|
    |ret_V_19_fu_1291_p2              |     +    |      0|   0|   40|          33|          33|
    |F2_7_fu_985_p2                   |     -    |      0|   0|   19|          11|          12|
    |F2_fu_706_p2                     |     -    |      0|   0|   19|          11|          12|
    |Out_I_V_d0                       |     -    |      0|   0|   29|          22|          22|
    |Out_R_V_d0                       |     -    |      0|   0|   29|          22|          22|
    |man_V_31_fu_686_p2               |     -    |      0|   0|   61|           1|          54|
    |man_V_34_fu_965_p2               |     -    |      0|   0|   61|           1|          54|
    |ret_V_fu_1265_p2                 |     -    |      0|   0|   40|          33|          33|
    |sub_ln581_1_fu_724_p2            |     -    |      0|   0|   19|           4|          12|
    |sub_ln581_fu_1003_p2             |     -    |      0|   0|   19|           4|          12|
    |sub_ln894_fu_377_p2              |     -    |      0|   0|   39|           5|          32|
    |sub_ln897_fu_413_p2              |     -    |      0|   0|   15|           4|           5|
    |sub_ln908_fu_525_p2              |     -    |      0|   0|   39|           6|          32|
    |sub_ln915_fu_597_p2              |     -    |      0|   0|   21|           4|          11|
    |tmp_V_10_fu_341_p2               |     -    |      0|   0|   21|           1|          14|
    |a_fu_441_p2                      |    and   |      0|   0|    2|           1|           1|
    |and_ln581_7_fu_1107_p2           |    and   |      0|   0|    2|           1|           1|
    |and_ln581_fu_828_p2              |    and   |      0|   0|    2|           1|           1|
    |and_ln582_7_fu_1089_p2           |    and   |      0|   0|    2|           1|           1|
    |and_ln582_fu_810_p2              |    and   |      0|   0|    2|           1|           1|
    |and_ln585_19_fu_846_p2           |    and   |      0|   0|    2|           1|           1|
    |and_ln585_20_fu_1119_p2          |    and   |      0|   0|    2|           1|           1|
    |and_ln585_21_fu_1125_p2          |    and   |      0|   0|    2|           1|           1|
    |and_ln585_fu_840_p2              |    and   |      0|   0|    2|           1|           1|
    |and_ln603_7_fu_1143_p2           |    and   |      0|   0|    2|           1|           1|
    |and_ln603_fu_864_p2              |    and   |      0|   0|    2|           1|           1|
    |and_ln899_fu_475_p2              |    and   |      0|   0|    2|           1|           1|
    |p_Result_110_fu_429_p2           |    and   |      0|   0|   22|          22|          22|
    |ashr_ln586_1_fu_772_p2           |   ashr   |      0|   0|  167|          54|          54|
    |ashr_ln586_fu_1051_p2            |   ashr   |      0|   0|  167|          54|          54|
    |l_fu_369_p3                      |   cttz   |      0|  40|   36|          32|           0|
    |icmp_ln47_fu_323_p2              |   icmp   |      0|   0|   11|           4|           5|
    |icmp_ln53_fu_1217_p2             |   icmp   |      0|   0|   20|          22|           1|
    |icmp_ln571_1_fu_700_p2           |   icmp   |      0|   0|   29|          63|           1|
    |icmp_ln571_fu_979_p2             |   icmp   |      0|   0|   29|          63|           1|
    |icmp_ln581_1_fu_712_p2           |   icmp   |      0|   0|   13|          12|           4|
    |icmp_ln581_fu_991_p2             |   icmp   |      0|   0|   13|          12|           4|
    |icmp_ln582_1_fu_746_p2           |   icmp   |      0|   0|   13|          12|           4|
    |icmp_ln582_fu_1025_p2            |   icmp   |      0|   0|   13|          12|           4|
    |icmp_ln585_1_fu_756_p2           |   icmp   |      0|   0|   13|          12|           6|
    |icmp_ln585_fu_1035_p2            |   icmp   |      0|   0|   13|          12|           6|
    |icmp_ln603_1_fu_762_p2           |   icmp   |      0|   0|   13|          12|           5|
    |icmp_ln603_fu_1041_p2            |   icmp   |      0|   0|   13|          12|           5|
    |icmp_ln885_fu_335_p2             |   icmp   |      0|   0|   13|          14|           1|
    |icmp_ln897_1_fu_435_p2           |   icmp   |      0|   0|   20|          22|           1|
    |icmp_ln897_fu_403_p2             |   icmp   |      0|   0|   20|          31|           1|
    |icmp_ln908_fu_503_p2             |   icmp   |      0|   0|   20|          32|           1|
    |lshr_ln897_fu_423_p2             |   lshr   |      0|   0|   61|           2|          22|
    |lshr_ln908_fu_515_p2             |   lshr   |      0|   0|  101|          32|          32|
    |ap_block_state1                  |    or    |      0|   0|    2|           1|           1|
    |ap_block_state4_on_subcall_done  |    or    |      0|   0|    2|           1|           1|
    |or_ln581_7_fu_1131_p2            |    or    |      0|   0|    2|           1|           1|
    |or_ln581_fu_852_p2               |    or    |      0|   0|    2|           1|           1|
    |or_ln582_7_fu_1095_p2            |    or    |      0|   0|    2|           1|           1|
    |or_ln582_fu_816_p2               |    or    |      0|   0|    2|           1|           1|
    |or_ln603_31_fu_892_p2            |    or    |      0|   0|    2|           1|           1|
    |or_ln603_32_fu_906_p2            |    or    |      0|   0|    2|           1|           1|
    |or_ln603_33_fu_1157_p2           |    or    |      0|   0|    2|           1|           1|
    |or_ln603_34_fu_1171_p2           |    or    |      0|   0|    2|           1|           1|
    |or_ln603_35_fu_1185_p2           |    or    |      0|   0|    2|           1|           1|
    |or_ln603_fu_878_p2               |    or    |      0|   0|    2|           1|           1|
    |or_ln899_fu_481_p2               |    or    |      0|   0|    2|           1|           1|
    |c_V_fu_912_p3                    |  select  |      0|   0|   22|           1|          22|
    |m_32_fu_541_p3                   |  select  |      0|   0|   56|           1|          64|
    |man_V_32_fu_692_p3               |  select  |      0|   0|   55|           1|          54|
    |man_V_35_fu_971_p3               |  select  |      0|   0|   55|           1|          54|
    |s_V_fu_1191_p3                   |  select  |      0|   0|   22|           1|          22|
    |select_ln588_7_fu_1069_p3        |  select  |      0|   0|    2|           1|           2|
    |select_ln588_fu_790_p3           |  select  |      0|   0|    2|           1|           2|
    |select_ln603_43_fu_884_p3        |  select  |      0|   0|   22|           1|          22|
    |select_ln603_44_fu_898_p3        |  select  |      0|   0|   22|           1|          22|
    |select_ln603_46_fu_1149_p3       |  select  |      0|   0|   22|           1|          22|
    |select_ln603_47_fu_1163_p3       |  select  |      0|   0|   22|           1|          22|
    |select_ln603_48_fu_1177_p3       |  select  |      0|   0|   22|           1|          22|
    |select_ln603_fu_870_p3           |  select  |      0|   0|   22|           1|          22|
    |select_ln885_fu_632_p3           |  select  |      0|   0|   56|           1|           1|
    |select_ln915_fu_590_p3           |  select  |      0|   0|    9|           1|          10|
    |sh_amt_7_fu_1009_p3              |  select  |      0|   0|   12|           1|          12|
    |sh_amt_fu_730_p3                 |  select  |      0|   0|   12|           1|          12|
    |shl_ln604_1_fu_798_p2            |    shl   |      0|   0|   61|          22|          22|
    |shl_ln604_fu_1077_p2             |    shl   |      0|   0|   61|          22|          22|
    |shl_ln908_fu_535_p2              |    shl   |      0|   0|  179|          64|          64|
    |xor_ln571_7_fu_1083_p2           |    xor   |      0|   0|    2|           1|           2|
    |xor_ln571_fu_804_p2              |    xor   |      0|   0|    2|           1|           2|
    |xor_ln581_7_fu_1137_p2           |    xor   |      0|   0|    2|           1|           2|
    |xor_ln581_fu_858_p2              |    xor   |      0|   0|    2|           1|           2|
    |xor_ln582_7_fu_1101_p2           |    xor   |      0|   0|    2|           1|           2|
    |xor_ln582_fu_822_p2              |    xor   |      0|   0|    2|           1|           2|
    |xor_ln585_7_fu_1113_p2           |    xor   |      0|   0|    2|           1|           2|
    |xor_ln585_fu_834_p2              |    xor   |      0|   0|    2|           1|           2|
    |xor_ln899_fu_455_p2              |    xor   |      0|   0|    2|           1|           2|
    +---------------------------------+----------+-------+----+-----+------------+------------+
    |Total                            |          |      8|  40| 2593|        1181|        1473|
    +---------------------------------+----------+-------+----+-----+------------+------------+

    * Multiplexer: 
    +---------------+----+-----------+-----+-----------+
    |      Name     | LUT| Input Size| Bits| Total Bits|
    +---------------+----+-----------+-----+-----------+
    |ap_NS_fsm      |  41|          8|    1|          8|
    |ap_done        |   9|          2|    1|          2|
    |i_0_reg_272    |   9|          2|   32|         64|
    |i_reg_261      |   9|          2|    4|          8|
    |tmp_V_reg_250  |   9|          2|   14|         28|
    +---------------+----+-----------+-----+-----------+
    |Total          |  77|         16|   52|        110|
    +---------------+----+-----------+-----+-----------+

    * Register: 
    +---------------------------------------------+----+----+-----+-----------+
    |                     Name                    | FF | LUT| Bits| Const Bits|
    +---------------------------------------------+----+----+-----+-----------+
    |a_V_reg_1368                                 |  14|   0|   14|          0|
    |ap_CS_fsm                                    |   7|   0|    7|          0|
    |ap_done_reg                                  |   1|   0|    1|          0|
    |grp_sin_or_cos_double_s_fu_281_ap_start_reg  |   1|   0|    1|          0|
    |grp_sin_or_cos_double_s_fu_300_ap_start_reg  |   1|   0|    1|          0|
    |i_0_reg_272                                  |  32|   0|   32|          0|
    |i_9_reg_1436                                 |  32|   0|   32|          0|
    |i_reg_261                                    |   4|   0|    4|          0|
    |icmp_ln885_reg_1348                          |   1|   0|    1|          0|
    |j_reg_1343                                   |   4|   0|    4|          0|
    |m_s_reg_1353                                 |  63|   0|   63|          0|
    |select_ln885_reg_1373                        |  64|   0|   64|          0|
    |sext_ln1118_19_reg_1395                      |  33|   0|   33|          0|
    |sext_ln1118_reg_1389                         |  33|   0|   33|          0|
    |sext_ln55_reg_1404                           |  64|   0|   64|          0|
    |sext_ln57_reg_1420                           |  64|   0|   64|          0|
    |tmp_54_reg_1358                              |   1|   0|    1|          0|
    |tmp_V_reg_250                                |  14|   0|   14|          0|
    |trunc_ln893_reg_1363                         |  11|   0|   11|          0|
    |v_assign_7_reg_1384                          |  64|   0|   64|          0|
    |v_assign_reg_1379                            |  64|   0|   64|          0|
    |zext_ln891_reg_1335                          |   4|   0|   32|         28|
    +---------------------------------------------+----+----+-----+-----------+
    |Total                                        | 576|   0|  604|         28|
    +---------------------------------------------+----+----+-----+-----------+



================================================================
== Interface
================================================================
* Summary: 
+------------------+-----+-----+------------+--------------+--------------+
|     RTL Ports    | Dir | Bits|  Protocol  | Source Object|    C Type    |
+------------------+-----+-----+------------+--------------+--------------+
|ap_clk            |  in |    1| ap_ctrl_hs |  fft_stage84 | return value |
|ap_rst            |  in |    1| ap_ctrl_hs |  fft_stage84 | return value |
|ap_start          |  in |    1| ap_ctrl_hs |  fft_stage84 | return value |
|ap_done           | out |    1| ap_ctrl_hs |  fft_stage84 | return value |
|ap_continue       |  in |    1| ap_ctrl_hs |  fft_stage84 | return value |
|ap_idle           | out |    1| ap_ctrl_hs |  fft_stage84 | return value |
|ap_ready          | out |    1| ap_ctrl_hs |  fft_stage84 | return value |
|X_R_V_address0    | out |   10|  ap_memory |     X_R_V    |     array    |
|X_R_V_ce0         | out |    1|  ap_memory |     X_R_V    |     array    |
|X_R_V_q0          |  in |   22|  ap_memory |     X_R_V    |     array    |
|X_R_V_address1    | out |   10|  ap_memory |     X_R_V    |     array    |
|X_R_V_ce1         | out |    1|  ap_memory |     X_R_V    |     array    |
|X_R_V_q1          |  in |   22|  ap_memory |     X_R_V    |     array    |
|X_I_V_address0    | out |   10|  ap_memory |     X_I_V    |     array    |
|X_I_V_ce0         | out |    1|  ap_memory |     X_I_V    |     array    |
|X_I_V_q0          |  in |   22|  ap_memory |     X_I_V    |     array    |
|X_I_V_address1    | out |   10|  ap_memory |     X_I_V    |     array    |
|X_I_V_ce1         | out |    1|  ap_memory |     X_I_V    |     array    |
|X_I_V_q1          |  in |   22|  ap_memory |     X_I_V    |     array    |
|Out_R_V_address0  | out |   10|  ap_memory |    Out_R_V   |     array    |
|Out_R_V_ce0       | out |    1|  ap_memory |    Out_R_V   |     array    |
|Out_R_V_we0       | out |    1|  ap_memory |    Out_R_V   |     array    |
|Out_R_V_d0        | out |   22|  ap_memory |    Out_R_V   |     array    |
|Out_R_V_address1  | out |   10|  ap_memory |    Out_R_V   |     array    |
|Out_R_V_ce1       | out |    1|  ap_memory |    Out_R_V   |     array    |
|Out_R_V_we1       | out |    1|  ap_memory |    Out_R_V   |     array    |
|Out_R_V_d1        | out |   22|  ap_memory |    Out_R_V   |     array    |
|Out_I_V_address0  | out |   10|  ap_memory |    Out_I_V   |     array    |
|Out_I_V_ce0       | out |    1|  ap_memory |    Out_I_V   |     array    |
|Out_I_V_we0       | out |    1|  ap_memory |    Out_I_V   |     array    |
|Out_I_V_d0        | out |   22|  ap_memory |    Out_I_V   |     array    |
|Out_I_V_address1  | out |   10|  ap_memory |    Out_I_V   |     array    |
|Out_I_V_ce1       | out |    1|  ap_memory |    Out_I_V   |     array    |
|Out_I_V_we1       | out |    1|  ap_memory |    Out_I_V   |     array    |
|Out_I_V_d1        | out |   22|  ap_memory |    Out_I_V   |     array    |
+------------------+-----+-----+------------+--------------+--------------+

