

================================================================
== Vivado HLS Report for 'matrix_vector'
================================================================
* Date:           Wed Jun 21 12:33:08 2023

* Version:        2020.1 (Build 2897737 on Wed May 27 20:21:37 MDT 2020)
* Project:        matrix_vector_proj
* Solution:       solution9
* Product family: zynquplus
* Target device:  xqzu5ev-ffrb900-1-i


================================================================
== Performance Estimates
================================================================
+ Timing: 
    * Summary: 
    +--------+---------+----------+------------+
    |  Clock |  Target | Estimated| Uncertainty|
    +--------+---------+----------+------------+
    |ap_clk  | 8.00 ns | 6.762 ns |   1.00 ns  |
    +--------+---------+----------+------------+

+ Latency: 
    * Summary: 
    +---------+---------+-----------+-----------+-----+-----+---------+
    |  Latency (cycles) |   Latency (absolute)  |  Interval | Pipeline|
    |   min   |   max   |    min    |    max    | min | max |   Type  |
    +---------+---------+-----------+-----------+-----+-----+---------+
    |       11|       11| 88.000 ns | 88.000 ns |   11|   11|   none  |
    +---------+---------+-----------+-----------+-----+-----+---------+

    + Detail: 
        * Instance: 
        N/A

        * Loop: 
        +-------------+---------+---------+----------+-----------+-----------+------+----------+
        |             |  Latency (cycles) | Iteration|  Initiation Interval  | Trip |          |
        |  Loop Name  |   min   |   max   |  Latency |  achieved |   target  | Count| Pipelined|
        +-------------+---------+---------+----------+-----------+-----------+------+----------+
        |- data_loop  |        9|        9|         3|          1|          1|     8|    yes   |
        +-------------+---------+---------+----------+-----------+-----------+------+----------+

============================================================
+ Verbose Summary: Synthesis Manager
============================================================
InlineROM: 1
ExposeGlobal: 0
============================================================
+ Verbose Summary: CDFG Model
============================================================
IsTopModel: 1
ResetActiveHigh: 1
IsCombinational: 0
IsDatapathOnly: 0
HasWiredReturn: 1
HasMFsm: 0
HasVarLatency: 1
IsPipeline: 0
IsRtlPipelined: 0
IsInstanceOverlapped: 0
IsDontTouch: 0
HasImplIP: 0
IsGatedGlobalClock: 0

+ Individual pipeline summary: 
  * Pipeline-0: initiation interval (II) = 1, depth = 3


============================================================
+ Verbose Summary: Schedule
============================================================
* Number of FSM states : 5
* Pipeline : 1
  Pipeline-0 : II = 1, D = 3, States = { 2 3 4 }
* Dataflow Pipeline: 0

* FSM state transitions: 
1 --> 2 
2 --> 5 3 
3 --> 4 
4 --> 2 
5 --> 

* FSM state operations: 

State 1 <SV = 0> <Delay = 0.75>
ST_1 : Operation 6 [1/1] (0.00ns)   --->   "call void (...)* @_ssdm_op_SpecBitsMap(i32* %V_In_7), !map !7"   --->   Operation 6 'specbitsmap' <Predicate = true> <Delay = 0.00>
ST_1 : Operation 7 [1/1] (0.00ns)   --->   "call void (...)* @_ssdm_op_SpecBitsMap(i32* %V_In_6), !map !13"   --->   Operation 7 'specbitsmap' <Predicate = true> <Delay = 0.00>
ST_1 : Operation 8 [1/1] (0.00ns)   --->   "call void (...)* @_ssdm_op_SpecBitsMap(i32* %V_In_5), !map !19"   --->   Operation 8 'specbitsmap' <Predicate = true> <Delay = 0.00>
ST_1 : Operation 9 [1/1] (0.00ns)   --->   "call void (...)* @_ssdm_op_SpecBitsMap(i32* %V_In_4), !map !25"   --->   Operation 9 'specbitsmap' <Predicate = true> <Delay = 0.00>
ST_1 : Operation 10 [1/1] (0.00ns)   --->   "call void (...)* @_ssdm_op_SpecBitsMap(i32* %V_In_3), !map !31"   --->   Operation 10 'specbitsmap' <Predicate = true> <Delay = 0.00>
ST_1 : Operation 11 [1/1] (0.00ns)   --->   "call void (...)* @_ssdm_op_SpecBitsMap(i32* %V_In_2), !map !37"   --->   Operation 11 'specbitsmap' <Predicate = true> <Delay = 0.00>
ST_1 : Operation 12 [1/1] (0.00ns)   --->   "call void (...)* @_ssdm_op_SpecBitsMap(i32* %V_In_1), !map !43"   --->   Operation 12 'specbitsmap' <Predicate = true> <Delay = 0.00>
ST_1 : Operation 13 [1/1] (0.00ns)   --->   "call void (...)* @_ssdm_op_SpecBitsMap(i32* %V_In_0), !map !49"   --->   Operation 13 'specbitsmap' <Predicate = true> <Delay = 0.00>
ST_1 : Operation 14 [1/1] (0.00ns)   --->   "call void (...)* @_ssdm_op_SpecBitsMap([8 x i32]* %M_7), !map !55"   --->   Operation 14 'specbitsmap' <Predicate = true> <Delay = 0.00>
ST_1 : Operation 15 [1/1] (0.00ns)   --->   "call void (...)* @_ssdm_op_SpecBitsMap([8 x i32]* %M_6), !map !61"   --->   Operation 15 'specbitsmap' <Predicate = true> <Delay = 0.00>
ST_1 : Operation 16 [1/1] (0.00ns)   --->   "call void (...)* @_ssdm_op_SpecBitsMap([8 x i32]* %M_5), !map !66"   --->   Operation 16 'specbitsmap' <Predicate = true> <Delay = 0.00>
ST_1 : Operation 17 [1/1] (0.00ns)   --->   "call void (...)* @_ssdm_op_SpecBitsMap([8 x i32]* %M_4), !map !71"   --->   Operation 17 'specbitsmap' <Predicate = true> <Delay = 0.00>
ST_1 : Operation 18 [1/1] (0.00ns)   --->   "call void (...)* @_ssdm_op_SpecBitsMap([8 x i32]* %M_3), !map !76"   --->   Operation 18 'specbitsmap' <Predicate = true> <Delay = 0.00>
ST_1 : Operation 19 [1/1] (0.00ns)   --->   "call void (...)* @_ssdm_op_SpecBitsMap([8 x i32]* %M_2), !map !81"   --->   Operation 19 'specbitsmap' <Predicate = true> <Delay = 0.00>
ST_1 : Operation 20 [1/1] (0.00ns)   --->   "call void (...)* @_ssdm_op_SpecBitsMap([8 x i32]* %M_1), !map !86"   --->   Operation 20 'specbitsmap' <Predicate = true> <Delay = 0.00>
ST_1 : Operation 21 [1/1] (0.00ns)   --->   "call void (...)* @_ssdm_op_SpecBitsMap([8 x i32]* %M_0), !map !91"   --->   Operation 21 'specbitsmap' <Predicate = true> <Delay = 0.00>
ST_1 : Operation 22 [1/1] (0.00ns)   --->   "call void (...)* @_ssdm_op_SpecBitsMap([8 x i32]* %V_Out) nounwind, !map !96"   --->   Operation 22 'specbitsmap' <Predicate = true> <Delay = 0.00>
ST_1 : Operation 23 [1/1] (0.00ns)   --->   "call void (...)* @_ssdm_op_SpecTopModule([14 x i8]* @matrix_vector_str) nounwind"   --->   Operation 23 'spectopmodule' <Predicate = true> <Delay = 0.00>
ST_1 : Operation 24 [1/1] (0.75ns)   --->   "br label %1" [matrix_vector_base.c:7]   --->   Operation 24 'br' <Predicate = true> <Delay = 0.75>

State 2 <SV = 1> <Delay = 0.88>
ST_2 : Operation 25 [1/1] (0.00ns)   --->   "%i_0 = phi i4 [ 0, %0 ], [ %i, %data_loop ]"   --->   Operation 25 'phi' 'i_0' <Predicate = true> <Delay = 0.00>
ST_2 : Operation 26 [1/1] (0.88ns)   --->   "%icmp_ln7 = icmp eq i4 %i_0, -8" [matrix_vector_base.c:7]   --->   Operation 26 'icmp' 'icmp_ln7' <Predicate = true> <Delay = 0.88> <Core = "Cmp">   --->   Core 25 'Cmp' <Latency = 0> <II = 1> <Delay = 0.88> <FuncUnit> <Opcode : 'icmp'> <InPorts = 2> <OutPorts = 1>
ST_2 : Operation 27 [1/1] (0.00ns)   --->   "%empty = call i32 (...)* @_ssdm_op_SpecLoopTripCount(i64 8, i64 8, i64 8) nounwind"   --->   Operation 27 'speclooptripcount' 'empty' <Predicate = true> <Delay = 0.00>
ST_2 : Operation 28 [1/1] (0.86ns)   --->   "%i = add i4 %i_0, 1" [matrix_vector_base.c:7]   --->   Operation 28 'add' 'i' <Predicate = true> <Delay = 0.86> <Core = "AddSub">   --->   Core 14 'AddSub' <Latency = 0> <II = 1> <Delay = 1.20> <FuncUnit> <Opcode : 'add' 'sub'> <InPorts = 2> <OutPorts = 1>
ST_2 : Operation 29 [1/1] (0.00ns)   --->   "br i1 %icmp_ln7, label %2, label %data_loop" [matrix_vector_base.c:7]   --->   Operation 29 'br' <Predicate = true> <Delay = 0.00>
ST_2 : Operation 30 [1/1] (0.00ns)   --->   "%zext_ln11 = zext i4 %i_0 to i64" [matrix_vector_base.c:11]   --->   Operation 30 'zext' 'zext_ln11' <Predicate = (!icmp_ln7)> <Delay = 0.00>
ST_2 : Operation 31 [1/1] (0.00ns)   --->   "%V_In_0_read = call i32 @_ssdm_op_Read.ap_auto.i32P(i32* %V_In_0)" [matrix_vector_base.c:11]   --->   Operation 31 'read' 'V_In_0_read' <Predicate = (!icmp_ln7)> <Delay = 0.00>
ST_2 : Operation 32 [1/1] (0.00ns)   --->   "%M_0_addr = getelementptr [8 x i32]* %M_0, i64 0, i64 %zext_ln11" [matrix_vector_base.c:11]   --->   Operation 32 'getelementptr' 'M_0_addr' <Predicate = (!icmp_ln7)> <Delay = 0.00>
ST_2 : Operation 33 [2/2] (0.79ns)   --->   "%M_0_load = load i32* %M_0_addr, align 4" [matrix_vector_base.c:11]   --->   Operation 33 'load' 'M_0_load' <Predicate = (!icmp_ln7)> <Delay = 0.79> <Core = "RAM">   --->   Core 37 'RAM' <Latency = 1> <II = 1> <Delay = 0.79> <Storage> <Opcode : 'load' 'store'> <Ports = 2> <Width = 32> <Depth = 8> <RAM>
ST_2 : Operation 34 [1/1] (0.00ns)   --->   "%V_In_1_read = call i32 @_ssdm_op_Read.ap_auto.i32P(i32* %V_In_1)" [matrix_vector_base.c:11]   --->   Operation 34 'read' 'V_In_1_read' <Predicate = (!icmp_ln7)> <Delay = 0.00>
ST_2 : Operation 35 [1/1] (0.00ns)   --->   "%M_1_addr = getelementptr [8 x i32]* %M_1, i64 0, i64 %zext_ln11" [matrix_vector_base.c:11]   --->   Operation 35 'getelementptr' 'M_1_addr' <Predicate = (!icmp_ln7)> <Delay = 0.00>
ST_2 : Operation 36 [2/2] (0.79ns)   --->   "%M_1_load = load i32* %M_1_addr, align 4" [matrix_vector_base.c:11]   --->   Operation 36 'load' 'M_1_load' <Predicate = (!icmp_ln7)> <Delay = 0.79> <Core = "RAM">   --->   Core 37 'RAM' <Latency = 1> <II = 1> <Delay = 0.79> <Storage> <Opcode : 'load' 'store'> <Ports = 2> <Width = 32> <Depth = 8> <RAM>
ST_2 : Operation 37 [1/1] (0.00ns)   --->   "%V_In_2_read = call i32 @_ssdm_op_Read.ap_auto.i32P(i32* %V_In_2)" [matrix_vector_base.c:11]   --->   Operation 37 'read' 'V_In_2_read' <Predicate = (!icmp_ln7)> <Delay = 0.00>
ST_2 : Operation 38 [1/1] (0.00ns)   --->   "%M_2_addr = getelementptr [8 x i32]* %M_2, i64 0, i64 %zext_ln11" [matrix_vector_base.c:11]   --->   Operation 38 'getelementptr' 'M_2_addr' <Predicate = (!icmp_ln7)> <Delay = 0.00>
ST_2 : Operation 39 [2/2] (0.79ns)   --->   "%M_2_load = load i32* %M_2_addr, align 4" [matrix_vector_base.c:11]   --->   Operation 39 'load' 'M_2_load' <Predicate = (!icmp_ln7)> <Delay = 0.79> <Core = "RAM">   --->   Core 37 'RAM' <Latency = 1> <II = 1> <Delay = 0.79> <Storage> <Opcode : 'load' 'store'> <Ports = 2> <Width = 32> <Depth = 8> <RAM>
ST_2 : Operation 40 [1/1] (0.00ns)   --->   "%V_In_3_read = call i32 @_ssdm_op_Read.ap_auto.i32P(i32* %V_In_3)" [matrix_vector_base.c:11]   --->   Operation 40 'read' 'V_In_3_read' <Predicate = (!icmp_ln7)> <Delay = 0.00>
ST_2 : Operation 41 [1/1] (0.00ns)   --->   "%M_3_addr = getelementptr [8 x i32]* %M_3, i64 0, i64 %zext_ln11" [matrix_vector_base.c:11]   --->   Operation 41 'getelementptr' 'M_3_addr' <Predicate = (!icmp_ln7)> <Delay = 0.00>
ST_2 : Operation 42 [2/2] (0.79ns)   --->   "%M_3_load = load i32* %M_3_addr, align 4" [matrix_vector_base.c:11]   --->   Operation 42 'load' 'M_3_load' <Predicate = (!icmp_ln7)> <Delay = 0.79> <Core = "RAM">   --->   Core 37 'RAM' <Latency = 1> <II = 1> <Delay = 0.79> <Storage> <Opcode : 'load' 'store'> <Ports = 2> <Width = 32> <Depth = 8> <RAM>
ST_2 : Operation 43 [1/1] (0.00ns)   --->   "%V_In_4_read = call i32 @_ssdm_op_Read.ap_auto.i32P(i32* %V_In_4)" [matrix_vector_base.c:11]   --->   Operation 43 'read' 'V_In_4_read' <Predicate = (!icmp_ln7)> <Delay = 0.00>
ST_2 : Operation 44 [1/1] (0.00ns)   --->   "%M_4_addr = getelementptr [8 x i32]* %M_4, i64 0, i64 %zext_ln11" [matrix_vector_base.c:11]   --->   Operation 44 'getelementptr' 'M_4_addr' <Predicate = (!icmp_ln7)> <Delay = 0.00>
ST_2 : Operation 45 [2/2] (0.79ns)   --->   "%M_4_load = load i32* %M_4_addr, align 4" [matrix_vector_base.c:11]   --->   Operation 45 'load' 'M_4_load' <Predicate = (!icmp_ln7)> <Delay = 0.79> <Core = "RAM">   --->   Core 37 'RAM' <Latency = 1> <II = 1> <Delay = 0.79> <Storage> <Opcode : 'load' 'store'> <Ports = 2> <Width = 32> <Depth = 8> <RAM>
ST_2 : Operation 46 [1/1] (0.00ns)   --->   "%V_In_5_read = call i32 @_ssdm_op_Read.ap_auto.i32P(i32* %V_In_5)" [matrix_vector_base.c:11]   --->   Operation 46 'read' 'V_In_5_read' <Predicate = (!icmp_ln7)> <Delay = 0.00>
ST_2 : Operation 47 [1/1] (0.00ns)   --->   "%M_5_addr = getelementptr [8 x i32]* %M_5, i64 0, i64 %zext_ln11" [matrix_vector_base.c:11]   --->   Operation 47 'getelementptr' 'M_5_addr' <Predicate = (!icmp_ln7)> <Delay = 0.00>
ST_2 : Operation 48 [2/2] (0.79ns)   --->   "%M_5_load = load i32* %M_5_addr, align 4" [matrix_vector_base.c:11]   --->   Operation 48 'load' 'M_5_load' <Predicate = (!icmp_ln7)> <Delay = 0.79> <Core = "RAM">   --->   Core 37 'RAM' <Latency = 1> <II = 1> <Delay = 0.79> <Storage> <Opcode : 'load' 'store'> <Ports = 2> <Width = 32> <Depth = 8> <RAM>
ST_2 : Operation 49 [1/1] (0.00ns)   --->   "%V_In_6_read = call i32 @_ssdm_op_Read.ap_auto.i32P(i32* %V_In_6)" [matrix_vector_base.c:11]   --->   Operation 49 'read' 'V_In_6_read' <Predicate = (!icmp_ln7)> <Delay = 0.00>
ST_2 : Operation 50 [1/1] (0.00ns)   --->   "%M_6_addr = getelementptr [8 x i32]* %M_6, i64 0, i64 %zext_ln11" [matrix_vector_base.c:11]   --->   Operation 50 'getelementptr' 'M_6_addr' <Predicate = (!icmp_ln7)> <Delay = 0.00>
ST_2 : Operation 51 [2/2] (0.79ns)   --->   "%M_6_load = load i32* %M_6_addr, align 4" [matrix_vector_base.c:11]   --->   Operation 51 'load' 'M_6_load' <Predicate = (!icmp_ln7)> <Delay = 0.79> <Core = "RAM">   --->   Core 37 'RAM' <Latency = 1> <II = 1> <Delay = 0.79> <Storage> <Opcode : 'load' 'store'> <Ports = 2> <Width = 32> <Depth = 8> <RAM>
ST_2 : Operation 52 [1/1] (0.00ns)   --->   "%V_In_7_read = call i32 @_ssdm_op_Read.ap_auto.i32P(i32* %V_In_7)" [matrix_vector_base.c:11]   --->   Operation 52 'read' 'V_In_7_read' <Predicate = (!icmp_ln7)> <Delay = 0.00>
ST_2 : Operation 53 [1/1] (0.00ns)   --->   "%M_7_addr = getelementptr [8 x i32]* %M_7, i64 0, i64 %zext_ln11" [matrix_vector_base.c:11]   --->   Operation 53 'getelementptr' 'M_7_addr' <Predicate = (!icmp_ln7)> <Delay = 0.00>
ST_2 : Operation 54 [2/2] (0.79ns)   --->   "%M_7_load = load i32* %M_7_addr, align 4" [matrix_vector_base.c:11]   --->   Operation 54 'load' 'M_7_load' <Predicate = (!icmp_ln7)> <Delay = 0.79> <Core = "RAM">   --->   Core 37 'RAM' <Latency = 1> <II = 1> <Delay = 0.79> <Storage> <Opcode : 'load' 'store'> <Ports = 2> <Width = 32> <Depth = 8> <RAM>

State 3 <SV = 2> <Delay = 6.76>
ST_3 : Operation 55 [1/2] (0.79ns)   --->   "%M_0_load = load i32* %M_0_addr, align 4" [matrix_vector_base.c:11]   --->   Operation 55 'load' 'M_0_load' <Predicate = (!icmp_ln7)> <Delay = 0.79> <Core = "RAM">   --->   Core 37 'RAM' <Latency = 1> <II = 1> <Delay = 0.79> <Storage> <Opcode : 'load' 'store'> <Ports = 2> <Width = 32> <Depth = 8> <RAM>
ST_3 : Operation 56 [1/1] (3.88ns)   --->   "%mul_ln11 = mul nsw i32 %V_In_0_read, %M_0_load" [matrix_vector_base.c:11]   --->   Operation 56 'mul' 'mul_ln11' <Predicate = (!icmp_ln7)> <Delay = 3.88> <Core = "Mul">   --->   Core 16 'Mul' <Latency = 0> <II = 1> <Delay = 3.88> <FuncUnit> <Opcode : 'mul'> <InPorts = 2> <OutPorts = 1>
ST_3 : Operation 57 [1/2] (0.79ns)   --->   "%M_1_load = load i32* %M_1_addr, align 4" [matrix_vector_base.c:11]   --->   Operation 57 'load' 'M_1_load' <Predicate = (!icmp_ln7)> <Delay = 0.79> <Core = "RAM">   --->   Core 37 'RAM' <Latency = 1> <II = 1> <Delay = 0.79> <Storage> <Opcode : 'load' 'store'> <Ports = 2> <Width = 32> <Depth = 8> <RAM>
ST_3 : Operation 58 [1/1] (3.88ns)   --->   "%mul_ln11_1 = mul nsw i32 %V_In_1_read, %M_1_load" [matrix_vector_base.c:11]   --->   Operation 58 'mul' 'mul_ln11_1' <Predicate = (!icmp_ln7)> <Delay = 3.88> <Core = "Mul">   --->   Core 16 'Mul' <Latency = 0> <II = 1> <Delay = 3.88> <FuncUnit> <Opcode : 'mul'> <InPorts = 2> <OutPorts = 1>
ST_3 : Operation 59 [1/2] (0.79ns)   --->   "%M_2_load = load i32* %M_2_addr, align 4" [matrix_vector_base.c:11]   --->   Operation 59 'load' 'M_2_load' <Predicate = (!icmp_ln7)> <Delay = 0.79> <Core = "RAM">   --->   Core 37 'RAM' <Latency = 1> <II = 1> <Delay = 0.79> <Storage> <Opcode : 'load' 'store'> <Ports = 2> <Width = 32> <Depth = 8> <RAM>
ST_3 : Operation 60 [1/1] (3.88ns)   --->   "%mul_ln11_2 = mul nsw i32 %V_In_2_read, %M_2_load" [matrix_vector_base.c:11]   --->   Operation 60 'mul' 'mul_ln11_2' <Predicate = (!icmp_ln7)> <Delay = 3.88> <Core = "Mul">   --->   Core 16 'Mul' <Latency = 0> <II = 1> <Delay = 3.88> <FuncUnit> <Opcode : 'mul'> <InPorts = 2> <OutPorts = 1>
ST_3 : Operation 61 [1/2] (0.79ns)   --->   "%M_3_load = load i32* %M_3_addr, align 4" [matrix_vector_base.c:11]   --->   Operation 61 'load' 'M_3_load' <Predicate = (!icmp_ln7)> <Delay = 0.79> <Core = "RAM">   --->   Core 37 'RAM' <Latency = 1> <II = 1> <Delay = 0.79> <Storage> <Opcode : 'load' 'store'> <Ports = 2> <Width = 32> <Depth = 8> <RAM>
ST_3 : Operation 62 [1/1] (3.88ns)   --->   "%mul_ln11_3 = mul nsw i32 %V_In_3_read, %M_3_load" [matrix_vector_base.c:11]   --->   Operation 62 'mul' 'mul_ln11_3' <Predicate = (!icmp_ln7)> <Delay = 3.88> <Core = "Mul">   --->   Core 16 'Mul' <Latency = 0> <II = 1> <Delay = 3.88> <FuncUnit> <Opcode : 'mul'> <InPorts = 2> <OutPorts = 1>
ST_3 : Operation 63 [1/2] (0.79ns)   --->   "%M_4_load = load i32* %M_4_addr, align 4" [matrix_vector_base.c:11]   --->   Operation 63 'load' 'M_4_load' <Predicate = (!icmp_ln7)> <Delay = 0.79> <Core = "RAM">   --->   Core 37 'RAM' <Latency = 1> <II = 1> <Delay = 0.79> <Storage> <Opcode : 'load' 'store'> <Ports = 2> <Width = 32> <Depth = 8> <RAM>
ST_3 : Operation 64 [1/1] (3.88ns)   --->   "%mul_ln11_4 = mul nsw i32 %V_In_4_read, %M_4_load" [matrix_vector_base.c:11]   --->   Operation 64 'mul' 'mul_ln11_4' <Predicate = (!icmp_ln7)> <Delay = 3.88> <Core = "Mul">   --->   Core 16 'Mul' <Latency = 0> <II = 1> <Delay = 3.88> <FuncUnit> <Opcode : 'mul'> <InPorts = 2> <OutPorts = 1>
ST_3 : Operation 65 [1/2] (0.79ns)   --->   "%M_5_load = load i32* %M_5_addr, align 4" [matrix_vector_base.c:11]   --->   Operation 65 'load' 'M_5_load' <Predicate = (!icmp_ln7)> <Delay = 0.79> <Core = "RAM">   --->   Core 37 'RAM' <Latency = 1> <II = 1> <Delay = 0.79> <Storage> <Opcode : 'load' 'store'> <Ports = 2> <Width = 32> <Depth = 8> <RAM>
ST_3 : Operation 66 [1/1] (3.88ns)   --->   "%mul_ln11_5 = mul nsw i32 %V_In_5_read, %M_5_load" [matrix_vector_base.c:11]   --->   Operation 66 'mul' 'mul_ln11_5' <Predicate = (!icmp_ln7)> <Delay = 3.88> <Core = "Mul">   --->   Core 16 'Mul' <Latency = 0> <II = 1> <Delay = 3.88> <FuncUnit> <Opcode : 'mul'> <InPorts = 2> <OutPorts = 1>
ST_3 : Operation 67 [1/2] (0.79ns)   --->   "%M_6_load = load i32* %M_6_addr, align 4" [matrix_vector_base.c:11]   --->   Operation 67 'load' 'M_6_load' <Predicate = (!icmp_ln7)> <Delay = 0.79> <Core = "RAM">   --->   Core 37 'RAM' <Latency = 1> <II = 1> <Delay = 0.79> <Storage> <Opcode : 'load' 'store'> <Ports = 2> <Width = 32> <Depth = 8> <RAM>
ST_3 : Operation 68 [1/1] (3.88ns)   --->   "%mul_ln11_6 = mul nsw i32 %V_In_6_read, %M_6_load" [matrix_vector_base.c:11]   --->   Operation 68 'mul' 'mul_ln11_6' <Predicate = (!icmp_ln7)> <Delay = 3.88> <Core = "Mul">   --->   Core 16 'Mul' <Latency = 0> <II = 1> <Delay = 3.88> <FuncUnit> <Opcode : 'mul'> <InPorts = 2> <OutPorts = 1>
ST_3 : Operation 69 [1/2] (0.79ns)   --->   "%M_7_load = load i32* %M_7_addr, align 4" [matrix_vector_base.c:11]   --->   Operation 69 'load' 'M_7_load' <Predicate = (!icmp_ln7)> <Delay = 0.79> <Core = "RAM">   --->   Core 37 'RAM' <Latency = 1> <II = 1> <Delay = 0.79> <Storage> <Opcode : 'load' 'store'> <Ports = 2> <Width = 32> <Depth = 8> <RAM>
ST_3 : Operation 70 [1/1] (3.88ns)   --->   "%mul_ln11_7 = mul nsw i32 %V_In_7_read, %M_7_load" [matrix_vector_base.c:11]   --->   Operation 70 'mul' 'mul_ln11_7' <Predicate = (!icmp_ln7)> <Delay = 3.88> <Core = "Mul">   --->   Core 16 'Mul' <Latency = 0> <II = 1> <Delay = 3.88> <FuncUnit> <Opcode : 'mul'> <InPorts = 2> <OutPorts = 1>
ST_3 : Operation 71 [1/1] (1.20ns)   --->   "%add_ln11 = add i32 %mul_ln11, %mul_ln11_1" [matrix_vector_base.c:11]   --->   Operation 71 'add' 'add_ln11' <Predicate = (!icmp_ln7)> <Delay = 1.20> <Core = "AddSub">   --->   Core 14 'AddSub' <Latency = 0> <II = 1> <Delay = 1.20> <FuncUnit> <Opcode : 'add' 'sub'> <InPorts = 2> <OutPorts = 1>
ST_3 : Operation 72 [1/1] (1.20ns)   --->   "%add_ln11_1 = add i32 %mul_ln11_2, %mul_ln11_3" [matrix_vector_base.c:11]   --->   Operation 72 'add' 'add_ln11_1' <Predicate = (!icmp_ln7)> <Delay = 1.20> <Core = "AddSub">   --->   Core 14 'AddSub' <Latency = 0> <II = 1> <Delay = 1.20> <FuncUnit> <Opcode : 'add' 'sub'> <InPorts = 2> <OutPorts = 1>
ST_3 : Operation 73 [1/1] (0.00ns) (grouped into TernaryAdder)   --->   "%add_ln11_3 = add i32 %mul_ln11_4, %mul_ln11_5" [matrix_vector_base.c:11]   --->   Operation 73 'add' 'add_ln11_3' <Predicate = (!icmp_ln7)> <Delay = 0.00> <Core = "TAddSub">   --->   Core 83 'TAddSub' <Latency = 0> <II = 1> <Delay = 0.44> <IPBlock> <Opcode : 'add' 'sub'> <InPorts = 3> <OutPorts = 1> <Sync> <CReg>
ST_3 : Operation 74 [1/1] (1.20ns)   --->   "%add_ln11_4 = add i32 %mul_ln11_6, %mul_ln11_7" [matrix_vector_base.c:11]   --->   Operation 74 'add' 'add_ln11_4' <Predicate = (!icmp_ln7)> <Delay = 1.20> <Core = "AddSub">   --->   Core 14 'AddSub' <Latency = 0> <II = 1> <Delay = 1.20> <FuncUnit> <Opcode : 'add' 'sub'> <InPorts = 2> <OutPorts = 1>
ST_3 : Operation 75 [1/1] (0.88ns) (root node of TernaryAdder)   --->   "%add_ln11_5 = add i32 %add_ln11_4, %add_ln11_3" [matrix_vector_base.c:11]   --->   Operation 75 'add' 'add_ln11_5' <Predicate = (!icmp_ln7)> <Delay = 0.88> <Core = "TAddSub">   --->   Core 83 'TAddSub' <Latency = 0> <II = 1> <Delay = 0.44> <IPBlock> <Opcode : 'add' 'sub'> <InPorts = 3> <OutPorts = 1> <Sync> <CReg>

State 4 <SV = 3> <Delay = 1.67>
ST_4 : Operation 76 [1/1] (0.00ns)   --->   "call void (...)* @_ssdm_op_SpecLoopName([10 x i8]* @p_str2) nounwind" [matrix_vector_base.c:7]   --->   Operation 76 'specloopname' <Predicate = (!icmp_ln7)> <Delay = 0.00>
ST_4 : Operation 77 [1/1] (0.00ns)   --->   "%tmp = call i32 (...)* @_ssdm_op_SpecRegionBegin([10 x i8]* @p_str2) nounwind" [matrix_vector_base.c:7]   --->   Operation 77 'specregionbegin' 'tmp' <Predicate = (!icmp_ln7)> <Delay = 0.00>
ST_4 : Operation 78 [1/1] (0.00ns)   --->   "call void (...)* @_ssdm_op_SpecPipeline(i32 -1, i32 1, i32 1, i32 0, [1 x i8]* @p_str1) nounwind" [matrix_vector_base.c:8]   --->   Operation 78 'specpipeline' <Predicate = (!icmp_ln7)> <Delay = 0.00>
ST_4 : Operation 79 [1/1] (0.00ns) (grouped into TernaryAdder)   --->   "%add_ln11_2 = add i32 %add_ln11_1, %add_ln11" [matrix_vector_base.c:11]   --->   Operation 79 'add' 'add_ln11_2' <Predicate = (!icmp_ln7)> <Delay = 0.00> <Core = "TAddSub">   --->   Core 83 'TAddSub' <Latency = 0> <II = 1> <Delay = 0.44> <IPBlock> <Opcode : 'add' 'sub'> <InPorts = 3> <OutPorts = 1> <Sync> <CReg>
ST_4 : Operation 80 [1/1] (0.88ns) (root node of TernaryAdder)   --->   "%add_ln11_6 = add nsw i32 %add_ln11_5, %add_ln11_2" [matrix_vector_base.c:11]   --->   Operation 80 'add' 'add_ln11_6' <Predicate = (!icmp_ln7)> <Delay = 0.88> <Core = "TAddSub">   --->   Core 83 'TAddSub' <Latency = 0> <II = 1> <Delay = 0.44> <IPBlock> <Opcode : 'add' 'sub'> <InPorts = 3> <OutPorts = 1> <Sync> <CReg>
ST_4 : Operation 81 [1/1] (0.00ns)   --->   "%V_Out_addr = getelementptr [8 x i32]* %V_Out, i64 0, i64 %zext_ln11" [matrix_vector_base.c:13]   --->   Operation 81 'getelementptr' 'V_Out_addr' <Predicate = (!icmp_ln7)> <Delay = 0.00>
ST_4 : Operation 82 [1/1] (0.79ns)   --->   "store i32 %add_ln11_6, i32* %V_Out_addr, align 4" [matrix_vector_base.c:13]   --->   Operation 82 'store' <Predicate = (!icmp_ln7)> <Delay = 0.79> <Core = "RAM">   --->   Core 37 'RAM' <Latency = 1> <II = 1> <Delay = 0.79> <Storage> <Opcode : 'load' 'store'> <Ports = 2> <Width = 32> <Depth = 8> <RAM>
ST_4 : Operation 83 [1/1] (0.00ns)   --->   "%empty_2 = call i32 (...)* @_ssdm_op_SpecRegionEnd([10 x i8]* @p_str2, i32 %tmp) nounwind" [matrix_vector_base.c:14]   --->   Operation 83 'specregionend' 'empty_2' <Predicate = (!icmp_ln7)> <Delay = 0.00>
ST_4 : Operation 84 [1/1] (0.00ns)   --->   "br label %1" [matrix_vector_base.c:7]   --->   Operation 84 'br' <Predicate = (!icmp_ln7)> <Delay = 0.00>

State 5 <SV = 2> <Delay = 0.00>
ST_5 : Operation 85 [1/1] (0.00ns)   --->   "ret void" [matrix_vector_base.c:15]   --->   Operation 85 'ret' <Predicate = true> <Delay = 0.00>


============================================================
+ Verbose Summary: Binding
============================================================
STG Binding: 
---------------- STG Properties BEGIN ----------------
- Is combinational: 0
- Is one-state seq: 0
- Is datapath-only: 0
- Is pipelined: 0
- Is top level: 1
Port [ Return ] is wired: 1; IO mode=ap_ctrl_hs:ce=0
Port [ M_0]:  wired=1; compound=1; hidden=0; nouse=0; global=0; static=0; extern=0; dir=0; type=1; pingpong=0; private_global=0; MemPort=[13]; IO mode=ap_memory:ce=0
Port [ M_1]:  wired=1; compound=1; hidden=0; nouse=0; global=0; static=0; extern=0; dir=0; type=1; pingpong=0; private_global=0; MemPort=[13]; IO mode=ap_memory:ce=0
Port [ M_2]:  wired=1; compound=1; hidden=0; nouse=0; global=0; static=0; extern=0; dir=0; type=1; pingpong=0; private_global=0; MemPort=[13]; IO mode=ap_memory:ce=0
Port [ M_3]:  wired=1; compound=1; hidden=0; nouse=0; global=0; static=0; extern=0; dir=0; type=1; pingpong=0; private_global=0; MemPort=[13]; IO mode=ap_memory:ce=0
Port [ M_4]:  wired=1; compound=1; hidden=0; nouse=0; global=0; static=0; extern=0; dir=0; type=1; pingpong=0; private_global=0; MemPort=[13]; IO mode=ap_memory:ce=0
Port [ M_5]:  wired=1; compound=1; hidden=0; nouse=0; global=0; static=0; extern=0; dir=0; type=1; pingpong=0; private_global=0; MemPort=[13]; IO mode=ap_memory:ce=0
Port [ M_6]:  wired=1; compound=1; hidden=0; nouse=0; global=0; static=0; extern=0; dir=0; type=1; pingpong=0; private_global=0; MemPort=[13]; IO mode=ap_memory:ce=0
Port [ M_7]:  wired=1; compound=1; hidden=0; nouse=0; global=0; static=0; extern=0; dir=0; type=1; pingpong=0; private_global=0; MemPort=[13]; IO mode=ap_memory:ce=0
Port [ V_In_0]:  wired=1; compound=0; hidden=0; nouse=0; global=0; static=0; extern=0; dir=0; type=0; pingpong=0; private_global=0; IO mode=ap_none:ce=0
Port [ V_In_1]:  wired=1; compound=0; hidden=0; nouse=0; global=0; static=0; extern=0; dir=0; type=0; pingpong=0; private_global=0; IO mode=ap_none:ce=0
Port [ V_In_2]:  wired=1; compound=0; hidden=0; nouse=0; global=0; static=0; extern=0; dir=0; type=0; pingpong=0; private_global=0; IO mode=ap_none:ce=0
Port [ V_In_3]:  wired=1; compound=0; hidden=0; nouse=0; global=0; static=0; extern=0; dir=0; type=0; pingpong=0; private_global=0; IO mode=ap_none:ce=0
Port [ V_In_4]:  wired=1; compound=0; hidden=0; nouse=0; global=0; static=0; extern=0; dir=0; type=0; pingpong=0; private_global=0; IO mode=ap_none:ce=0
Port [ V_In_5]:  wired=1; compound=0; hidden=0; nouse=0; global=0; static=0; extern=0; dir=0; type=0; pingpong=0; private_global=0; IO mode=ap_none:ce=0
Port [ V_In_6]:  wired=1; compound=0; hidden=0; nouse=0; global=0; static=0; extern=0; dir=0; type=0; pingpong=0; private_global=0; IO mode=ap_none:ce=0
Port [ V_In_7]:  wired=1; compound=0; hidden=0; nouse=0; global=0; static=0; extern=0; dir=0; type=0; pingpong=0; private_global=0; IO mode=ap_none:ce=0
Port [ V_Out]:  wired=1; compound=1; hidden=0; nouse=0; global=0; static=0; extern=0; dir=1; type=1; pingpong=0; private_global=0; MemPort=[03]; IO mode=ap_memory:ce=0
---------------- STG Properties END ------------------

---------------- Datapath Model BEGIN ----------------

<LifeTime>
<method=bitvector/>
specbitsmap_ln0   (specbitsmap      ) [ 000000]
specbitsmap_ln0   (specbitsmap      ) [ 000000]
specbitsmap_ln0   (specbitsmap      ) [ 000000]
specbitsmap_ln0   (specbitsmap      ) [ 000000]
specbitsmap_ln0   (specbitsmap      ) [ 000000]
specbitsmap_ln0   (specbitsmap      ) [ 000000]
specbitsmap_ln0   (specbitsmap      ) [ 000000]
specbitsmap_ln0   (specbitsmap      ) [ 000000]
specbitsmap_ln0   (specbitsmap      ) [ 000000]
specbitsmap_ln0   (specbitsmap      ) [ 000000]
specbitsmap_ln0   (specbitsmap      ) [ 000000]
specbitsmap_ln0   (specbitsmap      ) [ 000000]
specbitsmap_ln0   (specbitsmap      ) [ 000000]
specbitsmap_ln0   (specbitsmap      ) [ 000000]
specbitsmap_ln0   (specbitsmap      ) [ 000000]
specbitsmap_ln0   (specbitsmap      ) [ 000000]
specbitsmap_ln0   (specbitsmap      ) [ 000000]
spectopmodule_ln0 (spectopmodule    ) [ 000000]
br_ln7            (br               ) [ 011110]
i_0               (phi              ) [ 001000]
icmp_ln7          (icmp             ) [ 001110]
empty             (speclooptripcount) [ 000000]
i                 (add              ) [ 011110]
br_ln7            (br               ) [ 000000]
zext_ln11         (zext             ) [ 001110]
V_In_0_read       (read             ) [ 001100]
M_0_addr          (getelementptr    ) [ 001100]
V_In_1_read       (read             ) [ 001100]
M_1_addr          (getelementptr    ) [ 001100]
V_In_2_read       (read             ) [ 001100]
M_2_addr          (getelementptr    ) [ 001100]
V_In_3_read       (read             ) [ 001100]
M_3_addr          (getelementptr    ) [ 001100]
V_In_4_read       (read             ) [ 001100]
M_4_addr          (getelementptr    ) [ 001100]
V_In_5_read       (read             ) [ 001100]
M_5_addr          (getelementptr    ) [ 001100]
V_In_6_read       (read             ) [ 001100]
M_6_addr          (getelementptr    ) [ 001100]
V_In_7_read       (read             ) [ 001100]
M_7_addr          (getelementptr    ) [ 001100]
M_0_load          (load             ) [ 000000]
mul_ln11          (mul              ) [ 000000]
M_1_load          (load             ) [ 000000]
mul_ln11_1        (mul              ) [ 000000]
M_2_load          (load             ) [ 000000]
mul_ln11_2        (mul              ) [ 000000]
M_3_load          (load             ) [ 000000]
mul_ln11_3        (mul              ) [ 000000]
M_4_load          (load             ) [ 000000]
mul_ln11_4        (mul              ) [ 000000]
M_5_load          (load             ) [ 000000]
mul_ln11_5        (mul              ) [ 000000]
M_6_load          (load             ) [ 000000]
mul_ln11_6        (mul              ) [ 000000]
M_7_load          (load             ) [ 000000]
mul_ln11_7        (mul              ) [ 000000]
add_ln11          (add              ) [ 001010]
add_ln11_1        (add              ) [ 001010]
add_ln11_3        (add              ) [ 000000]
add_ln11_4        (add              ) [ 000000]
add_ln11_5        (add              ) [ 001010]
specloopname_ln7  (specloopname     ) [ 000000]
tmp               (specregionbegin  ) [ 000000]
specpipeline_ln8  (specpipeline     ) [ 000000]
add_ln11_2        (add              ) [ 000000]
add_ln11_6        (add              ) [ 000000]
V_Out_addr        (getelementptr    ) [ 000000]
store_ln13        (store            ) [ 000000]
empty_2           (specregionend    ) [ 000000]
br_ln7            (br               ) [ 011110]
ret_ln15          (ret              ) [ 000000]
</LifeTime>

<model>

<comp_list>
<comp id="0" class="1000" name="M_0">
<pin_list>
<pin id="1" dir="1" index="0" bw="1" slack="0"/>
</pin_list>
<bind>
<StgValue><ssdm name="M_0"/><MemPortTyVec>1 3 </MemPortTyVec>
</StgValue>
</bind>
</comp>

<comp id="2" class="1000" name="M_1">
<pin_list>
<pin id="3" dir="1" index="0" bw="1" slack="0"/>
</pin_list>
<bind>
<StgValue><ssdm name="M_1"/><MemPortTyVec>1 3 </MemPortTyVec>
</StgValue>
</bind>
</comp>

<comp id="4" class="1000" name="M_2">
<pin_list>
<pin id="5" dir="1" index="0" bw="1" slack="0"/>
</pin_list>
<bind>
<StgValue><ssdm name="M_2"/><MemPortTyVec>1 3 </MemPortTyVec>
</StgValue>
</bind>
</comp>

<comp id="6" class="1000" name="M_3">
<pin_list>
<pin id="7" dir="1" index="0" bw="1" slack="0"/>
</pin_list>
<bind>
<StgValue><ssdm name="M_3"/><MemPortTyVec>1 3 </MemPortTyVec>
</StgValue>
</bind>
</comp>

<comp id="8" class="1000" name="M_4">
<pin_list>
<pin id="9" dir="1" index="0" bw="1" slack="0"/>
</pin_list>
<bind>
<StgValue><ssdm name="M_4"/><MemPortTyVec>1 3 </MemPortTyVec>
</StgValue>
</bind>
</comp>

<comp id="10" class="1000" name="M_5">
<pin_list>
<pin id="11" dir="1" index="0" bw="1" slack="0"/>
</pin_list>
<bind>
<StgValue><ssdm name="M_5"/><MemPortTyVec>1 3 </MemPortTyVec>
</StgValue>
</bind>
</comp>

<comp id="12" class="1000" name="M_6">
<pin_list>
<pin id="13" dir="1" index="0" bw="1" slack="0"/>
</pin_list>
<bind>
<StgValue><ssdm name="M_6"/><MemPortTyVec>1 3 </MemPortTyVec>
</StgValue>
</bind>
</comp>

<comp id="14" class="1000" name="M_7">
<pin_list>
<pin id="15" dir="1" index="0" bw="1" slack="0"/>
</pin_list>
<bind>
<StgValue><ssdm name="M_7"/><MemPortTyVec>1 3 </MemPortTyVec>
</StgValue>
</bind>
</comp>

<comp id="16" class="1000" name="V_In_0">
<pin_list>
<pin id="17" dir="1" index="0" bw="1" slack="0"/>
</pin_list>
<bind>
<StgValue><ssdm name="V_In_0"/></StgValue>
</bind>
</comp>

<comp id="18" class="1000" name="V_In_1">
<pin_list>
<pin id="19" dir="1" index="0" bw="1" slack="0"/>
</pin_list>
<bind>
<StgValue><ssdm name="V_In_1"/></StgValue>
</bind>
</comp>

<comp id="20" class="1000" name="V_In_2">
<pin_list>
<pin id="21" dir="1" index="0" bw="1" slack="0"/>
</pin_list>
<bind>
<StgValue><ssdm name="V_In_2"/></StgValue>
</bind>
</comp>

<comp id="22" class="1000" name="V_In_3">
<pin_list>
<pin id="23" dir="1" index="0" bw="1" slack="0"/>
</pin_list>
<bind>
<StgValue><ssdm name="V_In_3"/></StgValue>
</bind>
</comp>

<comp id="24" class="1000" name="V_In_4">
<pin_list>
<pin id="25" dir="1" index="0" bw="1" slack="0"/>
</pin_list>
<bind>
<StgValue><ssdm name="V_In_4"/></StgValue>
</bind>
</comp>

<comp id="26" class="1000" name="V_In_5">
<pin_list>
<pin id="27" dir="1" index="0" bw="1" slack="0"/>
</pin_list>
<bind>
<StgValue><ssdm name="V_In_5"/></StgValue>
</bind>
</comp>

<comp id="28" class="1000" name="V_In_6">
<pin_list>
<pin id="29" dir="1" index="0" bw="1" slack="0"/>
</pin_list>
<bind>
<StgValue><ssdm name="V_In_6"/></StgValue>
</bind>
</comp>

<comp id="30" class="1000" name="V_In_7">
<pin_list>
<pin id="31" dir="1" index="0" bw="1" slack="0"/>
</pin_list>
<bind>
<StgValue><ssdm name="V_In_7"/></StgValue>
</bind>
</comp>

<comp id="32" class="1000" name="V_Out">
<pin_list>
<pin id="33" dir="1" index="0" bw="1" slack="0"/>
</pin_list>
<bind>
<StgValue><ssdm name="V_Out"/><MemPortTyVec>0 3 </MemPortTyVec>
</StgValue>
</bind>
</comp>

<comp id="34" class="1001" name="const_34">
<pin_list>
<pin id="35" dir="1" index="0" bw="1" slack="2147483647"/>
</pin_list>
<bind>
<StgValue><ssdm name="_ssdm_op_SpecBitsMap"/></StgValue>
</bind>
</comp>

<comp id="36" class="1001" name="const_36">
<pin_list>
<pin id="37" dir="1" index="0" bw="1" slack="2147483647"/>
</pin_list>
<bind>
<StgValue><ssdm name="_ssdm_op_SpecTopModule"/></StgValue>
</bind>
</comp>

<comp id="38" class="1001" name="const_38">
<pin_list>
<pin id="39" dir="1" index="0" bw="1" slack="2147483647"/>
</pin_list>
<bind>
<StgValue><ssdm name="matrix_vector_str"/></StgValue>
</bind>
</comp>

<comp id="40" class="1001" name="const_40">
<pin_list>
<pin id="41" dir="1" index="0" bw="1" slack="1"/>
</pin_list>
<bind>
<StgValue><ssdm name=""/></StgValue>
</bind>
</comp>

<comp id="42" class="1001" name="const_42">
<pin_list>
<pin id="43" dir="1" index="0" bw="1" slack="0"/>
</pin_list>
<bind>
<StgValue><ssdm name=""/></StgValue>
</bind>
</comp>

<comp id="44" class="1001" name="const_44">
<pin_list>
<pin id="45" dir="1" index="0" bw="1" slack="2147483647"/>
</pin_list>
<bind>
<StgValue><ssdm name="_ssdm_op_SpecLoopTripCount"/></StgValue>
</bind>
</comp>

<comp id="46" class="1001" name="const_46">
<pin_list>
<pin id="47" dir="1" index="0" bw="1" slack="2147483647"/>
</pin_list>
<bind>
<StgValue><ssdm name=""/></StgValue>
</bind>
</comp>

<comp id="48" class="1001" name="const_48">
<pin_list>
<pin id="49" dir="1" index="0" bw="1" slack="0"/>
</pin_list>
<bind>
<StgValue><ssdm name=""/></StgValue>
</bind>
</comp>

<comp id="50" class="1001" name="const_50">
<pin_list>
<pin id="51" dir="1" index="0" bw="1" slack="0"/>
</pin_list>
<bind>
<StgValue><ssdm name="_ssdm_op_Read.ap_auto.i32P"/></StgValue>
</bind>
</comp>

<comp id="52" class="1001" name="const_52">
<pin_list>
<pin id="53" dir="1" index="0" bw="1" slack="0"/>
</pin_list>
<bind>
<StgValue><ssdm name=""/></StgValue>
</bind>
</comp>

<comp id="54" class="1001" name="const_54">
<pin_list>
<pin id="55" dir="1" index="0" bw="1" slack="2147483647"/>
</pin_list>
<bind>
<StgValue><ssdm name="_ssdm_op_SpecLoopName"/></StgValue>
</bind>
</comp>

<comp id="56" class="1001" name="const_56">
<pin_list>
<pin id="57" dir="1" index="0" bw="1" slack="2147483647"/>
</pin_list>
<bind>
<StgValue><ssdm name="p_str2"/></StgValue>
</bind>
</comp>

<comp id="58" class="1001" name="const_58">
<pin_list>
<pin id="59" dir="1" index="0" bw="1" slack="2147483647"/>
</pin_list>
<bind>
<StgValue><ssdm name="_ssdm_op_SpecRegionBegin"/></StgValue>
</bind>
</comp>

<comp id="60" class="1001" name="const_60">
<pin_list>
<pin id="61" dir="1" index="0" bw="1" slack="2147483647"/>
</pin_list>
<bind>
<StgValue><ssdm name="_ssdm_op_SpecPipeline"/></StgValue>
</bind>
</comp>

<comp id="62" class="1001" name="const_62">
<pin_list>
<pin id="63" dir="1" index="0" bw="1" slack="2147483647"/>
</pin_list>
<bind>
<StgValue><ssdm name=""/></StgValue>
</bind>
</comp>

<comp id="64" class="1001" name="const_64">
<pin_list>
<pin id="65" dir="1" index="0" bw="1" slack="2147483647"/>
</pin_list>
<bind>
<StgValue><ssdm name=""/></StgValue>
</bind>
</comp>

<comp id="66" class="1001" name="const_66">
<pin_list>
<pin id="67" dir="1" index="0" bw="1" slack="2147483647"/>
</pin_list>
<bind>
<StgValue><ssdm name=""/></StgValue>
</bind>
</comp>

<comp id="68" class="1001" name="const_68">
<pin_list>
<pin id="69" dir="1" index="0" bw="1" slack="2147483647"/>
</pin_list>
<bind>
<StgValue><ssdm name="p_str1"/></StgValue>
</bind>
</comp>

<comp id="70" class="1001" name="const_70">
<pin_list>
<pin id="71" dir="1" index="0" bw="1" slack="2147483647"/>
</pin_list>
<bind>
<StgValue><ssdm name="_ssdm_op_SpecRegionEnd"/></StgValue>
</bind>
</comp>

<comp id="72" class="1004" name="V_In_0_read_read_fu_72">
<pin_list>
<pin id="73" dir="0" index="0" bw="32" slack="0"/>
<pin id="74" dir="0" index="1" bw="32" slack="0"/>
<pin id="75" dir="1" index="2" bw="32" slack="1"/>
</pin_list>
<bind>
<opcode="read(1150) " fcode="read"/>
<opset="V_In_0_read/2 "/>
</bind>
</comp>

<comp id="78" class="1004" name="V_In_1_read_read_fu_78">
<pin_list>
<pin id="79" dir="0" index="0" bw="32" slack="0"/>
<pin id="80" dir="0" index="1" bw="32" slack="0"/>
<pin id="81" dir="1" index="2" bw="32" slack="1"/>
</pin_list>
<bind>
<opcode="read(1150) " fcode="read"/>
<opset="V_In_1_read/2 "/>
</bind>
</comp>

<comp id="84" class="1004" name="V_In_2_read_read_fu_84">
<pin_list>
<pin id="85" dir="0" index="0" bw="32" slack="0"/>
<pin id="86" dir="0" index="1" bw="32" slack="0"/>
<pin id="87" dir="1" index="2" bw="32" slack="1"/>
</pin_list>
<bind>
<opcode="read(1150) " fcode="read"/>
<opset="V_In_2_read/2 "/>
</bind>
</comp>

<comp id="90" class="1004" name="V_In_3_read_read_fu_90">
<pin_list>
<pin id="91" dir="0" index="0" bw="32" slack="0"/>
<pin id="92" dir="0" index="1" bw="32" slack="0"/>
<pin id="93" dir="1" index="2" bw="32" slack="1"/>
</pin_list>
<bind>
<opcode="read(1150) " fcode="read"/>
<opset="V_In_3_read/2 "/>
</bind>
</comp>

<comp id="96" class="1004" name="V_In_4_read_read_fu_96">
<pin_list>
<pin id="97" dir="0" index="0" bw="32" slack="0"/>
<pin id="98" dir="0" index="1" bw="32" slack="0"/>
<pin id="99" dir="1" index="2" bw="32" slack="1"/>
</pin_list>
<bind>
<opcode="read(1150) " fcode="read"/>
<opset="V_In_4_read/2 "/>
</bind>
</comp>

<comp id="102" class="1004" name="V_In_5_read_read_fu_102">
<pin_list>
<pin id="103" dir="0" index="0" bw="32" slack="0"/>
<pin id="104" dir="0" index="1" bw="32" slack="0"/>
<pin id="105" dir="1" index="2" bw="32" slack="1"/>
</pin_list>
<bind>
<opcode="read(1150) " fcode="read"/>
<opset="V_In_5_read/2 "/>
</bind>
</comp>

<comp id="108" class="1004" name="V_In_6_read_read_fu_108">
<pin_list>
<pin id="109" dir="0" index="0" bw="32" slack="0"/>
<pin id="110" dir="0" index="1" bw="32" slack="0"/>
<pin id="111" dir="1" index="2" bw="32" slack="1"/>
</pin_list>
<bind>
<opcode="read(1150) " fcode="read"/>
<opset="V_In_6_read/2 "/>
</bind>
</comp>

<comp id="114" class="1004" name="V_In_7_read_read_fu_114">
<pin_list>
<pin id="115" dir="0" index="0" bw="32" slack="0"/>
<pin id="116" dir="0" index="1" bw="32" slack="0"/>
<pin id="117" dir="1" index="2" bw="32" slack="1"/>
</pin_list>
<bind>
<opcode="read(1150) " fcode="read"/>
<opset="V_In_7_read/2 "/>
</bind>
</comp>

<comp id="120" class="1004" name="M_0_addr_gep_fu_120">
<pin_list>
<pin id="121" dir="0" index="0" bw="32" slack="0"/>
<pin id="122" dir="0" index="1" bw="1" slack="0"/>
<pin id="123" dir="0" index="2" bw="4" slack="0"/>
<pin id="124" dir="1" index="3" bw="3" slack="0"/>
</pin_list>
<bind>
<opcode="getelementptr(29) " fcode="getelementptr"/>
<opset="M_0_addr/2 "/>
</bind>
</comp>

<comp id="127" class="1004" name="grp_access_fu_127">
<pin_list>
<pin id="128" dir="0" index="0" bw="3" slack="0"/>
<pin id="129" dir="0" index="1" bw="32" slack="2147483647"/>
<pin id="130" dir="0" index="2" bw="0" slack="2147483647"/>
<pin id="131" dir="1" index="3" bw="32" slack="0"/>
</pin_list>
<bind>
<opcode="load(27) " fcode="load"/>
<opset="M_0_load/2 "/>
</bind>
</comp>

<comp id="133" class="1004" name="M_1_addr_gep_fu_133">
<pin_list>
<pin id="134" dir="0" index="0" bw="32" slack="0"/>
<pin id="135" dir="0" index="1" bw="1" slack="0"/>
<pin id="136" dir="0" index="2" bw="4" slack="0"/>
<pin id="137" dir="1" index="3" bw="3" slack="0"/>
</pin_list>
<bind>
<opcode="getelementptr(29) " fcode="getelementptr"/>
<opset="M_1_addr/2 "/>
</bind>
</comp>

<comp id="140" class="1004" name="grp_access_fu_140">
<pin_list>
<pin id="141" dir="0" index="0" bw="3" slack="0"/>
<pin id="142" dir="0" index="1" bw="32" slack="2147483647"/>
<pin id="143" dir="0" index="2" bw="0" slack="2147483647"/>
<pin id="144" dir="1" index="3" bw="32" slack="0"/>
</pin_list>
<bind>
<opcode="load(27) " fcode="load"/>
<opset="M_1_load/2 "/>
</bind>
</comp>

<comp id="146" class="1004" name="M_2_addr_gep_fu_146">
<pin_list>
<pin id="147" dir="0" index="0" bw="32" slack="0"/>
<pin id="148" dir="0" index="1" bw="1" slack="0"/>
<pin id="149" dir="0" index="2" bw="4" slack="0"/>
<pin id="150" dir="1" index="3" bw="3" slack="0"/>
</pin_list>
<bind>
<opcode="getelementptr(29) " fcode="getelementptr"/>
<opset="M_2_addr/2 "/>
</bind>
</comp>

<comp id="153" class="1004" name="grp_access_fu_153">
<pin_list>
<pin id="154" dir="0" index="0" bw="3" slack="0"/>
<pin id="155" dir="0" index="1" bw="32" slack="2147483647"/>
<pin id="156" dir="0" index="2" bw="0" slack="2147483647"/>
<pin id="157" dir="1" index="3" bw="32" slack="0"/>
</pin_list>
<bind>
<opcode="load(27) " fcode="load"/>
<opset="M_2_load/2 "/>
</bind>
</comp>

<comp id="159" class="1004" name="M_3_addr_gep_fu_159">
<pin_list>
<pin id="160" dir="0" index="0" bw="32" slack="0"/>
<pin id="161" dir="0" index="1" bw="1" slack="0"/>
<pin id="162" dir="0" index="2" bw="4" slack="0"/>
<pin id="163" dir="1" index="3" bw="3" slack="0"/>
</pin_list>
<bind>
<opcode="getelementptr(29) " fcode="getelementptr"/>
<opset="M_3_addr/2 "/>
</bind>
</comp>

<comp id="166" class="1004" name="grp_access_fu_166">
<pin_list>
<pin id="167" dir="0" index="0" bw="3" slack="0"/>
<pin id="168" dir="0" index="1" bw="32" slack="2147483647"/>
<pin id="169" dir="0" index="2" bw="0" slack="2147483647"/>
<pin id="170" dir="1" index="3" bw="32" slack="0"/>
</pin_list>
<bind>
<opcode="load(27) " fcode="load"/>
<opset="M_3_load/2 "/>
</bind>
</comp>

<comp id="172" class="1004" name="M_4_addr_gep_fu_172">
<pin_list>
<pin id="173" dir="0" index="0" bw="32" slack="0"/>
<pin id="174" dir="0" index="1" bw="1" slack="0"/>
<pin id="175" dir="0" index="2" bw="4" slack="0"/>
<pin id="176" dir="1" index="3" bw="3" slack="0"/>
</pin_list>
<bind>
<opcode="getelementptr(29) " fcode="getelementptr"/>
<opset="M_4_addr/2 "/>
</bind>
</comp>

<comp id="179" class="1004" name="grp_access_fu_179">
<pin_list>
<pin id="180" dir="0" index="0" bw="3" slack="0"/>
<pin id="181" dir="0" index="1" bw="32" slack="2147483647"/>
<pin id="182" dir="0" index="2" bw="0" slack="2147483647"/>
<pin id="183" dir="1" index="3" bw="32" slack="0"/>
</pin_list>
<bind>
<opcode="load(27) " fcode="load"/>
<opset="M_4_load/2 "/>
</bind>
</comp>

<comp id="185" class="1004" name="M_5_addr_gep_fu_185">
<pin_list>
<pin id="186" dir="0" index="0" bw="32" slack="0"/>
<pin id="187" dir="0" index="1" bw="1" slack="0"/>
<pin id="188" dir="0" index="2" bw="4" slack="0"/>
<pin id="189" dir="1" index="3" bw="3" slack="0"/>
</pin_list>
<bind>
<opcode="getelementptr(29) " fcode="getelementptr"/>
<opset="M_5_addr/2 "/>
</bind>
</comp>

<comp id="192" class="1004" name="grp_access_fu_192">
<pin_list>
<pin id="193" dir="0" index="0" bw="3" slack="0"/>
<pin id="194" dir="0" index="1" bw="32" slack="2147483647"/>
<pin id="195" dir="0" index="2" bw="0" slack="2147483647"/>
<pin id="196" dir="1" index="3" bw="32" slack="0"/>
</pin_list>
<bind>
<opcode="load(27) " fcode="load"/>
<opset="M_5_load/2 "/>
</bind>
</comp>

<comp id="198" class="1004" name="M_6_addr_gep_fu_198">
<pin_list>
<pin id="199" dir="0" index="0" bw="32" slack="0"/>
<pin id="200" dir="0" index="1" bw="1" slack="0"/>
<pin id="201" dir="0" index="2" bw="4" slack="0"/>
<pin id="202" dir="1" index="3" bw="3" slack="0"/>
</pin_list>
<bind>
<opcode="getelementptr(29) " fcode="getelementptr"/>
<opset="M_6_addr/2 "/>
</bind>
</comp>

<comp id="205" class="1004" name="grp_access_fu_205">
<pin_list>
<pin id="206" dir="0" index="0" bw="3" slack="0"/>
<pin id="207" dir="0" index="1" bw="32" slack="2147483647"/>
<pin id="208" dir="0" index="2" bw="0" slack="2147483647"/>
<pin id="209" dir="1" index="3" bw="32" slack="0"/>
</pin_list>
<bind>
<opcode="load(27) " fcode="load"/>
<opset="M_6_load/2 "/>
</bind>
</comp>

<comp id="211" class="1004" name="M_7_addr_gep_fu_211">
<pin_list>
<pin id="212" dir="0" index="0" bw="32" slack="0"/>
<pin id="213" dir="0" index="1" bw="1" slack="0"/>
<pin id="214" dir="0" index="2" bw="4" slack="0"/>
<pin id="215" dir="1" index="3" bw="3" slack="0"/>
</pin_list>
<bind>
<opcode="getelementptr(29) " fcode="getelementptr"/>
<opset="M_7_addr/2 "/>
</bind>
</comp>

<comp id="218" class="1004" name="grp_access_fu_218">
<pin_list>
<pin id="219" dir="0" index="0" bw="3" slack="0"/>
<pin id="220" dir="0" index="1" bw="32" slack="2147483647"/>
<pin id="221" dir="0" index="2" bw="0" slack="2147483647"/>
<pin id="222" dir="1" index="3" bw="32" slack="0"/>
</pin_list>
<bind>
<opcode="load(27) " fcode="load"/>
<opset="M_7_load/2 "/>
</bind>
</comp>

<comp id="224" class="1004" name="V_Out_addr_gep_fu_224">
<pin_list>
<pin id="225" dir="0" index="0" bw="32" slack="0"/>
<pin id="226" dir="0" index="1" bw="1" slack="0"/>
<pin id="227" dir="0" index="2" bw="4" slack="2"/>
<pin id="228" dir="1" index="3" bw="3" slack="0"/>
</pin_list>
<bind>
<opcode="getelementptr(29) " fcode="getelementptr"/>
<opset="V_Out_addr/4 "/>
</bind>
</comp>

<comp id="231" class="1004" name="store_ln13_access_fu_231">
<pin_list>
<pin id="232" dir="0" index="0" bw="3" slack="0"/>
<pin id="233" dir="0" index="1" bw="32" slack="0"/>
<pin id="234" dir="0" index="2" bw="0" slack="2147483647"/>
<pin id="235" dir="1" index="3" bw="32" slack="2147483647"/>
</pin_list>
<bind>
<opcode="store(28) " fcode="store"/>
<opset="store_ln13/4 "/>
</bind>
</comp>

<comp id="237" class="1005" name="i_0_reg_237">
<pin_list>
<pin id="238" dir="0" index="0" bw="4" slack="1"/>
<pin id="239" dir="1" index="1" bw="4" slack="1"/>
</pin_list>
<bind>
<opset="i_0 (phireg) "/>
</bind>
</comp>

<comp id="241" class="1004" name="i_0_phi_fu_241">
<pin_list>
<pin id="242" dir="0" index="0" bw="1" slack="1"/>
<pin id="243" dir="0" index="1" bw="0" slack="2147483647"/>
<pin id="244" dir="0" index="2" bw="4" slack="0"/>
<pin id="245" dir="0" index="3" bw="0" slack="2147483647"/>
<pin id="246" dir="1" index="4" bw="4" slack="0"/>
</pin_list>
<bind>
<opcode="phi(47) " fcode="phi"/>
<opset="i_0/2 "/>
</bind>
</comp>

<comp id="248" class="1004" name="icmp_ln7_fu_248">
<pin_list>
<pin id="249" dir="0" index="0" bw="4" slack="0"/>
<pin id="250" dir="0" index="1" bw="4" slack="0"/>
<pin id="251" dir="1" index="2" bw="1" slack="1"/>
</pin_list>
<bind>
<opcode="icmp(45) " fcode="icmp"/>
<opset="icmp_ln7/2 "/>
</bind>
</comp>

<comp id="254" class="1004" name="i_fu_254">
<pin_list>
<pin id="255" dir="0" index="0" bw="4" slack="0"/>
<pin id="256" dir="0" index="1" bw="1" slack="0"/>
<pin id="257" dir="1" index="2" bw="4" slack="0"/>
</pin_list>
<bind>
<opcode="add(8) " fcode="add"/>
<opset="i/2 "/>
</bind>
</comp>

<comp id="260" class="1004" name="zext_ln11_fu_260">
<pin_list>
<pin id="261" dir="0" index="0" bw="4" slack="0"/>
<pin id="262" dir="1" index="1" bw="64" slack="0"/>
</pin_list>
<bind>
<opcode="zext(34) " fcode="zext"/>
<opset="zext_ln11/2 "/>
</bind>
</comp>

<comp id="272" class="1004" name="mul_ln11_fu_272">
<pin_list>
<pin id="273" dir="0" index="0" bw="32" slack="1"/>
<pin id="274" dir="0" index="1" bw="32" slack="0"/>
<pin id="275" dir="1" index="2" bw="32" slack="0"/>
</pin_list>
<bind>
<opcode="mul(12) " fcode="mul"/>
<opset="mul_ln11/3 "/>
</bind>
</comp>

<comp id="277" class="1004" name="mul_ln11_1_fu_277">
<pin_list>
<pin id="278" dir="0" index="0" bw="32" slack="1"/>
<pin id="279" dir="0" index="1" bw="32" slack="0"/>
<pin id="280" dir="1" index="2" bw="32" slack="0"/>
</pin_list>
<bind>
<opcode="mul(12) " fcode="mul"/>
<opset="mul_ln11_1/3 "/>
</bind>
</comp>

<comp id="282" class="1004" name="mul_ln11_2_fu_282">
<pin_list>
<pin id="283" dir="0" index="0" bw="32" slack="1"/>
<pin id="284" dir="0" index="1" bw="32" slack="0"/>
<pin id="285" dir="1" index="2" bw="32" slack="0"/>
</pin_list>
<bind>
<opcode="mul(12) " fcode="mul"/>
<opset="mul_ln11_2/3 "/>
</bind>
</comp>

<comp id="287" class="1004" name="mul_ln11_3_fu_287">
<pin_list>
<pin id="288" dir="0" index="0" bw="32" slack="1"/>
<pin id="289" dir="0" index="1" bw="32" slack="0"/>
<pin id="290" dir="1" index="2" bw="32" slack="0"/>
</pin_list>
<bind>
<opcode="mul(12) " fcode="mul"/>
<opset="mul_ln11_3/3 "/>
</bind>
</comp>

<comp id="292" class="1004" name="mul_ln11_4_fu_292">
<pin_list>
<pin id="293" dir="0" index="0" bw="32" slack="1"/>
<pin id="294" dir="0" index="1" bw="32" slack="0"/>
<pin id="295" dir="1" index="2" bw="32" slack="0"/>
</pin_list>
<bind>
<opcode="mul(12) " fcode="mul"/>
<opset="mul_ln11_4/3 "/>
</bind>
</comp>

<comp id="297" class="1004" name="mul_ln11_5_fu_297">
<pin_list>
<pin id="298" dir="0" index="0" bw="32" slack="1"/>
<pin id="299" dir="0" index="1" bw="32" slack="0"/>
<pin id="300" dir="1" index="2" bw="32" slack="0"/>
</pin_list>
<bind>
<opcode="mul(12) " fcode="mul"/>
<opset="mul_ln11_5/3 "/>
</bind>
</comp>

<comp id="302" class="1004" name="mul_ln11_6_fu_302">
<pin_list>
<pin id="303" dir="0" index="0" bw="32" slack="1"/>
<pin id="304" dir="0" index="1" bw="32" slack="0"/>
<pin id="305" dir="1" index="2" bw="32" slack="0"/>
</pin_list>
<bind>
<opcode="mul(12) " fcode="mul"/>
<opset="mul_ln11_6/3 "/>
</bind>
</comp>

<comp id="307" class="1004" name="mul_ln11_7_fu_307">
<pin_list>
<pin id="308" dir="0" index="0" bw="32" slack="1"/>
<pin id="309" dir="0" index="1" bw="32" slack="0"/>
<pin id="310" dir="1" index="2" bw="32" slack="0"/>
</pin_list>
<bind>
<opcode="mul(12) " fcode="mul"/>
<opset="mul_ln11_7/3 "/>
</bind>
</comp>

<comp id="312" class="1004" name="add_ln11_fu_312">
<pin_list>
<pin id="313" dir="0" index="0" bw="32" slack="0"/>
<pin id="314" dir="0" index="1" bw="32" slack="0"/>
<pin id="315" dir="1" index="2" bw="32" slack="1"/>
</pin_list>
<bind>
<opcode="add(8) " fcode="add"/>
<opset="add_ln11/3 "/>
</bind>
</comp>

<comp id="318" class="1004" name="add_ln11_1_fu_318">
<pin_list>
<pin id="319" dir="0" index="0" bw="32" slack="0"/>
<pin id="320" dir="0" index="1" bw="32" slack="0"/>
<pin id="321" dir="1" index="2" bw="32" slack="1"/>
</pin_list>
<bind>
<opcode="add(8) " fcode="add"/>
<opset="add_ln11_1/3 "/>
</bind>
</comp>

<comp id="324" class="1004" name="add_ln11_3_fu_324">
<pin_list>
<pin id="325" dir="0" index="0" bw="32" slack="0"/>
<pin id="326" dir="0" index="1" bw="32" slack="0"/>
<pin id="327" dir="1" index="2" bw="32" slack="0"/>
</pin_list>
<bind>
<opcode="add(8) " fcode="add"/>
<opset="add_ln11_3/3 "/>
</bind>
</comp>

<comp id="330" class="1004" name="add_ln11_4_fu_330">
<pin_list>
<pin id="331" dir="0" index="0" bw="32" slack="0"/>
<pin id="332" dir="0" index="1" bw="32" slack="0"/>
<pin id="333" dir="1" index="2" bw="32" slack="0"/>
</pin_list>
<bind>
<opcode="add(8) " fcode="add"/>
<opset="add_ln11_4/3 "/>
</bind>
</comp>

<comp id="336" class="1004" name="add_ln11_5_fu_336">
<pin_list>
<pin id="337" dir="0" index="0" bw="32" slack="0"/>
<pin id="338" dir="0" index="1" bw="32" slack="0"/>
<pin id="339" dir="1" index="2" bw="32" slack="1"/>
</pin_list>
<bind>
<opcode="add(8) " fcode="add"/>
<opset="add_ln11_5/3 "/>
</bind>
</comp>

<comp id="342" class="1004" name="add_ln11_2_fu_342">
<pin_list>
<pin id="343" dir="0" index="0" bw="32" slack="1"/>
<pin id="344" dir="0" index="1" bw="32" slack="1"/>
<pin id="345" dir="1" index="2" bw="32" slack="0"/>
</pin_list>
<bind>
<opcode="add(8) " fcode="add"/>
<opset="add_ln11_2/4 "/>
</bind>
</comp>

<comp id="346" class="1004" name="add_ln11_6_fu_346">
<pin_list>
<pin id="347" dir="0" index="0" bw="32" slack="1"/>
<pin id="348" dir="0" index="1" bw="32" slack="0"/>
<pin id="349" dir="1" index="2" bw="32" slack="0"/>
</pin_list>
<bind>
<opcode="add(8) " fcode="add"/>
<opset="add_ln11_6/4 "/>
</bind>
</comp>

<comp id="352" class="1005" name="icmp_ln7_reg_352">
<pin_list>
<pin id="353" dir="0" index="0" bw="1" slack="1"/>
<pin id="354" dir="1" index="1" bw="1" slack="2147483647"/>
</pin_list>
<bind>
<opset="icmp_ln7 "/>
</bind>
</comp>

<comp id="356" class="1005" name="i_reg_356">
<pin_list>
<pin id="357" dir="0" index="0" bw="4" slack="0"/>
<pin id="358" dir="1" index="1" bw="4" slack="0"/>
</pin_list>
<bind>
<opset="i "/>
</bind>
</comp>

<comp id="361" class="1005" name="zext_ln11_reg_361">
<pin_list>
<pin id="362" dir="0" index="0" bw="64" slack="2"/>
<pin id="363" dir="1" index="1" bw="64" slack="2"/>
</pin_list>
<bind>
<opset="zext_ln11 "/>
</bind>
</comp>

<comp id="366" class="1005" name="V_In_0_read_reg_366">
<pin_list>
<pin id="367" dir="0" index="0" bw="32" slack="1"/>
<pin id="368" dir="1" index="1" bw="32" slack="1"/>
</pin_list>
<bind>
<opset="V_In_0_read "/>
</bind>
</comp>

<comp id="371" class="1005" name="M_0_addr_reg_371">
<pin_list>
<pin id="372" dir="0" index="0" bw="3" slack="1"/>
<pin id="373" dir="1" index="1" bw="3" slack="1"/>
</pin_list>
<bind>
<opset="M_0_addr "/>
</bind>
</comp>

<comp id="376" class="1005" name="V_In_1_read_reg_376">
<pin_list>
<pin id="377" dir="0" index="0" bw="32" slack="1"/>
<pin id="378" dir="1" index="1" bw="32" slack="1"/>
</pin_list>
<bind>
<opset="V_In_1_read "/>
</bind>
</comp>

<comp id="381" class="1005" name="M_1_addr_reg_381">
<pin_list>
<pin id="382" dir="0" index="0" bw="3" slack="1"/>
<pin id="383" dir="1" index="1" bw="3" slack="1"/>
</pin_list>
<bind>
<opset="M_1_addr "/>
</bind>
</comp>

<comp id="386" class="1005" name="V_In_2_read_reg_386">
<pin_list>
<pin id="387" dir="0" index="0" bw="32" slack="1"/>
<pin id="388" dir="1" index="1" bw="32" slack="1"/>
</pin_list>
<bind>
<opset="V_In_2_read "/>
</bind>
</comp>

<comp id="391" class="1005" name="M_2_addr_reg_391">
<pin_list>
<pin id="392" dir="0" index="0" bw="3" slack="1"/>
<pin id="393" dir="1" index="1" bw="3" slack="1"/>
</pin_list>
<bind>
<opset="M_2_addr "/>
</bind>
</comp>

<comp id="396" class="1005" name="V_In_3_read_reg_396">
<pin_list>
<pin id="397" dir="0" index="0" bw="32" slack="1"/>
<pin id="398" dir="1" index="1" bw="32" slack="1"/>
</pin_list>
<bind>
<opset="V_In_3_read "/>
</bind>
</comp>

<comp id="401" class="1005" name="M_3_addr_reg_401">
<pin_list>
<pin id="402" dir="0" index="0" bw="3" slack="1"/>
<pin id="403" dir="1" index="1" bw="3" slack="1"/>
</pin_list>
<bind>
<opset="M_3_addr "/>
</bind>
</comp>

<comp id="406" class="1005" name="V_In_4_read_reg_406">
<pin_list>
<pin id="407" dir="0" index="0" bw="32" slack="1"/>
<pin id="408" dir="1" index="1" bw="32" slack="1"/>
</pin_list>
<bind>
<opset="V_In_4_read "/>
</bind>
</comp>

<comp id="411" class="1005" name="M_4_addr_reg_411">
<pin_list>
<pin id="412" dir="0" index="0" bw="3" slack="1"/>
<pin id="413" dir="1" index="1" bw="3" slack="1"/>
</pin_list>
<bind>
<opset="M_4_addr "/>
</bind>
</comp>

<comp id="416" class="1005" name="V_In_5_read_reg_416">
<pin_list>
<pin id="417" dir="0" index="0" bw="32" slack="1"/>
<pin id="418" dir="1" index="1" bw="32" slack="1"/>
</pin_list>
<bind>
<opset="V_In_5_read "/>
</bind>
</comp>

<comp id="421" class="1005" name="M_5_addr_reg_421">
<pin_list>
<pin id="422" dir="0" index="0" bw="3" slack="1"/>
<pin id="423" dir="1" index="1" bw="3" slack="1"/>
</pin_list>
<bind>
<opset="M_5_addr "/>
</bind>
</comp>

<comp id="426" class="1005" name="V_In_6_read_reg_426">
<pin_list>
<pin id="427" dir="0" index="0" bw="32" slack="1"/>
<pin id="428" dir="1" index="1" bw="32" slack="1"/>
</pin_list>
<bind>
<opset="V_In_6_read "/>
</bind>
</comp>

<comp id="431" class="1005" name="M_6_addr_reg_431">
<pin_list>
<pin id="432" dir="0" index="0" bw="3" slack="1"/>
<pin id="433" dir="1" index="1" bw="3" slack="1"/>
</pin_list>
<bind>
<opset="M_6_addr "/>
</bind>
</comp>

<comp id="436" class="1005" name="V_In_7_read_reg_436">
<pin_list>
<pin id="437" dir="0" index="0" bw="32" slack="1"/>
<pin id="438" dir="1" index="1" bw="32" slack="1"/>
</pin_list>
<bind>
<opset="V_In_7_read "/>
</bind>
</comp>

<comp id="441" class="1005" name="M_7_addr_reg_441">
<pin_list>
<pin id="442" dir="0" index="0" bw="3" slack="1"/>
<pin id="443" dir="1" index="1" bw="3" slack="1"/>
</pin_list>
<bind>
<opset="M_7_addr "/>
</bind>
</comp>

<comp id="446" class="1005" name="add_ln11_reg_446">
<pin_list>
<pin id="447" dir="0" index="0" bw="32" slack="1"/>
<pin id="448" dir="1" index="1" bw="32" slack="1"/>
</pin_list>
<bind>
<opset="add_ln11 "/>
</bind>
</comp>

<comp id="451" class="1005" name="add_ln11_1_reg_451">
<pin_list>
<pin id="452" dir="0" index="0" bw="32" slack="1"/>
<pin id="453" dir="1" index="1" bw="32" slack="1"/>
</pin_list>
<bind>
<opset="add_ln11_1 "/>
</bind>
</comp>

<comp id="456" class="1005" name="add_ln11_5_reg_456">
<pin_list>
<pin id="457" dir="0" index="0" bw="32" slack="1"/>
<pin id="458" dir="1" index="1" bw="32" slack="1"/>
</pin_list>
<bind>
<opset="add_ln11_5 "/>
</bind>
</comp>

</comp_list>

<net_list>
<net id="76"><net_src comp="50" pin="0"/><net_sink comp="72" pin=0"/></net>

<net id="77"><net_src comp="16" pin="0"/><net_sink comp="72" pin=1"/></net>

<net id="82"><net_src comp="50" pin="0"/><net_sink comp="78" pin=0"/></net>

<net id="83"><net_src comp="18" pin="0"/><net_sink comp="78" pin=1"/></net>

<net id="88"><net_src comp="50" pin="0"/><net_sink comp="84" pin=0"/></net>

<net id="89"><net_src comp="20" pin="0"/><net_sink comp="84" pin=1"/></net>

<net id="94"><net_src comp="50" pin="0"/><net_sink comp="90" pin=0"/></net>

<net id="95"><net_src comp="22" pin="0"/><net_sink comp="90" pin=1"/></net>

<net id="100"><net_src comp="50" pin="0"/><net_sink comp="96" pin=0"/></net>

<net id="101"><net_src comp="24" pin="0"/><net_sink comp="96" pin=1"/></net>

<net id="106"><net_src comp="50" pin="0"/><net_sink comp="102" pin=0"/></net>

<net id="107"><net_src comp="26" pin="0"/><net_sink comp="102" pin=1"/></net>

<net id="112"><net_src comp="50" pin="0"/><net_sink comp="108" pin=0"/></net>

<net id="113"><net_src comp="28" pin="0"/><net_sink comp="108" pin=1"/></net>

<net id="118"><net_src comp="50" pin="0"/><net_sink comp="114" pin=0"/></net>

<net id="119"><net_src comp="30" pin="0"/><net_sink comp="114" pin=1"/></net>

<net id="125"><net_src comp="0" pin="0"/><net_sink comp="120" pin=0"/></net>

<net id="126"><net_src comp="52" pin="0"/><net_sink comp="120" pin=1"/></net>

<net id="132"><net_src comp="120" pin="3"/><net_sink comp="127" pin=0"/></net>

<net id="138"><net_src comp="2" pin="0"/><net_sink comp="133" pin=0"/></net>

<net id="139"><net_src comp="52" pin="0"/><net_sink comp="133" pin=1"/></net>

<net id="145"><net_src comp="133" pin="3"/><net_sink comp="140" pin=0"/></net>

<net id="151"><net_src comp="4" pin="0"/><net_sink comp="146" pin=0"/></net>

<net id="152"><net_src comp="52" pin="0"/><net_sink comp="146" pin=1"/></net>

<net id="158"><net_src comp="146" pin="3"/><net_sink comp="153" pin=0"/></net>

<net id="164"><net_src comp="6" pin="0"/><net_sink comp="159" pin=0"/></net>

<net id="165"><net_src comp="52" pin="0"/><net_sink comp="159" pin=1"/></net>

<net id="171"><net_src comp="159" pin="3"/><net_sink comp="166" pin=0"/></net>

<net id="177"><net_src comp="8" pin="0"/><net_sink comp="172" pin=0"/></net>

<net id="178"><net_src comp="52" pin="0"/><net_sink comp="172" pin=1"/></net>

<net id="184"><net_src comp="172" pin="3"/><net_sink comp="179" pin=0"/></net>

<net id="190"><net_src comp="10" pin="0"/><net_sink comp="185" pin=0"/></net>

<net id="191"><net_src comp="52" pin="0"/><net_sink comp="185" pin=1"/></net>

<net id="197"><net_src comp="185" pin="3"/><net_sink comp="192" pin=0"/></net>

<net id="203"><net_src comp="12" pin="0"/><net_sink comp="198" pin=0"/></net>

<net id="204"><net_src comp="52" pin="0"/><net_sink comp="198" pin=1"/></net>

<net id="210"><net_src comp="198" pin="3"/><net_sink comp="205" pin=0"/></net>

<net id="216"><net_src comp="14" pin="0"/><net_sink comp="211" pin=0"/></net>

<net id="217"><net_src comp="52" pin="0"/><net_sink comp="211" pin=1"/></net>

<net id="223"><net_src comp="211" pin="3"/><net_sink comp="218" pin=0"/></net>

<net id="229"><net_src comp="32" pin="0"/><net_sink comp="224" pin=0"/></net>

<net id="230"><net_src comp="52" pin="0"/><net_sink comp="224" pin=1"/></net>

<net id="236"><net_src comp="224" pin="3"/><net_sink comp="231" pin=0"/></net>

<net id="240"><net_src comp="40" pin="0"/><net_sink comp="237" pin=0"/></net>

<net id="247"><net_src comp="237" pin="1"/><net_sink comp="241" pin=0"/></net>

<net id="252"><net_src comp="241" pin="4"/><net_sink comp="248" pin=0"/></net>

<net id="253"><net_src comp="42" pin="0"/><net_sink comp="248" pin=1"/></net>

<net id="258"><net_src comp="241" pin="4"/><net_sink comp="254" pin=0"/></net>

<net id="259"><net_src comp="48" pin="0"/><net_sink comp="254" pin=1"/></net>

<net id="263"><net_src comp="241" pin="4"/><net_sink comp="260" pin=0"/></net>

<net id="264"><net_src comp="260" pin="1"/><net_sink comp="120" pin=2"/></net>

<net id="265"><net_src comp="260" pin="1"/><net_sink comp="133" pin=2"/></net>

<net id="266"><net_src comp="260" pin="1"/><net_sink comp="146" pin=2"/></net>

<net id="267"><net_src comp="260" pin="1"/><net_sink comp="159" pin=2"/></net>

<net id="268"><net_src comp="260" pin="1"/><net_sink comp="172" pin=2"/></net>

<net id="269"><net_src comp="260" pin="1"/><net_sink comp="185" pin=2"/></net>

<net id="270"><net_src comp="260" pin="1"/><net_sink comp="198" pin=2"/></net>

<net id="271"><net_src comp="260" pin="1"/><net_sink comp="211" pin=2"/></net>

<net id="276"><net_src comp="127" pin="3"/><net_sink comp="272" pin=1"/></net>

<net id="281"><net_src comp="140" pin="3"/><net_sink comp="277" pin=1"/></net>

<net id="286"><net_src comp="153" pin="3"/><net_sink comp="282" pin=1"/></net>

<net id="291"><net_src comp="166" pin="3"/><net_sink comp="287" pin=1"/></net>

<net id="296"><net_src comp="179" pin="3"/><net_sink comp="292" pin=1"/></net>

<net id="301"><net_src comp="192" pin="3"/><net_sink comp="297" pin=1"/></net>

<net id="306"><net_src comp="205" pin="3"/><net_sink comp="302" pin=1"/></net>

<net id="311"><net_src comp="218" pin="3"/><net_sink comp="307" pin=1"/></net>

<net id="316"><net_src comp="272" pin="2"/><net_sink comp="312" pin=0"/></net>

<net id="317"><net_src comp="277" pin="2"/><net_sink comp="312" pin=1"/></net>

<net id="322"><net_src comp="282" pin="2"/><net_sink comp="318" pin=0"/></net>

<net id="323"><net_src comp="287" pin="2"/><net_sink comp="318" pin=1"/></net>

<net id="328"><net_src comp="292" pin="2"/><net_sink comp="324" pin=0"/></net>

<net id="329"><net_src comp="297" pin="2"/><net_sink comp="324" pin=1"/></net>

<net id="334"><net_src comp="302" pin="2"/><net_sink comp="330" pin=0"/></net>

<net id="335"><net_src comp="307" pin="2"/><net_sink comp="330" pin=1"/></net>

<net id="340"><net_src comp="330" pin="2"/><net_sink comp="336" pin=0"/></net>

<net id="341"><net_src comp="324" pin="2"/><net_sink comp="336" pin=1"/></net>

<net id="350"><net_src comp="342" pin="2"/><net_sink comp="346" pin=1"/></net>

<net id="351"><net_src comp="346" pin="2"/><net_sink comp="231" pin=1"/></net>

<net id="355"><net_src comp="248" pin="2"/><net_sink comp="352" pin=0"/></net>

<net id="359"><net_src comp="254" pin="2"/><net_sink comp="356" pin=0"/></net>

<net id="360"><net_src comp="356" pin="1"/><net_sink comp="241" pin=2"/></net>

<net id="364"><net_src comp="260" pin="1"/><net_sink comp="361" pin=0"/></net>

<net id="365"><net_src comp="361" pin="1"/><net_sink comp="224" pin=2"/></net>

<net id="369"><net_src comp="72" pin="2"/><net_sink comp="366" pin=0"/></net>

<net id="370"><net_src comp="366" pin="1"/><net_sink comp="272" pin=0"/></net>

<net id="374"><net_src comp="120" pin="3"/><net_sink comp="371" pin=0"/></net>

<net id="375"><net_src comp="371" pin="1"/><net_sink comp="127" pin=0"/></net>

<net id="379"><net_src comp="78" pin="2"/><net_sink comp="376" pin=0"/></net>

<net id="380"><net_src comp="376" pin="1"/><net_sink comp="277" pin=0"/></net>

<net id="384"><net_src comp="133" pin="3"/><net_sink comp="381" pin=0"/></net>

<net id="385"><net_src comp="381" pin="1"/><net_sink comp="140" pin=0"/></net>

<net id="389"><net_src comp="84" pin="2"/><net_sink comp="386" pin=0"/></net>

<net id="390"><net_src comp="386" pin="1"/><net_sink comp="282" pin=0"/></net>

<net id="394"><net_src comp="146" pin="3"/><net_sink comp="391" pin=0"/></net>

<net id="395"><net_src comp="391" pin="1"/><net_sink comp="153" pin=0"/></net>

<net id="399"><net_src comp="90" pin="2"/><net_sink comp="396" pin=0"/></net>

<net id="400"><net_src comp="396" pin="1"/><net_sink comp="287" pin=0"/></net>

<net id="404"><net_src comp="159" pin="3"/><net_sink comp="401" pin=0"/></net>

<net id="405"><net_src comp="401" pin="1"/><net_sink comp="166" pin=0"/></net>

<net id="409"><net_src comp="96" pin="2"/><net_sink comp="406" pin=0"/></net>

<net id="410"><net_src comp="406" pin="1"/><net_sink comp="292" pin=0"/></net>

<net id="414"><net_src comp="172" pin="3"/><net_sink comp="411" pin=0"/></net>

<net id="415"><net_src comp="411" pin="1"/><net_sink comp="179" pin=0"/></net>

<net id="419"><net_src comp="102" pin="2"/><net_sink comp="416" pin=0"/></net>

<net id="420"><net_src comp="416" pin="1"/><net_sink comp="297" pin=0"/></net>

<net id="424"><net_src comp="185" pin="3"/><net_sink comp="421" pin=0"/></net>

<net id="425"><net_src comp="421" pin="1"/><net_sink comp="192" pin=0"/></net>

<net id="429"><net_src comp="108" pin="2"/><net_sink comp="426" pin=0"/></net>

<net id="430"><net_src comp="426" pin="1"/><net_sink comp="302" pin=0"/></net>

<net id="434"><net_src comp="198" pin="3"/><net_sink comp="431" pin=0"/></net>

<net id="435"><net_src comp="431" pin="1"/><net_sink comp="205" pin=0"/></net>

<net id="439"><net_src comp="114" pin="2"/><net_sink comp="436" pin=0"/></net>

<net id="440"><net_src comp="436" pin="1"/><net_sink comp="307" pin=0"/></net>

<net id="444"><net_src comp="211" pin="3"/><net_sink comp="441" pin=0"/></net>

<net id="445"><net_src comp="441" pin="1"/><net_sink comp="218" pin=0"/></net>

<net id="449"><net_src comp="312" pin="2"/><net_sink comp="446" pin=0"/></net>

<net id="450"><net_src comp="446" pin="1"/><net_sink comp="342" pin=1"/></net>

<net id="454"><net_src comp="318" pin="2"/><net_sink comp="451" pin=0"/></net>

<net id="455"><net_src comp="451" pin="1"/><net_sink comp="342" pin=0"/></net>

<net id="459"><net_src comp="336" pin="2"/><net_sink comp="456" pin=0"/></net>

<net id="460"><net_src comp="456" pin="1"/><net_sink comp="346" pin=0"/></net>

</net_list>

</model> 
---------------- Datapath Model END ------------------

* FSMD analyzer results:
  - Output states:
	Port: V_Out | {4 }
 - Input state : 
	Port: matrix_vector : M_0 | {2 3 }
	Port: matrix_vector : M_1 | {2 3 }
	Port: matrix_vector : M_2 | {2 3 }
	Port: matrix_vector : M_3 | {2 3 }
	Port: matrix_vector : M_4 | {2 3 }
	Port: matrix_vector : M_5 | {2 3 }
	Port: matrix_vector : M_6 | {2 3 }
	Port: matrix_vector : M_7 | {2 3 }
	Port: matrix_vector : V_In_0 | {2 }
	Port: matrix_vector : V_In_1 | {2 }
	Port: matrix_vector : V_In_2 | {2 }
	Port: matrix_vector : V_In_3 | {2 }
	Port: matrix_vector : V_In_4 | {2 }
	Port: matrix_vector : V_In_5 | {2 }
	Port: matrix_vector : V_In_6 | {2 }
	Port: matrix_vector : V_In_7 | {2 }
  - Chain level:
	State 1
	State 2
		icmp_ln7 : 1
		i : 1
		br_ln7 : 2
		zext_ln11 : 1
		M_0_addr : 2
		M_0_load : 3
		M_1_addr : 2
		M_1_load : 3
		M_2_addr : 2
		M_2_load : 3
		M_3_addr : 2
		M_3_load : 3
		M_4_addr : 2
		M_4_load : 3
		M_5_addr : 2
		M_5_load : 3
		M_6_addr : 2
		M_6_load : 3
		M_7_addr : 2
		M_7_load : 3
	State 3
		mul_ln11 : 1
		mul_ln11_1 : 1
		mul_ln11_2 : 1
		mul_ln11_3 : 1
		mul_ln11_4 : 1
		mul_ln11_5 : 1
		mul_ln11_6 : 1
		mul_ln11_7 : 1
		add_ln11 : 2
		add_ln11_1 : 2
		add_ln11_3 : 2
		add_ln11_4 : 2
		add_ln11_5 : 3
	State 4
		add_ln11_6 : 1
		store_ln13 : 2
		empty_2 : 1
	State 5


============================================================
+ Verbose Summary: Datapath Resource usage 
============================================================

* Functional unit list:
|----------|-------------------------|---------|---------|---------|
| Operation|     Functional Unit     |  DSP48E |    FF   |   LUT   |
|----------|-------------------------|---------|---------|---------|
|          |         i_fu_254        |    0    |    0    |    12   |
|          |     add_ln11_fu_312     |    0    |    0    |    39   |
|          |    add_ln11_1_fu_318    |    0    |    0    |    39   |
|    add   |    add_ln11_3_fu_324    |    0    |    0    |    32   |
|          |    add_ln11_4_fu_330    |    0    |    0    |    39   |
|          |    add_ln11_5_fu_336    |    0    |    0    |    32   |
|          |    add_ln11_2_fu_342    |    0    |    0    |    32   |
|          |    add_ln11_6_fu_346    |    0    |    0    |    32   |
|----------|-------------------------|---------|---------|---------|
|          |     mul_ln11_fu_272     |    3    |    0    |    20   |
|          |    mul_ln11_1_fu_277    |    3    |    0    |    20   |
|          |    mul_ln11_2_fu_282    |    3    |    0    |    20   |
|    mul   |    mul_ln11_3_fu_287    |    3    |    0    |    20   |
|          |    mul_ln11_4_fu_292    |    3    |    0    |    20   |
|          |    mul_ln11_5_fu_297    |    3    |    0    |    20   |
|          |    mul_ln11_6_fu_302    |    3    |    0    |    20   |
|          |    mul_ln11_7_fu_307    |    3    |    0    |    20   |
|----------|-------------------------|---------|---------|---------|
|   icmp   |     icmp_ln7_fu_248     |    0    |    0    |    9    |
|----------|-------------------------|---------|---------|---------|
|          |  V_In_0_read_read_fu_72 |    0    |    0    |    0    |
|          |  V_In_1_read_read_fu_78 |    0    |    0    |    0    |
|          |  V_In_2_read_read_fu_84 |    0    |    0    |    0    |
|   read   |  V_In_3_read_read_fu_90 |    0    |    0    |    0    |
|          |  V_In_4_read_read_fu_96 |    0    |    0    |    0    |
|          | V_In_5_read_read_fu_102 |    0    |    0    |    0    |
|          | V_In_6_read_read_fu_108 |    0    |    0    |    0    |
|          | V_In_7_read_read_fu_114 |    0    |    0    |    0    |
|----------|-------------------------|---------|---------|---------|
|   zext   |     zext_ln11_fu_260    |    0    |    0    |    0    |
|----------|-------------------------|---------|---------|---------|
|   Total  |                         |    24   |    0    |   426   |
|----------|-------------------------|---------|---------|---------|

Memories:
N/A

* Register list:
+-------------------+--------+
|                   |   FF   |
+-------------------+--------+
|  M_0_addr_reg_371 |    3   |
|  M_1_addr_reg_381 |    3   |
|  M_2_addr_reg_391 |    3   |
|  M_3_addr_reg_401 |    3   |
|  M_4_addr_reg_411 |    3   |
|  M_5_addr_reg_421 |    3   |
|  M_6_addr_reg_431 |    3   |
|  M_7_addr_reg_441 |    3   |
|V_In_0_read_reg_366|   32   |
|V_In_1_read_reg_376|   32   |
|V_In_2_read_reg_386|   32   |
|V_In_3_read_reg_396|   32   |
|V_In_4_read_reg_406|   32   |
|V_In_5_read_reg_416|   32   |
|V_In_6_read_reg_426|   32   |
|V_In_7_read_reg_436|   32   |
| add_ln11_1_reg_451|   32   |
| add_ln11_5_reg_456|   32   |
|  add_ln11_reg_446 |   32   |
|    i_0_reg_237    |    4   |
|     i_reg_356     |    4   |
|  icmp_ln7_reg_352 |    1   |
| zext_ln11_reg_361 |   64   |
+-------------------+--------+
|       Total       |   449  |
+-------------------+--------+

* Multiplexer (MUX) list: 
|-------------------|------|------|------|--------||---------||---------|
|        Comp       |  Pin | Size |  BW  | S x BW ||  Delay  ||   LUT   |
|-------------------|------|------|------|--------||---------||---------|
| grp_access_fu_127 |  p0  |   2  |   3  |    6   ||    9    |
| grp_access_fu_140 |  p0  |   2  |   3  |    6   ||    9    |
| grp_access_fu_153 |  p0  |   2  |   3  |    6   ||    9    |
| grp_access_fu_166 |  p0  |   2  |   3  |    6   ||    9    |
| grp_access_fu_179 |  p0  |   2  |   3  |    6   ||    9    |
| grp_access_fu_192 |  p0  |   2  |   3  |    6   ||    9    |
| grp_access_fu_205 |  p0  |   2  |   3  |    6   ||    9    |
| grp_access_fu_218 |  p0  |   2  |   3  |    6   ||    9    |
|-------------------|------|------|------|--------||---------||---------|
|       Total       |      |      |      |   48   ||   6.04  ||    72   |
|-------------------|------|------|------|--------||---------||---------|



* Summary:
+-----------+--------+--------+--------+--------+
|           | DSP48E |  Delay |   FF   |   LUT  |
+-----------+--------+--------+--------+--------+
|  Function |   24   |    -   |    0   |   426  |
|   Memory  |    -   |    -   |    -   |    -   |
|Multiplexer|    -   |    6   |    -   |   72   |
|  Register |    -   |    -   |   449  |    -   |
+-----------+--------+--------+--------+--------+
|   Total   |   24   |    6   |   449  |   498  |
+-----------+--------+--------+--------+--------+
