

================================================================
== Vivado HLS Report for 'sin_or_cos_double_s'
================================================================
* Date:           Mon Jul  3 04:57:59 2023

* Version:        2020.1 (Build 2897737 on Wed May 27 20:21:37 MDT 2020)
* Project:        dft_proj
* Solution:       solution2
* Product family: zynquplus
* Target device:  xqzu5ev-ffrb900-1-i


================================================================
== Performance Estimates
================================================================
+ Timing: 
    * Summary: 
    +--------+---------+----------+------------+
    |  Clock |  Target | Estimated| Uncertainty|
    +--------+---------+----------+------------+
    |ap_clk  | 8.00 ns | 6.625 ns |   1.00 ns  |
    +--------+---------+----------+------------+

+ Latency: 
    * Summary: 
    +---------+---------+-----------+-----------+-----+-----+----------+
    |  Latency (cycles) |   Latency (absolute)  |  Interval | Pipeline |
    |   min   |   max   |    min    |    max    | min | max |   Type   |
    +---------+---------+-----------+-----------+-----+-----+----------+
    |       10|       10| 80.000 ns | 80.000 ns |    1|    1| function |
    +---------+---------+-----------+-----------+-----+-----+----------+

    + Detail: 
        * Instance: 
        N/A

        * Loop: 
        N/A



================================================================
== Utilization Estimates
================================================================
* Summary: 
+-----------------+---------+-------+--------+--------+-----+
|       Name      | BRAM_18K| DSP48E|   FF   |   LUT  | URAM|
+-----------------+---------+-------+--------+--------+-----+
|DSP              |        -|      -|       -|       -|    -|
|Expression       |        -|     64|     233|    4363|    -|
|FIFO             |        -|      -|       -|       -|    -|
|Instance         |        -|     30|     361|     373|    -|
|Memory           |        8|      -|     213|     852|    -|
|Multiplexer      |        -|      -|       -|       -|    -|
|Register         |        2|      -|    1927|     353|    -|
+-----------------+---------+-------+--------+--------+-----+
|Total            |       10|     94|    2734|    5941|    0|
+-----------------+---------+-------+--------+--------+-----+
|Available        |      288|   1248|  234240|  117120|   64|
+-----------------+---------+-------+--------+--------+-----+
|Utilization (%)  |        3|      7|       1|       5|    0|
+-----------------+---------+-------+--------+--------+-----+

+ Detail: 
    * Instance: 
    +-------------------------+----------------------+---------+-------+-----+-----+-----+
    |         Instance        |        Module        | BRAM_18K| DSP48E|  FF | LUT | URAM|
    +-------------------------+----------------------+---------+-------+-----+-----+-----+
    |dft_mul_170ns_53nhbi_U1  |dft_mul_170ns_53nhbi  |        0|     30|  361|  178|    0|
    |dft_mux_164_1_1_1_U3     |dft_mux_164_1_1_1     |        0|      0|    0|   65|    0|
    |dft_mux_164_1_1_1_U4     |dft_mux_164_1_1_1     |        0|      0|    0|   65|    0|
    |dft_mux_83_1_1_1_U2      |dft_mux_83_1_1_1      |        0|      0|    0|   65|    0|
    +-------------------------+----------------------+---------+-------+-----+-----+-----+
    |Total                    |                      |        0|     30|  361|  373|    0|
    +-------------------------+----------------------+---------+-------+-----+-----+-----+

    * DSP48E: 
    N/A

    * Memory: 
    +-------------------------+----------------------+---------+----+-----+-----+------+-----+------+-------------+
    |          Memory         |        Module        | BRAM_18K| FF | LUT | URAM| Words| Bits| Banks| W*Bits*Banks|
    +-------------------------+----------------------+---------+----+-----+-----+------+-----+------+-------------+
    |ref_4oPi_table_256_V_U   |sin_or_cos_doublebkb  |        8|   0|    0|    0|    10|  256|     1|         2560|
    |fourth_order_double_4_U  |sin_or_cos_doublecud  |        0|  59|  236|    0|   256|   59|     1|        15104|
    |fourth_order_double_5_U  |sin_or_cos_doubledEe  |        0|  52|  208|    0|   256|   52|     1|        13312|
    |fourth_order_double_6_U  |sin_or_cos_doubleeOg  |        0|  44|  176|    0|   256|   44|     1|        11264|
    |fourth_order_double_7_U  |sin_or_cos_doublefYi  |        0|  33|  132|    0|   256|   33|     1|         8448|
    |fourth_order_double_s_U  |sin_or_cos_doubleg8j  |        0|  25|  100|    0|   256|   25|     1|         6400|
    +-------------------------+----------------------+---------+----+-----+-----+------+-----+------+-------------+
    |Total                    |                      |        8| 213|  852|    0|  1290|  469|     6|        57088|
    +-------------------------+----------------------+---------+----+-----+-----+------+-----+------+-------------+

    * FIFO: 
    N/A

    * Expression: 
    +-----------------------------+----------+-------+----+-----+------------+------------+
    |        Variable Name        | Operation| DSP48E| FF | LUT | Bitwidth P0| Bitwidth P1|
    +-----------------------------+----------+-------+----+-----+------------+------------+
    |r_V_20_fu_671_p2             |     *    |      9|   0|   20|          49|          49|
    |r_V_21_fu_833_p2             |     *    |      9|   0|   20|          49|          49|
    |r_V_22_fu_848_p2             |     *    |      9|   0|   20|          49|          49|
    |r_V_23_fu_871_p2             |     *    |      9|   0|   32|          56|          52|
    |r_V_24_fu_894_p2             |     *    |      6|   0|   20|          49|          44|
    |r_V_25_fu_925_p2             |     *    |      4|   0|   25|          42|          33|
    |r_V_26_fu_948_p2             |     *    |      2|   0|   23|          35|          25|
    |r_V_27_fu_1019_p2            |     *    |     16|   0|   45|          64|          63|
    |add_ln114_1_fu_340_p2        |     +    |      0|   0|   18|          11|          11|
    |add_ln114_fu_437_p2          |     +    |      0|   0|   18|          11|          11|
    |add_ln442_1_fu_1270_p2       |     +    |      0|   0|   39|          32|          32|
    |add_ln442_2_fu_1292_p2       |     +    |      0|   0|   39|          32|          32|
    |add_ln442_fu_1252_p2         |     +    |      0|   0|   39|           5|          32|
    |add_ln452_fu_1361_p2         |     +    |      0|   0|   19|          10|          12|
    |ret_V_16_fu_971_p2           |     +    |      0|   0|   64|          64|          64|
    |ret_V_17_fu_980_p2           |     +    |      0|   0|   64|          64|          64|
    |ret_V_18_fu_990_p2           |     +    |      0|   0|   64|          64|          64|
    |ret_V_fu_1000_p2             |     +    |      0|   0|   64|          64|          64|
    |Ex_V_fu_543_p2               |     -    |      0|   0|   18|          11|          11|
    |Mx_bits_V_1_fu_459_p2        |     -    |      0|   0|  131|           1|         124|
    |newexp_fu_1371_p2            |     -    |      0|   0|   39|          32|          32|
    |sub_ln1311_fu_561_p2         |     -    |      0|   0|   19|           1|          12|
    |and_ln300_1_fu_1499_p2       |    and   |      0|   0|    2|           1|           1|
    |and_ln300_fu_802_p2          |    and   |      0|   0|    2|           1|           1|
    |and_ln307_fu_806_p2          |    and   |      0|   0|    2|           1|           1|
    |and_ln311_fu_816_p2          |    and   |      0|   0|    2|           1|           1|
    |and_ln444_1_fu_1320_p2       |    and   |      0|   0|    2|           1|           1|
    |and_ln444_2_fu_1326_p2       |    and   |      0|   0|    2|           1|           1|
    |and_ln444_fu_1314_p2         |    and   |      0|   0|    2|           1|           1|
    |ap_block_pp0_stage0_11001    |    and   |      0|   0|    2|           1|           1|
    |tmp_i2_i_fu_1141_p3          |   cttz   |      0|  40|   36|          32|           0|
    |tmp_i4_i_fu_1221_p3          |   cttz   |      0|  40|   36|          32|           0|
    |tmp_i6_i_fu_1239_p3          |   cttz   |      0|  40|   36|          32|           0|
    |tmp_i_i2_fu_1123_p3          |   cttz   |      0|  40|   36|          32|           0|
    |tmp_i_i_fu_507_p3            |   cttz   |      0|  73|   71|          64|           0|
    |closepath_fu_334_p2          |   icmp   |      0|   0|   13|          11|          10|
    |icmp_ln1452_fu_1158_p2       |   icmp   |      0|   0|   29|          63|           1|
    |icmp_ln444_1_fu_1265_p2      |   icmp   |      0|   0|   20|          32|           5|
    |icmp_ln444_2_fu_1286_p2      |   icmp   |      0|   0|   20|          32|           5|
    |icmp_ln444_fu_1247_p2        |   icmp   |      0|   0|   20|          32|           5|
    |icmp_ln833_1_fu_412_p2       |   icmp   |      0|   0|   29|          52|           1|
    |icmp_ln833_2_fu_580_p2       |   icmp   |      0|   0|   13|          11|           2|
    |icmp_ln833_fu_575_p2         |   icmp   |      0|   0|   13|          11|           1|
    |r_V_fu_592_p2                |   lshr   |      0|   0|  176|          63|          63|
    |ap_block_pp0_stage0_subdone  |    or    |      0|   0|    2|           1|           1|
    |or_ln300_fu_1517_p2          |    or    |      0|   0|    2|           1|           1|
    |or_ln311_fu_1479_p2          |    or    |      0|   0|    2|           1|           1|
    |or_ln444_fu_1332_p2          |    or    |      0|   0|    2|           1|           1|
    |or_ln453_fu_1385_p2          |    or    |      0|   0|    2|           1|           1|
    |addr_V_fu_346_p3             |  select  |      0|   0|   11|           1|           7|
    |cos_basis_fu_636_p3          |  select  |      0|   0|    2|           1|           1|
    |p_Repl2_2_fu_822_p3          |  select  |      0|   0|    2|           1|           1|
    |p_Val2_37_fu_449_p3          |  select  |      0|   0|    3|           1|           1|
    |p_Val2_7_fu_464_p3           |  select  |      0|   0|  122|           1|         124|
    |r_V_19_fu_602_p3             |  select  |      0|   0|   56|           1|          63|
    |ret_V_12_fu_1492_p3          |  select  |      0|   0|   11|           1|          11|
    |ret_V_13_fu_1521_p3          |  select  |      0|   0|   55|           1|          52|
    |select_ln271_fu_794_p3       |  select  |      0|   0|    2|           1|           1|
    |select_ln272_1_fu_1006_p3    |  select  |      0|   0|   56|           1|           2|
    |select_ln272_fu_1163_p3      |  select  |      0|   0|   11|           1|           1|
    |select_ln300_2_fu_1509_p3    |  select  |      0|   0|    2|           1|           2|
    |select_ln307_fu_1465_p3      |  select  |      0|   0|    9|           1|          10|
    |select_ln311_1_fu_1472_p3    |  select  |      0|   0|    2|           1|           2|
    |select_ln311_fu_1484_p3      |  select  |      0|   0|   11|           1|          11|
    |select_ln444_1_fu_1346_p3    |  select  |      0|   0|   32|           1|          32|
    |select_ln444_2_fu_1353_p3    |  select  |      0|   0|   32|           1|          32|
    |select_ln444_3_fu_1414_p3    |  select  |      0|   0|   55|           1|          52|
    |select_ln444_4_fu_1441_p3    |  select  |      0|   0|   55|           1|          52|
    |select_ln444_5_fu_1449_p3    |  select  |      0|   0|   55|           1|          52|
    |select_ln444_fu_1338_p3      |  select  |      0|   0|   32|           1|          32|
    |select_ln482_fu_442_p3       |  select  |      0|   0|   11|           1|          11|
    |significand_V_fu_1457_p3     |  select  |      0|   0|   55|           1|           1|
    |ush_fu_567_p3                |  select  |      0|   0|   12|           1|          12|
    |r_V_17_fu_376_p2             |    shl   |      0|   0|  950|         256|         256|
    |r_V_18_fu_523_p2             |    shl   |      0|   0|  411|         124|         124|
    |r_V_3_fu_597_p2              |    shl   |      0|   0|  176|          63|          63|
    |shl_ln1253_1_fu_1260_p2      |    shl   |      0|   0|  176|          63|          63|
    |shl_ln1253_2_fu_1280_p2      |    shl   |      0|   0|  176|          63|          63|
    |shl_ln1253_3_fu_1302_p2      |    shl   |      0|   0|  176|          63|          63|
    |shl_ln1253_fu_1153_p2        |    shl   |      0|   0|  176|          63|          63|
    |ap_enable_pp0                |    xor   |      0|   0|    2|           1|           2|
    |sin_basis_fu_692_p2          |    xor   |      0|   0|    2|           1|           1|
    |xor_ln271_fu_630_p2          |    xor   |      0|   0|    2|           1|           2|
    |xor_ln29_fu_687_p2           |    xor   |      0|   0|    2|           1|           2|
    |xor_ln300_fu_1503_p2         |    xor   |      0|   0|    2|           2|           1|
    |xor_ln311_fu_811_p2          |    xor   |      0|   0|    2|           1|           2|
    |xor_ln444_fu_1308_p2         |    xor   |      0|   0|    2|           1|           2|
    +-----------------------------+----------+-------+----+-----+------------+------------+
    |Total                        |          |     64| 233| 4363|        2034|        2307|
    +-----------------------------+----------+-------+----+-----+------------+------------+

    * Multiplexer: 
    N/A

    * Register: 
    +----------------------------------------+-----+----+-----+-----------+
    |                  Name                  |  FF | LUT| Bits| Const Bits|
    +----------------------------------------+-----+----+-----+-----------+
    |B_V_reg_1664                            |   56|   0|   56|          0|
    |B_fourth_power_V_reg_1713               |   35|   0|   35|          0|
    |B_squared_V_reg_1674                    |   49|   0|   49|          0|
    |B_third_power_V_reg_1708                |   42|   0|   42|          0|
    |Ex_V_reg_1629                           |   11|   0|   11|          0|
    |Mx_V_reg_1622                           |   63|   0|   63|          0|
    |and_ln300_reg_1697                      |    1|   0|    1|          0|
    |ap_CS_fsm                               |    1|   0|    1|          0|
    |ap_enable_reg_pp0_iter1                 |    1|   0|    1|          0|
    |ap_enable_reg_pp0_iter10                |    1|   0|    1|          0|
    |ap_enable_reg_pp0_iter2                 |    1|   0|    1|          0|
    |ap_enable_reg_pp0_iter3                 |    1|   0|    1|          0|
    |ap_enable_reg_pp0_iter4                 |    1|   0|    1|          0|
    |ap_enable_reg_pp0_iter5                 |    1|   0|    1|          0|
    |ap_enable_reg_pp0_iter6                 |    1|   0|    1|          0|
    |ap_enable_reg_pp0_iter7                 |    1|   0|    1|          0|
    |ap_enable_reg_pp0_iter8                 |    1|   0|    1|          0|
    |ap_enable_reg_pp0_iter9                 |    1|   0|    1|          0|
    |closepath_reg_1568                      |    1|   0|    1|          0|
    |cos_basis_reg_1658                      |    1|   0|    1|          0|
    |do_cos_read_reg_1542                    |    1|   0|    1|          0|
    |icmp_ln1452_reg_1793                    |    1|   0|    1|          0|
    |icmp_ln833_1_reg_1599                   |    1|   0|    1|          0|
    |icmp_ln833_2_reg_1650                   |    1|   0|    1|          0|
    |icmp_ln833_reg_1644                     |    1|   0|    1|          0|
    |isNeg_reg_1634                          |    1|   0|    1|          0|
    |p_Repl2_2_reg_1703                      |    1|   0|    1|          0|
    |p_Result_13_1_i_reg_1759                |   16|   0|   16|          0|
    |p_Result_13_2_i_reg_1764                |   16|   0|   16|          0|
    |p_Result_13_2_i_reg_1764_pp0_iter9_reg  |   16|   0|   16|          0|
    |p_Result_1_i_reg_1754                   |   16|   0|   16|          0|
    |p_Result_i_40_reg_1769                  |   15|   0|   15|          0|
    |p_Result_i_40_reg_1769_pp0_iter9_reg    |   15|   0|   15|          0|
    |p_Result_s_reg_1549                     |    1|   0|    1|          0|
    |p_Val2_36_reg_1605                      |  124|   0|  124|          0|
    |p_Val2_37_reg_1616                      |    3|   0|    3|          0|
    |r_V_5_reg_1669                          |   49|   0|   98|         49|
    |result_V_reg_1748                       |   63|   0|   63|          0|
    |ret_V_14_reg_1584                       |  170|   0|  170|          0|
    |ret_V_reg_1743                          |   64|   0|   64|          0|
    |shl_ln1253_reg_1787                     |   63|   0|   63|          0|
    |tmp_V_1_reg_1562                        |   52|   0|   52|          0|
    |tmp_V_1_reg_1562_pp0_iter1_reg          |   52|   0|   52|          0|
    |tmp_V_reg_1555                          |   11|   0|   11|          0|
    |tmp_i2_i_reg_1780                       |   32|   0|   32|          0|
    |tmp_i_i2_reg_1774                       |   32|   0|   32|          0|
    |trunc_ln1_reg_1723                      |   56|   0|   56|          0|
    |trunc_ln601_reg_1579                    |    7|   0|    7|          0|
    |trunc_ln662_1_reg_1728                  |   48|   0|   48|          0|
    |trunc_ln_i_reg_1611                     |    3|   0|    3|          0|
    |ush_reg_1639                            |   12|   0|   12|          0|
    |zext_ln498_reg_1680                     |    8|   0|   64|         56|
    |Ex_V_reg_1629                           |   64|  32|   11|          0|
    |Mx_V_reg_1622                           |    2|   1|   63|          0|
    |and_ln300_reg_1697                      |   64|  32|    1|          0|
    |closepath_reg_1568                      |   64|  32|    1|          0|
    |cos_basis_reg_1658                      |   64|  32|    1|          0|
    |do_cos_read_reg_1542                    |   64|  32|    1|          0|
    |icmp_ln833_1_reg_1599                   |   64|  32|    1|          0|
    |icmp_ln833_2_reg_1650                   |   64|  32|    1|          0|
    |icmp_ln833_reg_1644                     |   64|  32|    1|          0|
    |p_Repl2_2_reg_1703                      |   64|  32|    1|          0|
    |p_Result_s_reg_1549                     |   64|  32|    1|          0|
    |tmp_V_reg_1555                          |   64|  32|   11|          0|
    +----------------------------------------+-----+----+-----+-----------+
    |Total                                   | 1927| 353| 1420|        105|
    +----------------------------------------+-----+----+-----+-----------+



================================================================
== Interface
================================================================
* Summary: 
+-----------+-----+-----+------------+--------------------+--------------+
| RTL Ports | Dir | Bits|  Protocol  |    Source Object   |    C Type    |
+-----------+-----+-----+------------+--------------------+--------------+
|ap_clk     |  in |    1| ap_ctrl_hs | sin_or_cos<double> | return value |
|ap_rst     |  in |    1| ap_ctrl_hs | sin_or_cos<double> | return value |
|ap_start   |  in |    1| ap_ctrl_hs | sin_or_cos<double> | return value |
|ap_done    | out |    1| ap_ctrl_hs | sin_or_cos<double> | return value |
|ap_idle    | out |    1| ap_ctrl_hs | sin_or_cos<double> | return value |
|ap_ready   | out |    1| ap_ctrl_hs | sin_or_cos<double> | return value |
|ap_ce      |  in |    1| ap_ctrl_hs | sin_or_cos<double> | return value |
|ap_return  | out |   64| ap_ctrl_hs | sin_or_cos<double> | return value |
|t_in       |  in |   64|   ap_none  |        t_in        |    scalar    |
|do_cos     |  in |    1|   ap_none  |       do_cos       |    scalar    |
+-----------+-----+-----+------------+--------------------+--------------+

