

================================================================
== Vivado HLS Report for 'matrix_vector'
================================================================
* Date:           Wed Jun 21 12:31:20 2023

* Version:        2020.1 (Build 2897737 on Wed May 27 20:21:37 MDT 2020)
* Project:        matrix_vector_proj
* Solution:       solution8
* Product family: zynquplus
* Target device:  xqzu5ev-ffrb900-1-i


================================================================
== Performance Estimates
================================================================
+ Timing: 
    * Summary: 
    +--------+---------+----------+------------+
    |  Clock |  Target | Estimated| Uncertainty|
    +--------+---------+----------+------------+
    |ap_clk  | 8.00 ns | 6.435 ns |   1.00 ns  |
    +--------+---------+----------+------------+

+ Latency: 
    * Summary: 
    +---------+---------+----------+----------+-----+-----+---------+
    |  Latency (cycles) |  Latency (absolute) |  Interval | Pipeline|
    |   min   |   max   |    min   |    max   | min | max |   Type  |
    +---------+---------+----------+----------+-----+-----+---------+
    |       19|       19| 0.152 us | 0.152 us |   19|   19|   none  |
    +---------+---------+----------+----------+-----+-----+---------+

    + Detail: 
        * Instance: 
        N/A

        * Loop: 
        +-------------+---------+---------+----------+-----------+-----------+------+----------+
        |             |  Latency (cycles) | Iteration|  Initiation Interval  | Trip |          |
        |  Loop Name  |   min   |   max   |  Latency |  achieved |   target  | Count| Pipelined|
        +-------------+---------+---------+----------+-----------+-----------+------+----------+
        |- data_loop  |       17|       17|         4|          2|          1|     8|    yes   |
        +-------------+---------+---------+----------+-----------+-----------+------+----------+

============================================================
+ Verbose Summary: Synthesis Manager
============================================================
InlineROM: 1
ExposeGlobal: 0
============================================================
+ Verbose Summary: CDFG Model
============================================================
IsTopModel: 1
ResetActiveHigh: 1
IsCombinational: 0
IsDatapathOnly: 0
HasWiredReturn: 1
HasMFsm: 0
HasVarLatency: 1
IsPipeline: 0
IsRtlPipelined: 0
IsInstanceOverlapped: 0
IsDontTouch: 0
HasImplIP: 0
IsGatedGlobalClock: 0

+ Individual pipeline summary: 
  * Pipeline-0: initiation interval (II) = 2, depth = 4


============================================================
+ Verbose Summary: Schedule
============================================================
* Number of FSM states : 6
* Pipeline : 1
  Pipeline-0 : II = 2, D = 4, States = { 2 3 4 5 }
* Dataflow Pipeline: 0

* FSM state transitions: 
1 --> 2 
2 --> 6 3 
3 --> 4 
4 --> 5 
5 --> 2 
6 --> 

* FSM state operations: 

State 1 <SV = 0> <Delay = 0.75>
ST_1 : Operation 7 [1/1] (0.00ns)   --->   "call void (...)* @_ssdm_op_SpecBitsMap([4 x i32]* %V_In_1), !map !7"   --->   Operation 7 'specbitsmap' <Predicate = true> <Delay = 0.00>
ST_1 : Operation 8 [1/1] (0.00ns)   --->   "call void (...)* @_ssdm_op_SpecBitsMap([4 x i32]* %V_In_0), !map !13"   --->   Operation 8 'specbitsmap' <Predicate = true> <Delay = 0.00>
ST_1 : Operation 9 [1/1] (0.00ns)   --->   "call void (...)* @_ssdm_op_SpecBitsMap([32 x i32]* %M_1), !map !19"   --->   Operation 9 'specbitsmap' <Predicate = true> <Delay = 0.00>
ST_1 : Operation 10 [1/1] (0.00ns)   --->   "call void (...)* @_ssdm_op_SpecBitsMap([32 x i32]* %M_0), !map !25"   --->   Operation 10 'specbitsmap' <Predicate = true> <Delay = 0.00>
ST_1 : Operation 11 [1/1] (0.00ns)   --->   "call void (...)* @_ssdm_op_SpecBitsMap([8 x i32]* %V_Out) nounwind, !map !30"   --->   Operation 11 'specbitsmap' <Predicate = true> <Delay = 0.00>
ST_1 : Operation 12 [1/1] (0.00ns)   --->   "call void (...)* @_ssdm_op_SpecTopModule([14 x i8]* @matrix_vector_str) nounwind"   --->   Operation 12 'spectopmodule' <Predicate = true> <Delay = 0.00>
ST_1 : Operation 13 [1/1] (0.00ns)   --->   "%V_In_0_addr = getelementptr [4 x i32]* %V_In_0, i64 0, i64 0" [matrix_vector_base.c:11]   --->   Operation 13 'getelementptr' 'V_In_0_addr' <Predicate = true> <Delay = 0.00>
ST_1 : Operation 14 [1/1] (0.00ns)   --->   "%V_In_0_addr_1 = getelementptr [4 x i32]* %V_In_0, i64 0, i64 1" [matrix_vector_base.c:11]   --->   Operation 14 'getelementptr' 'V_In_0_addr_1' <Predicate = true> <Delay = 0.00>
ST_1 : Operation 15 [1/1] (0.00ns)   --->   "%V_In_0_addr_2 = getelementptr [4 x i32]* %V_In_0, i64 0, i64 2" [matrix_vector_base.c:11]   --->   Operation 15 'getelementptr' 'V_In_0_addr_2' <Predicate = true> <Delay = 0.00>
ST_1 : Operation 16 [1/1] (0.00ns)   --->   "%V_In_0_addr_3 = getelementptr [4 x i32]* %V_In_0, i64 0, i64 3" [matrix_vector_base.c:11]   --->   Operation 16 'getelementptr' 'V_In_0_addr_3' <Predicate = true> <Delay = 0.00>
ST_1 : Operation 17 [1/1] (0.00ns)   --->   "%V_In_1_addr = getelementptr [4 x i32]* %V_In_1, i64 0, i64 0" [matrix_vector_base.c:11]   --->   Operation 17 'getelementptr' 'V_In_1_addr' <Predicate = true> <Delay = 0.00>
ST_1 : Operation 18 [1/1] (0.00ns)   --->   "%V_In_1_addr_1 = getelementptr [4 x i32]* %V_In_1, i64 0, i64 1" [matrix_vector_base.c:11]   --->   Operation 18 'getelementptr' 'V_In_1_addr_1' <Predicate = true> <Delay = 0.00>
ST_1 : Operation 19 [1/1] (0.00ns)   --->   "%V_In_1_addr_2 = getelementptr [4 x i32]* %V_In_1, i64 0, i64 2" [matrix_vector_base.c:11]   --->   Operation 19 'getelementptr' 'V_In_1_addr_2' <Predicate = true> <Delay = 0.00>
ST_1 : Operation 20 [1/1] (0.00ns)   --->   "%V_In_1_addr_3 = getelementptr [4 x i32]* %V_In_1, i64 0, i64 3" [matrix_vector_base.c:11]   --->   Operation 20 'getelementptr' 'V_In_1_addr_3' <Predicate = true> <Delay = 0.00>
ST_1 : Operation 21 [1/1] (0.75ns)   --->   "br label %1" [matrix_vector_base.c:7]   --->   Operation 21 'br' <Predicate = true> <Delay = 0.75>

State 2 <SV = 1> <Delay = 1.35>
ST_2 : Operation 22 [1/1] (0.00ns)   --->   "%i_0 = phi i4 [ 0, %0 ], [ %i, %data_loop ]"   --->   Operation 22 'phi' 'i_0' <Predicate = true> <Delay = 0.00>
ST_2 : Operation 23 [1/1] (0.88ns)   --->   "%icmp_ln7 = icmp eq i4 %i_0, -8" [matrix_vector_base.c:7]   --->   Operation 23 'icmp' 'icmp_ln7' <Predicate = true> <Delay = 0.88> <Core = "Cmp">   --->   Core 25 'Cmp' <Latency = 0> <II = 1> <Delay = 0.88> <FuncUnit> <Opcode : 'icmp'> <InPorts = 2> <OutPorts = 1>
ST_2 : Operation 24 [1/1] (0.00ns)   --->   "%empty = call i32 (...)* @_ssdm_op_SpecLoopTripCount(i64 8, i64 8, i64 8) nounwind"   --->   Operation 24 'speclooptripcount' 'empty' <Predicate = true> <Delay = 0.00>
ST_2 : Operation 25 [1/1] (0.86ns)   --->   "%i = add i4 %i_0, 1" [matrix_vector_base.c:7]   --->   Operation 25 'add' 'i' <Predicate = true> <Delay = 0.86> <Core = "AddSub">   --->   Core 14 'AddSub' <Latency = 0> <II = 1> <Delay = 1.20> <FuncUnit> <Opcode : 'add' 'sub'> <InPorts = 2> <OutPorts = 1>
ST_2 : Operation 26 [1/1] (0.00ns)   --->   "br i1 %icmp_ln7, label %2, label %data_loop" [matrix_vector_base.c:7]   --->   Operation 26 'br' <Predicate = true> <Delay = 0.00>
ST_2 : Operation 27 [1/1] (0.00ns)   --->   "%tmp_1 = call i6 @_ssdm_op_BitConcatenate.i6.i4.i2(i4 %i_0, i2 0)" [matrix_vector_base.c:11]   --->   Operation 27 'bitconcatenate' 'tmp_1' <Predicate = (!icmp_ln7)> <Delay = 0.00>
ST_2 : Operation 28 [1/1] (0.00ns)   --->   "%zext_ln11_1 = zext i6 %tmp_1 to i64" [matrix_vector_base.c:11]   --->   Operation 28 'zext' 'zext_ln11_1' <Predicate = (!icmp_ln7)> <Delay = 0.00>
ST_2 : Operation 29 [1/1] (0.00ns)   --->   "%M_0_addr = getelementptr [32 x i32]* %M_0, i64 0, i64 %zext_ln11_1" [matrix_vector_base.c:11]   --->   Operation 29 'getelementptr' 'M_0_addr' <Predicate = (!icmp_ln7)> <Delay = 0.00>
ST_2 : Operation 30 [1/1] (0.00ns)   --->   "%or_ln11 = or i6 %tmp_1, 1" [matrix_vector_base.c:11]   --->   Operation 30 'or' 'or_ln11' <Predicate = (!icmp_ln7)> <Delay = 0.00>
ST_2 : Operation 31 [1/1] (0.00ns)   --->   "%tmp_2 = call i64 @_ssdm_op_BitConcatenate.i64.i58.i6(i58 0, i6 %or_ln11)" [matrix_vector_base.c:11]   --->   Operation 31 'bitconcatenate' 'tmp_2' <Predicate = (!icmp_ln7)> <Delay = 0.00>
ST_2 : Operation 32 [1/1] (0.00ns)   --->   "%M_0_addr_1 = getelementptr [32 x i32]* %M_0, i64 0, i64 %tmp_2" [matrix_vector_base.c:11]   --->   Operation 32 'getelementptr' 'M_0_addr_1' <Predicate = (!icmp_ln7)> <Delay = 0.00>
ST_2 : Operation 33 [1/1] (0.00ns)   --->   "%M_1_addr = getelementptr [32 x i32]* %M_1, i64 0, i64 %zext_ln11_1" [matrix_vector_base.c:11]   --->   Operation 33 'getelementptr' 'M_1_addr' <Predicate = (!icmp_ln7)> <Delay = 0.00>
ST_2 : Operation 34 [1/1] (0.00ns)   --->   "%M_1_addr_1 = getelementptr [32 x i32]* %M_1, i64 0, i64 %tmp_2" [matrix_vector_base.c:11]   --->   Operation 34 'getelementptr' 'M_1_addr_1' <Predicate = (!icmp_ln7)> <Delay = 0.00>
ST_2 : Operation 35 [2/2] (0.79ns)   --->   "%V_In_0_load = load i32* %V_In_0_addr, align 4" [matrix_vector_base.c:11]   --->   Operation 35 'load' 'V_In_0_load' <Predicate = (!icmp_ln7)> <Delay = 0.79> <Core = "RAM">   --->   Core 37 'RAM' <Latency = 1> <II = 1> <Delay = 0.79> <Storage> <Opcode : 'load' 'store'> <Ports = 2> <Width = 32> <Depth = 8> <RAM>
ST_2 : Operation 36 [2/2] (1.35ns)   --->   "%M_0_load = load i32* %M_0_addr, align 4" [matrix_vector_base.c:11]   --->   Operation 36 'load' 'M_0_load' <Predicate = (!icmp_ln7)> <Delay = 1.35> <Core = "RAM">   --->   Core 37 'RAM' <Latency = 1> <II = 1> <Delay = 0.79> <Storage> <Opcode : 'load' 'store'> <Ports = 2> <Width = 32> <Depth = 8> <RAM>
ST_2 : Operation 37 [2/2] (0.79ns)   --->   "%V_In_0_load_1 = load i32* %V_In_0_addr_1, align 4" [matrix_vector_base.c:11]   --->   Operation 37 'load' 'V_In_0_load_1' <Predicate = (!icmp_ln7)> <Delay = 0.79> <Core = "RAM">   --->   Core 37 'RAM' <Latency = 1> <II = 1> <Delay = 0.79> <Storage> <Opcode : 'load' 'store'> <Ports = 2> <Width = 32> <Depth = 8> <RAM>
ST_2 : Operation 38 [2/2] (1.35ns)   --->   "%M_0_load_1 = load i32* %M_0_addr_1, align 4" [matrix_vector_base.c:11]   --->   Operation 38 'load' 'M_0_load_1' <Predicate = (!icmp_ln7)> <Delay = 1.35> <Core = "RAM">   --->   Core 37 'RAM' <Latency = 1> <II = 1> <Delay = 0.79> <Storage> <Opcode : 'load' 'store'> <Ports = 2> <Width = 32> <Depth = 8> <RAM>
ST_2 : Operation 39 [2/2] (0.79ns)   --->   "%V_In_1_load = load i32* %V_In_1_addr, align 4" [matrix_vector_base.c:11]   --->   Operation 39 'load' 'V_In_1_load' <Predicate = (!icmp_ln7)> <Delay = 0.79> <Core = "RAM">   --->   Core 37 'RAM' <Latency = 1> <II = 1> <Delay = 0.79> <Storage> <Opcode : 'load' 'store'> <Ports = 2> <Width = 32> <Depth = 8> <RAM>
ST_2 : Operation 40 [2/2] (1.35ns)   --->   "%M_1_load = load i32* %M_1_addr, align 4" [matrix_vector_base.c:11]   --->   Operation 40 'load' 'M_1_load' <Predicate = (!icmp_ln7)> <Delay = 1.35> <Core = "RAM">   --->   Core 37 'RAM' <Latency = 1> <II = 1> <Delay = 0.79> <Storage> <Opcode : 'load' 'store'> <Ports = 2> <Width = 32> <Depth = 8> <RAM>
ST_2 : Operation 41 [2/2] (0.79ns)   --->   "%V_In_1_load_1 = load i32* %V_In_1_addr_1, align 4" [matrix_vector_base.c:11]   --->   Operation 41 'load' 'V_In_1_load_1' <Predicate = (!icmp_ln7)> <Delay = 0.79> <Core = "RAM">   --->   Core 37 'RAM' <Latency = 1> <II = 1> <Delay = 0.79> <Storage> <Opcode : 'load' 'store'> <Ports = 2> <Width = 32> <Depth = 8> <RAM>
ST_2 : Operation 42 [2/2] (1.35ns)   --->   "%M_1_load_1 = load i32* %M_1_addr_1, align 4" [matrix_vector_base.c:11]   --->   Operation 42 'load' 'M_1_load_1' <Predicate = (!icmp_ln7)> <Delay = 1.35> <Core = "RAM">   --->   Core 37 'RAM' <Latency = 1> <II = 1> <Delay = 0.79> <Storage> <Opcode : 'load' 'store'> <Ports = 2> <Width = 32> <Depth = 8> <RAM>

State 3 <SV = 2> <Delay = 6.43>
ST_3 : Operation 43 [1/1] (0.00ns)   --->   "%or_ln11_1 = or i6 %tmp_1, 2" [matrix_vector_base.c:11]   --->   Operation 43 'or' 'or_ln11_1' <Predicate = (!icmp_ln7)> <Delay = 0.00>
ST_3 : Operation 44 [1/1] (0.00ns)   --->   "%tmp_3 = call i64 @_ssdm_op_BitConcatenate.i64.i58.i6(i58 0, i6 %or_ln11_1)" [matrix_vector_base.c:11]   --->   Operation 44 'bitconcatenate' 'tmp_3' <Predicate = (!icmp_ln7)> <Delay = 0.00>
ST_3 : Operation 45 [1/1] (0.00ns)   --->   "%M_0_addr_2 = getelementptr [32 x i32]* %M_0, i64 0, i64 %tmp_3" [matrix_vector_base.c:11]   --->   Operation 45 'getelementptr' 'M_0_addr_2' <Predicate = (!icmp_ln7)> <Delay = 0.00>
ST_3 : Operation 46 [1/1] (0.00ns)   --->   "%or_ln11_2 = or i6 %tmp_1, 3" [matrix_vector_base.c:11]   --->   Operation 46 'or' 'or_ln11_2' <Predicate = (!icmp_ln7)> <Delay = 0.00>
ST_3 : Operation 47 [1/1] (0.00ns)   --->   "%tmp_4 = call i64 @_ssdm_op_BitConcatenate.i64.i58.i6(i58 0, i6 %or_ln11_2)" [matrix_vector_base.c:11]   --->   Operation 47 'bitconcatenate' 'tmp_4' <Predicate = (!icmp_ln7)> <Delay = 0.00>
ST_3 : Operation 48 [1/1] (0.00ns)   --->   "%M_0_addr_3 = getelementptr [32 x i32]* %M_0, i64 0, i64 %tmp_4" [matrix_vector_base.c:11]   --->   Operation 48 'getelementptr' 'M_0_addr_3' <Predicate = (!icmp_ln7)> <Delay = 0.00>
ST_3 : Operation 49 [1/1] (0.00ns)   --->   "%M_1_addr_2 = getelementptr [32 x i32]* %M_1, i64 0, i64 %tmp_3" [matrix_vector_base.c:11]   --->   Operation 49 'getelementptr' 'M_1_addr_2' <Predicate = (!icmp_ln7)> <Delay = 0.00>
ST_3 : Operation 50 [1/1] (0.00ns)   --->   "%M_1_addr_3 = getelementptr [32 x i32]* %M_1, i64 0, i64 %tmp_4" [matrix_vector_base.c:11]   --->   Operation 50 'getelementptr' 'M_1_addr_3' <Predicate = (!icmp_ln7)> <Delay = 0.00>
ST_3 : Operation 51 [1/2] (0.79ns)   --->   "%V_In_0_load = load i32* %V_In_0_addr, align 4" [matrix_vector_base.c:11]   --->   Operation 51 'load' 'V_In_0_load' <Predicate = (!icmp_ln7)> <Delay = 0.79> <Core = "RAM">   --->   Core 37 'RAM' <Latency = 1> <II = 1> <Delay = 0.79> <Storage> <Opcode : 'load' 'store'> <Ports = 2> <Width = 32> <Depth = 8> <RAM>
ST_3 : Operation 52 [1/2] (1.35ns)   --->   "%M_0_load = load i32* %M_0_addr, align 4" [matrix_vector_base.c:11]   --->   Operation 52 'load' 'M_0_load' <Predicate = (!icmp_ln7)> <Delay = 1.35> <Core = "RAM">   --->   Core 37 'RAM' <Latency = 1> <II = 1> <Delay = 0.79> <Storage> <Opcode : 'load' 'store'> <Ports = 2> <Width = 32> <Depth = 8> <RAM>
ST_3 : Operation 53 [1/1] (3.88ns)   --->   "%mul_ln11 = mul nsw i32 %M_0_load, %V_In_0_load" [matrix_vector_base.c:11]   --->   Operation 53 'mul' 'mul_ln11' <Predicate = (!icmp_ln7)> <Delay = 3.88> <Core = "Mul">   --->   Core 16 'Mul' <Latency = 0> <II = 1> <Delay = 3.88> <FuncUnit> <Opcode : 'mul'> <InPorts = 2> <OutPorts = 1>
ST_3 : Operation 54 [1/2] (0.79ns)   --->   "%V_In_0_load_1 = load i32* %V_In_0_addr_1, align 4" [matrix_vector_base.c:11]   --->   Operation 54 'load' 'V_In_0_load_1' <Predicate = (!icmp_ln7)> <Delay = 0.79> <Core = "RAM">   --->   Core 37 'RAM' <Latency = 1> <II = 1> <Delay = 0.79> <Storage> <Opcode : 'load' 'store'> <Ports = 2> <Width = 32> <Depth = 8> <RAM>
ST_3 : Operation 55 [1/2] (1.35ns)   --->   "%M_0_load_1 = load i32* %M_0_addr_1, align 4" [matrix_vector_base.c:11]   --->   Operation 55 'load' 'M_0_load_1' <Predicate = (!icmp_ln7)> <Delay = 1.35> <Core = "RAM">   --->   Core 37 'RAM' <Latency = 1> <II = 1> <Delay = 0.79> <Storage> <Opcode : 'load' 'store'> <Ports = 2> <Width = 32> <Depth = 8> <RAM>
ST_3 : Operation 56 [1/1] (3.88ns)   --->   "%mul_ln11_1 = mul nsw i32 %M_0_load_1, %V_In_0_load_1" [matrix_vector_base.c:11]   --->   Operation 56 'mul' 'mul_ln11_1' <Predicate = (!icmp_ln7)> <Delay = 3.88> <Core = "Mul">   --->   Core 16 'Mul' <Latency = 0> <II = 1> <Delay = 3.88> <FuncUnit> <Opcode : 'mul'> <InPorts = 2> <OutPorts = 1>
ST_3 : Operation 57 [2/2] (0.79ns)   --->   "%V_In_0_load_2 = load i32* %V_In_0_addr_2, align 4" [matrix_vector_base.c:11]   --->   Operation 57 'load' 'V_In_0_load_2' <Predicate = (!icmp_ln7)> <Delay = 0.79> <Core = "RAM">   --->   Core 37 'RAM' <Latency = 1> <II = 1> <Delay = 0.79> <Storage> <Opcode : 'load' 'store'> <Ports = 2> <Width = 32> <Depth = 8> <RAM>
ST_3 : Operation 58 [2/2] (1.35ns)   --->   "%M_0_load_2 = load i32* %M_0_addr_2, align 4" [matrix_vector_base.c:11]   --->   Operation 58 'load' 'M_0_load_2' <Predicate = (!icmp_ln7)> <Delay = 1.35> <Core = "RAM">   --->   Core 37 'RAM' <Latency = 1> <II = 1> <Delay = 0.79> <Storage> <Opcode : 'load' 'store'> <Ports = 2> <Width = 32> <Depth = 8> <RAM>
ST_3 : Operation 59 [2/2] (0.79ns)   --->   "%V_In_0_load_3 = load i32* %V_In_0_addr_3, align 4" [matrix_vector_base.c:11]   --->   Operation 59 'load' 'V_In_0_load_3' <Predicate = (!icmp_ln7)> <Delay = 0.79> <Core = "RAM">   --->   Core 37 'RAM' <Latency = 1> <II = 1> <Delay = 0.79> <Storage> <Opcode : 'load' 'store'> <Ports = 2> <Width = 32> <Depth = 8> <RAM>
ST_3 : Operation 60 [2/2] (1.35ns)   --->   "%M_0_load_3 = load i32* %M_0_addr_3, align 4" [matrix_vector_base.c:11]   --->   Operation 60 'load' 'M_0_load_3' <Predicate = (!icmp_ln7)> <Delay = 1.35> <Core = "RAM">   --->   Core 37 'RAM' <Latency = 1> <II = 1> <Delay = 0.79> <Storage> <Opcode : 'load' 'store'> <Ports = 2> <Width = 32> <Depth = 8> <RAM>
ST_3 : Operation 61 [1/2] (0.79ns)   --->   "%V_In_1_load = load i32* %V_In_1_addr, align 4" [matrix_vector_base.c:11]   --->   Operation 61 'load' 'V_In_1_load' <Predicate = (!icmp_ln7)> <Delay = 0.79> <Core = "RAM">   --->   Core 37 'RAM' <Latency = 1> <II = 1> <Delay = 0.79> <Storage> <Opcode : 'load' 'store'> <Ports = 2> <Width = 32> <Depth = 8> <RAM>
ST_3 : Operation 62 [1/2] (1.35ns)   --->   "%M_1_load = load i32* %M_1_addr, align 4" [matrix_vector_base.c:11]   --->   Operation 62 'load' 'M_1_load' <Predicate = (!icmp_ln7)> <Delay = 1.35> <Core = "RAM">   --->   Core 37 'RAM' <Latency = 1> <II = 1> <Delay = 0.79> <Storage> <Opcode : 'load' 'store'> <Ports = 2> <Width = 32> <Depth = 8> <RAM>
ST_3 : Operation 63 [1/1] (3.88ns)   --->   "%mul_ln11_4 = mul nsw i32 %M_1_load, %V_In_1_load" [matrix_vector_base.c:11]   --->   Operation 63 'mul' 'mul_ln11_4' <Predicate = (!icmp_ln7)> <Delay = 3.88> <Core = "Mul">   --->   Core 16 'Mul' <Latency = 0> <II = 1> <Delay = 3.88> <FuncUnit> <Opcode : 'mul'> <InPorts = 2> <OutPorts = 1>
ST_3 : Operation 64 [1/2] (0.79ns)   --->   "%V_In_1_load_1 = load i32* %V_In_1_addr_1, align 4" [matrix_vector_base.c:11]   --->   Operation 64 'load' 'V_In_1_load_1' <Predicate = (!icmp_ln7)> <Delay = 0.79> <Core = "RAM">   --->   Core 37 'RAM' <Latency = 1> <II = 1> <Delay = 0.79> <Storage> <Opcode : 'load' 'store'> <Ports = 2> <Width = 32> <Depth = 8> <RAM>
ST_3 : Operation 65 [1/2] (1.35ns)   --->   "%M_1_load_1 = load i32* %M_1_addr_1, align 4" [matrix_vector_base.c:11]   --->   Operation 65 'load' 'M_1_load_1' <Predicate = (!icmp_ln7)> <Delay = 1.35> <Core = "RAM">   --->   Core 37 'RAM' <Latency = 1> <II = 1> <Delay = 0.79> <Storage> <Opcode : 'load' 'store'> <Ports = 2> <Width = 32> <Depth = 8> <RAM>
ST_3 : Operation 66 [1/1] (3.88ns)   --->   "%mul_ln11_5 = mul nsw i32 %M_1_load_1, %V_In_1_load_1" [matrix_vector_base.c:11]   --->   Operation 66 'mul' 'mul_ln11_5' <Predicate = (!icmp_ln7)> <Delay = 3.88> <Core = "Mul">   --->   Core 16 'Mul' <Latency = 0> <II = 1> <Delay = 3.88> <FuncUnit> <Opcode : 'mul'> <InPorts = 2> <OutPorts = 1>
ST_3 : Operation 67 [2/2] (0.79ns)   --->   "%V_In_1_load_2 = load i32* %V_In_1_addr_2, align 4" [matrix_vector_base.c:11]   --->   Operation 67 'load' 'V_In_1_load_2' <Predicate = (!icmp_ln7)> <Delay = 0.79> <Core = "RAM">   --->   Core 37 'RAM' <Latency = 1> <II = 1> <Delay = 0.79> <Storage> <Opcode : 'load' 'store'> <Ports = 2> <Width = 32> <Depth = 8> <RAM>
ST_3 : Operation 68 [2/2] (1.35ns)   --->   "%M_1_load_2 = load i32* %M_1_addr_2, align 4" [matrix_vector_base.c:11]   --->   Operation 68 'load' 'M_1_load_2' <Predicate = (!icmp_ln7)> <Delay = 1.35> <Core = "RAM">   --->   Core 37 'RAM' <Latency = 1> <II = 1> <Delay = 0.79> <Storage> <Opcode : 'load' 'store'> <Ports = 2> <Width = 32> <Depth = 8> <RAM>
ST_3 : Operation 69 [2/2] (0.79ns)   --->   "%V_In_1_load_3 = load i32* %V_In_1_addr_3, align 4" [matrix_vector_base.c:11]   --->   Operation 69 'load' 'V_In_1_load_3' <Predicate = (!icmp_ln7)> <Delay = 0.79> <Core = "RAM">   --->   Core 37 'RAM' <Latency = 1> <II = 1> <Delay = 0.79> <Storage> <Opcode : 'load' 'store'> <Ports = 2> <Width = 32> <Depth = 8> <RAM>
ST_3 : Operation 70 [2/2] (1.35ns)   --->   "%M_1_load_3 = load i32* %M_1_addr_3, align 4" [matrix_vector_base.c:11]   --->   Operation 70 'load' 'M_1_load_3' <Predicate = (!icmp_ln7)> <Delay = 1.35> <Core = "RAM">   --->   Core 37 'RAM' <Latency = 1> <II = 1> <Delay = 0.79> <Storage> <Opcode : 'load' 'store'> <Ports = 2> <Width = 32> <Depth = 8> <RAM>
ST_3 : Operation 71 [1/1] (1.20ns)   --->   "%add_ln11 = add i32 %mul_ln11_1, %mul_ln11" [matrix_vector_base.c:11]   --->   Operation 71 'add' 'add_ln11' <Predicate = (!icmp_ln7)> <Delay = 1.20> <Core = "AddSub">   --->   Core 14 'AddSub' <Latency = 0> <II = 1> <Delay = 1.20> <FuncUnit> <Opcode : 'add' 'sub'> <InPorts = 2> <OutPorts = 1>
ST_3 : Operation 72 [1/1] (1.20ns)   --->   "%add_ln11_3 = add i32 %mul_ln11_5, %mul_ln11_4" [matrix_vector_base.c:11]   --->   Operation 72 'add' 'add_ln11_3' <Predicate = (!icmp_ln7)> <Delay = 1.20> <Core = "AddSub">   --->   Core 14 'AddSub' <Latency = 0> <II = 1> <Delay = 1.20> <FuncUnit> <Opcode : 'add' 'sub'> <InPorts = 2> <OutPorts = 1>

State 4 <SV = 3> <Delay = 6.43>
ST_4 : Operation 73 [1/2] (0.79ns)   --->   "%V_In_0_load_2 = load i32* %V_In_0_addr_2, align 4" [matrix_vector_base.c:11]   --->   Operation 73 'load' 'V_In_0_load_2' <Predicate = (!icmp_ln7)> <Delay = 0.79> <Core = "RAM">   --->   Core 37 'RAM' <Latency = 1> <II = 1> <Delay = 0.79> <Storage> <Opcode : 'load' 'store'> <Ports = 2> <Width = 32> <Depth = 8> <RAM>
ST_4 : Operation 74 [1/2] (1.35ns)   --->   "%M_0_load_2 = load i32* %M_0_addr_2, align 4" [matrix_vector_base.c:11]   --->   Operation 74 'load' 'M_0_load_2' <Predicate = (!icmp_ln7)> <Delay = 1.35> <Core = "RAM">   --->   Core 37 'RAM' <Latency = 1> <II = 1> <Delay = 0.79> <Storage> <Opcode : 'load' 'store'> <Ports = 2> <Width = 32> <Depth = 8> <RAM>
ST_4 : Operation 75 [1/1] (3.88ns)   --->   "%mul_ln11_2 = mul nsw i32 %M_0_load_2, %V_In_0_load_2" [matrix_vector_base.c:11]   --->   Operation 75 'mul' 'mul_ln11_2' <Predicate = (!icmp_ln7)> <Delay = 3.88> <Core = "Mul">   --->   Core 16 'Mul' <Latency = 0> <II = 1> <Delay = 3.88> <FuncUnit> <Opcode : 'mul'> <InPorts = 2> <OutPorts = 1>
ST_4 : Operation 76 [1/2] (0.79ns)   --->   "%V_In_0_load_3 = load i32* %V_In_0_addr_3, align 4" [matrix_vector_base.c:11]   --->   Operation 76 'load' 'V_In_0_load_3' <Predicate = (!icmp_ln7)> <Delay = 0.79> <Core = "RAM">   --->   Core 37 'RAM' <Latency = 1> <II = 1> <Delay = 0.79> <Storage> <Opcode : 'load' 'store'> <Ports = 2> <Width = 32> <Depth = 8> <RAM>
ST_4 : Operation 77 [1/2] (1.35ns)   --->   "%M_0_load_3 = load i32* %M_0_addr_3, align 4" [matrix_vector_base.c:11]   --->   Operation 77 'load' 'M_0_load_3' <Predicate = (!icmp_ln7)> <Delay = 1.35> <Core = "RAM">   --->   Core 37 'RAM' <Latency = 1> <II = 1> <Delay = 0.79> <Storage> <Opcode : 'load' 'store'> <Ports = 2> <Width = 32> <Depth = 8> <RAM>
ST_4 : Operation 78 [1/1] (3.88ns)   --->   "%mul_ln11_3 = mul nsw i32 %M_0_load_3, %V_In_0_load_3" [matrix_vector_base.c:11]   --->   Operation 78 'mul' 'mul_ln11_3' <Predicate = (!icmp_ln7)> <Delay = 3.88> <Core = "Mul">   --->   Core 16 'Mul' <Latency = 0> <II = 1> <Delay = 3.88> <FuncUnit> <Opcode : 'mul'> <InPorts = 2> <OutPorts = 1>
ST_4 : Operation 79 [1/2] (0.79ns)   --->   "%V_In_1_load_2 = load i32* %V_In_1_addr_2, align 4" [matrix_vector_base.c:11]   --->   Operation 79 'load' 'V_In_1_load_2' <Predicate = (!icmp_ln7)> <Delay = 0.79> <Core = "RAM">   --->   Core 37 'RAM' <Latency = 1> <II = 1> <Delay = 0.79> <Storage> <Opcode : 'load' 'store'> <Ports = 2> <Width = 32> <Depth = 8> <RAM>
ST_4 : Operation 80 [1/2] (1.35ns)   --->   "%M_1_load_2 = load i32* %M_1_addr_2, align 4" [matrix_vector_base.c:11]   --->   Operation 80 'load' 'M_1_load_2' <Predicate = (!icmp_ln7)> <Delay = 1.35> <Core = "RAM">   --->   Core 37 'RAM' <Latency = 1> <II = 1> <Delay = 0.79> <Storage> <Opcode : 'load' 'store'> <Ports = 2> <Width = 32> <Depth = 8> <RAM>
ST_4 : Operation 81 [1/1] (3.88ns)   --->   "%mul_ln11_6 = mul nsw i32 %M_1_load_2, %V_In_1_load_2" [matrix_vector_base.c:11]   --->   Operation 81 'mul' 'mul_ln11_6' <Predicate = (!icmp_ln7)> <Delay = 3.88> <Core = "Mul">   --->   Core 16 'Mul' <Latency = 0> <II = 1> <Delay = 3.88> <FuncUnit> <Opcode : 'mul'> <InPorts = 2> <OutPorts = 1>
ST_4 : Operation 82 [1/2] (0.79ns)   --->   "%V_In_1_load_3 = load i32* %V_In_1_addr_3, align 4" [matrix_vector_base.c:11]   --->   Operation 82 'load' 'V_In_1_load_3' <Predicate = (!icmp_ln7)> <Delay = 0.79> <Core = "RAM">   --->   Core 37 'RAM' <Latency = 1> <II = 1> <Delay = 0.79> <Storage> <Opcode : 'load' 'store'> <Ports = 2> <Width = 32> <Depth = 8> <RAM>
ST_4 : Operation 83 [1/2] (1.35ns)   --->   "%M_1_load_3 = load i32* %M_1_addr_3, align 4" [matrix_vector_base.c:11]   --->   Operation 83 'load' 'M_1_load_3' <Predicate = (!icmp_ln7)> <Delay = 1.35> <Core = "RAM">   --->   Core 37 'RAM' <Latency = 1> <II = 1> <Delay = 0.79> <Storage> <Opcode : 'load' 'store'> <Ports = 2> <Width = 32> <Depth = 8> <RAM>
ST_4 : Operation 84 [1/1] (3.88ns)   --->   "%mul_ln11_7 = mul nsw i32 %M_1_load_3, %V_In_1_load_3" [matrix_vector_base.c:11]   --->   Operation 84 'mul' 'mul_ln11_7' <Predicate = (!icmp_ln7)> <Delay = 3.88> <Core = "Mul">   --->   Core 16 'Mul' <Latency = 0> <II = 1> <Delay = 3.88> <FuncUnit> <Opcode : 'mul'> <InPorts = 2> <OutPorts = 1>
ST_4 : Operation 85 [1/1] (0.00ns) (grouped into TernaryAdder)   --->   "%add_ln11_1 = add i32 %mul_ln11_3, %mul_ln11_2" [matrix_vector_base.c:11]   --->   Operation 85 'add' 'add_ln11_1' <Predicate = (!icmp_ln7)> <Delay = 0.00> <Core = "TAddSub">   --->   Core 83 'TAddSub' <Latency = 0> <II = 1> <Delay = 0.44> <IPBlock> <Opcode : 'add' 'sub'> <InPorts = 3> <OutPorts = 1> <Sync> <CReg>
ST_4 : Operation 86 [1/1] (0.88ns) (root node of TernaryAdder)   --->   "%add_ln11_2 = add i32 %add_ln11, %add_ln11_1" [matrix_vector_base.c:11]   --->   Operation 86 'add' 'add_ln11_2' <Predicate = (!icmp_ln7)> <Delay = 0.88> <Core = "TAddSub">   --->   Core 83 'TAddSub' <Latency = 0> <II = 1> <Delay = 0.44> <IPBlock> <Opcode : 'add' 'sub'> <InPorts = 3> <OutPorts = 1> <Sync> <CReg>
ST_4 : Operation 87 [1/1] (1.20ns)   --->   "%add_ln11_4 = add i32 %mul_ln11_7, %mul_ln11_6" [matrix_vector_base.c:11]   --->   Operation 87 'add' 'add_ln11_4' <Predicate = (!icmp_ln7)> <Delay = 1.20> <Core = "AddSub">   --->   Core 14 'AddSub' <Latency = 0> <II = 1> <Delay = 1.20> <FuncUnit> <Opcode : 'add' 'sub'> <InPorts = 2> <OutPorts = 1>

State 5 <SV = 4> <Delay = 1.67>
ST_5 : Operation 88 [1/1] (0.00ns)   --->   "call void (...)* @_ssdm_op_SpecLoopName([10 x i8]* @p_str2) nounwind" [matrix_vector_base.c:7]   --->   Operation 88 'specloopname' <Predicate = (!icmp_ln7)> <Delay = 0.00>
ST_5 : Operation 89 [1/1] (0.00ns)   --->   "%tmp = call i32 (...)* @_ssdm_op_SpecRegionBegin([10 x i8]* @p_str2) nounwind" [matrix_vector_base.c:7]   --->   Operation 89 'specregionbegin' 'tmp' <Predicate = (!icmp_ln7)> <Delay = 0.00>
ST_5 : Operation 90 [1/1] (0.00ns)   --->   "call void (...)* @_ssdm_op_SpecPipeline(i32 -1, i32 1, i32 1, i32 0, [1 x i8]* @p_str1) nounwind" [matrix_vector_base.c:8]   --->   Operation 90 'specpipeline' <Predicate = (!icmp_ln7)> <Delay = 0.00>
ST_5 : Operation 91 [1/1] (0.00ns)   --->   "%zext_ln11 = zext i4 %i_0 to i64" [matrix_vector_base.c:11]   --->   Operation 91 'zext' 'zext_ln11' <Predicate = (!icmp_ln7)> <Delay = 0.00>
ST_5 : Operation 92 [1/1] (0.00ns) (grouped into TernaryAdder)   --->   "%add_ln11_5 = add i32 %add_ln11_3, %add_ln11_4" [matrix_vector_base.c:11]   --->   Operation 92 'add' 'add_ln11_5' <Predicate = (!icmp_ln7)> <Delay = 0.00> <Core = "TAddSub">   --->   Core 83 'TAddSub' <Latency = 0> <II = 1> <Delay = 0.44> <IPBlock> <Opcode : 'add' 'sub'> <InPorts = 3> <OutPorts = 1> <Sync> <CReg>
ST_5 : Operation 93 [1/1] (0.88ns) (root node of TernaryAdder)   --->   "%add_ln11_6 = add nsw i32 %add_ln11_2, %add_ln11_5" [matrix_vector_base.c:11]   --->   Operation 93 'add' 'add_ln11_6' <Predicate = (!icmp_ln7)> <Delay = 0.88> <Core = "TAddSub">   --->   Core 83 'TAddSub' <Latency = 0> <II = 1> <Delay = 0.44> <IPBlock> <Opcode : 'add' 'sub'> <InPorts = 3> <OutPorts = 1> <Sync> <CReg>
ST_5 : Operation 94 [1/1] (0.00ns)   --->   "%V_Out_addr = getelementptr [8 x i32]* %V_Out, i64 0, i64 %zext_ln11" [matrix_vector_base.c:13]   --->   Operation 94 'getelementptr' 'V_Out_addr' <Predicate = (!icmp_ln7)> <Delay = 0.00>
ST_5 : Operation 95 [1/1] (0.79ns)   --->   "store i32 %add_ln11_6, i32* %V_Out_addr, align 4" [matrix_vector_base.c:13]   --->   Operation 95 'store' <Predicate = (!icmp_ln7)> <Delay = 0.79> <Core = "RAM">   --->   Core 37 'RAM' <Latency = 1> <II = 1> <Delay = 0.79> <Storage> <Opcode : 'load' 'store'> <Ports = 2> <Width = 32> <Depth = 8> <RAM>
ST_5 : Operation 96 [1/1] (0.00ns)   --->   "%empty_2 = call i32 (...)* @_ssdm_op_SpecRegionEnd([10 x i8]* @p_str2, i32 %tmp) nounwind" [matrix_vector_base.c:14]   --->   Operation 96 'specregionend' 'empty_2' <Predicate = (!icmp_ln7)> <Delay = 0.00>
ST_5 : Operation 97 [1/1] (0.00ns)   --->   "br label %1" [matrix_vector_base.c:7]   --->   Operation 97 'br' <Predicate = (!icmp_ln7)> <Delay = 0.00>

State 6 <SV = 2> <Delay = 0.00>
ST_6 : Operation 98 [1/1] (0.00ns)   --->   "ret void" [matrix_vector_base.c:15]   --->   Operation 98 'ret' <Predicate = true> <Delay = 0.00>


============================================================
+ Verbose Summary: Timing violations
============================================================
Target clock period: 8ns, clock uncertainty: 1ns.

 <State 1>: 0.755ns
The critical path consists of the following:
	multiplexor before 'phi' operation ('i') with incoming values : ('i', matrix_vector_base.c:7) [22]  (0.755 ns)

 <State 2>: 1.35ns
The critical path consists of the following:
	'phi' operation ('i') with incoming values : ('i', matrix_vector_base.c:7) [22]  (0 ns)
	'getelementptr' operation ('M_0_addr', matrix_vector_base.c:11) [34]  (0 ns)
	'load' operation ('M_0_load', matrix_vector_base.c:11) on array 'M_0' [49]  (1.35 ns)

 <State 3>: 6.44ns
The critical path consists of the following:
	'load' operation ('M_0_load', matrix_vector_base.c:11) on array 'M_0' [49]  (1.35 ns)
	'mul' operation ('mul_ln11', matrix_vector_base.c:11) [50]  (3.88 ns)
	'add' operation ('add_ln11', matrix_vector_base.c:11) [72]  (1.2 ns)

 <State 4>: 6.44ns
The critical path consists of the following:
	'load' operation ('M_1_load_2', matrix_vector_base.c:11) on array 'M_1' [67]  (1.35 ns)
	'mul' operation ('mul_ln11_6', matrix_vector_base.c:11) [68]  (3.88 ns)
	'add' operation ('add_ln11_4', matrix_vector_base.c:11) [76]  (1.2 ns)

 <State 5>: 1.68ns
The critical path consists of the following:
	'add' operation ('add_ln11_5', matrix_vector_base.c:11) [77]  (0 ns)
	'add' operation ('add_ln11_6', matrix_vector_base.c:11) [78]  (0.889 ns)
	'store' operation ('store_ln13', matrix_vector_base.c:13) of variable 'add_ln11_6', matrix_vector_base.c:11 on array 'V_Out' [80]  (0.79 ns)

 <State 6>: 0ns
The critical path consists of the following:


============================================================
+ Verbose Summary: Binding
============================================================
N/A
* FSMD analyzer results:
  - Output states:
 - Input state : 
  - Chain level:
	State 1
	State 2
	State 3
	State 4
	State 5
	State 6


============================================================
+ Verbose Summary: Datapath Resource usage 
============================================================
N/A
