

================================================================
== Vivado HLS Report for 'fft_streaming'
================================================================
* Date:           Thu Jul 13 07:17:30 2023

* Version:        2020.1 (Build 2897737 on Wed May 27 20:21:37 MDT 2020)
* Project:        fft_stages.proj
* Solution:       solution1
* Product family: zynquplus
* Target device:  xqzu5ev-ffrb900-1-i


================================================================
== Performance Estimates
================================================================
+ Timing: 
    * Summary: 
    +--------+----------+----------+------------+
    |  Clock |  Target  | Estimated| Uncertainty|
    +--------+----------+----------+------------+
    |ap_clk  | 10.00 ns | 8.635 ns |   1.25 ns  |
    +--------+----------+----------+------------+

+ Latency: 
    * Summary: 
    +---------+---------+----------+----------+-----+-----+----------+
    |  Latency (cycles) |  Latency (absolute) |  Interval | Pipeline |
    |   min   |   max   |    min   |    max   | min | max |   Type   |
    +---------+---------+----------+----------+-----+-----+----------+
    |        ?|        ?|         ?|         ?|    ?|    ?| dataflow |
    +---------+---------+----------+----------+-----+-----+----------+

    + Detail: 
        * Instance: 
        N/A

        * Loop: 
        N/A

============================================================
+ Verbose Summary: Synthesis Manager
============================================================
InlineROM: 1
ExposeGlobal: 0
============================================================
+ Verbose Summary: CDFG Model
============================================================
IsTopModel: 1
ResetActiveHigh: 1
IsCombinational: 2
IsDatapathOnly: 0
HasWiredReturn: 1
HasMFsm: 0
HasVarLatency: 1
IsPipeline: 0
IsRtlPipelined: 0
IsInstanceOverlapped: 0
IsDontTouch: 0
HasImplIP: 0
IsGatedGlobalClock: 0


============================================================
+ Verbose Summary: Schedule
============================================================
* Number of FSM states : 22
* Pipeline : 0
* Dataflow Pipeline: 1
  DF-Pipeline-0: Size = 22, States = { 1 2 3 4 5 6 7 8 9 10 11 12 13 14 15 16 17 18 19 20 21 22 }

* FSM state transitions: 
1 --> 2 
2 --> 3 
3 --> 4 
4 --> 5 
5 --> 6 
6 --> 7 
7 --> 8 
8 --> 9 
9 --> 10 
10 --> 11 
11 --> 12 
12 --> 13 
13 --> 14 
14 --> 15 
15 --> 16 
16 --> 17 
17 --> 18 
18 --> 19 
19 --> 20 
20 --> 21 
21 --> 22 
22 --> 

* FSM state operations: 

State 1 <SV = 0> <Delay = 0.00>
ST_1 : Operation 23 [1/1] (0.00ns)   --->   "%Stage1_R_V = alloca [1024 x i22], align 4" [fft_stages.cpp:68]   --->   Operation 23 'alloca' 'Stage1_R_V' <Predicate = true> <Delay = 0.00>
ST_1 : Operation 24 [1/1] (0.00ns)   --->   "%Stage1_I_V = alloca [1024 x i22], align 4" [fft_stages.cpp:68]   --->   Operation 24 'alloca' 'Stage1_I_V' <Predicate = true> <Delay = 0.00>
ST_1 : Operation 25 [1/1] (0.00ns)   --->   "%Stage2_R_V = alloca [1024 x i22], align 4" [fft_stages.cpp:69]   --->   Operation 25 'alloca' 'Stage2_R_V' <Predicate = true> <Delay = 0.00>
ST_1 : Operation 26 [1/1] (0.00ns)   --->   "%Stage2_I_V = alloca [1024 x i22], align 4" [fft_stages.cpp:69]   --->   Operation 26 'alloca' 'Stage2_I_V' <Predicate = true> <Delay = 0.00>
ST_1 : Operation 27 [1/1] (0.00ns)   --->   "%Stage3_R_V = alloca [1024 x i22], align 4" [fft_stages.cpp:70]   --->   Operation 27 'alloca' 'Stage3_R_V' <Predicate = true> <Delay = 0.00>
ST_1 : Operation 28 [1/1] (0.00ns)   --->   "%Stage3_I_V = alloca [1024 x i22], align 4" [fft_stages.cpp:70]   --->   Operation 28 'alloca' 'Stage3_I_V' <Predicate = true> <Delay = 0.00>
ST_1 : Operation 29 [1/1] (0.00ns)   --->   "%Stage4_R_V = alloca [1024 x i22], align 4" [fft_stages.cpp:71]   --->   Operation 29 'alloca' 'Stage4_R_V' <Predicate = true> <Delay = 0.00>
ST_1 : Operation 30 [1/1] (0.00ns)   --->   "%Stage4_I_V = alloca [1024 x i22], align 4" [fft_stages.cpp:71]   --->   Operation 30 'alloca' 'Stage4_I_V' <Predicate = true> <Delay = 0.00>
ST_1 : Operation 31 [1/1] (0.00ns)   --->   "%Stage5_R_V = alloca [1024 x i22], align 4" [fft_stages.cpp:72]   --->   Operation 31 'alloca' 'Stage5_R_V' <Predicate = true> <Delay = 0.00>
ST_1 : Operation 32 [1/1] (0.00ns)   --->   "%Stage5_I_V = alloca [1024 x i22], align 4" [fft_stages.cpp:72]   --->   Operation 32 'alloca' 'Stage5_I_V' <Predicate = true> <Delay = 0.00>
ST_1 : Operation 33 [1/1] (0.00ns)   --->   "%Stage6_R_V = alloca [1024 x i22], align 4" [fft_stages.cpp:73]   --->   Operation 33 'alloca' 'Stage6_R_V' <Predicate = true> <Delay = 0.00>
ST_1 : Operation 34 [1/1] (0.00ns)   --->   "%Stage6_I_V = alloca [1024 x i22], align 4" [fft_stages.cpp:73]   --->   Operation 34 'alloca' 'Stage6_I_V' <Predicate = true> <Delay = 0.00>
ST_1 : Operation 35 [1/1] (0.00ns)   --->   "%Stage7_R_V = alloca [1024 x i22], align 4" [fft_stages.cpp:74]   --->   Operation 35 'alloca' 'Stage7_R_V' <Predicate = true> <Delay = 0.00>
ST_1 : Operation 36 [1/1] (0.00ns)   --->   "%Stage7_I_V = alloca [1024 x i22], align 4" [fft_stages.cpp:74]   --->   Operation 36 'alloca' 'Stage7_I_V' <Predicate = true> <Delay = 0.00>
ST_1 : Operation 37 [1/1] (0.00ns)   --->   "%Stage8_R_V = alloca [1024 x i22], align 4" [fft_stages.cpp:75]   --->   Operation 37 'alloca' 'Stage8_R_V' <Predicate = true> <Delay = 0.00>
ST_1 : Operation 38 [1/1] (0.00ns)   --->   "%Stage8_I_V = alloca [1024 x i22], align 4" [fft_stages.cpp:75]   --->   Operation 38 'alloca' 'Stage8_I_V' <Predicate = true> <Delay = 0.00>
ST_1 : Operation 39 [1/1] (0.00ns)   --->   "%Stage9_R_V = alloca [1024 x i22], align 4" [fft_stages.cpp:76]   --->   Operation 39 'alloca' 'Stage9_R_V' <Predicate = true> <Delay = 0.00>
ST_1 : Operation 40 [1/1] (0.00ns)   --->   "%Stage9_I_V = alloca [1024 x i22], align 4" [fft_stages.cpp:76]   --->   Operation 40 'alloca' 'Stage9_I_V' <Predicate = true> <Delay = 0.00>
ST_1 : Operation 41 [1/1] (0.00ns)   --->   "%Stage10_R_V = alloca [1024 x i22], align 4" [fft_stages.cpp:77]   --->   Operation 41 'alloca' 'Stage10_R_V' <Predicate = true> <Delay = 0.00>
ST_1 : Operation 42 [1/1] (0.00ns)   --->   "%Stage10_I_V = alloca [1024 x i22], align 4" [fft_stages.cpp:77]   --->   Operation 42 'alloca' 'Stage10_I_V' <Predicate = true> <Delay = 0.00>
ST_1 : Operation 43 [2/2] (0.00ns)   --->   "call fastcc void @bit_reverse([1024 x i22]* %X_R_V, [1024 x i22]* %X_I_V, [1024 x i22]* %Stage1_R_V, [1024 x i22]* %Stage1_I_V)" [fft_stages.cpp:79]   --->   Operation 43 'call' <Predicate = true> <Delay = 0.00> <CoreType = "Generic">   --->   Core 0 '' <Latency = 0> <II = 1> <Delay = 1.00> <Generic> <Opcode : >

State 2 <SV = 1> <Delay = 0.00>
ST_2 : Operation 44 [1/2] (0.00ns)   --->   "call fastcc void @bit_reverse([1024 x i22]* %X_R_V, [1024 x i22]* %X_I_V, [1024 x i22]* %Stage1_R_V, [1024 x i22]* %Stage1_I_V)" [fft_stages.cpp:79]   --->   Operation 44 'call' <Predicate = true> <Delay = 0.00> <CoreType = "Generic">   --->   Core 0 '' <Latency = 0> <II = 1> <Delay = 1.00> <Generic> <Opcode : >

State 3 <SV = 2> <Delay = 0.00>
ST_3 : Operation 45 [2/2] (0.00ns)   --->   "call fastcc void @fft_stage81([1024 x i22]* %Stage1_R_V, [1024 x i22]* %Stage1_I_V, [1024 x i22]* %Stage2_R_V, [1024 x i22]* %Stage2_I_V)" [fft_stages.cpp:80]   --->   Operation 45 'call' <Predicate = true> <Delay = 0.00> <CoreType = "Generic">   --->   Core 0 '' <Latency = 0> <II = 1> <Delay = 1.00> <Generic> <Opcode : >

State 4 <SV = 3> <Delay = 0.00>
ST_4 : Operation 46 [1/2] (0.00ns)   --->   "call fastcc void @fft_stage81([1024 x i22]* %Stage1_R_V, [1024 x i22]* %Stage1_I_V, [1024 x i22]* %Stage2_R_V, [1024 x i22]* %Stage2_I_V)" [fft_stages.cpp:80]   --->   Operation 46 'call' <Predicate = true> <Delay = 0.00> <CoreType = "Generic">   --->   Core 0 '' <Latency = 0> <II = 1> <Delay = 1.00> <Generic> <Opcode : >

State 5 <SV = 4> <Delay = 0.00>
ST_5 : Operation 47 [2/2] (0.00ns)   --->   "call fastcc void @fft_stage82([1024 x i22]* %Stage2_R_V, [1024 x i22]* %Stage2_I_V, [1024 x i22]* %Stage3_R_V, [1024 x i22]* %Stage3_I_V)" [fft_stages.cpp:81]   --->   Operation 47 'call' <Predicate = true> <Delay = 0.00> <CoreType = "Generic">   --->   Core 0 '' <Latency = 0> <II = 1> <Delay = 1.00> <Generic> <Opcode : >

State 6 <SV = 5> <Delay = 0.00>
ST_6 : Operation 48 [1/2] (0.00ns)   --->   "call fastcc void @fft_stage82([1024 x i22]* %Stage2_R_V, [1024 x i22]* %Stage2_I_V, [1024 x i22]* %Stage3_R_V, [1024 x i22]* %Stage3_I_V)" [fft_stages.cpp:81]   --->   Operation 48 'call' <Predicate = true> <Delay = 0.00> <CoreType = "Generic">   --->   Core 0 '' <Latency = 0> <II = 1> <Delay = 1.00> <Generic> <Opcode : >

State 7 <SV = 6> <Delay = 0.00>
ST_7 : Operation 49 [2/2] (0.00ns)   --->   "call fastcc void @fft_stage83([1024 x i22]* %Stage3_R_V, [1024 x i22]* %Stage3_I_V, [1024 x i22]* %Stage4_R_V, [1024 x i22]* %Stage4_I_V)" [fft_stages.cpp:82]   --->   Operation 49 'call' <Predicate = true> <Delay = 0.00> <CoreType = "Generic">   --->   Core 0 '' <Latency = 0> <II = 1> <Delay = 1.00> <Generic> <Opcode : >

State 8 <SV = 7> <Delay = 0.00>
ST_8 : Operation 50 [1/2] (0.00ns)   --->   "call fastcc void @fft_stage83([1024 x i22]* %Stage3_R_V, [1024 x i22]* %Stage3_I_V, [1024 x i22]* %Stage4_R_V, [1024 x i22]* %Stage4_I_V)" [fft_stages.cpp:82]   --->   Operation 50 'call' <Predicate = true> <Delay = 0.00> <CoreType = "Generic">   --->   Core 0 '' <Latency = 0> <II = 1> <Delay = 1.00> <Generic> <Opcode : >

State 9 <SV = 8> <Delay = 0.00>
ST_9 : Operation 51 [2/2] (0.00ns)   --->   "call fastcc void @fft_stage84([1024 x i22]* %Stage4_R_V, [1024 x i22]* %Stage4_I_V, [1024 x i22]* %Stage5_R_V, [1024 x i22]* %Stage5_I_V)" [fft_stages.cpp:83]   --->   Operation 51 'call' <Predicate = true> <Delay = 0.00> <CoreType = "Generic">   --->   Core 0 '' <Latency = 0> <II = 1> <Delay = 1.00> <Generic> <Opcode : >

State 10 <SV = 9> <Delay = 0.00>
ST_10 : Operation 52 [1/2] (0.00ns)   --->   "call fastcc void @fft_stage84([1024 x i22]* %Stage4_R_V, [1024 x i22]* %Stage4_I_V, [1024 x i22]* %Stage5_R_V, [1024 x i22]* %Stage5_I_V)" [fft_stages.cpp:83]   --->   Operation 52 'call' <Predicate = true> <Delay = 0.00> <CoreType = "Generic">   --->   Core 0 '' <Latency = 0> <II = 1> <Delay = 1.00> <Generic> <Opcode : >

State 11 <SV = 10> <Delay = 0.00>
ST_11 : Operation 53 [2/2] (0.00ns)   --->   "call fastcc void @fft_stage85([1024 x i22]* %Stage5_R_V, [1024 x i22]* %Stage5_I_V, [1024 x i22]* %Stage6_R_V, [1024 x i22]* %Stage6_I_V)" [fft_stages.cpp:84]   --->   Operation 53 'call' <Predicate = true> <Delay = 0.00> <CoreType = "Generic">   --->   Core 0 '' <Latency = 0> <II = 1> <Delay = 1.00> <Generic> <Opcode : >

State 12 <SV = 11> <Delay = 0.00>
ST_12 : Operation 54 [1/2] (0.00ns)   --->   "call fastcc void @fft_stage85([1024 x i22]* %Stage5_R_V, [1024 x i22]* %Stage5_I_V, [1024 x i22]* %Stage6_R_V, [1024 x i22]* %Stage6_I_V)" [fft_stages.cpp:84]   --->   Operation 54 'call' <Predicate = true> <Delay = 0.00> <CoreType = "Generic">   --->   Core 0 '' <Latency = 0> <II = 1> <Delay = 1.00> <Generic> <Opcode : >

State 13 <SV = 12> <Delay = 0.00>
ST_13 : Operation 55 [2/2] (0.00ns)   --->   "call fastcc void @fft_stage86([1024 x i22]* %Stage6_R_V, [1024 x i22]* %Stage6_I_V, [1024 x i22]* %Stage7_R_V, [1024 x i22]* %Stage7_I_V)" [fft_stages.cpp:85]   --->   Operation 55 'call' <Predicate = true> <Delay = 0.00> <CoreType = "Generic">   --->   Core 0 '' <Latency = 0> <II = 1> <Delay = 1.00> <Generic> <Opcode : >

State 14 <SV = 13> <Delay = 0.00>
ST_14 : Operation 56 [1/2] (0.00ns)   --->   "call fastcc void @fft_stage86([1024 x i22]* %Stage6_R_V, [1024 x i22]* %Stage6_I_V, [1024 x i22]* %Stage7_R_V, [1024 x i22]* %Stage7_I_V)" [fft_stages.cpp:85]   --->   Operation 56 'call' <Predicate = true> <Delay = 0.00> <CoreType = "Generic">   --->   Core 0 '' <Latency = 0> <II = 1> <Delay = 1.00> <Generic> <Opcode : >

State 15 <SV = 14> <Delay = 0.00>
ST_15 : Operation 57 [2/2] (0.00ns)   --->   "call fastcc void @fft_stage87([1024 x i22]* %Stage7_R_V, [1024 x i22]* %Stage7_I_V, [1024 x i22]* %Stage8_R_V, [1024 x i22]* %Stage8_I_V)" [fft_stages.cpp:86]   --->   Operation 57 'call' <Predicate = true> <Delay = 0.00> <CoreType = "Generic">   --->   Core 0 '' <Latency = 0> <II = 1> <Delay = 1.00> <Generic> <Opcode : >

State 16 <SV = 15> <Delay = 0.00>
ST_16 : Operation 58 [1/2] (0.00ns)   --->   "call fastcc void @fft_stage87([1024 x i22]* %Stage7_R_V, [1024 x i22]* %Stage7_I_V, [1024 x i22]* %Stage8_R_V, [1024 x i22]* %Stage8_I_V)" [fft_stages.cpp:86]   --->   Operation 58 'call' <Predicate = true> <Delay = 0.00> <CoreType = "Generic">   --->   Core 0 '' <Latency = 0> <II = 1> <Delay = 1.00> <Generic> <Opcode : >

State 17 <SV = 16> <Delay = 0.00>
ST_17 : Operation 59 [2/2] (0.00ns)   --->   "call fastcc void @fft_stage88([1024 x i22]* %Stage8_R_V, [1024 x i22]* %Stage8_I_V, [1024 x i22]* %Stage9_R_V, [1024 x i22]* %Stage9_I_V)" [fft_stages.cpp:87]   --->   Operation 59 'call' <Predicate = true> <Delay = 0.00> <CoreType = "Generic">   --->   Core 0 '' <Latency = 0> <II = 1> <Delay = 1.00> <Generic> <Opcode : >

State 18 <SV = 17> <Delay = 0.00>
ST_18 : Operation 60 [1/2] (0.00ns)   --->   "call fastcc void @fft_stage88([1024 x i22]* %Stage8_R_V, [1024 x i22]* %Stage8_I_V, [1024 x i22]* %Stage9_R_V, [1024 x i22]* %Stage9_I_V)" [fft_stages.cpp:87]   --->   Operation 60 'call' <Predicate = true> <Delay = 0.00> <CoreType = "Generic">   --->   Core 0 '' <Latency = 0> <II = 1> <Delay = 1.00> <Generic> <Opcode : >

State 19 <SV = 18> <Delay = 0.00>
ST_19 : Operation 61 [2/2] (0.00ns)   --->   "call fastcc void @fft_stage89([1024 x i22]* %Stage9_R_V, [1024 x i22]* %Stage9_I_V, [1024 x i22]* %Stage10_R_V, [1024 x i22]* %Stage10_I_V)" [fft_stages.cpp:88]   --->   Operation 61 'call' <Predicate = true> <Delay = 0.00> <CoreType = "Generic">   --->   Core 0 '' <Latency = 0> <II = 1> <Delay = 1.00> <Generic> <Opcode : >

State 20 <SV = 19> <Delay = 0.00>
ST_20 : Operation 62 [1/2] (0.00ns)   --->   "call fastcc void @fft_stage89([1024 x i22]* %Stage9_R_V, [1024 x i22]* %Stage9_I_V, [1024 x i22]* %Stage10_R_V, [1024 x i22]* %Stage10_I_V)" [fft_stages.cpp:88]   --->   Operation 62 'call' <Predicate = true> <Delay = 0.00> <CoreType = "Generic">   --->   Core 0 '' <Latency = 0> <II = 1> <Delay = 1.00> <Generic> <Opcode : >

State 21 <SV = 20> <Delay = 0.00>
ST_21 : Operation 63 [2/2] (0.00ns)   --->   "call fastcc void @fft_stage90([1024 x i22]* %Stage10_R_V, [1024 x i22]* %Stage10_I_V, [1024 x i22]* %OUT_R_V, [1024 x i22]* %OUT_I_V)" [fft_stages.cpp:89]   --->   Operation 63 'call' <Predicate = true> <Delay = 0.00> <CoreType = "Generic">   --->   Core 0 '' <Latency = 0> <II = 1> <Delay = 1.00> <Generic> <Opcode : >

State 22 <SV = 21> <Delay = 0.00>
ST_22 : Operation 64 [1/1] (0.00ns)   --->   "call void (...)* @_ssdm_op_SpecDataflowPipeline(i32 -1, i32 0, [1 x i8]* @p_str4) nounwind" [fft_stages.cpp:67]   --->   Operation 64 'specdataflowpipeline' <Predicate = true> <Delay = 0.00>
ST_22 : Operation 65 [1/1] (0.00ns)   --->   "call void (...)* @_ssdm_op_SpecBitsMap([1024 x i22]* %X_R_V), !map !88"   --->   Operation 65 'specbitsmap' <Predicate = true> <Delay = 0.00>
ST_22 : Operation 66 [1/1] (0.00ns)   --->   "call void (...)* @_ssdm_op_SpecBitsMap([1024 x i22]* %X_I_V), !map !94"   --->   Operation 66 'specbitsmap' <Predicate = true> <Delay = 0.00>
ST_22 : Operation 67 [1/1] (0.00ns)   --->   "call void (...)* @_ssdm_op_SpecBitsMap([1024 x i22]* %OUT_R_V), !map !98"   --->   Operation 67 'specbitsmap' <Predicate = true> <Delay = 0.00>
ST_22 : Operation 68 [1/1] (0.00ns)   --->   "call void (...)* @_ssdm_op_SpecBitsMap([1024 x i22]* %OUT_I_V), !map !102"   --->   Operation 68 'specbitsmap' <Predicate = true> <Delay = 0.00>
ST_22 : Operation 69 [1/1] (0.00ns)   --->   "call void (...)* @_ssdm_op_SpecTopModule([14 x i8]* @fft_streaming_str) nounwind"   --->   Operation 69 'spectopmodule' <Predicate = true> <Delay = 0.00>
ST_22 : Operation 70 [1/2] (0.00ns)   --->   "call fastcc void @fft_stage90([1024 x i22]* %Stage10_R_V, [1024 x i22]* %Stage10_I_V, [1024 x i22]* %OUT_R_V, [1024 x i22]* %OUT_I_V)" [fft_stages.cpp:89]   --->   Operation 70 'call' <Predicate = true> <Delay = 0.00> <CoreType = "Generic">   --->   Core 0 '' <Latency = 0> <II = 1> <Delay = 1.00> <Generic> <Opcode : >
ST_22 : Operation 71 [1/1] (0.00ns)   --->   "ret void" [fft_stages.cpp:90]   --->   Operation 71 'ret' <Predicate = true> <Delay = 0.00>


============================================================
+ Verbose Summary: Timing violations
============================================================
Target clock period: 10ns, clock uncertainty: 1.25ns.

 <State 1>: 0ns
The critical path consists of the following:

 <State 2>: 0ns
The critical path consists of the following:

 <State 3>: 0ns
The critical path consists of the following:

 <State 4>: 0ns
The critical path consists of the following:

 <State 5>: 0ns
The critical path consists of the following:

 <State 6>: 0ns
The critical path consists of the following:

 <State 7>: 0ns
The critical path consists of the following:

 <State 8>: 0ns
The critical path consists of the following:

 <State 9>: 0ns
The critical path consists of the following:

 <State 10>: 0ns
The critical path consists of the following:

 <State 11>: 0ns
The critical path consists of the following:

 <State 12>: 0ns
The critical path consists of the following:

 <State 13>: 0ns
The critical path consists of the following:

 <State 14>: 0ns
The critical path consists of the following:

 <State 15>: 0ns
The critical path consists of the following:

 <State 16>: 0ns
The critical path consists of the following:

 <State 17>: 0ns
The critical path consists of the following:

 <State 18>: 0ns
The critical path consists of the following:

 <State 19>: 0ns
The critical path consists of the following:

 <State 20>: 0ns
The critical path consists of the following:

 <State 21>: 0ns
The critical path consists of the following:

 <State 22>: 0ns
The critical path consists of the following:


============================================================
+ Verbose Summary: Binding
============================================================
N/A
* FSMD analyzer results:
  - Output states:
 - Input state : 
  - Chain level:
	State 1
	State 2
	State 3
	State 4
	State 5
	State 6
	State 7
	State 8
	State 9
	State 10
	State 11
	State 12
	State 13
	State 14
	State 15
	State 16
	State 17
	State 18
	State 19
	State 20
	State 21
	State 22


============================================================
+ Verbose Summary: Datapath Resource usage 
============================================================
N/A
