

================================================================
== Vivado HLS Report for 'fft'
================================================================
* Date:           Thu Jul 13 03:27:55 2023

* Version:        2020.1 (Build 2897737 on Wed May 27 20:21:37 MDT 2020)
* Project:        fft_sw.proj
* Solution:       unroll_reverse_bits_loop
* Product family: zynquplus
* Target device:  xqzu5ev-ffrb900-1-i


================================================================
== Performance Estimates
================================================================
+ Timing: 
    * Summary: 
    +--------+----------+----------+------------+
    |  Clock |  Target  | Estimated| Uncertainty|
    +--------+----------+----------+------------+
    |ap_clk  | 10.00 ns | 8.635 ns |   1.25 ns  |
    +--------+----------+----------+------------+

+ Latency: 
    * Summary: 
    +---------+---------+-----------+-----------+---------+---------+---------+
    |  Latency (cycles) |   Latency (absolute)  |      Interval     | Pipeline|
    |   min   |   max   |    min    |    max    |   min   |   max   |   Type  |
    +---------+---------+-----------+-----------+---------+---------+---------+
    |  2589541|  2591285| 25.895 ms | 25.913 ms |  2589541|  2591285|   none  |
    +---------+---------+-----------+-----------+---------+---------+---------+

    + Detail: 
        * Instance: 
        N/A

        * Loop: 
        +-------------------+---------+---------+-----------------+-----------+-----------+------+----------+
        |                   |  Latency (cycles) |    Iteration    |  Initiation Interval  | Trip |          |
        |     Loop Name     |   min   |   max   |     Latency     |  achieved |   target  | Count| Pipelined|
        +-------------------+---------+---------+-----------------+-----------+-----------+------+----------+
        |- stage_loop       |  2587490|  2588210| 258749 ~ 258821 |          -|          -|    10|    no    |
        | + butterfly_loop  |   258720|   258792|  10780 ~ 10783  |          -|          -|    24|    no    |
        |  ++ dft_loop      |    10752|    10752|               21|          -|          -|   512|    no    |
        +-------------------+---------+---------+-----------------+-----------+-----------+------+----------+

============================================================
+ Verbose Summary: Synthesis Manager
============================================================
InlineROM: 1
ExposeGlobal: 0
============================================================
+ Verbose Summary: CDFG Model
============================================================
IsTopModel: 1
ResetActiveHigh: 1
IsCombinational: 0
IsDatapathOnly: 0
HasWiredReturn: 1
HasMFsm: 0
HasVarLatency: 1
IsPipeline: 0
IsRtlPipelined: 0
IsInstanceOverlapped: 0
IsDontTouch: 0
HasImplIP: 0
IsGatedGlobalClock: 0


============================================================
+ Verbose Summary: Schedule
============================================================
* Number of FSM states : 56
* Pipeline : 0
* Dataflow Pipeline: 0

* FSM state transitions: 
1 --> 2 
2 --> 3 
3 --> 4 
4 --> 5 
5 --> 6 
6 --> 7 
7 --> 8 
8 --> 9 
9 --> 10 
10 --> 11 
11 --> 12 
12 --> 13 
13 --> 14 
14 --> 15 
15 --> 16 
16 --> 17 
17 --> 18 
18 --> 19 
19 --> 20 
20 --> 21 
21 --> 22 
22 --> 23 
23 --> 24 
24 --> 25 
25 --> 26 
26 --> 27 
27 --> 28 
28 --> 29 
29 --> 30 
30 --> 31 
31 --> 32 3 
32 --> 33 
33 --> 34 
34 --> 35 
35 --> 36 
36 --> 37 31 
37 --> 38 
38 --> 39 
39 --> 40 
40 --> 41 
41 --> 42 
42 --> 43 
43 --> 44 
44 --> 45 
45 --> 46 
46 --> 47 
47 --> 48 
48 --> 49 
49 --> 50 
50 --> 51 
51 --> 52 
52 --> 53 
53 --> 54 
54 --> 55 
55 --> 56 
56 --> 36 

* FSM state operations: 

State 1 <SV = 0> <Delay = 0.00>
ST_1 : Operation 57 [2/2] (0.00ns)   --->   "call fastcc void @bit_reverse([1024 x float]* %X_R, [1024 x float]* %X_I) nounwind" [fft_sw.cpp:45]   --->   Operation 57 'call' <Predicate = true> <Delay = 0.00> <CoreType = "Generic">   --->   Core 0 '' <Latency = 0> <II = 1> <Delay = 1.00> <Generic> <Opcode : >

State 2 <SV = 1> <Delay = 0.75>
ST_2 : Operation 58 [1/1] (0.00ns)   --->   "call void (...)* @_ssdm_op_SpecBitsMap([1024 x float]* %X_R) nounwind, !map !20"   --->   Operation 58 'specbitsmap' <Predicate = true> <Delay = 0.00>
ST_2 : Operation 59 [1/1] (0.00ns)   --->   "call void (...)* @_ssdm_op_SpecBitsMap([1024 x float]* %X_I) nounwind, !map !26"   --->   Operation 59 'specbitsmap' <Predicate = true> <Delay = 0.00>
ST_2 : Operation 60 [1/1] (0.00ns)   --->   "call void (...)* @_ssdm_op_SpecTopModule([4 x i8]* @fft_str) nounwind"   --->   Operation 60 'spectopmodule' <Predicate = true> <Delay = 0.00>
ST_2 : Operation 61 [1/2] (0.00ns)   --->   "call fastcc void @bit_reverse([1024 x float]* %X_R, [1024 x float]* %X_I) nounwind" [fft_sw.cpp:45]   --->   Operation 61 'call' <Predicate = true> <Delay = 0.00> <CoreType = "Generic">   --->   Core 0 '' <Latency = 0> <II = 1> <Delay = 1.00> <Generic> <Opcode : >
ST_2 : Operation 62 [1/1] (0.75ns)   --->   "br label %1" [fft_sw.cpp:50]   --->   Operation 62 'br' <Predicate = true> <Delay = 0.75>

State 3 <SV = 2> <Delay = 7.80>
ST_3 : Operation 63 [1/1] (0.00ns)   --->   "%stage_0 = phi i4 [ 1, %0 ], [ %stage, %stage_loop_end ]"   --->   Operation 63 'phi' 'stage_0' <Predicate = true> <Delay = 0.00>
ST_3 : Operation 64 [1/1] (0.00ns)   --->   "%zext_ln50 = zext i4 %stage_0 to i11" [fft_sw.cpp:50]   --->   Operation 64 'zext' 'zext_ln50' <Predicate = true> <Delay = 0.00>
ST_3 : Operation 65 [1/1] (0.88ns)   --->   "%icmp_ln50 = icmp eq i4 %stage_0, -5" [fft_sw.cpp:50]   --->   Operation 65 'icmp' 'icmp_ln50' <Predicate = true> <Delay = 0.88> <Core = "Cmp">   --->   Core 25 'Cmp' <Latency = 0> <II = 1> <Delay = 0.95> <FuncUnit> <Opcode : 'icmp'> <InPorts = 2> <OutPorts = 1>
ST_3 : Operation 66 [1/1] (0.00ns)   --->   "call void (...)* @_ssdm_op_SpecLoopTripCount(i64 10, i64 10, i64 10)"   --->   Operation 66 'speclooptripcount' <Predicate = true> <Delay = 0.00>
ST_3 : Operation 67 [1/1] (0.00ns)   --->   "br i1 %icmp_ln50, label %4, label %stage_loop_begin" [fft_sw.cpp:50]   --->   Operation 67 'br' <Predicate = true> <Delay = 0.00>
ST_3 : Operation 68 [1/1] (0.71ns)   --->   "%DFTpts = shl i11 1, %zext_ln50" [fft_sw.cpp:51]   --->   Operation 68 'shl' 'DFTpts' <Predicate = (!icmp_ln50)> <Delay = 0.71> <Core = "Shift">   --->   Core 28 'Shift' <Latency = 0> <II = 1> <Delay = 0.71> <FuncUnit> <Opcode : 'shl' 'lshr' 'ashr'> <InPorts = 2> <OutPorts = 1>
ST_3 : Operation 69 [1/1] (0.00ns)   --->   "%zext_ln51 = zext i11 %DFTpts to i32" [fft_sw.cpp:51]   --->   Operation 69 'zext' 'zext_ln51' <Predicate = (!icmp_ln50)> <Delay = 0.00>
ST_3 : Operation 70 [1/1] (0.00ns)   --->   "%trunc_ln = call i10 @_ssdm_op_PartSelect.i10.i11.i32.i32(i11 %DFTpts, i32 1, i32 10)" [fft_sw.cpp:52]   --->   Operation 70 'partselect' 'trunc_ln' <Predicate = (!icmp_ln50)> <Delay = 0.00>
ST_3 : Operation 71 [4/4] (7.09ns)   --->   "%tmp = sitofp i32 %zext_ln51 to double" [fft_sw.cpp:53]   --->   Operation 71 'sitodp' 'tmp' <Predicate = (!icmp_ln50)> <Delay = 7.09> <Core = "Int2Double">   --->   Core 122 'Int2Double' <Latency = 3> <II = 1> <Delay = 7.09> <FuncUnit> <Opcode : 'sitodp' 'uitodp'> <InPorts = 1> <OutPorts = 1>
ST_3 : Operation 72 [1/1] (0.00ns)   --->   "ret void" [fft_sw.cpp:74]   --->   Operation 72 'ret' <Predicate = (icmp_ln50)> <Delay = 0.00>

State 4 <SV = 3> <Delay = 7.09>
ST_4 : Operation 73 [3/4] (7.09ns)   --->   "%tmp = sitofp i32 %zext_ln51 to double" [fft_sw.cpp:53]   --->   Operation 73 'sitodp' 'tmp' <Predicate = true> <Delay = 7.09> <Core = "Int2Double">   --->   Core 122 'Int2Double' <Latency = 3> <II = 1> <Delay = 7.09> <FuncUnit> <Opcode : 'sitodp' 'uitodp'> <InPorts = 1> <OutPorts = 1>

State 5 <SV = 4> <Delay = 7.09>
ST_5 : Operation 74 [2/4] (7.09ns)   --->   "%tmp = sitofp i32 %zext_ln51 to double" [fft_sw.cpp:53]   --->   Operation 74 'sitodp' 'tmp' <Predicate = true> <Delay = 7.09> <Core = "Int2Double">   --->   Core 122 'Int2Double' <Latency = 3> <II = 1> <Delay = 7.09> <FuncUnit> <Opcode : 'sitodp' 'uitodp'> <InPorts = 1> <OutPorts = 1>

State 6 <SV = 5> <Delay = 7.09>
ST_6 : Operation 75 [1/4] (7.09ns)   --->   "%tmp = sitofp i32 %zext_ln51 to double" [fft_sw.cpp:53]   --->   Operation 75 'sitodp' 'tmp' <Predicate = true> <Delay = 7.09> <Core = "Int2Double">   --->   Core 122 'Int2Double' <Latency = 3> <II = 1> <Delay = 7.09> <FuncUnit> <Opcode : 'sitodp' 'uitodp'> <InPorts = 1> <OutPorts = 1>

State 7 <SV = 6> <Delay = 7.28>
ST_7 : Operation 76 [22/22] (7.28ns)   --->   "%tmp_2 = fdiv double 0xC01921FB5444261E, %tmp" [fft_sw.cpp:53]   --->   Operation 76 'ddiv' 'tmp_2' <Predicate = true> <Delay = 7.28> <Core = "DDiv">   --->   Core 117 'DDiv' <Latency = 21> <II = 1> <Delay = 7.28> <FuncUnit> <Opcode : 'ddiv' 'drem'> <InPorts = 2> <OutPorts = 1>

State 8 <SV = 7> <Delay = 7.28>
ST_8 : Operation 77 [21/22] (7.28ns)   --->   "%tmp_2 = fdiv double 0xC01921FB5444261E, %tmp" [fft_sw.cpp:53]   --->   Operation 77 'ddiv' 'tmp_2' <Predicate = true> <Delay = 7.28> <Core = "DDiv">   --->   Core 117 'DDiv' <Latency = 21> <II = 1> <Delay = 7.28> <FuncUnit> <Opcode : 'ddiv' 'drem'> <InPorts = 2> <OutPorts = 1>

State 9 <SV = 8> <Delay = 7.28>
ST_9 : Operation 78 [20/22] (7.28ns)   --->   "%tmp_2 = fdiv double 0xC01921FB5444261E, %tmp" [fft_sw.cpp:53]   --->   Operation 78 'ddiv' 'tmp_2' <Predicate = true> <Delay = 7.28> <Core = "DDiv">   --->   Core 117 'DDiv' <Latency = 21> <II = 1> <Delay = 7.28> <FuncUnit> <Opcode : 'ddiv' 'drem'> <InPorts = 2> <OutPorts = 1>

State 10 <SV = 9> <Delay = 7.28>
ST_10 : Operation 79 [19/22] (7.28ns)   --->   "%tmp_2 = fdiv double 0xC01921FB5444261E, %tmp" [fft_sw.cpp:53]   --->   Operation 79 'ddiv' 'tmp_2' <Predicate = true> <Delay = 7.28> <Core = "DDiv">   --->   Core 117 'DDiv' <Latency = 21> <II = 1> <Delay = 7.28> <FuncUnit> <Opcode : 'ddiv' 'drem'> <InPorts = 2> <OutPorts = 1>

State 11 <SV = 10> <Delay = 7.28>
ST_11 : Operation 80 [18/22] (7.28ns)   --->   "%tmp_2 = fdiv double 0xC01921FB5444261E, %tmp" [fft_sw.cpp:53]   --->   Operation 80 'ddiv' 'tmp_2' <Predicate = true> <Delay = 7.28> <Core = "DDiv">   --->   Core 117 'DDiv' <Latency = 21> <II = 1> <Delay = 7.28> <FuncUnit> <Opcode : 'ddiv' 'drem'> <InPorts = 2> <OutPorts = 1>

State 12 <SV = 11> <Delay = 7.28>
ST_12 : Operation 81 [17/22] (7.28ns)   --->   "%tmp_2 = fdiv double 0xC01921FB5444261E, %tmp" [fft_sw.cpp:53]   --->   Operation 81 'ddiv' 'tmp_2' <Predicate = true> <Delay = 7.28> <Core = "DDiv">   --->   Core 117 'DDiv' <Latency = 21> <II = 1> <Delay = 7.28> <FuncUnit> <Opcode : 'ddiv' 'drem'> <InPorts = 2> <OutPorts = 1>

State 13 <SV = 12> <Delay = 7.28>
ST_13 : Operation 82 [16/22] (7.28ns)   --->   "%tmp_2 = fdiv double 0xC01921FB5444261E, %tmp" [fft_sw.cpp:53]   --->   Operation 82 'ddiv' 'tmp_2' <Predicate = true> <Delay = 7.28> <Core = "DDiv">   --->   Core 117 'DDiv' <Latency = 21> <II = 1> <Delay = 7.28> <FuncUnit> <Opcode : 'ddiv' 'drem'> <InPorts = 2> <OutPorts = 1>

State 14 <SV = 13> <Delay = 7.28>
ST_14 : Operation 83 [15/22] (7.28ns)   --->   "%tmp_2 = fdiv double 0xC01921FB5444261E, %tmp" [fft_sw.cpp:53]   --->   Operation 83 'ddiv' 'tmp_2' <Predicate = true> <Delay = 7.28> <Core = "DDiv">   --->   Core 117 'DDiv' <Latency = 21> <II = 1> <Delay = 7.28> <FuncUnit> <Opcode : 'ddiv' 'drem'> <InPorts = 2> <OutPorts = 1>

State 15 <SV = 14> <Delay = 7.28>
ST_15 : Operation 84 [14/22] (7.28ns)   --->   "%tmp_2 = fdiv double 0xC01921FB5444261E, %tmp" [fft_sw.cpp:53]   --->   Operation 84 'ddiv' 'tmp_2' <Predicate = true> <Delay = 7.28> <Core = "DDiv">   --->   Core 117 'DDiv' <Latency = 21> <II = 1> <Delay = 7.28> <FuncUnit> <Opcode : 'ddiv' 'drem'> <InPorts = 2> <OutPorts = 1>

State 16 <SV = 15> <Delay = 7.28>
ST_16 : Operation 85 [13/22] (7.28ns)   --->   "%tmp_2 = fdiv double 0xC01921FB5444261E, %tmp" [fft_sw.cpp:53]   --->   Operation 85 'ddiv' 'tmp_2' <Predicate = true> <Delay = 7.28> <Core = "DDiv">   --->   Core 117 'DDiv' <Latency = 21> <II = 1> <Delay = 7.28> <FuncUnit> <Opcode : 'ddiv' 'drem'> <InPorts = 2> <OutPorts = 1>

State 17 <SV = 16> <Delay = 7.28>
ST_17 : Operation 86 [12/22] (7.28ns)   --->   "%tmp_2 = fdiv double 0xC01921FB5444261E, %tmp" [fft_sw.cpp:53]   --->   Operation 86 'ddiv' 'tmp_2' <Predicate = true> <Delay = 7.28> <Core = "DDiv">   --->   Core 117 'DDiv' <Latency = 21> <II = 1> <Delay = 7.28> <FuncUnit> <Opcode : 'ddiv' 'drem'> <InPorts = 2> <OutPorts = 1>

State 18 <SV = 17> <Delay = 7.28>
ST_18 : Operation 87 [11/22] (7.28ns)   --->   "%tmp_2 = fdiv double 0xC01921FB5444261E, %tmp" [fft_sw.cpp:53]   --->   Operation 87 'ddiv' 'tmp_2' <Predicate = true> <Delay = 7.28> <Core = "DDiv">   --->   Core 117 'DDiv' <Latency = 21> <II = 1> <Delay = 7.28> <FuncUnit> <Opcode : 'ddiv' 'drem'> <InPorts = 2> <OutPorts = 1>

State 19 <SV = 18> <Delay = 7.28>
ST_19 : Operation 88 [10/22] (7.28ns)   --->   "%tmp_2 = fdiv double 0xC01921FB5444261E, %tmp" [fft_sw.cpp:53]   --->   Operation 88 'ddiv' 'tmp_2' <Predicate = true> <Delay = 7.28> <Core = "DDiv">   --->   Core 117 'DDiv' <Latency = 21> <II = 1> <Delay = 7.28> <FuncUnit> <Opcode : 'ddiv' 'drem'> <InPorts = 2> <OutPorts = 1>

State 20 <SV = 19> <Delay = 7.28>
ST_20 : Operation 89 [9/22] (7.28ns)   --->   "%tmp_2 = fdiv double 0xC01921FB5444261E, %tmp" [fft_sw.cpp:53]   --->   Operation 89 'ddiv' 'tmp_2' <Predicate = true> <Delay = 7.28> <Core = "DDiv">   --->   Core 117 'DDiv' <Latency = 21> <II = 1> <Delay = 7.28> <FuncUnit> <Opcode : 'ddiv' 'drem'> <InPorts = 2> <OutPorts = 1>

State 21 <SV = 20> <Delay = 7.28>
ST_21 : Operation 90 [8/22] (7.28ns)   --->   "%tmp_2 = fdiv double 0xC01921FB5444261E, %tmp" [fft_sw.cpp:53]   --->   Operation 90 'ddiv' 'tmp_2' <Predicate = true> <Delay = 7.28> <Core = "DDiv">   --->   Core 117 'DDiv' <Latency = 21> <II = 1> <Delay = 7.28> <FuncUnit> <Opcode : 'ddiv' 'drem'> <InPorts = 2> <OutPorts = 1>

State 22 <SV = 21> <Delay = 7.28>
ST_22 : Operation 91 [7/22] (7.28ns)   --->   "%tmp_2 = fdiv double 0xC01921FB5444261E, %tmp" [fft_sw.cpp:53]   --->   Operation 91 'ddiv' 'tmp_2' <Predicate = true> <Delay = 7.28> <Core = "DDiv">   --->   Core 117 'DDiv' <Latency = 21> <II = 1> <Delay = 7.28> <FuncUnit> <Opcode : 'ddiv' 'drem'> <InPorts = 2> <OutPorts = 1>

State 23 <SV = 22> <Delay = 7.28>
ST_23 : Operation 92 [6/22] (7.28ns)   --->   "%tmp_2 = fdiv double 0xC01921FB5444261E, %tmp" [fft_sw.cpp:53]   --->   Operation 92 'ddiv' 'tmp_2' <Predicate = true> <Delay = 7.28> <Core = "DDiv">   --->   Core 117 'DDiv' <Latency = 21> <II = 1> <Delay = 7.28> <FuncUnit> <Opcode : 'ddiv' 'drem'> <InPorts = 2> <OutPorts = 1>

State 24 <SV = 23> <Delay = 7.28>
ST_24 : Operation 93 [5/22] (7.28ns)   --->   "%tmp_2 = fdiv double 0xC01921FB5444261E, %tmp" [fft_sw.cpp:53]   --->   Operation 93 'ddiv' 'tmp_2' <Predicate = true> <Delay = 7.28> <Core = "DDiv">   --->   Core 117 'DDiv' <Latency = 21> <II = 1> <Delay = 7.28> <FuncUnit> <Opcode : 'ddiv' 'drem'> <InPorts = 2> <OutPorts = 1>

State 25 <SV = 24> <Delay = 7.28>
ST_25 : Operation 94 [4/22] (7.28ns)   --->   "%tmp_2 = fdiv double 0xC01921FB5444261E, %tmp" [fft_sw.cpp:53]   --->   Operation 94 'ddiv' 'tmp_2' <Predicate = true> <Delay = 7.28> <Core = "DDiv">   --->   Core 117 'DDiv' <Latency = 21> <II = 1> <Delay = 7.28> <FuncUnit> <Opcode : 'ddiv' 'drem'> <InPorts = 2> <OutPorts = 1>

State 26 <SV = 25> <Delay = 7.28>
ST_26 : Operation 95 [3/22] (7.28ns)   --->   "%tmp_2 = fdiv double 0xC01921FB5444261E, %tmp" [fft_sw.cpp:53]   --->   Operation 95 'ddiv' 'tmp_2' <Predicate = true> <Delay = 7.28> <Core = "DDiv">   --->   Core 117 'DDiv' <Latency = 21> <II = 1> <Delay = 7.28> <FuncUnit> <Opcode : 'ddiv' 'drem'> <InPorts = 2> <OutPorts = 1>

State 27 <SV = 26> <Delay = 7.28>
ST_27 : Operation 96 [2/22] (7.28ns)   --->   "%tmp_2 = fdiv double 0xC01921FB5444261E, %tmp" [fft_sw.cpp:53]   --->   Operation 96 'ddiv' 'tmp_2' <Predicate = true> <Delay = 7.28> <Core = "DDiv">   --->   Core 117 'DDiv' <Latency = 21> <II = 1> <Delay = 7.28> <FuncUnit> <Opcode : 'ddiv' 'drem'> <InPorts = 2> <OutPorts = 1>

State 28 <SV = 27> <Delay = 7.28>
ST_28 : Operation 97 [1/22] (7.28ns)   --->   "%tmp_2 = fdiv double 0xC01921FB5444261E, %tmp" [fft_sw.cpp:53]   --->   Operation 97 'ddiv' 'tmp_2' <Predicate = true> <Delay = 7.28> <Core = "DDiv">   --->   Core 117 'DDiv' <Latency = 21> <II = 1> <Delay = 7.28> <FuncUnit> <Opcode : 'ddiv' 'drem'> <InPorts = 2> <OutPorts = 1>

State 29 <SV = 28> <Delay = 3.32>
ST_29 : Operation 98 [2/2] (3.32ns)   --->   "%e = fptrunc double %tmp_2 to float" [fft_sw.cpp:53]   --->   Operation 98 'fptrunc' 'e' <Predicate = true> <Delay = 3.32> <Core = "Double2Float">   --->   Core 123 'Double2Float' <Latency = 1> <II = 1> <Delay = 3.32> <FuncUnit> <Opcode : 'fptrunc'> <InPorts = 1> <OutPorts = 1>

State 30 <SV = 29> <Delay = 3.32>
ST_30 : Operation 99 [1/1] (0.00ns)   --->   "call void (...)* @_ssdm_op_SpecLoopName([11 x i8]* @p_str3) nounwind" [fft_sw.cpp:50]   --->   Operation 99 'specloopname' <Predicate = true> <Delay = 0.00>
ST_30 : Operation 100 [1/1] (0.00ns)   --->   "%tmp_4 = call i32 (...)* @_ssdm_op_SpecRegionBegin([11 x i8]* @p_str3) nounwind" [fft_sw.cpp:50]   --->   Operation 100 'specregionbegin' 'tmp_4' <Predicate = true> <Delay = 0.00>
ST_30 : Operation 101 [1/1] (0.00ns)   --->   "%numBF = zext i10 %trunc_ln to i32" [fft_sw.cpp:52]   --->   Operation 101 'zext' 'numBF' <Predicate = true> <Delay = 0.00>
ST_30 : Operation 102 [1/2] (3.32ns)   --->   "%e = fptrunc double %tmp_2 to float" [fft_sw.cpp:53]   --->   Operation 102 'fptrunc' 'e' <Predicate = true> <Delay = 3.32> <Core = "Double2Float">   --->   Core 123 'Double2Float' <Latency = 1> <II = 1> <Delay = 3.32> <FuncUnit> <Opcode : 'fptrunc'> <InPorts = 1> <OutPorts = 1>
ST_30 : Operation 103 [1/1] (0.75ns)   --->   "br label %2" [fft_sw.cpp:57]   --->   Operation 103 'br' <Predicate = true> <Delay = 0.75>

State 31 <SV = 30> <Delay = 7.71>
ST_31 : Operation 104 [1/1] (0.00ns)   --->   "%i = phi i10 [ 0, %stage_loop_begin ], [ %j, %butterfly_loop_end ]"   --->   Operation 104 'phi' 'i' <Predicate = true> <Delay = 0.00>
ST_31 : Operation 105 [1/1] (0.00ns)   --->   "%a_0 = phi float [ 0.000000e+00, %stage_loop_begin ], [ %a, %butterfly_loop_end ]"   --->   Operation 105 'phi' 'a_0' <Predicate = true> <Delay = 0.00>
ST_31 : Operation 106 [1/1] (0.00ns)   --->   "%zext_ln57 = zext i10 %i to i32" [fft_sw.cpp:57]   --->   Operation 106 'zext' 'zext_ln57' <Predicate = true> <Delay = 0.00>
ST_31 : Operation 107 [1/1] (0.85ns)   --->   "%icmp_ln57 = icmp eq i10 %i, %trunc_ln" [fft_sw.cpp:57]   --->   Operation 107 'icmp' 'icmp_ln57' <Predicate = true> <Delay = 0.85> <Core = "Cmp">   --->   Core 25 'Cmp' <Latency = 0> <II = 1> <Delay = 0.95> <FuncUnit> <Opcode : 'icmp'> <InPorts = 2> <OutPorts = 1>
ST_31 : Operation 108 [1/1] (0.93ns)   --->   "%j = add i10 %i, 1" [fft_sw.cpp:57]   --->   Operation 108 'add' 'j' <Predicate = true> <Delay = 0.93> <Core = "AddSub">   --->   Core 14 'AddSub' <Latency = 0> <II = 1> <Delay = 0.86> <FuncUnit> <Opcode : 'add' 'sub'> <InPorts = 2> <OutPorts = 1>
ST_31 : Operation 109 [1/1] (0.00ns)   --->   "br i1 %icmp_ln57, label %stage_loop_end, label %butterfly_loop_begin" [fft_sw.cpp:57]   --->   Operation 109 'br' <Predicate = true> <Delay = 0.00>
ST_31 : Operation 110 [2/2] (2.78ns)   --->   "%x_assign = fpext float %a_0 to double" [fft_sw.cpp:58]   --->   Operation 110 'fpext' 'x_assign' <Predicate = (!icmp_ln57)> <Delay = 2.78> <Core = "Float2Double">   --->   Core 114 'Float2Double' <Latency = 1> <II = 1> <Delay = 2.78> <FuncUnit> <Opcode : 'fpext'> <InPorts = 1> <OutPorts = 1>
ST_31 : Operation 111 [4/4] (7.71ns)   --->   "%a = fadd float %a_0, %e" [fft_sw.cpp:60]   --->   Operation 111 'fadd' 'a' <Predicate = (!icmp_ln57)> <Delay = 7.71> <Core = "FAddSub">   --->   Core 105 'FAddSub' <Latency = 3> <II = 1> <Delay = 7.71> <FuncUnit> <Opcode : 'fadd' 'fsub'> <InPorts = 2> <OutPorts = 1>
ST_31 : Operation 112 [1/1] (0.00ns)   --->   "%empty_41 = call i32 (...)* @_ssdm_op_SpecRegionEnd([11 x i8]* @p_str3, i32 %tmp_4) nounwind" [fft_sw.cpp:73]   --->   Operation 112 'specregionend' 'empty_41' <Predicate = (icmp_ln57)> <Delay = 0.00>
ST_31 : Operation 113 [1/1] (0.86ns)   --->   "%stage = add i4 %stage_0, 1" [fft_sw.cpp:50]   --->   Operation 113 'add' 'stage' <Predicate = (icmp_ln57)> <Delay = 0.86> <Core = "AddSub">   --->   Core 14 'AddSub' <Latency = 0> <II = 1> <Delay = 0.86> <FuncUnit> <Opcode : 'add' 'sub'> <InPorts = 2> <OutPorts = 1>
ST_31 : Operation 114 [1/1] (0.00ns)   --->   "br label %1" [fft_sw.cpp:50]   --->   Operation 114 'br' <Predicate = (icmp_ln57)> <Delay = 0.00>

State 32 <SV = 31> <Delay = 7.71>
ST_32 : Operation 115 [1/2] (2.78ns)   --->   "%x_assign = fpext float %a_0 to double" [fft_sw.cpp:58]   --->   Operation 115 'fpext' 'x_assign' <Predicate = true> <Delay = 2.78> <Core = "Float2Double">   --->   Core 114 'Float2Double' <Latency = 1> <II = 1> <Delay = 2.78> <FuncUnit> <Opcode : 'fpext'> <InPorts = 1> <OutPorts = 1>
ST_32 : Operation 116 [2/2] (3.50ns)   --->   "%tmp_i_i = call fastcc double @"sin_or_cos<double>"(double %x_assign, i1 zeroext true) nounwind" [r:/builds/2020.1/continuous/2020_05_27_2902540/src/products/hls/hls_lib/hlsmath/src/common/hls_hotbm_double.cpp:144->r:/builds/2020.1/continuous/2020_05_27_2902540/src/products/hls/hls_lib/hlsmath/src/c/sincosdouble.cpp:13->fft_sw.cpp:58]   --->   Operation 116 'call' 'tmp_i_i' <Predicate = true> <Delay = 3.50> <CoreType = "Generic">   --->   Core 0 '' <Latency = 0> <II = 1> <Delay = 1.00> <Generic> <Opcode : >
ST_32 : Operation 117 [2/2] (3.50ns)   --->   "%tmp_i_i9 = call fastcc double @"sin_or_cos<double>"(double %x_assign, i1 zeroext false) nounwind" [r:/builds/2020.1/continuous/2020_05_27_2902540/src/products/hls/hls_lib/hlsmath/src/common/hls_hotbm_double.cpp:140->r:/builds/2020.1/continuous/2020_05_27_2902540/src/products/hls/hls_lib/hlsmath/src/c/sincosdouble.cpp:8->fft_sw.cpp:59]   --->   Operation 117 'call' 'tmp_i_i9' <Predicate = true> <Delay = 3.50> <CoreType = "Generic">   --->   Core 0 '' <Latency = 0> <II = 1> <Delay = 1.00> <Generic> <Opcode : >
ST_32 : Operation 118 [3/4] (7.71ns)   --->   "%a = fadd float %a_0, %e" [fft_sw.cpp:60]   --->   Operation 118 'fadd' 'a' <Predicate = true> <Delay = 7.71> <Core = "FAddSub">   --->   Core 105 'FAddSub' <Latency = 3> <II = 1> <Delay = 7.71> <FuncUnit> <Opcode : 'fadd' 'fsub'> <InPorts = 2> <OutPorts = 1>

State 33 <SV = 32> <Delay = 7.74>
ST_33 : Operation 119 [1/2] (7.74ns)   --->   "%tmp_i_i = call fastcc double @"sin_or_cos<double>"(double %x_assign, i1 zeroext true) nounwind" [r:/builds/2020.1/continuous/2020_05_27_2902540/src/products/hls/hls_lib/hlsmath/src/common/hls_hotbm_double.cpp:144->r:/builds/2020.1/continuous/2020_05_27_2902540/src/products/hls/hls_lib/hlsmath/src/c/sincosdouble.cpp:13->fft_sw.cpp:58]   --->   Operation 119 'call' 'tmp_i_i' <Predicate = true> <Delay = 7.74> <CoreType = "Generic">   --->   Core 0 '' <Latency = 0> <II = 1> <Delay = 1.00> <Generic> <Opcode : >
ST_33 : Operation 120 [1/2] (7.74ns)   --->   "%tmp_i_i9 = call fastcc double @"sin_or_cos<double>"(double %x_assign, i1 zeroext false) nounwind" [r:/builds/2020.1/continuous/2020_05_27_2902540/src/products/hls/hls_lib/hlsmath/src/common/hls_hotbm_double.cpp:140->r:/builds/2020.1/continuous/2020_05_27_2902540/src/products/hls/hls_lib/hlsmath/src/c/sincosdouble.cpp:8->fft_sw.cpp:59]   --->   Operation 120 'call' 'tmp_i_i9' <Predicate = true> <Delay = 7.74> <CoreType = "Generic">   --->   Core 0 '' <Latency = 0> <II = 1> <Delay = 1.00> <Generic> <Opcode : >
ST_33 : Operation 121 [2/4] (7.71ns)   --->   "%a = fadd float %a_0, %e" [fft_sw.cpp:60]   --->   Operation 121 'fadd' 'a' <Predicate = true> <Delay = 7.71> <Core = "FAddSub">   --->   Core 105 'FAddSub' <Latency = 3> <II = 1> <Delay = 7.71> <FuncUnit> <Opcode : 'fadd' 'fsub'> <InPorts = 2> <OutPorts = 1>

State 34 <SV = 33> <Delay = 7.71>
ST_34 : Operation 122 [2/2] (3.32ns)   --->   "%c = fptrunc double %tmp_i_i to float" [fft_sw.cpp:58]   --->   Operation 122 'fptrunc' 'c' <Predicate = true> <Delay = 3.32> <Core = "Double2Float">   --->   Core 123 'Double2Float' <Latency = 1> <II = 1> <Delay = 3.32> <FuncUnit> <Opcode : 'fptrunc'> <InPorts = 1> <OutPorts = 1>
ST_34 : Operation 123 [2/2] (3.32ns)   --->   "%s = fptrunc double %tmp_i_i9 to float" [fft_sw.cpp:59]   --->   Operation 123 'fptrunc' 's' <Predicate = true> <Delay = 3.32> <Core = "Double2Float">   --->   Core 123 'Double2Float' <Latency = 1> <II = 1> <Delay = 3.32> <FuncUnit> <Opcode : 'fptrunc'> <InPorts = 1> <OutPorts = 1>
ST_34 : Operation 124 [1/4] (7.71ns)   --->   "%a = fadd float %a_0, %e" [fft_sw.cpp:60]   --->   Operation 124 'fadd' 'a' <Predicate = true> <Delay = 7.71> <Core = "FAddSub">   --->   Core 105 'FAddSub' <Latency = 3> <II = 1> <Delay = 7.71> <FuncUnit> <Opcode : 'fadd' 'fsub'> <InPorts = 2> <OutPorts = 1>

State 35 <SV = 34> <Delay = 3.32>
ST_35 : Operation 125 [1/1] (0.00ns)   --->   "call void (...)* @_ssdm_op_SpecLoopName([15 x i8]* @p_str4) nounwind" [fft_sw.cpp:57]   --->   Operation 125 'specloopname' <Predicate = true> <Delay = 0.00>
ST_35 : Operation 126 [1/1] (0.00ns)   --->   "%tmp_5 = call i32 (...)* @_ssdm_op_SpecRegionBegin([15 x i8]* @p_str4) nounwind" [fft_sw.cpp:57]   --->   Operation 126 'specregionbegin' 'tmp_5' <Predicate = true> <Delay = 0.00>
ST_35 : Operation 127 [1/1] (0.00ns)   --->   "call void (...)* @_ssdm_op_SpecLoopTripCount(i32 24, i32 24, i32 24, [1 x i8]* @p_str1) nounwind" [fft_sw.cpp:58]   --->   Operation 127 'speclooptripcount' <Predicate = true> <Delay = 0.00>
ST_35 : Operation 128 [1/2] (3.32ns)   --->   "%c = fptrunc double %tmp_i_i to float" [fft_sw.cpp:58]   --->   Operation 128 'fptrunc' 'c' <Predicate = true> <Delay = 3.32> <Core = "Double2Float">   --->   Core 123 'Double2Float' <Latency = 1> <II = 1> <Delay = 3.32> <FuncUnit> <Opcode : 'fptrunc'> <InPorts = 1> <OutPorts = 1>
ST_35 : Operation 129 [1/2] (3.32ns)   --->   "%s = fptrunc double %tmp_i_i9 to float" [fft_sw.cpp:59]   --->   Operation 129 'fptrunc' 's' <Predicate = true> <Delay = 3.32> <Core = "Double2Float">   --->   Core 123 'Double2Float' <Latency = 1> <II = 1> <Delay = 3.32> <FuncUnit> <Opcode : 'fptrunc'> <InPorts = 1> <OutPorts = 1>
ST_35 : Operation 130 [1/1] (0.75ns)   --->   "br label %3" [fft_sw.cpp:63]   --->   Operation 130 'br' <Predicate = true> <Delay = 0.75>

State 36 <SV = 35> <Delay = 2.55>
ST_36 : Operation 131 [1/1] (0.00ns)   --->   "%i_0 = phi i32 [ %zext_ln57, %butterfly_loop_begin ], [ %i_3, %dft_loop ]"   --->   Operation 131 'phi' 'i_0' <Predicate = true> <Delay = 0.00>
ST_36 : Operation 132 [1/1] (0.00ns)   --->   "%tmp_12 = call i22 @_ssdm_op_PartSelect.i22.i32.i32.i32(i32 %i_0, i32 10, i32 31)" [fft_sw.cpp:63]   --->   Operation 132 'partselect' 'tmp_12' <Predicate = true> <Delay = 0.00>
ST_36 : Operation 133 [1/1] (0.95ns)   --->   "%icmp_ln63 = icmp slt i22 %tmp_12, 1" [fft_sw.cpp:63]   --->   Operation 133 'icmp' 'icmp_ln63' <Predicate = true> <Delay = 0.95> <Core = "Cmp">   --->   Core 25 'Cmp' <Latency = 0> <II = 1> <Delay = 0.95> <FuncUnit> <Opcode : 'icmp'> <InPorts = 2> <OutPorts = 1>
ST_36 : Operation 134 [1/1] (0.00ns)   --->   "br i1 %icmp_ln63, label %dft_loop, label %butterfly_loop_end" [fft_sw.cpp:63]   --->   Operation 134 'br' <Predicate = true> <Delay = 0.00>
ST_36 : Operation 135 [1/1] (1.20ns)   --->   "%i_lower = add nsw i32 %i_0, %numBF" [fft_sw.cpp:64]   --->   Operation 135 'add' 'i_lower' <Predicate = (icmp_ln63)> <Delay = 1.20> <Core = "AddSub">   --->   Core 14 'AddSub' <Latency = 0> <II = 1> <Delay = 0.86> <FuncUnit> <Opcode : 'add' 'sub'> <InPorts = 2> <OutPorts = 1>
ST_36 : Operation 136 [1/1] (0.00ns)   --->   "%sext_ln65 = sext i32 %i_lower to i64" [fft_sw.cpp:65]   --->   Operation 136 'sext' 'sext_ln65' <Predicate = (icmp_ln63)> <Delay = 0.00>
ST_36 : Operation 137 [1/1] (0.00ns)   --->   "%X_R_addr = getelementptr [1024 x float]* %X_R, i64 0, i64 %sext_ln65" [fft_sw.cpp:65]   --->   Operation 137 'getelementptr' 'X_R_addr' <Predicate = (icmp_ln63)> <Delay = 0.00>
ST_36 : Operation 138 [2/2] (1.35ns)   --->   "%X_R_load = load float* %X_R_addr, align 4" [fft_sw.cpp:65]   --->   Operation 138 'load' 'X_R_load' <Predicate = (icmp_ln63)> <Delay = 1.35> <Core = "RAM">   --->   Core 37 'RAM' <Latency = 1> <II = 1> <Delay = 1.35> <Storage> <Opcode : 'load' 'store'> <Ports = 2> <Width = 32> <Depth = 1024> <RAM>
ST_36 : Operation 139 [1/1] (0.00ns)   --->   "%X_I_addr = getelementptr [1024 x float]* %X_I, i64 0, i64 %sext_ln65" [fft_sw.cpp:65]   --->   Operation 139 'getelementptr' 'X_I_addr' <Predicate = (icmp_ln63)> <Delay = 0.00>
ST_36 : Operation 140 [2/2] (1.35ns)   --->   "%X_I_load = load float* %X_I_addr, align 4" [fft_sw.cpp:65]   --->   Operation 140 'load' 'X_I_load' <Predicate = (icmp_ln63)> <Delay = 1.35> <Core = "RAM">   --->   Core 37 'RAM' <Latency = 1> <II = 1> <Delay = 1.35> <Storage> <Opcode : 'load' 'store'> <Ports = 2> <Width = 32> <Depth = 1024> <RAM>
ST_36 : Operation 141 [1/1] (0.00ns)   --->   "%sext_ln67 = sext i32 %i_0 to i64" [fft_sw.cpp:67]   --->   Operation 141 'sext' 'sext_ln67' <Predicate = (icmp_ln63)> <Delay = 0.00>
ST_36 : Operation 142 [1/1] (0.00ns)   --->   "%X_R_addr_1 = getelementptr [1024 x float]* %X_R, i64 0, i64 %sext_ln67" [fft_sw.cpp:67]   --->   Operation 142 'getelementptr' 'X_R_addr_1' <Predicate = (icmp_ln63)> <Delay = 0.00>
ST_36 : Operation 143 [1/1] (0.00ns)   --->   "%X_I_addr_1 = getelementptr [1024 x float]* %X_I, i64 0, i64 %sext_ln67" [fft_sw.cpp:68]   --->   Operation 143 'getelementptr' 'X_I_addr_1' <Predicate = (icmp_ln63)> <Delay = 0.00>
ST_36 : Operation 144 [1/1] (1.20ns)   --->   "%i_3 = add nsw i32 %zext_ln51, %i_0" [fft_sw.cpp:63]   --->   Operation 144 'add' 'i_3' <Predicate = (icmp_ln63)> <Delay = 1.20> <Core = "AddSub">   --->   Core 14 'AddSub' <Latency = 0> <II = 1> <Delay = 0.86> <FuncUnit> <Opcode : 'add' 'sub'> <InPorts = 2> <OutPorts = 1>
ST_36 : Operation 145 [1/1] (0.00ns)   --->   "%empty_40 = call i32 (...)* @_ssdm_op_SpecRegionEnd([15 x i8]* @p_str4, i32 %tmp_5) nounwind" [fft_sw.cpp:72]   --->   Operation 145 'specregionend' 'empty_40' <Predicate = (!icmp_ln63)> <Delay = 0.00>
ST_36 : Operation 146 [1/1] (0.00ns)   --->   "br label %2" [fft_sw.cpp:57]   --->   Operation 146 'br' <Predicate = (!icmp_ln63)> <Delay = 0.00>

State 37 <SV = 36> <Delay = 1.35>
ST_37 : Operation 147 [1/2] (1.35ns)   --->   "%X_R_load = load float* %X_R_addr, align 4" [fft_sw.cpp:65]   --->   Operation 147 'load' 'X_R_load' <Predicate = true> <Delay = 1.35> <Core = "RAM">   --->   Core 37 'RAM' <Latency = 1> <II = 1> <Delay = 1.35> <Storage> <Opcode : 'load' 'store'> <Ports = 2> <Width = 32> <Depth = 1024> <RAM>
ST_37 : Operation 148 [1/2] (1.35ns)   --->   "%X_I_load = load float* %X_I_addr, align 4" [fft_sw.cpp:65]   --->   Operation 148 'load' 'X_I_load' <Predicate = true> <Delay = 1.35> <Core = "RAM">   --->   Core 37 'RAM' <Latency = 1> <II = 1> <Delay = 1.35> <Storage> <Opcode : 'load' 'store'> <Ports = 2> <Width = 32> <Depth = 1024> <RAM>

State 38 <SV = 37> <Delay = 8.28>
ST_38 : Operation 149 [3/3] (8.28ns)   --->   "%tmp_7 = fmul float %X_R_load, %c" [fft_sw.cpp:65]   --->   Operation 149 'fmul' 'tmp_7' <Predicate = true> <Delay = 8.28> <Core = "FMul">   --->   Core 106 'FMul' <Latency = 2> <II = 1> <Delay = 8.28> <FuncUnit> <Opcode : 'fmul'> <InPorts = 2> <OutPorts = 1>
ST_38 : Operation 150 [3/3] (8.28ns)   --->   "%tmp_8 = fmul float %X_I_load, %s" [fft_sw.cpp:65]   --->   Operation 150 'fmul' 'tmp_8' <Predicate = true> <Delay = 8.28> <Core = "FMul">   --->   Core 106 'FMul' <Latency = 2> <II = 1> <Delay = 8.28> <FuncUnit> <Opcode : 'fmul'> <InPorts = 2> <OutPorts = 1>
ST_38 : Operation 151 [3/3] (8.28ns)   --->   "%tmp_9 = fmul float %X_I_load, %c" [fft_sw.cpp:66]   --->   Operation 151 'fmul' 'tmp_9' <Predicate = true> <Delay = 8.28> <Core = "FMul">   --->   Core 106 'FMul' <Latency = 2> <II = 1> <Delay = 8.28> <FuncUnit> <Opcode : 'fmul'> <InPorts = 2> <OutPorts = 1>
ST_38 : Operation 152 [3/3] (8.28ns)   --->   "%tmp_s = fmul float %X_R_load, %s" [fft_sw.cpp:66]   --->   Operation 152 'fmul' 'tmp_s' <Predicate = true> <Delay = 8.28> <Core = "FMul">   --->   Core 106 'FMul' <Latency = 2> <II = 1> <Delay = 8.28> <FuncUnit> <Opcode : 'fmul'> <InPorts = 2> <OutPorts = 1>

State 39 <SV = 38> <Delay = 8.28>
ST_39 : Operation 153 [2/3] (8.28ns)   --->   "%tmp_7 = fmul float %X_R_load, %c" [fft_sw.cpp:65]   --->   Operation 153 'fmul' 'tmp_7' <Predicate = true> <Delay = 8.28> <Core = "FMul">   --->   Core 106 'FMul' <Latency = 2> <II = 1> <Delay = 8.28> <FuncUnit> <Opcode : 'fmul'> <InPorts = 2> <OutPorts = 1>
ST_39 : Operation 154 [2/3] (8.28ns)   --->   "%tmp_8 = fmul float %X_I_load, %s" [fft_sw.cpp:65]   --->   Operation 154 'fmul' 'tmp_8' <Predicate = true> <Delay = 8.28> <Core = "FMul">   --->   Core 106 'FMul' <Latency = 2> <II = 1> <Delay = 8.28> <FuncUnit> <Opcode : 'fmul'> <InPorts = 2> <OutPorts = 1>
ST_39 : Operation 155 [2/3] (8.28ns)   --->   "%tmp_9 = fmul float %X_I_load, %c" [fft_sw.cpp:66]   --->   Operation 155 'fmul' 'tmp_9' <Predicate = true> <Delay = 8.28> <Core = "FMul">   --->   Core 106 'FMul' <Latency = 2> <II = 1> <Delay = 8.28> <FuncUnit> <Opcode : 'fmul'> <InPorts = 2> <OutPorts = 1>
ST_39 : Operation 156 [2/3] (8.28ns)   --->   "%tmp_s = fmul float %X_R_load, %s" [fft_sw.cpp:66]   --->   Operation 156 'fmul' 'tmp_s' <Predicate = true> <Delay = 8.28> <Core = "FMul">   --->   Core 106 'FMul' <Latency = 2> <II = 1> <Delay = 8.28> <FuncUnit> <Opcode : 'fmul'> <InPorts = 2> <OutPorts = 1>

State 40 <SV = 39> <Delay = 8.28>
ST_40 : Operation 157 [1/3] (8.28ns)   --->   "%tmp_7 = fmul float %X_R_load, %c" [fft_sw.cpp:65]   --->   Operation 157 'fmul' 'tmp_7' <Predicate = true> <Delay = 8.28> <Core = "FMul">   --->   Core 106 'FMul' <Latency = 2> <II = 1> <Delay = 8.28> <FuncUnit> <Opcode : 'fmul'> <InPorts = 2> <OutPorts = 1>
ST_40 : Operation 158 [1/3] (8.28ns)   --->   "%tmp_8 = fmul float %X_I_load, %s" [fft_sw.cpp:65]   --->   Operation 158 'fmul' 'tmp_8' <Predicate = true> <Delay = 8.28> <Core = "FMul">   --->   Core 106 'FMul' <Latency = 2> <II = 1> <Delay = 8.28> <FuncUnit> <Opcode : 'fmul'> <InPorts = 2> <OutPorts = 1>
ST_40 : Operation 159 [1/3] (8.28ns)   --->   "%tmp_9 = fmul float %X_I_load, %c" [fft_sw.cpp:66]   --->   Operation 159 'fmul' 'tmp_9' <Predicate = true> <Delay = 8.28> <Core = "FMul">   --->   Core 106 'FMul' <Latency = 2> <II = 1> <Delay = 8.28> <FuncUnit> <Opcode : 'fmul'> <InPorts = 2> <OutPorts = 1>
ST_40 : Operation 160 [1/3] (8.28ns)   --->   "%tmp_s = fmul float %X_R_load, %s" [fft_sw.cpp:66]   --->   Operation 160 'fmul' 'tmp_s' <Predicate = true> <Delay = 8.28> <Core = "FMul">   --->   Core 106 'FMul' <Latency = 2> <II = 1> <Delay = 8.28> <FuncUnit> <Opcode : 'fmul'> <InPorts = 2> <OutPorts = 1>

State 41 <SV = 40> <Delay = 7.71>
ST_41 : Operation 161 [4/4] (7.71ns)   --->   "%temp_R = fsub float %tmp_7, %tmp_8" [fft_sw.cpp:65]   --->   Operation 161 'fsub' 'temp_R' <Predicate = true> <Delay = 7.71> <Core = "FAddSub">   --->   Core 105 'FAddSub' <Latency = 3> <II = 1> <Delay = 7.71> <FuncUnit> <Opcode : 'fadd' 'fsub'> <InPorts = 2> <OutPorts = 1>
ST_41 : Operation 162 [4/4] (7.71ns)   --->   "%temp_I = fadd float %tmp_9, %tmp_s" [fft_sw.cpp:66]   --->   Operation 162 'fadd' 'temp_I' <Predicate = true> <Delay = 7.71> <Core = "FAddSub">   --->   Core 105 'FAddSub' <Latency = 3> <II = 1> <Delay = 7.71> <FuncUnit> <Opcode : 'fadd' 'fsub'> <InPorts = 2> <OutPorts = 1>

State 42 <SV = 41> <Delay = 7.71>
ST_42 : Operation 163 [3/4] (7.71ns)   --->   "%temp_R = fsub float %tmp_7, %tmp_8" [fft_sw.cpp:65]   --->   Operation 163 'fsub' 'temp_R' <Predicate = true> <Delay = 7.71> <Core = "FAddSub">   --->   Core 105 'FAddSub' <Latency = 3> <II = 1> <Delay = 7.71> <FuncUnit> <Opcode : 'fadd' 'fsub'> <InPorts = 2> <OutPorts = 1>
ST_42 : Operation 164 [3/4] (7.71ns)   --->   "%temp_I = fadd float %tmp_9, %tmp_s" [fft_sw.cpp:66]   --->   Operation 164 'fadd' 'temp_I' <Predicate = true> <Delay = 7.71> <Core = "FAddSub">   --->   Core 105 'FAddSub' <Latency = 3> <II = 1> <Delay = 7.71> <FuncUnit> <Opcode : 'fadd' 'fsub'> <InPorts = 2> <OutPorts = 1>

State 43 <SV = 42> <Delay = 7.71>
ST_43 : Operation 165 [2/4] (7.71ns)   --->   "%temp_R = fsub float %tmp_7, %tmp_8" [fft_sw.cpp:65]   --->   Operation 165 'fsub' 'temp_R' <Predicate = true> <Delay = 7.71> <Core = "FAddSub">   --->   Core 105 'FAddSub' <Latency = 3> <II = 1> <Delay = 7.71> <FuncUnit> <Opcode : 'fadd' 'fsub'> <InPorts = 2> <OutPorts = 1>
ST_43 : Operation 166 [2/4] (7.71ns)   --->   "%temp_I = fadd float %tmp_9, %tmp_s" [fft_sw.cpp:66]   --->   Operation 166 'fadd' 'temp_I' <Predicate = true> <Delay = 7.71> <Core = "FAddSub">   --->   Core 105 'FAddSub' <Latency = 3> <II = 1> <Delay = 7.71> <FuncUnit> <Opcode : 'fadd' 'fsub'> <InPorts = 2> <OutPorts = 1>
ST_43 : Operation 167 [2/2] (1.35ns)   --->   "%X_R_load_1 = load float* %X_R_addr_1, align 4" [fft_sw.cpp:67]   --->   Operation 167 'load' 'X_R_load_1' <Predicate = true> <Delay = 1.35> <Core = "RAM">   --->   Core 37 'RAM' <Latency = 1> <II = 1> <Delay = 1.35> <Storage> <Opcode : 'load' 'store'> <Ports = 2> <Width = 32> <Depth = 1024> <RAM>
ST_43 : Operation 168 [2/2] (1.35ns)   --->   "%X_I_load_1 = load float* %X_I_addr_1, align 4" [fft_sw.cpp:68]   --->   Operation 168 'load' 'X_I_load_1' <Predicate = true> <Delay = 1.35> <Core = "RAM">   --->   Core 37 'RAM' <Latency = 1> <II = 1> <Delay = 1.35> <Storage> <Opcode : 'load' 'store'> <Ports = 2> <Width = 32> <Depth = 1024> <RAM>

State 44 <SV = 43> <Delay = 7.71>
ST_44 : Operation 169 [1/4] (7.71ns)   --->   "%temp_R = fsub float %tmp_7, %tmp_8" [fft_sw.cpp:65]   --->   Operation 169 'fsub' 'temp_R' <Predicate = true> <Delay = 7.71> <Core = "FAddSub">   --->   Core 105 'FAddSub' <Latency = 3> <II = 1> <Delay = 7.71> <FuncUnit> <Opcode : 'fadd' 'fsub'> <InPorts = 2> <OutPorts = 1>
ST_44 : Operation 170 [1/4] (7.71ns)   --->   "%temp_I = fadd float %tmp_9, %tmp_s" [fft_sw.cpp:66]   --->   Operation 170 'fadd' 'temp_I' <Predicate = true> <Delay = 7.71> <Core = "FAddSub">   --->   Core 105 'FAddSub' <Latency = 3> <II = 1> <Delay = 7.71> <FuncUnit> <Opcode : 'fadd' 'fsub'> <InPorts = 2> <OutPorts = 1>
ST_44 : Operation 171 [1/2] (1.35ns)   --->   "%X_R_load_1 = load float* %X_R_addr_1, align 4" [fft_sw.cpp:67]   --->   Operation 171 'load' 'X_R_load_1' <Predicate = true> <Delay = 1.35> <Core = "RAM">   --->   Core 37 'RAM' <Latency = 1> <II = 1> <Delay = 1.35> <Storage> <Opcode : 'load' 'store'> <Ports = 2> <Width = 32> <Depth = 1024> <RAM>
ST_44 : Operation 172 [1/2] (1.35ns)   --->   "%X_I_load_1 = load float* %X_I_addr_1, align 4" [fft_sw.cpp:68]   --->   Operation 172 'load' 'X_I_load_1' <Predicate = true> <Delay = 1.35> <Core = "RAM">   --->   Core 37 'RAM' <Latency = 1> <II = 1> <Delay = 1.35> <Storage> <Opcode : 'load' 'store'> <Ports = 2> <Width = 32> <Depth = 1024> <RAM>

State 45 <SV = 44> <Delay = 7.71>
ST_45 : Operation 173 [4/4] (7.71ns)   --->   "%tmp_1 = fsub float %X_R_load_1, %temp_R" [fft_sw.cpp:67]   --->   Operation 173 'fsub' 'tmp_1' <Predicate = true> <Delay = 7.71> <Core = "FAddSub">   --->   Core 105 'FAddSub' <Latency = 3> <II = 1> <Delay = 7.71> <FuncUnit> <Opcode : 'fadd' 'fsub'> <InPorts = 2> <OutPorts = 1>
ST_45 : Operation 174 [4/4] (7.71ns)   --->   "%tmp_6 = fsub float %X_I_load_1, %temp_I" [fft_sw.cpp:68]   --->   Operation 174 'fsub' 'tmp_6' <Predicate = true> <Delay = 7.71> <Core = "FAddSub">   --->   Core 105 'FAddSub' <Latency = 3> <II = 1> <Delay = 7.71> <FuncUnit> <Opcode : 'fadd' 'fsub'> <InPorts = 2> <OutPorts = 1>

State 46 <SV = 45> <Delay = 7.71>
ST_46 : Operation 175 [3/4] (7.71ns)   --->   "%tmp_1 = fsub float %X_R_load_1, %temp_R" [fft_sw.cpp:67]   --->   Operation 175 'fsub' 'tmp_1' <Predicate = true> <Delay = 7.71> <Core = "FAddSub">   --->   Core 105 'FAddSub' <Latency = 3> <II = 1> <Delay = 7.71> <FuncUnit> <Opcode : 'fadd' 'fsub'> <InPorts = 2> <OutPorts = 1>
ST_46 : Operation 176 [3/4] (7.71ns)   --->   "%tmp_6 = fsub float %X_I_load_1, %temp_I" [fft_sw.cpp:68]   --->   Operation 176 'fsub' 'tmp_6' <Predicate = true> <Delay = 7.71> <Core = "FAddSub">   --->   Core 105 'FAddSub' <Latency = 3> <II = 1> <Delay = 7.71> <FuncUnit> <Opcode : 'fadd' 'fsub'> <InPorts = 2> <OutPorts = 1>

State 47 <SV = 46> <Delay = 7.71>
ST_47 : Operation 177 [2/4] (7.71ns)   --->   "%tmp_1 = fsub float %X_R_load_1, %temp_R" [fft_sw.cpp:67]   --->   Operation 177 'fsub' 'tmp_1' <Predicate = true> <Delay = 7.71> <Core = "FAddSub">   --->   Core 105 'FAddSub' <Latency = 3> <II = 1> <Delay = 7.71> <FuncUnit> <Opcode : 'fadd' 'fsub'> <InPorts = 2> <OutPorts = 1>
ST_47 : Operation 178 [2/4] (7.71ns)   --->   "%tmp_6 = fsub float %X_I_load_1, %temp_I" [fft_sw.cpp:68]   --->   Operation 178 'fsub' 'tmp_6' <Predicate = true> <Delay = 7.71> <Core = "FAddSub">   --->   Core 105 'FAddSub' <Latency = 3> <II = 1> <Delay = 7.71> <FuncUnit> <Opcode : 'fadd' 'fsub'> <InPorts = 2> <OutPorts = 1>

State 48 <SV = 47> <Delay = 7.71>
ST_48 : Operation 179 [1/4] (7.71ns)   --->   "%tmp_1 = fsub float %X_R_load_1, %temp_R" [fft_sw.cpp:67]   --->   Operation 179 'fsub' 'tmp_1' <Predicate = true> <Delay = 7.71> <Core = "FAddSub">   --->   Core 105 'FAddSub' <Latency = 3> <II = 1> <Delay = 7.71> <FuncUnit> <Opcode : 'fadd' 'fsub'> <InPorts = 2> <OutPorts = 1>
ST_48 : Operation 180 [1/4] (7.71ns)   --->   "%tmp_6 = fsub float %X_I_load_1, %temp_I" [fft_sw.cpp:68]   --->   Operation 180 'fsub' 'tmp_6' <Predicate = true> <Delay = 7.71> <Core = "FAddSub">   --->   Core 105 'FAddSub' <Latency = 3> <II = 1> <Delay = 7.71> <FuncUnit> <Opcode : 'fadd' 'fsub'> <InPorts = 2> <OutPorts = 1>

State 49 <SV = 48> <Delay = 1.35>
ST_49 : Operation 181 [1/1] (1.35ns)   --->   "store float %tmp_1, float* %X_R_addr, align 4" [fft_sw.cpp:67]   --->   Operation 181 'store' <Predicate = true> <Delay = 1.35> <Core = "RAM">   --->   Core 37 'RAM' <Latency = 1> <II = 1> <Delay = 1.35> <Storage> <Opcode : 'load' 'store'> <Ports = 2> <Width = 32> <Depth = 1024> <RAM>
ST_49 : Operation 182 [1/1] (1.35ns)   --->   "store float %tmp_6, float* %X_I_addr, align 4" [fft_sw.cpp:68]   --->   Operation 182 'store' <Predicate = true> <Delay = 1.35> <Core = "RAM">   --->   Core 37 'RAM' <Latency = 1> <II = 1> <Delay = 1.35> <Storage> <Opcode : 'load' 'store'> <Ports = 2> <Width = 32> <Depth = 1024> <RAM>

State 50 <SV = 49> <Delay = 1.35>
ST_50 : Operation 183 [2/2] (1.35ns)   --->   "%X_R_load_2 = load float* %X_R_addr_1, align 4" [fft_sw.cpp:69]   --->   Operation 183 'load' 'X_R_load_2' <Predicate = true> <Delay = 1.35> <Core = "RAM">   --->   Core 37 'RAM' <Latency = 1> <II = 1> <Delay = 1.35> <Storage> <Opcode : 'load' 'store'> <Ports = 2> <Width = 32> <Depth = 1024> <RAM>
ST_50 : Operation 184 [2/2] (1.35ns)   --->   "%X_I_load_2 = load float* %X_I_addr_1, align 4" [fft_sw.cpp:70]   --->   Operation 184 'load' 'X_I_load_2' <Predicate = true> <Delay = 1.35> <Core = "RAM">   --->   Core 37 'RAM' <Latency = 1> <II = 1> <Delay = 1.35> <Storage> <Opcode : 'load' 'store'> <Ports = 2> <Width = 32> <Depth = 1024> <RAM>

State 51 <SV = 50> <Delay = 1.35>
ST_51 : Operation 185 [1/2] (1.35ns)   --->   "%X_R_load_2 = load float* %X_R_addr_1, align 4" [fft_sw.cpp:69]   --->   Operation 185 'load' 'X_R_load_2' <Predicate = true> <Delay = 1.35> <Core = "RAM">   --->   Core 37 'RAM' <Latency = 1> <II = 1> <Delay = 1.35> <Storage> <Opcode : 'load' 'store'> <Ports = 2> <Width = 32> <Depth = 1024> <RAM>
ST_51 : Operation 186 [1/2] (1.35ns)   --->   "%X_I_load_2 = load float* %X_I_addr_1, align 4" [fft_sw.cpp:70]   --->   Operation 186 'load' 'X_I_load_2' <Predicate = true> <Delay = 1.35> <Core = "RAM">   --->   Core 37 'RAM' <Latency = 1> <II = 1> <Delay = 1.35> <Storage> <Opcode : 'load' 'store'> <Ports = 2> <Width = 32> <Depth = 1024> <RAM>

State 52 <SV = 51> <Delay = 7.71>
ST_52 : Operation 187 [4/4] (7.71ns)   --->   "%tmp_10 = fadd float %X_R_load_2, %temp_R" [fft_sw.cpp:69]   --->   Operation 187 'fadd' 'tmp_10' <Predicate = true> <Delay = 7.71> <Core = "FAddSub">   --->   Core 105 'FAddSub' <Latency = 3> <II = 1> <Delay = 7.71> <FuncUnit> <Opcode : 'fadd' 'fsub'> <InPorts = 2> <OutPorts = 1>
ST_52 : Operation 188 [4/4] (7.71ns)   --->   "%tmp_11 = fadd float %X_I_load_2, %temp_I" [fft_sw.cpp:70]   --->   Operation 188 'fadd' 'tmp_11' <Predicate = true> <Delay = 7.71> <Core = "FAddSub">   --->   Core 105 'FAddSub' <Latency = 3> <II = 1> <Delay = 7.71> <FuncUnit> <Opcode : 'fadd' 'fsub'> <InPorts = 2> <OutPorts = 1>

State 53 <SV = 52> <Delay = 7.71>
ST_53 : Operation 189 [3/4] (7.71ns)   --->   "%tmp_10 = fadd float %X_R_load_2, %temp_R" [fft_sw.cpp:69]   --->   Operation 189 'fadd' 'tmp_10' <Predicate = true> <Delay = 7.71> <Core = "FAddSub">   --->   Core 105 'FAddSub' <Latency = 3> <II = 1> <Delay = 7.71> <FuncUnit> <Opcode : 'fadd' 'fsub'> <InPorts = 2> <OutPorts = 1>
ST_53 : Operation 190 [3/4] (7.71ns)   --->   "%tmp_11 = fadd float %X_I_load_2, %temp_I" [fft_sw.cpp:70]   --->   Operation 190 'fadd' 'tmp_11' <Predicate = true> <Delay = 7.71> <Core = "FAddSub">   --->   Core 105 'FAddSub' <Latency = 3> <II = 1> <Delay = 7.71> <FuncUnit> <Opcode : 'fadd' 'fsub'> <InPorts = 2> <OutPorts = 1>

State 54 <SV = 53> <Delay = 7.71>
ST_54 : Operation 191 [2/4] (7.71ns)   --->   "%tmp_10 = fadd float %X_R_load_2, %temp_R" [fft_sw.cpp:69]   --->   Operation 191 'fadd' 'tmp_10' <Predicate = true> <Delay = 7.71> <Core = "FAddSub">   --->   Core 105 'FAddSub' <Latency = 3> <II = 1> <Delay = 7.71> <FuncUnit> <Opcode : 'fadd' 'fsub'> <InPorts = 2> <OutPorts = 1>
ST_54 : Operation 192 [2/4] (7.71ns)   --->   "%tmp_11 = fadd float %X_I_load_2, %temp_I" [fft_sw.cpp:70]   --->   Operation 192 'fadd' 'tmp_11' <Predicate = true> <Delay = 7.71> <Core = "FAddSub">   --->   Core 105 'FAddSub' <Latency = 3> <II = 1> <Delay = 7.71> <FuncUnit> <Opcode : 'fadd' 'fsub'> <InPorts = 2> <OutPorts = 1>

State 55 <SV = 54> <Delay = 7.71>
ST_55 : Operation 193 [1/4] (7.71ns)   --->   "%tmp_10 = fadd float %X_R_load_2, %temp_R" [fft_sw.cpp:69]   --->   Operation 193 'fadd' 'tmp_10' <Predicate = true> <Delay = 7.71> <Core = "FAddSub">   --->   Core 105 'FAddSub' <Latency = 3> <II = 1> <Delay = 7.71> <FuncUnit> <Opcode : 'fadd' 'fsub'> <InPorts = 2> <OutPorts = 1>
ST_55 : Operation 194 [1/4] (7.71ns)   --->   "%tmp_11 = fadd float %X_I_load_2, %temp_I" [fft_sw.cpp:70]   --->   Operation 194 'fadd' 'tmp_11' <Predicate = true> <Delay = 7.71> <Core = "FAddSub">   --->   Core 105 'FAddSub' <Latency = 3> <II = 1> <Delay = 7.71> <FuncUnit> <Opcode : 'fadd' 'fsub'> <InPorts = 2> <OutPorts = 1>

State 56 <SV = 55> <Delay = 1.35>
ST_56 : Operation 195 [1/1] (0.00ns)   --->   "call void (...)* @_ssdm_op_SpecLoopName([9 x i8]* @p_str5) nounwind" [fft_sw.cpp:63]   --->   Operation 195 'specloopname' <Predicate = true> <Delay = 0.00>
ST_56 : Operation 196 [1/1] (0.00ns)   --->   "%tmp_3 = call i32 (...)* @_ssdm_op_SpecRegionBegin([9 x i8]* @p_str5) nounwind" [fft_sw.cpp:63]   --->   Operation 196 'specregionbegin' 'tmp_3' <Predicate = true> <Delay = 0.00>
ST_56 : Operation 197 [1/1] (0.00ns)   --->   "call void (...)* @_ssdm_op_SpecLoopTripCount(i32 512, i32 512, i32 512, [1 x i8]* @p_str1) nounwind" [fft_sw.cpp:64]   --->   Operation 197 'speclooptripcount' <Predicate = true> <Delay = 0.00>
ST_56 : Operation 198 [1/1] (1.35ns)   --->   "store float %tmp_10, float* %X_R_addr_1, align 4" [fft_sw.cpp:69]   --->   Operation 198 'store' <Predicate = true> <Delay = 1.35> <Core = "RAM">   --->   Core 37 'RAM' <Latency = 1> <II = 1> <Delay = 1.35> <Storage> <Opcode : 'load' 'store'> <Ports = 2> <Width = 32> <Depth = 1024> <RAM>
ST_56 : Operation 199 [1/1] (1.35ns)   --->   "store float %tmp_11, float* %X_I_addr_1, align 4" [fft_sw.cpp:70]   --->   Operation 199 'store' <Predicate = true> <Delay = 1.35> <Core = "RAM">   --->   Core 37 'RAM' <Latency = 1> <II = 1> <Delay = 1.35> <Storage> <Opcode : 'load' 'store'> <Ports = 2> <Width = 32> <Depth = 1024> <RAM>
ST_56 : Operation 200 [1/1] (0.00ns)   --->   "%empty = call i32 (...)* @_ssdm_op_SpecRegionEnd([9 x i8]* @p_str5, i32 %tmp_3) nounwind" [fft_sw.cpp:71]   --->   Operation 200 'specregionend' 'empty' <Predicate = true> <Delay = 0.00>
ST_56 : Operation 201 [1/1] (0.00ns)   --->   "br label %3" [fft_sw.cpp:63]   --->   Operation 201 'br' <Predicate = true> <Delay = 0.00>


============================================================
+ Verbose Summary: Timing violations
============================================================
Target clock period: 10ns, clock uncertainty: 1.25ns.

 <State 1>: 0ns
The critical path consists of the following:

 <State 2>: 0.755ns
The critical path consists of the following:
	multiplexor before 'phi' operation ('stage') with incoming values : ('stage', fft_sw.cpp:50) [21]  (0.755 ns)

 <State 3>: 7.81ns
The critical path consists of the following:
	'phi' operation ('stage') with incoming values : ('stage', fft_sw.cpp:50) [21]  (0 ns)
	'shl' operation ('DFTpts', fft_sw.cpp:51) [29]  (0.712 ns)
	'sitodp' operation ('tmp', fft_sw.cpp:53) [33]  (7.1 ns)

 <State 4>: 7.1ns
The critical path consists of the following:
	'sitodp' operation ('tmp', fft_sw.cpp:53) [33]  (7.1 ns)

 <State 5>: 7.1ns
The critical path consists of the following:
	'sitodp' operation ('tmp', fft_sw.cpp:53) [33]  (7.1 ns)

 <State 6>: 7.1ns
The critical path consists of the following:
	'sitodp' operation ('tmp', fft_sw.cpp:53) [33]  (7.1 ns)

 <State 7>: 7.29ns
The critical path consists of the following:
	'ddiv' operation ('tmp_2', fft_sw.cpp:53) [34]  (7.29 ns)

 <State 8>: 7.29ns
The critical path consists of the following:
	'ddiv' operation ('tmp_2', fft_sw.cpp:53) [34]  (7.29 ns)

 <State 9>: 7.29ns
The critical path consists of the following:
	'ddiv' operation ('tmp_2', fft_sw.cpp:53) [34]  (7.29 ns)

 <State 10>: 7.29ns
The critical path consists of the following:
	'ddiv' operation ('tmp_2', fft_sw.cpp:53) [34]  (7.29 ns)

 <State 11>: 7.29ns
The critical path consists of the following:
	'ddiv' operation ('tmp_2', fft_sw.cpp:53) [34]  (7.29 ns)

 <State 12>: 7.29ns
The critical path consists of the following:
	'ddiv' operation ('tmp_2', fft_sw.cpp:53) [34]  (7.29 ns)

 <State 13>: 7.29ns
The critical path consists of the following:
	'ddiv' operation ('tmp_2', fft_sw.cpp:53) [34]  (7.29 ns)

 <State 14>: 7.29ns
The critical path consists of the following:
	'ddiv' operation ('tmp_2', fft_sw.cpp:53) [34]  (7.29 ns)

 <State 15>: 7.29ns
The critical path consists of the following:
	'ddiv' operation ('tmp_2', fft_sw.cpp:53) [34]  (7.29 ns)

 <State 16>: 7.29ns
The critical path consists of the following:
	'ddiv' operation ('tmp_2', fft_sw.cpp:53) [34]  (7.29 ns)

 <State 17>: 7.29ns
The critical path consists of the following:
	'ddiv' operation ('tmp_2', fft_sw.cpp:53) [34]  (7.29 ns)

 <State 18>: 7.29ns
The critical path consists of the following:
	'ddiv' operation ('tmp_2', fft_sw.cpp:53) [34]  (7.29 ns)

 <State 19>: 7.29ns
The critical path consists of the following:
	'ddiv' operation ('tmp_2', fft_sw.cpp:53) [34]  (7.29 ns)

 <State 20>: 7.29ns
The critical path consists of the following:
	'ddiv' operation ('tmp_2', fft_sw.cpp:53) [34]  (7.29 ns)

 <State 21>: 7.29ns
The critical path consists of the following:
	'ddiv' operation ('tmp_2', fft_sw.cpp:53) [34]  (7.29 ns)

 <State 22>: 7.29ns
The critical path consists of the following:
	'ddiv' operation ('tmp_2', fft_sw.cpp:53) [34]  (7.29 ns)

 <State 23>: 7.29ns
The critical path consists of the following:
	'ddiv' operation ('tmp_2', fft_sw.cpp:53) [34]  (7.29 ns)

 <State 24>: 7.29ns
The critical path consists of the following:
	'ddiv' operation ('tmp_2', fft_sw.cpp:53) [34]  (7.29 ns)

 <State 25>: 7.29ns
The critical path consists of the following:
	'ddiv' operation ('tmp_2', fft_sw.cpp:53) [34]  (7.29 ns)

 <State 26>: 7.29ns
The critical path consists of the following:
	'ddiv' operation ('tmp_2', fft_sw.cpp:53) [34]  (7.29 ns)

 <State 27>: 7.29ns
The critical path consists of the following:
	'ddiv' operation ('tmp_2', fft_sw.cpp:53) [34]  (7.29 ns)

 <State 28>: 7.29ns
The critical path consists of the following:
	'ddiv' operation ('tmp_2', fft_sw.cpp:53) [34]  (7.29 ns)

 <State 29>: 3.32ns
The critical path consists of the following:
	'fptrunc' operation ('e', fft_sw.cpp:53) [35]  (3.32 ns)

 <State 30>: 3.32ns
The critical path consists of the following:
	'fptrunc' operation ('e', fft_sw.cpp:53) [35]  (3.32 ns)

 <State 31>: 7.72ns
The critical path consists of the following:
	'phi' operation ('a') with incoming values : ('a', fft_sw.cpp:60) [39]  (0 ns)
	'fadd' operation ('a', fft_sw.cpp:60) [53]  (7.72 ns)

 <State 32>: 7.72ns
The critical path consists of the following:
	'fadd' operation ('a', fft_sw.cpp:60) [53]  (7.72 ns)

 <State 33>: 7.74ns
The critical path consists of the following:
	'call' operation ('tmp_i_i', r:/builds/2020.1/continuous/2020_05_27_2902540/src/products/hls/hls_lib/hlsmath/src/common/hls_hotbm_double.cpp:144->r:/builds/2020.1/continuous/2020_05_27_2902540/src/products/hls/hls_lib/hlsmath/src/c/sincosdouble.cpp:13->fft_sw.cpp:58) to 'sin_or_cos<double>' [49]  (7.74 ns)

 <State 34>: 7.72ns
The critical path consists of the following:
	'fadd' operation ('a', fft_sw.cpp:60) [53]  (7.72 ns)

 <State 35>: 3.32ns
The critical path consists of the following:
	'fptrunc' operation ('c', fft_sw.cpp:58) [50]  (3.32 ns)

 <State 36>: 2.56ns
The critical path consists of the following:
	'phi' operation ('i') with incoming values : ('zext_ln57', fft_sw.cpp:57) ('i', fft_sw.cpp:63) [56]  (0 ns)
	'add' operation ('i_lower', fft_sw.cpp:64) [64]  (1.2 ns)
	'getelementptr' operation ('X_R_addr', fft_sw.cpp:65) [66]  (0 ns)
	'load' operation ('X_R_load', fft_sw.cpp:65) on array 'X_R' [67]  (1.35 ns)

 <State 37>: 1.35ns
The critical path consists of the following:
	'load' operation ('X_R_load', fft_sw.cpp:65) on array 'X_R' [67]  (1.35 ns)

 <State 38>: 8.29ns
The critical path consists of the following:
	'fmul' operation ('tmp_7', fft_sw.cpp:65) [68]  (8.29 ns)

 <State 39>: 8.29ns
The critical path consists of the following:
	'fmul' operation ('tmp_7', fft_sw.cpp:65) [68]  (8.29 ns)

 <State 40>: 8.29ns
The critical path consists of the following:
	'fmul' operation ('tmp_7', fft_sw.cpp:65) [68]  (8.29 ns)

 <State 41>: 7.72ns
The critical path consists of the following:
	'fsub' operation ('temp_R', fft_sw.cpp:65) [72]  (7.72 ns)

 <State 42>: 7.72ns
The critical path consists of the following:
	'fsub' operation ('temp_R', fft_sw.cpp:65) [72]  (7.72 ns)

 <State 43>: 7.72ns
The critical path consists of the following:
	'fsub' operation ('temp_R', fft_sw.cpp:65) [72]  (7.72 ns)

 <State 44>: 7.72ns
The critical path consists of the following:
	'fsub' operation ('temp_R', fft_sw.cpp:65) [72]  (7.72 ns)

 <State 45>: 7.72ns
The critical path consists of the following:
	'fsub' operation ('tmp_1', fft_sw.cpp:67) [79]  (7.72 ns)

 <State 46>: 7.72ns
The critical path consists of the following:
	'fsub' operation ('tmp_1', fft_sw.cpp:67) [79]  (7.72 ns)

 <State 47>: 7.72ns
The critical path consists of the following:
	'fsub' operation ('tmp_1', fft_sw.cpp:67) [79]  (7.72 ns)

 <State 48>: 7.72ns
The critical path consists of the following:
	'fsub' operation ('tmp_1', fft_sw.cpp:67) [79]  (7.72 ns)

 <State 49>: 1.35ns
The critical path consists of the following:
	'store' operation ('store_ln67', fft_sw.cpp:67) of variable 'tmp_1', fft_sw.cpp:67 on array 'X_R' [80]  (1.35 ns)

 <State 50>: 1.35ns
The critical path consists of the following:
	'load' operation ('X_R_load_2', fft_sw.cpp:69) on array 'X_R' [85]  (1.35 ns)

 <State 51>: 1.35ns
The critical path consists of the following:
	'load' operation ('X_R_load_2', fft_sw.cpp:69) on array 'X_R' [85]  (1.35 ns)

 <State 52>: 7.72ns
The critical path consists of the following:
	'fadd' operation ('tmp_10', fft_sw.cpp:69) [86]  (7.72 ns)

 <State 53>: 7.72ns
The critical path consists of the following:
	'fadd' operation ('tmp_10', fft_sw.cpp:69) [86]  (7.72 ns)

 <State 54>: 7.72ns
The critical path consists of the following:
	'fadd' operation ('tmp_10', fft_sw.cpp:69) [86]  (7.72 ns)

 <State 55>: 7.72ns
The critical path consists of the following:
	'fadd' operation ('tmp_10', fft_sw.cpp:69) [86]  (7.72 ns)

 <State 56>: 1.35ns
The critical path consists of the following:
	'store' operation ('store_ln69', fft_sw.cpp:69) of variable 'tmp_10', fft_sw.cpp:69 on array 'X_R' [87]  (1.35 ns)


============================================================
+ Verbose Summary: Binding
============================================================
N/A
* FSMD analyzer results:
  - Output states:
 - Input state : 
  - Chain level:
	State 1
	State 2
	State 3
	State 4
	State 5
	State 6
	State 7
	State 8
	State 9
	State 10
	State 11
	State 12
	State 13
	State 14
	State 15
	State 16
	State 17
	State 18
	State 19
	State 20
	State 21
	State 22
	State 23
	State 24
	State 25
	State 26
	State 27
	State 28
	State 29
	State 30
	State 31
	State 32
	State 33
	State 34
	State 35
	State 36
	State 37
	State 38
	State 39
	State 40
	State 41
	State 42
	State 43
	State 44
	State 45
	State 46
	State 47
	State 48
	State 49
	State 50
	State 51
	State 52
	State 53
	State 54
	State 55
	State 56


============================================================
+ Verbose Summary: Datapath Resource usage 
============================================================
N/A
