

================================================================
== Vivado HLS Report for 'cordic'
================================================================
* Date:           Thu Jun 15 00:37:09 2023

* Version:        2020.1 (Build 2897737 on Wed May 27 20:21:37 MDT 2020)
* Project:        cordic_optimized_prj
* Solution:       unroll_complete
* Product family: zynquplus
* Target device:  xqzu5ev-ffrb900-1-i


================================================================
== Performance Estimates
================================================================
+ Timing: 
    * Summary: 
    +--------+----------+----------+------------+
    |  Clock |  Target  | Estimated| Uncertainty|
    +--------+----------+----------+------------+
    |ap_clk  | 10.00 ns | 8.619 ns |   1.25 ns  |
    +--------+----------+----------+------------+

+ Latency: 
    * Summary: 
    +---------+---------+-----------+-----------+-----+-----+---------+
    |  Latency (cycles) |   Latency (absolute)  |  Interval | Pipeline|
    |   min   |   max   |    min    |    max    | min | max |   Type  |
    +---------+---------+-----------+-----------+-----+-----+---------+
    |        5|        5| 50.000 ns | 50.000 ns |    5|    5|   none  |
    +---------+---------+-----------+-----------+-----+-----+---------+

    + Detail: 
        * Instance: 
        N/A

        * Loop: 
        N/A



================================================================
== Utilization Estimates
================================================================
* Summary: 
+-----------------+---------+-------+--------+--------+-----+
|       Name      | BRAM_18K| DSP48E|   FF   |   LUT  | URAM|
+-----------------+---------+-------+--------+--------+-----+
|DSP              |        -|      -|       -|       -|    -|
|Expression       |        -|      -|       0|    3582|    -|
|FIFO             |        -|      -|       -|       -|    -|
|Instance         |        -|      -|       -|       -|    -|
|Memory           |        -|      -|       -|       -|    -|
|Multiplexer      |        -|      -|       -|      38|    -|
|Register         |        -|      -|     161|       -|    -|
+-----------------+---------+-------+--------+--------+-----+
|Total            |        0|      0|     161|    3620|    0|
+-----------------+---------+-------+--------+--------+-----+
|Available        |      288|   1248|  234240|  117120|   64|
+-----------------+---------+-------+--------+--------+-----+
|Utilization (%)  |        0|      0|   ~0   |       3|    0|
+-----------------+---------+-------+--------+--------+-----+

+ Detail: 
    * Instance: 
    N/A

    * DSP48E: 
    N/A

    * Memory: 
    N/A

    * FIFO: 
    N/A

    * Expression: 
    +-----------------------------+----------+-------+---+----+------------+------------+
    |        Variable Name        | Operation| DSP48E| FF| LUT| Bitwidth P0| Bitwidth P1|
    +-----------------------------+----------+-------+---+----+------------+------------+
    |add_ln1496_10_fu_755_p2      |     +    |      0|  0|  20|           5|          12|
    |add_ln1496_11_fu_760_p2      |     +    |      0|  0|  20|          12|          12|
    |add_ln1496_12_fu_858_p2      |     +    |      0|  0|  20|           4|          12|
    |add_ln1496_13_fu_864_p2      |     +    |      0|  0|  20|          12|          12|
    |add_ln1496_14_fu_962_p2      |     +    |      0|  0|  20|           3|          12|
    |add_ln1496_15_fu_968_p2      |     +    |      0|  0|  20|          12|          12|
    |add_ln1496_16_fu_1066_p2     |     +    |      0|  0|  20|           2|          12|
    |add_ln1496_17_fu_1072_p2     |     +    |      0|  0|  20|          12|          12|
    |add_ln1496_1_fu_246_p2       |     +    |      0|  0|  20|          12|          12|
    |add_ln1496_2_fu_348_p2       |     +    |      0|  0|  20|           9|          12|
    |add_ln1496_3_fu_354_p2       |     +    |      0|  0|  20|          12|          12|
    |add_ln1496_4_fu_452_p2       |     +    |      0|  0|  20|           8|          12|
    |add_ln1496_5_fu_458_p2       |     +    |      0|  0|  20|          12|          12|
    |add_ln1496_6_fu_556_p2       |     +    |      0|  0|  20|           7|          12|
    |add_ln1496_7_fu_562_p2       |     +    |      0|  0|  20|          12|          12|
    |add_ln1496_8_fu_660_p2       |     +    |      0|  0|  20|           6|          12|
    |add_ln1496_9_fu_666_p2       |     +    |      0|  0|  20|          12|          12|
    |add_ln1496_fu_240_p2         |     +    |      0|  0|  20|          10|          12|
    |add_ln24_fu_154_p2           |     +    |      0|  0|  19|          12|          12|
    |add_ln703_10_fu_808_p2       |     +    |      0|  0|  19|          12|          12|
    |add_ln703_11_fu_814_p2       |     +    |      0|  0|  19|          12|          12|
    |add_ln703_12_fu_912_p2       |     +    |      0|  0|  19|          12|          12|
    |add_ln703_13_fu_918_p2       |     +    |      0|  0|  19|          12|          12|
    |add_ln703_14_fu_1016_p2      |     +    |      0|  0|  19|          12|          12|
    |add_ln703_15_fu_1022_p2      |     +    |      0|  0|  19|          12|          12|
    |add_ln703_16_fu_1120_p2      |     +    |      0|  0|  19|          12|          12|
    |add_ln703_17_fu_1126_p2      |     +    |      0|  0|  19|          12|          12|
    |add_ln703_18_fu_1192_p2      |     +    |      0|  0|  19|          12|          12|
    |add_ln703_19_fu_1198_p2      |     +    |      0|  0|  19|          12|          12|
    |add_ln703_1_fu_300_p2        |     +    |      0|  0|  18|          11|          11|
    |add_ln703_20_fu_1261_p2      |     +    |      0|  0|  19|          12|          12|
    |add_ln703_21_fu_1266_p2      |     +    |      0|  0|  19|          12|          12|
    |add_ln703_22_fu_1328_p2      |     +    |      0|  0|  19|          12|          12|
    |add_ln703_23_fu_1334_p2      |     +    |      0|  0|  19|          12|          12|
    |add_ln703_24_fu_1398_p2      |     +    |      0|  0|  19|          12|          12|
    |add_ln703_25_fu_1404_p2      |     +    |      0|  0|  19|          12|          12|
    |add_ln703_26_fu_1468_p2      |     +    |      0|  0|  19|          12|          12|
    |add_ln703_27_fu_1474_p2      |     +    |      0|  0|  19|          12|          12|
    |add_ln703_28_fu_1538_p2      |     +    |      0|  0|  19|          12|          12|
    |add_ln703_29_fu_1544_p2      |     +    |      0|  0|  19|          12|          12|
    |add_ln703_2_fu_402_p2        |     +    |      0|  0|  19|          12|          12|
    |add_ln703_30_fu_1605_p2      |     +    |      0|  0|  19|          12|          12|
    |add_ln703_31_fu_1610_p2      |     +    |      0|  0|  19|          12|          12|
    |add_ln703_32_fu_1672_p2      |     +    |      0|  0|  19|          12|          12|
    |add_ln703_33_fu_1678_p2      |     +    |      0|  0|  19|          12|          12|
    |add_ln703_34_fu_1742_p2      |     +    |      0|  0|  19|          12|          12|
    |add_ln703_35_fu_1748_p2      |     +    |      0|  0|  19|          12|          12|
    |add_ln703_36_fu_1812_p2      |     +    |      0|  0|  19|          12|          12|
    |add_ln703_37_fu_1818_p2      |     +    |      0|  0|  19|          12|          12|
    |add_ln703_38_fu_1882_p2      |     +    |      0|  0|  19|          12|          12|
    |add_ln703_39_fu_1888_p2      |     +    |      0|  0|  19|          12|          12|
    |add_ln703_3_fu_408_p2        |     +    |      0|  0|  19|          12|          12|
    |add_ln703_40_fu_1949_p2      |     +    |      0|  0|  19|          12|          12|
    |add_ln703_41_fu_1954_p2      |     +    |      0|  0|  19|          12|          12|
    |add_ln703_42_fu_2016_p2      |     +    |      0|  0|  19|          12|          12|
    |add_ln703_43_fu_2022_p2      |     +    |      0|  0|  19|          12|          12|
    |add_ln703_44_fu_2086_p2      |     +    |      0|  0|  19|          12|          12|
    |add_ln703_45_fu_2092_p2      |     +    |      0|  0|  19|          12|          12|
    |add_ln703_46_fu_2156_p2      |     +    |      0|  0|  19|          12|          12|
    |add_ln703_47_fu_2162_p2      |     +    |      0|  0|  19|          12|          12|
    |add_ln703_48_fu_2226_p2      |     +    |      0|  0|  19|          12|          12|
    |add_ln703_49_fu_2232_p2      |     +    |      0|  0|  19|          12|          12|
    |add_ln703_4_fu_506_p2        |     +    |      0|  0|  19|          12|          12|
    |add_ln703_50_fu_2293_p2      |     +    |      0|  0|  19|          12|          12|
    |add_ln703_51_fu_2298_p2      |     +    |      0|  0|  19|          12|          12|
    |add_ln703_52_fu_2360_p2      |     +    |      0|  0|  19|          12|          12|
    |add_ln703_53_fu_2366_p2      |     +    |      0|  0|  19|          12|          12|
    |add_ln703_54_fu_2430_p2      |     +    |      0|  0|  19|          12|          12|
    |add_ln703_55_fu_2436_p2      |     +    |      0|  0|  19|          12|          12|
    |add_ln703_56_fu_2500_p2      |     +    |      0|  0|  19|          12|          12|
    |add_ln703_57_fu_2506_p2      |     +    |      0|  0|  19|          12|          12|
    |add_ln703_58_fu_2570_p2      |     +    |      0|  0|  19|          12|          12|
    |add_ln703_59_fu_2576_p2      |     +    |      0|  0|  19|          12|          12|
    |add_ln703_5_fu_512_p2        |     +    |      0|  0|  19|          12|          12|
    |add_ln703_6_fu_610_p2        |     +    |      0|  0|  19|          12|          12|
    |add_ln703_7_fu_616_p2        |     +    |      0|  0|  19|          12|          12|
    |add_ln703_8_fu_719_p2        |     +    |      0|  0|  19|          12|          12|
    |add_ln703_9_fu_724_p2        |     +    |      0|  0|  19|          12|          12|
    |add_ln703_fu_294_p2          |     +    |      0|  0|  19|          12|          12|
    |sub_ln703_10_fu_802_p2       |     -    |      0|  0|  19|          12|          12|
    |sub_ln703_11_fu_820_p2       |     -    |      0|  0|  19|          12|          12|
    |sub_ln703_12_fu_906_p2       |     -    |      0|  0|  19|          12|          12|
    |sub_ln703_13_fu_924_p2       |     -    |      0|  0|  19|          12|          12|
    |sub_ln703_14_fu_1010_p2      |     -    |      0|  0|  19|          12|          12|
    |sub_ln703_15_fu_1028_p2      |     -    |      0|  0|  19|          12|          12|
    |sub_ln703_16_fu_1114_p2      |     -    |      0|  0|  19|          12|          12|
    |sub_ln703_17_fu_1132_p2      |     -    |      0|  0|  19|          12|          12|
    |sub_ln703_18_fu_1186_p2      |     -    |      0|  0|  19|          12|          12|
    |sub_ln703_19_fu_1204_p2      |     -    |      0|  0|  19|          12|          12|
    |sub_ln703_1_fu_306_p2        |     -    |      0|  0|  19|          12|          12|
    |sub_ln703_20_fu_1256_p2      |     -    |      0|  0|  19|          12|          12|
    |sub_ln703_21_fu_1271_p2      |     -    |      0|  0|  19|          12|          12|
    |sub_ln703_22_fu_1322_p2      |     -    |      0|  0|  19|          12|          12|
    |sub_ln703_23_fu_1340_p2      |     -    |      0|  0|  19|          12|          12|
    |sub_ln703_24_fu_1392_p2      |     -    |      0|  0|  19|          12|          12|
    |sub_ln703_25_fu_1410_p2      |     -    |      0|  0|  19|          12|          12|
    |sub_ln703_26_fu_1462_p2      |     -    |      0|  0|  19|          12|          12|
    |sub_ln703_27_fu_1480_p2      |     -    |      0|  0|  19|          12|          12|
    |sub_ln703_28_fu_1532_p2      |     -    |      0|  0|  19|          12|          12|
    |sub_ln703_29_fu_1550_p2      |     -    |      0|  0|  19|          12|          12|
    |sub_ln703_2_fu_396_p2        |     -    |      0|  0|  19|          12|          12|
    |sub_ln703_30_fu_1600_p2      |     -    |      0|  0|  19|          12|          12|
    |sub_ln703_31_fu_1615_p2      |     -    |      0|  0|  19|          12|          12|
    |sub_ln703_32_fu_1666_p2      |     -    |      0|  0|  19|          12|          12|
    |sub_ln703_33_fu_1684_p2      |     -    |      0|  0|  19|          12|          12|
    |sub_ln703_34_fu_1736_p2      |     -    |      0|  0|  19|          12|          12|
    |sub_ln703_35_fu_1754_p2      |     -    |      0|  0|  19|          12|          12|
    |sub_ln703_36_fu_1806_p2      |     -    |      0|  0|  19|          12|          12|
    |sub_ln703_37_fu_1824_p2      |     -    |      0|  0|  19|          12|          12|
    |sub_ln703_38_fu_1876_p2      |     -    |      0|  0|  19|          12|          12|
    |sub_ln703_39_fu_1894_p2      |     -    |      0|  0|  19|          12|          12|
    |sub_ln703_3_fu_414_p2        |     -    |      0|  0|  19|          12|          12|
    |sub_ln703_40_fu_1944_p2      |     -    |      0|  0|  19|          12|          12|
    |sub_ln703_41_fu_1959_p2      |     -    |      0|  0|  19|          12|          12|
    |sub_ln703_42_fu_2010_p2      |     -    |      0|  0|  19|          12|          12|
    |sub_ln703_43_fu_2028_p2      |     -    |      0|  0|  19|          12|          12|
    |sub_ln703_44_fu_2080_p2      |     -    |      0|  0|  19|          12|          12|
    |sub_ln703_45_fu_2098_p2      |     -    |      0|  0|  19|          12|          12|
    |sub_ln703_46_fu_2150_p2      |     -    |      0|  0|  19|          12|          12|
    |sub_ln703_47_fu_2168_p2      |     -    |      0|  0|  19|          12|          12|
    |sub_ln703_48_fu_2220_p2      |     -    |      0|  0|  19|          12|          12|
    |sub_ln703_49_fu_2238_p2      |     -    |      0|  0|  19|          12|          12|
    |sub_ln703_4_fu_500_p2        |     -    |      0|  0|  19|          12|          12|
    |sub_ln703_50_fu_2288_p2      |     -    |      0|  0|  19|          12|          12|
    |sub_ln703_51_fu_2303_p2      |     -    |      0|  0|  19|          12|          12|
    |sub_ln703_52_fu_2354_p2      |     -    |      0|  0|  19|          12|          12|
    |sub_ln703_53_fu_2372_p2      |     -    |      0|  0|  19|          12|          12|
    |sub_ln703_54_fu_2424_p2      |     -    |      0|  0|  19|          12|          12|
    |sub_ln703_55_fu_2442_p2      |     -    |      0|  0|  19|          12|          12|
    |sub_ln703_56_fu_2494_p2      |     -    |      0|  0|  19|          12|          12|
    |sub_ln703_57_fu_2512_p2      |     -    |      0|  0|  19|          12|          12|
    |sub_ln703_58_fu_2564_p2      |     -    |      0|  0|  19|          12|          12|
    |sub_ln703_59_fu_2582_p2      |     -    |      0|  0|  19|          12|          12|
    |sub_ln703_5_fu_518_p2        |     -    |      0|  0|  19|          12|          12|
    |sub_ln703_6_fu_604_p2        |     -    |      0|  0|  19|          12|          12|
    |sub_ln703_7_fu_622_p2        |     -    |      0|  0|  19|          12|          12|
    |sub_ln703_8_fu_714_p2        |     -    |      0|  0|  19|          12|          12|
    |sub_ln703_9_fu_729_p2        |     -    |      0|  0|  19|          12|          12|
    |sub_ln703_fu_288_p2          |     -    |      0|  0|  18|          11|          11|
    |c_V                          |  select  |      0|  0|  12|           1|          12|
    |s_V                          |  select  |      0|  0|  12|           1|          12|
    |select_ln1333_1_fu_1798_p3   |  select  |      0|  0|   2|           1|           2|
    |select_ln1333_fu_1782_p3     |  select  |      0|  0|   2|           1|           2|
    |select_ln1371_10_fu_1508_p3  |  select  |      0|  0|   2|           1|           2|
    |select_ln1371_11_fu_1524_p3  |  select  |      0|  0|   2|           1|           2|
    |select_ln1371_12_fu_1586_p3  |  select  |      0|  0|   2|           1|           2|
    |select_ln1371_13_fu_1593_p3  |  select  |      0|  0|   2|           1|           2|
    |select_ln1371_14_fu_1642_p3  |  select  |      0|  0|   2|           1|           2|
    |select_ln1371_15_fu_1658_p3  |  select  |      0|  0|   2|           1|           2|
    |select_ln1371_16_fu_1712_p3  |  select  |      0|  0|   2|           1|           2|
    |select_ln1371_17_fu_1728_p3  |  select  |      0|  0|   2|           1|           2|
    |select_ln1371_18_fu_1852_p3  |  select  |      0|  0|   2|           1|           2|
    |select_ln1371_19_fu_1868_p3  |  select  |      0|  0|   2|           1|           2|
    |select_ln1371_1_fu_1178_p3   |  select  |      0|  0|   2|           1|           2|
    |select_ln1371_20_fu_1930_p3  |  select  |      0|  0|   2|           1|           2|
    |select_ln1371_21_fu_1937_p3  |  select  |      0|  0|   2|           1|           2|
    |select_ln1371_22_fu_1986_p3  |  select  |      0|  0|   2|           1|           2|
    |select_ln1371_23_fu_2002_p3  |  select  |      0|  0|   2|           1|           2|
    |select_ln1371_24_fu_2056_p3  |  select  |      0|  0|   2|           1|           2|
    |select_ln1371_25_fu_2072_p3  |  select  |      0|  0|   2|           1|           2|
    |select_ln1371_26_fu_2126_p3  |  select  |      0|  0|   2|           1|           2|
    |select_ln1371_27_fu_2142_p3  |  select  |      0|  0|   2|           1|           2|
    |select_ln1371_28_fu_2196_p3  |  select  |      0|  0|   2|           1|           2|
    |select_ln1371_29_fu_2212_p3  |  select  |      0|  0|   2|           1|           2|
    |select_ln1371_2_fu_1242_p3   |  select  |      0|  0|   2|           1|           2|
    |select_ln1371_30_fu_2274_p3  |  select  |      0|  0|   2|           1|           2|
    |select_ln1371_31_fu_2281_p3  |  select  |      0|  0|   2|           1|           2|
    |select_ln1371_32_fu_2330_p3  |  select  |      0|  0|   2|           1|           2|
    |select_ln1371_33_fu_2346_p3  |  select  |      0|  0|   2|           1|           2|
    |select_ln1371_34_fu_2400_p3  |  select  |      0|  0|   2|           1|           2|
    |select_ln1371_35_fu_2416_p3  |  select  |      0|  0|   2|           1|           2|
    |select_ln1371_36_fu_2470_p3  |  select  |      0|  0|   2|           1|           2|
    |select_ln1371_37_fu_2486_p3  |  select  |      0|  0|   2|           1|           2|
    |select_ln1371_38_fu_2540_p3  |  select  |      0|  0|   2|           1|           2|
    |select_ln1371_39_fu_2556_p3  |  select  |      0|  0|   2|           1|           2|
    |select_ln1371_3_fu_1249_p3   |  select  |      0|  0|   2|           1|           2|
    |select_ln1371_4_fu_1298_p3   |  select  |      0|  0|   2|           1|           2|
    |select_ln1371_5_fu_1314_p3   |  select  |      0|  0|   2|           1|           2|
    |select_ln1371_6_fu_1368_p3   |  select  |      0|  0|   2|           1|           2|
    |select_ln1371_7_fu_1384_p3   |  select  |      0|  0|   2|           1|           2|
    |select_ln1371_8_fu_1438_p3   |  select  |      0|  0|   2|           1|           2|
    |select_ln1371_9_fu_1454_p3   |  select  |      0|  0|   2|           1|           2|
    |select_ln1371_fu_1162_p3     |  select  |      0|  0|   2|           1|           2|
    |select_ln1496_10_fu_532_p3   |  select  |      0|  0|  12|           1|          12|
    |select_ln1496_11_fu_548_p3   |  select  |      0|  0|   7|           1|           7|
    |select_ln1496_12_fu_628_p3   |  select  |      0|  0|  12|           1|          12|
    |select_ln1496_13_fu_636_p3   |  select  |      0|  0|  12|           1|          12|
    |select_ln1496_14_fu_652_p3   |  select  |      0|  0|   6|           1|           6|
    |select_ln1496_15_fu_734_p3   |  select  |      0|  0|  12|           1|          12|
    |select_ln1496_16_fu_741_p3   |  select  |      0|  0|  12|           1|          12|
    |select_ln1496_17_fu_748_p3   |  select  |      0|  0|   5|           1|           5|
    |select_ln1496_18_fu_826_p3   |  select  |      0|  0|  12|           1|          12|
    |select_ln1496_19_fu_834_p3   |  select  |      0|  0|  12|           1|          12|
    |select_ln1496_1_fu_212_p3    |  select  |      0|  0|   9|           1|          10|
    |select_ln1496_20_fu_850_p3   |  select  |      0|  0|   4|           1|           4|
    |select_ln1496_21_fu_930_p3   |  select  |      0|  0|  12|           1|          12|
    |select_ln1496_22_fu_938_p3   |  select  |      0|  0|  12|           1|          12|
    |select_ln1496_23_fu_954_p3   |  select  |      0|  0|   3|           1|           3|
    |select_ln1496_24_fu_1034_p3  |  select  |      0|  0|  12|           1|          12|
    |select_ln1496_25_fu_1042_p3  |  select  |      0|  0|  12|           1|          12|
    |select_ln1496_26_fu_1058_p3  |  select  |      0|  0|   2|           1|           2|
    |select_ln1496_27_fu_1138_p3  |  select  |      0|  0|  12|           1|          12|
    |select_ln1496_28_fu_1146_p3  |  select  |      0|  0|  12|           1|          12|
    |select_ln1496_29_fu_1210_p3  |  select  |      0|  0|  12|           1|          12|
    |select_ln1496_2_fu_232_p3    |  select  |      0|  0|   9|           1|          10|
    |select_ln1496_30_fu_1218_p3  |  select  |      0|  0|  12|           1|          12|
    |select_ln1496_31_fu_1276_p3  |  select  |      0|  0|  12|           1|          12|
    |select_ln1496_32_fu_1283_p3  |  select  |      0|  0|  12|           1|          12|
    |select_ln1496_33_fu_1346_p3  |  select  |      0|  0|  12|           1|          12|
    |select_ln1496_34_fu_1353_p3  |  select  |      0|  0|  12|           1|          12|
    |select_ln1496_35_fu_1416_p3  |  select  |      0|  0|  12|           1|          12|
    |select_ln1496_36_fu_1423_p3  |  select  |      0|  0|  12|           1|          12|
    |select_ln1496_37_fu_1486_p3  |  select  |      0|  0|  12|           1|          12|
    |select_ln1496_38_fu_1493_p3  |  select  |      0|  0|  12|           1|          12|
    |select_ln1496_39_fu_1556_p3  |  select  |      0|  0|  12|           1|          12|
    |select_ln1496_3_fu_312_p3    |  select  |      0|  0|  12|           1|          12|
    |select_ln1496_40_fu_1563_p3  |  select  |      0|  0|  12|           1|          12|
    |select_ln1496_41_fu_1620_p3  |  select  |      0|  0|  12|           1|          12|
    |select_ln1496_42_fu_1627_p3  |  select  |      0|  0|  12|           1|          12|
    |select_ln1496_43_fu_1690_p3  |  select  |      0|  0|  12|           1|          12|
    |select_ln1496_44_fu_1697_p3  |  select  |      0|  0|  12|           1|          12|
    |select_ln1496_45_fu_1760_p3  |  select  |      0|  0|  12|           1|          12|
    |select_ln1496_46_fu_1767_p3  |  select  |      0|  0|  12|           1|          12|
    |select_ln1496_47_fu_1830_p3  |  select  |      0|  0|  12|           1|          12|
    |select_ln1496_48_fu_1837_p3  |  select  |      0|  0|  12|           1|          12|
    |select_ln1496_49_fu_1900_p3  |  select  |      0|  0|  12|           1|          12|
    |select_ln1496_4_fu_320_p3    |  select  |      0|  0|  11|           1|          11|
    |select_ln1496_50_fu_1907_p3  |  select  |      0|  0|  12|           1|          12|
    |select_ln1496_51_fu_1964_p3  |  select  |      0|  0|  12|           1|          12|
    |select_ln1496_52_fu_1971_p3  |  select  |      0|  0|  12|           1|          12|
    |select_ln1496_53_fu_2034_p3  |  select  |      0|  0|  12|           1|          12|
    |select_ln1496_54_fu_2041_p3  |  select  |      0|  0|  12|           1|          12|
    |select_ln1496_55_fu_2104_p3  |  select  |      0|  0|  12|           1|          12|
    |select_ln1496_56_fu_2111_p3  |  select  |      0|  0|  12|           1|          12|
    |select_ln1496_57_fu_2174_p3  |  select  |      0|  0|  12|           1|          12|
    |select_ln1496_58_fu_2181_p3  |  select  |      0|  0|  12|           1|          12|
    |select_ln1496_59_fu_2244_p3  |  select  |      0|  0|  12|           1|          12|
    |select_ln1496_5_fu_340_p3    |  select  |      0|  0|   9|           1|           9|
    |select_ln1496_60_fu_2251_p3  |  select  |      0|  0|  12|           1|          12|
    |select_ln1496_61_fu_2308_p3  |  select  |      0|  0|  12|           1|          12|
    |select_ln1496_62_fu_2315_p3  |  select  |      0|  0|  12|           1|          12|
    |select_ln1496_63_fu_2378_p3  |  select  |      0|  0|  12|           1|          12|
    |select_ln1496_64_fu_2385_p3  |  select  |      0|  0|  12|           1|          12|
    |select_ln1496_65_fu_2448_p3  |  select  |      0|  0|  12|           1|          12|
    |select_ln1496_66_fu_2455_p3  |  select  |      0|  0|  12|           1|          12|
    |select_ln1496_67_fu_2518_p3  |  select  |      0|  0|  12|           1|          12|
    |select_ln1496_68_fu_2525_p3  |  select  |      0|  0|  12|           1|          12|
    |select_ln1496_6_fu_420_p3    |  select  |      0|  0|  12|           1|          12|
    |select_ln1496_7_fu_428_p3    |  select  |      0|  0|  12|           1|          12|
    |select_ln1496_8_fu_444_p3    |  select  |      0|  0|   8|           1|           8|
    |select_ln1496_9_fu_524_p3    |  select  |      0|  0|  12|           1|          12|
    |select_ln1496_fu_200_p3      |  select  |      0|  0|  11|           1|          11|
    |select_ln24_fu_146_p3        |  select  |      0|  0|  11|           1|          10|
    |select_ln703_1_fu_176_p3     |  select  |      0|  0|   9|           1|          10|
    |select_ln703_2_fu_184_p3     |  select  |      0|  0|   9|           1|           9|
    |select_ln703_3_fu_192_p3     |  select  |      0|  0|  11|           1|          11|
    |select_ln703_fu_168_p3       |  select  |      0|  0|   9|           1|           8|
    +-----------------------------+----------+-------+---+----+------------+------------+
    |Total                        |          |      0|  0|3582|        1730|        2592|
    +-----------------------------+----------+-------+---+----+------------+------------+

    * Multiplexer: 
    +-----------+----+-----------+-----+-----------+
    |    Name   | LUT| Input Size| Bits| Total Bits|
    +-----------+----+-----------+-----+-----------+
    |ap_NS_fsm  |  38|          7|    1|          7|
    +-----------+----+-----------+-----+-----------+
    |Total      |  38|          7|    1|          7|
    +-----------+----+-----------+-----+-----------+

    * Register: 
    +---------------------------+----+----+-----+-----------+
    |            Name           | FF | LUT| Bits| Const Bits|
    +---------------------------+----+----+-----+-----------+
    |add_ln1496_9_reg_2616      |  12|   0|   12|          0|
    |ap_CS_fsm                  |   6|   0|    6|          0|
    |select_ln1496_12_reg_2604  |  12|   0|   12|          0|
    |select_ln1496_13_reg_2610  |  12|   0|   12|          0|
    |select_ln1496_29_reg_2686  |  12|   0|   12|          0|
    |select_ln1496_30_reg_2692  |  12|   0|   12|          0|
    |select_ln1496_39_reg_2708  |  12|   0|   12|          0|
    |select_ln1496_40_reg_2714  |  12|   0|   12|          0|
    |select_ln1496_49_reg_2730  |  12|   0|   12|          0|
    |select_ln1496_50_reg_2736  |  12|   0|   12|          0|
    |select_ln1496_59_reg_2752  |  12|   0|   12|          0|
    |select_ln1496_60_reg_2758  |  12|   0|   12|          0|
    |tmp_13_reg_2631            |   1|   0|    1|          0|
    |tmp_14_reg_2637            |   1|   0|    1|          0|
    |tmp_21_reg_2642            |   1|   0|    1|          0|
    |tmp_24_reg_2698            |   1|   0|    1|          0|
    |tmp_25_reg_2703            |   1|   0|    1|          0|
    |tmp_34_reg_2720            |   1|   0|    1|          0|
    |tmp_35_reg_2725            |   1|   0|    1|          0|
    |tmp_44_reg_2742            |   1|   0|    1|          0|
    |tmp_45_reg_2747            |   1|   0|    1|          0|
    |tmp_54_reg_2764            |   1|   0|    1|          0|
    |tmp_55_reg_2769            |   1|   0|    1|          0|
    |trunc_ln1333_7_reg_2621    |   6|   0|    6|          0|
    |trunc_ln1333_8_reg_2626    |   6|   0|    6|          0|
    +---------------------------+----+----+-----+-----------+
    |Total                      | 161|   0|  161|          0|
    +---------------------------+----+----+-----+-----------+



================================================================
== Interface
================================================================
* Summary: 
+------------+-----+-----+------------+--------------+--------------+
|  RTL Ports | Dir | Bits|  Protocol  | Source Object|    C Type    |
+------------+-----+-----+------------+--------------+--------------+
|ap_clk      |  in |    1| ap_ctrl_hs |    cordic    | return value |
|ap_rst      |  in |    1| ap_ctrl_hs |    cordic    | return value |
|ap_start    |  in |    1| ap_ctrl_hs |    cordic    | return value |
|ap_done     | out |    1| ap_ctrl_hs |    cordic    | return value |
|ap_idle     | out |    1| ap_ctrl_hs |    cordic    | return value |
|ap_ready    | out |    1| ap_ctrl_hs |    cordic    | return value |
|theta_V     |  in |   12|   ap_none  |    theta_V   |    scalar    |
|s_V         | out |   12|   ap_vld   |      s_V     |    pointer   |
|s_V_ap_vld  | out |    1|   ap_vld   |      s_V     |    pointer   |
|c_V         | out |   12|   ap_vld   |      c_V     |    pointer   |
|c_V_ap_vld  | out |    1|   ap_vld   |      c_V     |    pointer   |
+------------+-----+-----+------------+--------------+--------------+

