

================================================================
== Vivado HLS Report for 'fir'
================================================================
* Date:           Wed Jun  7 17:35:31 2023

* Version:        2020.1 (Build 2897737 on Wed May 27 20:21:37 MDT 2020)
* Project:        sec2_6
* Solution:       new_ifelse
* Product family: zynquplus
* Target device:  xqzu5ev-ffrb900-1-i


================================================================
== Performance Estimates
================================================================
+ Timing: 
    * Summary: 
    +--------+----------+----------+------------+
    |  Clock |  Target  | Estimated| Uncertainty|
    +--------+----------+----------+------------+
    |ap_clk  | 10.00 ns | 6.435 ns |   1.25 ns  |
    +--------+----------+----------+------------+

+ Latency: 
    * Summary: 
    +---------+---------+----------+----------+-----+-----+---------+
    |  Latency (cycles) |  Latency (absolute) |  Interval | Pipeline|
    |   min   |   max   |    min   |    max   | min | max |   Type  |
    +---------+---------+----------+----------+-----+-----+---------+
    |       21|       21| 0.210 us | 0.210 us |   21|   21|   none  |
    +---------+---------+----------+----------+-----+-----+---------+

    + Detail: 
        * Instance: 
        N/A

        * Loop: 
        +--------------------+---------+---------+----------+-----------+-----------+------+----------+
        |                    |  Latency (cycles) | Iteration|  Initiation Interval  | Trip |          |
        |      Loop Name     |   min   |   max   |  Latency |  achieved |   target  | Count| Pipelined|
        +--------------------+---------+---------+----------+-----------+-----------+------+----------+
        |- Shift_Accum_Loop  |       20|       20|         2|          -|          -|    10|    no    |
        +--------------------+---------+---------+----------+-----------+-----------+------+----------+



================================================================
== Utilization Estimates
================================================================
* Summary: 
+-----------------+---------+-------+--------+--------+-----+
|       Name      | BRAM_18K| DSP48E|   FF   |   LUT  | URAM|
+-----------------+---------+-------+--------+--------+-----+
|DSP              |        -|      -|       -|       -|    -|
|Expression       |        -|      4|       0|     139|    -|
|FIFO             |        -|      -|       -|       -|    -|
|Instance         |        -|      -|       -|       -|    -|
|Memory           |        0|      -|      74|       8|    0|
|Multiplexer      |        -|      -|       -|      75|    -|
|Register         |        -|      -|      47|       -|    -|
+-----------------+---------+-------+--------+--------+-----+
|Total            |        0|      4|     121|     222|    0|
+-----------------+---------+-------+--------+--------+-----+
|Available        |      288|   1248|  234240|  117120|   64|
+-----------------+---------+-------+--------+--------+-----+
|Utilization (%)  |        0|   ~0  |   ~0   |   ~0   |    0|
+-----------------+---------+-------+--------+--------+-----+

+ Detail: 
    * Instance: 
    N/A

    * DSP48E: 
    N/A

    * Memory: 
    +-------------+---------------+---------+----+----+-----+------+-----+------+-------------+
    |    Memory   |     Module    | BRAM_18K| FF | LUT| URAM| Words| Bits| Banks| W*Bits*Banks|
    +-------------+---------------+---------+----+----+-----+------+-----+------+-------------+
    |c1_U         |fir_c1         |        0|  10|   2|    0|    11|   10|     1|          110|
    |shift_reg_U  |fir_shift_reg  |        0|  64|   6|    0|    11|   32|     1|          352|
    +-------------+---------------+---------+----+----+-----+------+-----+------+-------------+
    |Total        |               |        0|  74|   8|    0|    22|   42|     2|          462|
    +-------------+---------------+---------+----+----+-----+------+-----+------+-------------+

    * FIFO: 
    N/A

    * Expression: 
    +---------------------+----------+-------+---+----+------------+------------+
    |    Variable Name    | Operation| DSP48E| FF| LUT| Bitwidth P0| Bitwidth P1|
    +---------------------+----------+-------+---+----+------------+------------+
    |mul_ln18_fu_150_p2   |     *    |      2|  0|  20|          32|          10|
    |mul_ln21_fu_134_p2   |     *    |      2|  0|  20|          32|           6|
    |acc_fu_156_p2        |     +    |      0|  0|  39|          32|          32|
    |i_fu_118_p2          |     +    |      0|  0|  12|           4|           2|
    |y                    |     +    |      0|  0|  39|          32|          32|
    |icmp_ln16_fu_112_p2  |   icmp   |      0|  0|   9|           4|           1|
    +---------------------+----------+-------+---+----+------------+------------+
    |Total                |          |      4|  0| 139|         136|          83|
    +---------------------+----------+-------+---+----+------------+------------+

    * Multiplexer: 
    +--------------------+----+-----------+-----+-----------+
    |        Name        | LUT| Input Size| Bits| Total Bits|
    +--------------------+----+-----------+-----+-----------+
    |acc_0_reg_89        |   9|          2|   32|         64|
    |ap_NS_fsm           |  21|          4|    1|          4|
    |i_0_reg_101         |   9|          2|    4|          8|
    |shift_reg_address0  |  21|          4|    4|         16|
    |shift_reg_d0        |  15|          3|   32|         96|
    +--------------------+----+-----------+-----+-----------+
    |Total               |  75|         15|   73|        188|
    +--------------------+----+-----------+-----+-----------+

    * Register: 
    +---------------------+----+----+-----+-----------+
    |         Name        | FF | LUT| Bits| Const Bits|
    +---------------------+----+----+-----+-----------+
    |acc_0_reg_89         |  32|   0|   32|          0|
    |ap_CS_fsm            |   3|   0|    3|          0|
    |i_0_reg_101          |   4|   0|    4|          0|
    |i_reg_171            |   4|   0|    4|          0|
    |zext_ln17_1_reg_181  |   4|   0|   64|         60|
    +---------------------+----+----+-----+-----------+
    |Total                |  47|   0|  107|         60|
    +---------------------+----+----+-----+-----------+



================================================================
== Interface
================================================================
* Summary: 
+----------+-----+-----+------------+--------------+--------------+
| RTL Ports| Dir | Bits|  Protocol  | Source Object|    C Type    |
+----------+-----+-----+------------+--------------+--------------+
|ap_clk    |  in |    1| ap_ctrl_hs |      fir     | return value |
|ap_rst    |  in |    1| ap_ctrl_hs |      fir     | return value |
|ap_start  |  in |    1| ap_ctrl_hs |      fir     | return value |
|ap_done   | out |    1| ap_ctrl_hs |      fir     | return value |
|ap_idle   | out |    1| ap_ctrl_hs |      fir     | return value |
|ap_ready  | out |    1| ap_ctrl_hs |      fir     | return value |
|y         | out |   32|   ap_vld   |       y      |    pointer   |
|y_ap_vld  | out |    1|   ap_vld   |       y      |    pointer   |
|x         |  in |   32|   ap_none  |       x      |    scalar    |
+----------+-----+-----+------------+--------------+--------------+

