

================================================================
== Vivado HLS Report for 'matrix_vector'
================================================================
* Date:           Wed Jun 21 12:10:31 2023

* Version:        2020.1 (Build 2897737 on Wed May 27 20:21:37 MDT 2020)
* Project:        matrix_vector_proj
* Solution:       pipeline_data_loop
* Product family: zynquplus
* Target device:  xqzu5ev-ffrb900-1-i


================================================================
== Performance Estimates
================================================================
+ Timing: 
    * Summary: 
    +--------+---------+----------+------------+
    |  Clock |  Target | Estimated| Uncertainty|
    +--------+---------+----------+------------+
    |ap_clk  | 8.00 ns | 6.435 ns |   1.00 ns  |
    +--------+---------+----------+------------+

+ Latency: 
    * Summary: 
    +---------+---------+----------+----------+-----+-----+---------+
    |  Latency (cycles) |  Latency (absolute) |  Interval | Pipeline|
    |   min   |   max   |    min   |    max   | min | max |   Type  |
    +---------+---------+----------+----------+-----+-----+---------+
    |       35|       35| 0.280 us | 0.280 us |   35|   35|   none  |
    +---------+---------+----------+----------+-----+-----+---------+

    + Detail: 
        * Instance: 
        N/A

        * Loop: 
        +-------------+---------+---------+----------+-----------+-----------+------+----------+
        |             |  Latency (cycles) | Iteration|  Initiation Interval  | Trip |          |
        |  Loop Name  |   min   |   max   |  Latency |  achieved |   target  | Count| Pipelined|
        +-------------+---------+---------+----------+-----------+-----------+------+----------+
        |- data_loop  |       33|       33|         6|          4|          1|     8|    yes   |
        +-------------+---------+---------+----------+-----------+-----------+------+----------+



================================================================
== Utilization Estimates
================================================================
* Summary: 
+-----------------+---------+-------+--------+--------+-----+
|       Name      | BRAM_18K| DSP48E|   FF   |   LUT  | URAM|
+-----------------+---------+-------+--------+--------+-----+
|DSP              |        -|      -|       -|       -|    -|
|Expression       |        -|      6|       0|     281|    -|
|FIFO             |        -|      -|       -|       -|    -|
|Instance         |        -|      -|       -|       -|    -|
|Memory           |        -|      -|       -|       -|    -|
|Multiplexer      |        -|      -|       -|     173|    -|
|Register         |        -|      -|     122|       -|    -|
+-----------------+---------+-------+--------+--------+-----+
|Total            |        0|      6|     122|     454|    0|
+-----------------+---------+-------+--------+--------+-----+
|Available        |      288|   1248|  234240|  117120|   64|
+-----------------+---------+-------+--------+--------+-----+
|Utilization (%)  |        0|   ~0  |   ~0   |   ~0   |    0|
+-----------------+---------+-------+--------+--------+-----+

+ Detail: 
    * Instance: 
    N/A

    * DSP48E: 
    N/A

    * Memory: 
    N/A

    * FIFO: 
    N/A

    * Expression: 
    +----------------------+----------+-------+---+----+------------+------------+
    |     Variable Name    | Operation| DSP48E| FF| LUT| Bitwidth P0| Bitwidth P1|
    +----------------------+----------+-------+---+----+------------+------------+
    |grp_fu_249_p2         |     *    |      3|  0|  20|          32|          32|
    |grp_fu_255_p2         |     *    |      3|  0|  20|          32|          32|
    |V_Out_d0              |     +    |      0|  0|  32|          32|          32|
    |add_ln11_1_fu_367_p2  |     +    |      0|  0|  32|          32|          32|
    |add_ln11_2_fu_373_p2  |     +    |      0|  0|  32|          32|          32|
    |add_ln11_5_fu_412_p2  |     +    |      0|  0|  32|          32|          32|
    |grp_fu_261_p2         |     +    |      0|  0|  39|          32|          32|
    |i_fu_277_p2           |     +    |      0|  0|  12|           4|           1|
    |icmp_ln7_fu_271_p2    |   icmp   |      0|  0|  11|           4|           5|
    |or_ln11_1_fu_311_p2   |    or    |      0|  0|   7|           7|           2|
    |or_ln11_2_fu_325_p2   |    or    |      0|  0|   7|           7|           2|
    |or_ln11_3_fu_339_p2   |    or    |      0|  0|   7|           7|           3|
    |or_ln11_4_fu_353_p2   |    or    |      0|  0|   7|           7|           3|
    |or_ln11_5_fu_379_p2   |    or    |      0|  0|   7|           7|           3|
    |or_ln11_6_fu_393_p2   |    or    |      0|  0|   7|           7|           3|
    |or_ln11_fu_296_p2     |    or    |      0|  0|   7|           7|           1|
    |ap_enable_pp0         |    xor   |      0|  0|   2|           1|           2|
    +----------------------+----------+-------+---+----+------------+------------+
    |Total                 |          |      6|  0| 281|         282|         249|
    +----------------------+----------+-------+---+----+------------+------------+

    * Multiplexer: 
    +------------------------------+----+-----------+-----+-----------+
    |             Name             | LUT| Input Size| Bits| Total Bits|
    +------------------------------+----+-----------+-----+-----------+
    |M_address0                    |  27|          5|    6|         30|
    |M_address1                    |  27|          5|    6|         30|
    |V_In_address0                 |  27|          5|    3|         15|
    |V_In_address1                 |  27|          5|    3|         15|
    |ap_NS_fsm                     |  38|          7|    1|          7|
    |ap_enable_reg_pp0_iter1       |   9|          2|    1|          2|
    |ap_phi_mux_i_0_phi_fu_241_p4  |   9|          2|    4|          8|
    |i_0_reg_237                   |   9|          2|    4|          8|
    +------------------------------+----+-----------+-----+-----------+
    |Total                         | 173|         33|   28|        115|
    +------------------------------+----+-----------+-----+-----------+

    * Register: 
    +--------------------------------+----+----+-----+-----------+
    |              Name              | FF | LUT| Bits| Const Bits|
    +--------------------------------+----+----+-----+-----------+
    |add_ln11_2_reg_512              |  32|   0|   32|          0|
    |add_ln11_4_reg_527              |  32|   0|   32|          0|
    |ap_CS_fsm                       |   6|   0|    6|          0|
    |ap_enable_reg_pp0_iter0         |   1|   0|    1|          0|
    |ap_enable_reg_pp0_iter1         |   1|   0|    1|          0|
    |i_0_reg_237                     |   4|   0|    4|          0|
    |i_0_reg_237_pp0_iter1_reg       |   4|   0|    4|          0|
    |i_reg_467                       |   4|   0|    4|          0|
    |icmp_ln7_reg_463                |   1|   0|    1|          0|
    |icmp_ln7_reg_463_pp0_iter1_reg  |   1|   0|    1|          0|
    |reg_267                         |  32|   0|   32|          0|
    |tmp_1_reg_472                   |   4|   0|    7|          3|
    +--------------------------------+----+----+-----+-----------+
    |Total                           | 122|   0|  125|          3|
    +--------------------------------+----+----+-----+-----------+



================================================================
== Interface
================================================================
* Summary: 
+----------------+-----+-----+------------+---------------+--------------+
|    RTL Ports   | Dir | Bits|  Protocol  | Source Object |    C Type    |
+----------------+-----+-----+------------+---------------+--------------+
|ap_clk          |  in |    1| ap_ctrl_hs | matrix_vector | return value |
|ap_rst          |  in |    1| ap_ctrl_hs | matrix_vector | return value |
|ap_start        |  in |    1| ap_ctrl_hs | matrix_vector | return value |
|ap_done         | out |    1| ap_ctrl_hs | matrix_vector | return value |
|ap_idle         | out |    1| ap_ctrl_hs | matrix_vector | return value |
|ap_ready        | out |    1| ap_ctrl_hs | matrix_vector | return value |
|M_address0      | out |    6|  ap_memory |       M       |     array    |
|M_ce0           | out |    1|  ap_memory |       M       |     array    |
|M_q0            |  in |   32|  ap_memory |       M       |     array    |
|M_address1      | out |    6|  ap_memory |       M       |     array    |
|M_ce1           | out |    1|  ap_memory |       M       |     array    |
|M_q1            |  in |   32|  ap_memory |       M       |     array    |
|V_In_address0   | out |    3|  ap_memory |      V_In     |     array    |
|V_In_ce0        | out |    1|  ap_memory |      V_In     |     array    |
|V_In_q0         |  in |   32|  ap_memory |      V_In     |     array    |
|V_In_address1   | out |    3|  ap_memory |      V_In     |     array    |
|V_In_ce1        | out |    1|  ap_memory |      V_In     |     array    |
|V_In_q1         |  in |   32|  ap_memory |      V_In     |     array    |
|V_Out_address0  | out |    3|  ap_memory |     V_Out     |     array    |
|V_Out_ce0       | out |    1|  ap_memory |     V_Out     |     array    |
|V_Out_we0       | out |    1|  ap_memory |     V_Out     |     array    |
|V_Out_d0        | out |   32|  ap_memory |     V_Out     |     array    |
+----------------+-----+-----+------------+---------------+--------------+

