

================================================================
== Vivado HLS Report for 'fir'
================================================================
* Date:           Mon Jun 12 06:06:37 2023

* Version:        2020.1 (Build 2897737 on Wed May 27 20:21:37 MDT 2020)
* Project:        sec2_8
* Solution:       partition
* Product family: zynquplus
* Target device:  xqzu5ev-ffrb900-1-i


================================================================
== Performance Estimates
================================================================
+ Timing: 
    * Summary: 
    +--------+----------+----------+------------+
    |  Clock |  Target  | Estimated| Uncertainty|
    +--------+----------+----------+------------+
    |ap_clk  | 10.00 ns | 6.435 ns |   1.25 ns  |
    +--------+----------+----------+------------+

+ Latency: 
    * Summary: 
    +---------+---------+----------+----------+-----+-----+---------+
    |  Latency (cycles) |  Latency (absolute) |  Interval | Pipeline|
    |   min   |   max   |    min   |    max   | min | max |   Type  |
    +---------+---------+----------+----------+-----+-----+---------+
    |       44|       44| 0.440 us | 0.440 us |   44|   44|   none  |
    +---------+---------+----------+----------+-----+-----+---------+

    + Detail: 
        * Instance: 
        N/A

        * Loop: 
        +----------+---------+---------+----------+-----------+-----------+------+----------+
        |          |  Latency (cycles) | Iteration|  Initiation Interval  | Trip |          |
        | Loop Name|   min   |   max   |  Latency |  achieved |   target  | Count| Pipelined|
        +----------+---------+---------+----------+-----------+-----------+------+----------+
        |- TDL     |       20|       20|         2|          -|          -|    10|    no    |
        |- MAC     |       22|       22|         2|          -|          -|    11|    no    |
        +----------+---------+---------+----------+-----------+-----------+------+----------+

============================================================
+ Verbose Summary: Synthesis Manager
============================================================
InlineROM: 1
ExposeGlobal: 0
============================================================
+ Verbose Summary: CDFG Model
============================================================
IsTopModel: 1
ResetActiveHigh: 1
IsCombinational: 0
IsDatapathOnly: 0
HasWiredReturn: 1
HasMFsm: 0
HasVarLatency: 1
IsPipeline: 0
IsRtlPipelined: 0
IsInstanceOverlapped: 0
IsDontTouch: 0
HasImplIP: 0
IsGatedGlobalClock: 0


============================================================
+ Verbose Summary: Schedule
============================================================
* Number of FSM states : 5
* Pipeline : 0
* Dataflow Pipeline: 0

* FSM state transitions: 
1 --> 2 
2 --> 3 4 
3 --> 2 
4 --> 5 
5 --> 4 

* FSM state operations: 

State 1 <SV = 0> <Delay = 0.75>
ST_1 : Operation 6 [1/1] (0.00ns)   --->   "call void (...)* @_ssdm_op_SpecBitsMap(i32* %y) nounwind, !map !7"   --->   Operation 6 'specbitsmap' <Predicate = true> <Delay = 0.00>
ST_1 : Operation 7 [1/1] (0.00ns)   --->   "call void (...)* @_ssdm_op_SpecBitsMap(i32 %x) nounwind, !map !13"   --->   Operation 7 'specbitsmap' <Predicate = true> <Delay = 0.00>
ST_1 : Operation 8 [1/1] (0.00ns)   --->   "call void (...)* @_ssdm_op_SpecTopModule([4 x i8]* @fir_str) nounwind"   --->   Operation 8 'spectopmodule' <Predicate = true> <Delay = 0.00>
ST_1 : Operation 9 [1/1] (0.00ns)   --->   "%x_read = call i32 @_ssdm_op_Read.ap_auto.i32(i32 %x) nounwind" [fir11_sec2_8.cpp:8]   --->   Operation 9 'read' 'x_read' <Predicate = true> <Delay = 0.00>
ST_1 : Operation 10 [1/1] (0.75ns)   --->   "br label %1" [fir11_sec2_8.cpp:17]   --->   Operation 10 'br' <Predicate = true> <Delay = 0.75>

State 2 <SV = 1> <Delay = 1.65>
ST_2 : Operation 11 [1/1] (0.00ns)   --->   "%i_0 = phi i4 [ -6, %0 ], [ %i, %2 ]"   --->   Operation 11 'phi' 'i_0' <Predicate = true> <Delay = 0.00>
ST_2 : Operation 12 [1/1] (0.88ns)   --->   "%icmp_ln17 = icmp eq i4 %i_0, 0" [fir11_sec2_8.cpp:17]   --->   Operation 12 'icmp' 'icmp_ln17' <Predicate = true> <Delay = 0.88> <Core = "Cmp">   --->   Core 25 'Cmp' <Latency = 0> <II = 1> <Delay = 0.88> <FuncUnit> <Opcode : 'icmp'> <InPorts = 2> <OutPorts = 1>
ST_2 : Operation 13 [1/1] (0.00ns)   --->   "%empty = call i32 (...)* @_ssdm_op_SpecLoopTripCount(i64 10, i64 10, i64 10) nounwind"   --->   Operation 13 'speclooptripcount' 'empty' <Predicate = true> <Delay = 0.00>
ST_2 : Operation 14 [1/1] (0.00ns)   --->   "br i1 %icmp_ln17, label %3, label %2" [fir11_sec2_8.cpp:17]   --->   Operation 14 'br' <Predicate = true> <Delay = 0.00>
ST_2 : Operation 15 [1/1] (0.86ns)   --->   "%i = add i4 %i_0, -1" [fir11_sec2_8.cpp:18]   --->   Operation 15 'add' 'i' <Predicate = (!icmp_ln17)> <Delay = 0.86> <Core = "AddSub">   --->   Core 14 'AddSub' <Latency = 0> <II = 1> <Delay = 1.20> <FuncUnit> <Opcode : 'add' 'sub'> <InPorts = 2> <OutPorts = 1>
ST_2 : Operation 16 [1/1] (0.00ns)   --->   "%zext_ln18 = zext i4 %i to i64" [fir11_sec2_8.cpp:18]   --->   Operation 16 'zext' 'zext_ln18' <Predicate = (!icmp_ln17)> <Delay = 0.00>
ST_2 : Operation 17 [1/1] (0.00ns)   --->   "%shift_reg_addr = getelementptr inbounds [11 x i32]* @shift_reg, i64 0, i64 %zext_ln18" [fir11_sec2_8.cpp:18]   --->   Operation 17 'getelementptr' 'shift_reg_addr' <Predicate = (!icmp_ln17)> <Delay = 0.00>
ST_2 : Operation 18 [2/2] (0.79ns)   --->   "%shift_reg_load = load i32* %shift_reg_addr, align 4" [fir11_sec2_8.cpp:18]   --->   Operation 18 'load' 'shift_reg_load' <Predicate = (!icmp_ln17)> <Delay = 0.79> <Core = "RAM">   --->   Core 37 'RAM' <Latency = 1> <II = 1> <Delay = 0.79> <Storage> <Opcode : 'load' 'store'> <Ports = 2> <Width = 32> <Depth = 11> <RAM>
ST_2 : Operation 19 [1/1] (0.79ns)   --->   "store i32 %x_read, i32* getelementptr inbounds ([11 x i32]* @shift_reg, i64 0, i64 0), align 16" [fir11_sec2_8.cpp:20]   --->   Operation 19 'store' <Predicate = (icmp_ln17)> <Delay = 0.79> <Core = "RAM">   --->   Core 37 'RAM' <Latency = 1> <II = 1> <Delay = 0.79> <Storage> <Opcode : 'load' 'store'> <Ports = 2> <Width = 32> <Depth = 11> <RAM>
ST_2 : Operation 20 [1/1] (0.75ns)   --->   "br label %4" [fir11_sec2_8.cpp:24]   --->   Operation 20 'br' <Predicate = (icmp_ln17)> <Delay = 0.75>

State 3 <SV = 2> <Delay = 1.58>
ST_3 : Operation 21 [1/1] (0.00ns)   --->   "call void (...)* @_ssdm_op_SpecLoopName([4 x i8]* @p_str) nounwind" [fir11_sec2_8.cpp:17]   --->   Operation 21 'specloopname' <Predicate = true> <Delay = 0.00>
ST_3 : Operation 22 [1/2] (0.79ns)   --->   "%shift_reg_load = load i32* %shift_reg_addr, align 4" [fir11_sec2_8.cpp:18]   --->   Operation 22 'load' 'shift_reg_load' <Predicate = true> <Delay = 0.79> <Core = "RAM">   --->   Core 37 'RAM' <Latency = 1> <II = 1> <Delay = 0.79> <Storage> <Opcode : 'load' 'store'> <Ports = 2> <Width = 32> <Depth = 11> <RAM>
ST_3 : Operation 23 [1/1] (0.00ns)   --->   "%zext_ln18_1 = zext i4 %i_0 to i64" [fir11_sec2_8.cpp:18]   --->   Operation 23 'zext' 'zext_ln18_1' <Predicate = true> <Delay = 0.00>
ST_3 : Operation 24 [1/1] (0.00ns)   --->   "%shift_reg_addr_1 = getelementptr inbounds [11 x i32]* @shift_reg, i64 0, i64 %zext_ln18_1" [fir11_sec2_8.cpp:18]   --->   Operation 24 'getelementptr' 'shift_reg_addr_1' <Predicate = true> <Delay = 0.00>
ST_3 : Operation 25 [1/1] (0.79ns)   --->   "store i32 %shift_reg_load, i32* %shift_reg_addr_1, align 4" [fir11_sec2_8.cpp:18]   --->   Operation 25 'store' <Predicate = true> <Delay = 0.79> <Core = "RAM">   --->   Core 37 'RAM' <Latency = 1> <II = 1> <Delay = 0.79> <Storage> <Opcode : 'load' 'store'> <Ports = 2> <Width = 32> <Depth = 11> <RAM>
ST_3 : Operation 26 [1/1] (0.00ns)   --->   "br label %1" [fir11_sec2_8.cpp:17]   --->   Operation 26 'br' <Predicate = true> <Delay = 0.00>

State 4 <SV = 2> <Delay = 1.35>
ST_4 : Operation 27 [1/1] (0.00ns)   --->   "%acc_0 = phi i32 [ 0, %3 ], [ %acc, %5 ]"   --->   Operation 27 'phi' 'acc_0' <Predicate = true> <Delay = 0.00>
ST_4 : Operation 28 [1/1] (0.00ns)   --->   "%i_1 = phi i5 [ 10, %3 ], [ %i_2, %5 ]"   --->   Operation 28 'phi' 'i_1' <Predicate = true> <Delay = 0.00>
ST_4 : Operation 29 [1/1] (0.00ns)   --->   "%sext_ln24 = sext i5 %i_1 to i32" [fir11_sec2_8.cpp:24]   --->   Operation 29 'sext' 'sext_ln24' <Predicate = true> <Delay = 0.00>
ST_4 : Operation 30 [1/1] (0.00ns)   --->   "%tmp = call i1 @_ssdm_op_BitSelect.i1.i5.i32(i5 %i_1, i32 4)" [fir11_sec2_8.cpp:24]   --->   Operation 30 'bitselect' 'tmp' <Predicate = true> <Delay = 0.00>
ST_4 : Operation 31 [1/1] (0.00ns)   --->   "%empty_2 = call i32 (...)* @_ssdm_op_SpecLoopTripCount(i64 11, i64 11, i64 11) nounwind"   --->   Operation 31 'speclooptripcount' 'empty_2' <Predicate = true> <Delay = 0.00>
ST_4 : Operation 32 [1/1] (0.00ns)   --->   "br i1 %tmp, label %6, label %5" [fir11_sec2_8.cpp:24]   --->   Operation 32 'br' <Predicate = true> <Delay = 0.00>
ST_4 : Operation 33 [1/1] (0.00ns)   --->   "%zext_ln25 = zext i32 %sext_ln24 to i64" [fir11_sec2_8.cpp:25]   --->   Operation 33 'zext' 'zext_ln25' <Predicate = (!tmp)> <Delay = 0.00>
ST_4 : Operation 34 [1/1] (0.00ns)   --->   "%shift_reg_addr_2 = getelementptr inbounds [11 x i32]* @shift_reg, i64 0, i64 %zext_ln25" [fir11_sec2_8.cpp:25]   --->   Operation 34 'getelementptr' 'shift_reg_addr_2' <Predicate = (!tmp)> <Delay = 0.00>
ST_4 : Operation 35 [2/2] (0.79ns)   --->   "%shift_reg_load_1 = load i32* %shift_reg_addr_2, align 4" [fir11_sec2_8.cpp:25]   --->   Operation 35 'load' 'shift_reg_load_1' <Predicate = (!tmp)> <Delay = 0.79> <Core = "RAM">   --->   Core 37 'RAM' <Latency = 1> <II = 1> <Delay = 0.79> <Storage> <Opcode : 'load' 'store'> <Ports = 2> <Width = 32> <Depth = 11> <RAM>
ST_4 : Operation 36 [1/1] (0.00ns)   --->   "%c1_addr = getelementptr [11 x i10]* @c1, i64 0, i64 %zext_ln25" [fir11_sec2_8.cpp:25]   --->   Operation 36 'getelementptr' 'c1_addr' <Predicate = (!tmp)> <Delay = 0.00>
ST_4 : Operation 37 [2/2] (1.35ns)   --->   "%c1_load = load i10* %c1_addr, align 2" [fir11_sec2_8.cpp:25]   --->   Operation 37 'load' 'c1_load' <Predicate = (!tmp)> <Delay = 1.35> <Core = "ROM_nP">   --->   Core 52 'ROM_nP' <Latency = 1> <II = 1> <Delay = 1.35> <Storage> <Opcode : 'load'> <Ports = 0> <Width = 10> <Depth = 11> <ROM>
ST_4 : Operation 38 [1/1] (0.87ns)   --->   "%i_2 = add i5 %i_1, -1" [fir11_sec2_8.cpp:24]   --->   Operation 38 'add' 'i_2' <Predicate = (!tmp)> <Delay = 0.87> <Core = "AddSub">   --->   Core 14 'AddSub' <Latency = 0> <II = 1> <Delay = 1.20> <FuncUnit> <Opcode : 'add' 'sub'> <InPorts = 2> <OutPorts = 1>
ST_4 : Operation 39 [1/1] (0.00ns)   --->   "call void @_ssdm_op_Write.ap_auto.i32P(i32* %y, i32 %acc_0) nounwind" [fir11_sec2_8.cpp:27]   --->   Operation 39 'write' <Predicate = (tmp)> <Delay = 0.00>
ST_4 : Operation 40 [1/1] (0.00ns)   --->   "ret void" [fir11_sec2_8.cpp:29]   --->   Operation 40 'ret' <Predicate = (tmp)> <Delay = 0.00>

State 5 <SV = 3> <Delay = 6.43>
ST_5 : Operation 41 [1/1] (0.00ns)   --->   "call void (...)* @_ssdm_op_SpecLoopName([4 x i8]* @p_str1) nounwind" [fir11_sec2_8.cpp:24]   --->   Operation 41 'specloopname' <Predicate = true> <Delay = 0.00>
ST_5 : Operation 42 [1/2] (0.79ns)   --->   "%shift_reg_load_1 = load i32* %shift_reg_addr_2, align 4" [fir11_sec2_8.cpp:25]   --->   Operation 42 'load' 'shift_reg_load_1' <Predicate = true> <Delay = 0.79> <Core = "RAM">   --->   Core 37 'RAM' <Latency = 1> <II = 1> <Delay = 0.79> <Storage> <Opcode : 'load' 'store'> <Ports = 2> <Width = 32> <Depth = 11> <RAM>
ST_5 : Operation 43 [1/2] (1.35ns)   --->   "%c1_load = load i10* %c1_addr, align 2" [fir11_sec2_8.cpp:25]   --->   Operation 43 'load' 'c1_load' <Predicate = true> <Delay = 1.35> <Core = "ROM_nP">   --->   Core 52 'ROM_nP' <Latency = 1> <II = 1> <Delay = 1.35> <Storage> <Opcode : 'load'> <Ports = 0> <Width = 10> <Depth = 11> <ROM>
ST_5 : Operation 44 [1/1] (0.00ns)   --->   "%sext_ln25 = sext i10 %c1_load to i32" [fir11_sec2_8.cpp:25]   --->   Operation 44 'sext' 'sext_ln25' <Predicate = true> <Delay = 0.00>
ST_5 : Operation 45 [1/1] (3.88ns)   --->   "%mul_ln25 = mul nsw i32 %shift_reg_load_1, %sext_ln25" [fir11_sec2_8.cpp:25]   --->   Operation 45 'mul' 'mul_ln25' <Predicate = true> <Delay = 3.88> <Core = "Mul">   --->   Core 16 'Mul' <Latency = 0> <II = 1> <Delay = 3.88> <FuncUnit> <Opcode : 'mul'> <InPorts = 2> <OutPorts = 1>
ST_5 : Operation 46 [1/1] (1.20ns)   --->   "%acc = add nsw i32 %mul_ln25, %acc_0" [fir11_sec2_8.cpp:25]   --->   Operation 46 'add' 'acc' <Predicate = true> <Delay = 1.20> <Core = "AddSub">   --->   Core 14 'AddSub' <Latency = 0> <II = 1> <Delay = 1.20> <FuncUnit> <Opcode : 'add' 'sub'> <InPorts = 2> <OutPorts = 1>
ST_5 : Operation 47 [1/1] (0.00ns)   --->   "br label %4" [fir11_sec2_8.cpp:24]   --->   Operation 47 'br' <Predicate = true> <Delay = 0.00>


============================================================
+ Verbose Summary: Binding
============================================================
STG Binding: 
---------------- STG Properties BEGIN ----------------
- Is combinational: 0
- Is one-state seq: 0
- Is datapath-only: 0
- Is pipelined: 0
- Is top level: 1
Port [ Return ] is wired: 1; IO mode=ap_ctrl_hs:ce=0
Port [ y]:  wired=1; compound=0; hidden=0; nouse=0; global=0; static=0; extern=0; dir=1; type=0; pingpong=0; private_global=0; IO mode=ap_vld:ce=0
Port [ x]:  wired=1; compound=0; hidden=0; nouse=0; global=0; static=0; extern=0; dir=0; type=0; pingpong=0; private_global=0; IO mode=ap_none:ce=0
Port [ shift_reg]:  wired=0; compound=1; hidden=1; nouse=0; global=1; static=1; extern=0; dir=2; type=1; pingpong=0; private_global=1; linkage=7; visibility=0; MemPort=[23]; IO mode=ap_memory:ce=0
Port [ c1]:  wired=0; compound=1; hidden=1; nouse=0; global=1; static=1; extern=0; dir=0; type=1; pingpong=0; private_global=1; linkage=7; visibility=0; MemPort=[1]; IO mode=ap_memory:ce=0
---------------- STG Properties END ------------------

---------------- Datapath Model BEGIN ----------------

<LifeTime>
<method=bitvector/>
specbitsmap_ln0   (specbitsmap      ) [ 000000]
specbitsmap_ln0   (specbitsmap      ) [ 000000]
spectopmodule_ln0 (spectopmodule    ) [ 000000]
x_read            (read             ) [ 001100]
br_ln17           (br               ) [ 011100]
i_0               (phi              ) [ 001100]
icmp_ln17         (icmp             ) [ 001100]
empty             (speclooptripcount) [ 000000]
br_ln17           (br               ) [ 000000]
i                 (add              ) [ 011100]
zext_ln18         (zext             ) [ 000000]
shift_reg_addr    (getelementptr    ) [ 000100]
store_ln20        (store            ) [ 000000]
br_ln24           (br               ) [ 001111]
specloopname_ln17 (specloopname     ) [ 000000]
shift_reg_load    (load             ) [ 000000]
zext_ln18_1       (zext             ) [ 000000]
shift_reg_addr_1  (getelementptr    ) [ 000000]
store_ln18        (store            ) [ 000000]
br_ln17           (br               ) [ 011100]
acc_0             (phi              ) [ 000011]
i_1               (phi              ) [ 000010]
sext_ln24         (sext             ) [ 000000]
tmp               (bitselect        ) [ 000011]
empty_2           (speclooptripcount) [ 000000]
br_ln24           (br               ) [ 000000]
zext_ln25         (zext             ) [ 000000]
shift_reg_addr_2  (getelementptr    ) [ 000001]
c1_addr           (getelementptr    ) [ 000001]
i_2               (add              ) [ 001011]
write_ln27        (write            ) [ 000000]
ret_ln29          (ret              ) [ 000000]
specloopname_ln24 (specloopname     ) [ 000000]
shift_reg_load_1  (load             ) [ 000000]
c1_load           (load             ) [ 000000]
sext_ln25         (sext             ) [ 000000]
mul_ln25          (mul              ) [ 000000]
acc               (add              ) [ 001011]
br_ln24           (br               ) [ 001011]
</LifeTime>

<model>

<comp_list>
<comp id="0" class="1000" name="y">
<pin_list>
<pin id="1" dir="1" index="0" bw="1" slack="0"/>
</pin_list>
<bind>
<StgValue><ssdm name="y"/></StgValue>
</bind>
</comp>

<comp id="2" class="1000" name="x">
<pin_list>
<pin id="3" dir="1" index="0" bw="1" slack="0"/>
</pin_list>
<bind>
<StgValue><ssdm name="x"/></StgValue>
</bind>
</comp>

<comp id="4" class="1000" name="shift_reg">
<pin_list>
<pin id="5" dir="1" index="0" bw="1" slack="0"/>
</pin_list>
<bind>
<StgValue><ssdm name="shift_reg"/><MemPortTyVec>2 3 </MemPortTyVec>
</StgValue>
</bind>
</comp>

<comp id="6" class="1000" name="c1">
<pin_list>
<pin id="7" dir="1" index="0" bw="1" slack="0"/>
</pin_list>
<bind>
<StgValue><ssdm name="c1"/><MemPortTyVec>1 </MemPortTyVec>
</StgValue>
</bind>
</comp>

<comp id="8" class="1001" name="const_8">
<pin_list>
<pin id="9" dir="1" index="0" bw="1" slack="2147483647"/>
</pin_list>
<bind>
<StgValue><ssdm name="_ssdm_op_SpecBitsMap"/></StgValue>
</bind>
</comp>

<comp id="10" class="1001" name="const_10">
<pin_list>
<pin id="11" dir="1" index="0" bw="1" slack="2147483647"/>
</pin_list>
<bind>
<StgValue><ssdm name="_ssdm_op_SpecTopModule"/></StgValue>
</bind>
</comp>

<comp id="12" class="1001" name="const_12">
<pin_list>
<pin id="13" dir="1" index="0" bw="1" slack="2147483647"/>
</pin_list>
<bind>
<StgValue><ssdm name="fir_str"/></StgValue>
</bind>
</comp>

<comp id="14" class="1001" name="const_14">
<pin_list>
<pin id="15" dir="1" index="0" bw="1" slack="0"/>
</pin_list>
<bind>
<StgValue><ssdm name="_ssdm_op_Read.ap_auto.i32"/></StgValue>
</bind>
</comp>

<comp id="16" class="1001" name="const_16">
<pin_list>
<pin id="17" dir="1" index="0" bw="1" slack="1"/>
</pin_list>
<bind>
<StgValue><ssdm name=""/></StgValue>
</bind>
</comp>

<comp id="18" class="1001" name="const_18">
<pin_list>
<pin id="19" dir="1" index="0" bw="1" slack="0"/>
</pin_list>
<bind>
<StgValue><ssdm name=""/></StgValue>
</bind>
</comp>

<comp id="20" class="1001" name="const_20">
<pin_list>
<pin id="21" dir="1" index="0" bw="1" slack="2147483647"/>
</pin_list>
<bind>
<StgValue><ssdm name="_ssdm_op_SpecLoopTripCount"/></StgValue>
</bind>
</comp>

<comp id="22" class="1001" name="const_22">
<pin_list>
<pin id="23" dir="1" index="0" bw="1" slack="2147483647"/>
</pin_list>
<bind>
<StgValue><ssdm name=""/></StgValue>
</bind>
</comp>

<comp id="24" class="1001" name="const_24">
<pin_list>
<pin id="25" dir="1" index="0" bw="1" slack="0"/>
</pin_list>
<bind>
<StgValue><ssdm name=""/></StgValue>
</bind>
</comp>

<comp id="26" class="1001" name="const_26">
<pin_list>
<pin id="27" dir="1" index="0" bw="1" slack="0"/>
</pin_list>
<bind>
<StgValue><ssdm name=""/></StgValue>
</bind>
</comp>

<comp id="28" class="1001" name="const_28">
<pin_list>
<pin id="29" dir="1" index="0" bw="1" slack="0"/>
</pin_list>
<bind>
<StgValue><ssdm name=""/></StgValue>
</bind>
</comp>

<comp id="30" class="1001" name="const_30">
<pin_list>
<pin id="31" dir="1" index="0" bw="1" slack="2147483647"/>
</pin_list>
<bind>
<StgValue><ssdm name="_ssdm_op_SpecLoopName"/></StgValue>
</bind>
</comp>

<comp id="32" class="1001" name="const_32">
<pin_list>
<pin id="33" dir="1" index="0" bw="1" slack="2147483647"/>
</pin_list>
<bind>
<StgValue><ssdm name="p_str"/></StgValue>
</bind>
</comp>

<comp id="34" class="1001" name="const_34">
<pin_list>
<pin id="35" dir="1" index="0" bw="1" slack="1"/>
</pin_list>
<bind>
<StgValue><ssdm name=""/></StgValue>
</bind>
</comp>

<comp id="36" class="1001" name="const_36">
<pin_list>
<pin id="37" dir="1" index="0" bw="1" slack="1"/>
</pin_list>
<bind>
<StgValue><ssdm name=""/></StgValue>
</bind>
</comp>

<comp id="38" class="1001" name="const_38">
<pin_list>
<pin id="39" dir="1" index="0" bw="1" slack="0"/>
</pin_list>
<bind>
<StgValue><ssdm name="_ssdm_op_BitSelect.i1.i5.i32"/></StgValue>
</bind>
</comp>

<comp id="40" class="1001" name="const_40">
<pin_list>
<pin id="41" dir="1" index="0" bw="1" slack="0"/>
</pin_list>
<bind>
<StgValue><ssdm name=""/></StgValue>
</bind>
</comp>

<comp id="42" class="1001" name="const_42">
<pin_list>
<pin id="43" dir="1" index="0" bw="1" slack="2147483647"/>
</pin_list>
<bind>
<StgValue><ssdm name=""/></StgValue>
</bind>
</comp>

<comp id="44" class="1001" name="const_44">
<pin_list>
<pin id="45" dir="1" index="0" bw="1" slack="0"/>
</pin_list>
<bind>
<StgValue><ssdm name=""/></StgValue>
</bind>
</comp>

<comp id="46" class="1001" name="const_46">
<pin_list>
<pin id="47" dir="1" index="0" bw="1" slack="0"/>
</pin_list>
<bind>
<StgValue><ssdm name="_ssdm_op_Write.ap_auto.i32P"/></StgValue>
</bind>
</comp>

<comp id="48" class="1001" name="const_48">
<pin_list>
<pin id="49" dir="1" index="0" bw="1" slack="2147483647"/>
</pin_list>
<bind>
<StgValue><ssdm name="p_str1"/></StgValue>
</bind>
</comp>

<comp id="50" class="1004" name="x_read_read_fu_50">
<pin_list>
<pin id="51" dir="0" index="0" bw="32" slack="0"/>
<pin id="52" dir="0" index="1" bw="32" slack="0"/>
<pin id="53" dir="1" index="2" bw="32" slack="1"/>
</pin_list>
<bind>
<opcode="read(1150) " fcode="read"/>
<opset="x_read/1 "/>
</bind>
</comp>

<comp id="56" class="1004" name="write_ln27_write_fu_56">
<pin_list>
<pin id="57" dir="0" index="0" bw="0" slack="0"/>
<pin id="58" dir="0" index="1" bw="32" slack="0"/>
<pin id="59" dir="0" index="2" bw="32" slack="0"/>
<pin id="60" dir="1" index="3" bw="0" slack="2147483647"/>
</pin_list>
<bind>
<opcode="write(1151) " fcode="write"/>
<opset="write_ln27/4 "/>
</bind>
</comp>

<comp id="63" class="1004" name="shift_reg_addr_gep_fu_63">
<pin_list>
<pin id="64" dir="0" index="0" bw="32" slack="0"/>
<pin id="65" dir="0" index="1" bw="1" slack="0"/>
<pin id="66" dir="0" index="2" bw="4" slack="0"/>
<pin id="67" dir="1" index="3" bw="4" slack="0"/>
</pin_list>
<bind>
<opcode="getelementptr(29) " fcode="getelementptr"/>
<opset="shift_reg_addr/2 "/>
</bind>
</comp>

<comp id="70" class="1004" name="grp_access_fu_70">
<pin_list>
<pin id="71" dir="0" index="0" bw="4" slack="0"/>
<pin id="72" dir="0" index="1" bw="32" slack="0"/>
<pin id="73" dir="0" index="2" bw="0" slack="2147483647"/>
<pin id="74" dir="1" index="3" bw="32" slack="0"/>
</pin_list>
<bind>
<opcode="load(27) store(28) " fcode="load"/>
<opset="shift_reg_load/2 store_ln20/2 store_ln18/3 shift_reg_load_1/4 "/>
</bind>
</comp>

<comp id="77" class="1004" name="shift_reg_addr_1_gep_fu_77">
<pin_list>
<pin id="78" dir="0" index="0" bw="32" slack="0"/>
<pin id="79" dir="0" index="1" bw="1" slack="0"/>
<pin id="80" dir="0" index="2" bw="4" slack="0"/>
<pin id="81" dir="1" index="3" bw="4" slack="0"/>
</pin_list>
<bind>
<opcode="getelementptr(29) " fcode="getelementptr"/>
<opset="shift_reg_addr_1/3 "/>
</bind>
</comp>

<comp id="86" class="1004" name="shift_reg_addr_2_gep_fu_86">
<pin_list>
<pin id="87" dir="0" index="0" bw="32" slack="0"/>
<pin id="88" dir="0" index="1" bw="1" slack="0"/>
<pin id="89" dir="0" index="2" bw="32" slack="0"/>
<pin id="90" dir="1" index="3" bw="4" slack="0"/>
</pin_list>
<bind>
<opcode="getelementptr(29) " fcode="getelementptr"/>
<opset="shift_reg_addr_2/4 "/>
</bind>
</comp>

<comp id="94" class="1004" name="c1_addr_gep_fu_94">
<pin_list>
<pin id="95" dir="0" index="0" bw="10" slack="0"/>
<pin id="96" dir="0" index="1" bw="1" slack="0"/>
<pin id="97" dir="0" index="2" bw="32" slack="0"/>
<pin id="98" dir="1" index="3" bw="4" slack="0"/>
</pin_list>
<bind>
<opcode="getelementptr(29) " fcode="getelementptr"/>
<opset="c1_addr/4 "/>
</bind>
</comp>

<comp id="101" class="1004" name="grp_access_fu_101">
<pin_list>
<pin id="102" dir="0" index="0" bw="4" slack="0"/>
<pin id="103" dir="0" index="1" bw="10" slack="2147483647"/>
<pin id="104" dir="0" index="2" bw="0" slack="2147483647"/>
<pin id="105" dir="1" index="3" bw="10" slack="0"/>
</pin_list>
<bind>
<opcode="load(27) " fcode="load"/>
<opset="c1_load/4 "/>
</bind>
</comp>

<comp id="107" class="1005" name="i_0_reg_107">
<pin_list>
<pin id="108" dir="0" index="0" bw="4" slack="1"/>
<pin id="109" dir="1" index="1" bw="4" slack="1"/>
</pin_list>
<bind>
<opset="i_0 (phireg) "/>
</bind>
</comp>

<comp id="111" class="1004" name="i_0_phi_fu_111">
<pin_list>
<pin id="112" dir="0" index="0" bw="4" slack="1"/>
<pin id="113" dir="0" index="1" bw="0" slack="2147483647"/>
<pin id="114" dir="0" index="2" bw="4" slack="0"/>
<pin id="115" dir="0" index="3" bw="0" slack="2147483647"/>
<pin id="116" dir="1" index="4" bw="4" slack="0"/>
</pin_list>
<bind>
<opcode="phi(47) " fcode="phi"/>
<opset="i_0/2 "/>
</bind>
</comp>

<comp id="119" class="1005" name="acc_0_reg_119">
<pin_list>
<pin id="120" dir="0" index="0" bw="32" slack="1"/>
<pin id="121" dir="1" index="1" bw="32" slack="1"/>
</pin_list>
<bind>
<opset="acc_0 (phireg) "/>
</bind>
</comp>

<comp id="123" class="1004" name="acc_0_phi_fu_123">
<pin_list>
<pin id="124" dir="0" index="0" bw="1" slack="1"/>
<pin id="125" dir="0" index="1" bw="0" slack="2147483647"/>
<pin id="126" dir="0" index="2" bw="32" slack="1"/>
<pin id="127" dir="0" index="3" bw="0" slack="2147483647"/>
<pin id="128" dir="1" index="4" bw="32" slack="0"/>
</pin_list>
<bind>
<opcode="phi(47) " fcode="phi"/>
<opset="acc_0/4 "/>
</bind>
</comp>

<comp id="132" class="1005" name="i_1_reg_132">
<pin_list>
<pin id="133" dir="0" index="0" bw="5" slack="1"/>
<pin id="134" dir="1" index="1" bw="5" slack="1"/>
</pin_list>
<bind>
<opset="i_1 (phireg) "/>
</bind>
</comp>

<comp id="136" class="1004" name="i_1_phi_fu_136">
<pin_list>
<pin id="137" dir="0" index="0" bw="5" slack="1"/>
<pin id="138" dir="0" index="1" bw="0" slack="2147483647"/>
<pin id="139" dir="0" index="2" bw="5" slack="0"/>
<pin id="140" dir="0" index="3" bw="0" slack="2147483647"/>
<pin id="141" dir="1" index="4" bw="5" slack="0"/>
</pin_list>
<bind>
<opcode="phi(47) " fcode="phi"/>
<opset="i_1/4 "/>
</bind>
</comp>

<comp id="143" class="1004" name="icmp_ln17_fu_143">
<pin_list>
<pin id="144" dir="0" index="0" bw="4" slack="0"/>
<pin id="145" dir="0" index="1" bw="1" slack="0"/>
<pin id="146" dir="1" index="2" bw="1" slack="2147483647"/>
</pin_list>
<bind>
<opcode="icmp(45) " fcode="icmp"/>
<opset="icmp_ln17/2 "/>
</bind>
</comp>

<comp id="149" class="1004" name="i_fu_149">
<pin_list>
<pin id="150" dir="0" index="0" bw="4" slack="0"/>
<pin id="151" dir="0" index="1" bw="1" slack="0"/>
<pin id="152" dir="1" index="2" bw="4" slack="0"/>
</pin_list>
<bind>
<opcode="add(8) " fcode="add"/>
<opset="i/2 "/>
</bind>
</comp>

<comp id="155" class="1004" name="zext_ln18_fu_155">
<pin_list>
<pin id="156" dir="0" index="0" bw="4" slack="0"/>
<pin id="157" dir="1" index="1" bw="64" slack="0"/>
</pin_list>
<bind>
<opcode="zext(34) " fcode="zext"/>
<opset="zext_ln18/2 "/>
</bind>
</comp>

<comp id="160" class="1004" name="zext_ln18_1_fu_160">
<pin_list>
<pin id="161" dir="0" index="0" bw="4" slack="1"/>
<pin id="162" dir="1" index="1" bw="64" slack="0"/>
</pin_list>
<bind>
<opcode="zext(34) " fcode="zext"/>
<opset="zext_ln18_1/3 "/>
</bind>
</comp>

<comp id="165" class="1004" name="sext_ln24_fu_165">
<pin_list>
<pin id="166" dir="0" index="0" bw="5" slack="0"/>
<pin id="167" dir="1" index="1" bw="32" slack="0"/>
</pin_list>
<bind>
<opcode="sext(35) " fcode="sext"/>
<opset="sext_ln24/4 "/>
</bind>
</comp>

<comp id="169" class="1004" name="tmp_fu_169">
<pin_list>
<pin id="170" dir="0" index="0" bw="1" slack="0"/>
<pin id="171" dir="0" index="1" bw="5" slack="0"/>
<pin id="172" dir="0" index="2" bw="4" slack="0"/>
<pin id="173" dir="1" index="3" bw="1" slack="2147483647"/>
</pin_list>
<bind>
<opcode="bitselect(1000) " fcode="bitselect"/>
<opset="tmp/4 "/>
</bind>
</comp>

<comp id="177" class="1004" name="zext_ln25_fu_177">
<pin_list>
<pin id="178" dir="0" index="0" bw="5" slack="0"/>
<pin id="179" dir="1" index="1" bw="64" slack="0"/>
</pin_list>
<bind>
<opcode="zext(34) " fcode="zext"/>
<opset="zext_ln25/4 "/>
</bind>
</comp>

<comp id="183" class="1004" name="i_2_fu_183">
<pin_list>
<pin id="184" dir="0" index="0" bw="5" slack="0"/>
<pin id="185" dir="0" index="1" bw="1" slack="0"/>
<pin id="186" dir="1" index="2" bw="5" slack="0"/>
</pin_list>
<bind>
<opcode="add(8) " fcode="add"/>
<opset="i_2/4 "/>
</bind>
</comp>

<comp id="189" class="1004" name="sext_ln25_fu_189">
<pin_list>
<pin id="190" dir="0" index="0" bw="10" slack="0"/>
<pin id="191" dir="1" index="1" bw="32" slack="0"/>
</pin_list>
<bind>
<opcode="sext(35) " fcode="sext"/>
<opset="sext_ln25/5 "/>
</bind>
</comp>

<comp id="193" class="1004" name="mul_ln25_fu_193">
<pin_list>
<pin id="194" dir="0" index="0" bw="32" slack="0"/>
<pin id="195" dir="0" index="1" bw="10" slack="0"/>
<pin id="196" dir="1" index="2" bw="32" slack="0"/>
</pin_list>
<bind>
<opcode="mul(12) " fcode="mul"/>
<opset="mul_ln25/5 "/>
</bind>
</comp>

<comp id="199" class="1004" name="acc_fu_199">
<pin_list>
<pin id="200" dir="0" index="0" bw="32" slack="0"/>
<pin id="201" dir="0" index="1" bw="32" slack="1"/>
<pin id="202" dir="1" index="2" bw="32" slack="1"/>
</pin_list>
<bind>
<opcode="add(8) " fcode="add"/>
<opset="acc/5 "/>
</bind>
</comp>

<comp id="205" class="1005" name="x_read_reg_205">
<pin_list>
<pin id="206" dir="0" index="0" bw="32" slack="1"/>
<pin id="207" dir="1" index="1" bw="32" slack="1"/>
</pin_list>
<bind>
<opset="x_read "/>
</bind>
</comp>

<comp id="213" class="1005" name="i_reg_213">
<pin_list>
<pin id="214" dir="0" index="0" bw="4" slack="0"/>
<pin id="215" dir="1" index="1" bw="4" slack="0"/>
</pin_list>
<bind>
<opset="i "/>
</bind>
</comp>

<comp id="218" class="1005" name="shift_reg_addr_reg_218">
<pin_list>
<pin id="219" dir="0" index="0" bw="4" slack="1"/>
<pin id="220" dir="1" index="1" bw="4" slack="1"/>
</pin_list>
<bind>
<opset="shift_reg_addr "/>
</bind>
</comp>

<comp id="226" class="1005" name="shift_reg_addr_2_reg_226">
<pin_list>
<pin id="227" dir="0" index="0" bw="4" slack="1"/>
<pin id="228" dir="1" index="1" bw="4" slack="1"/>
</pin_list>
<bind>
<opset="shift_reg_addr_2 "/>
</bind>
</comp>

<comp id="231" class="1005" name="c1_addr_reg_231">
<pin_list>
<pin id="232" dir="0" index="0" bw="4" slack="1"/>
<pin id="233" dir="1" index="1" bw="4" slack="1"/>
</pin_list>
<bind>
<opset="c1_addr "/>
</bind>
</comp>

<comp id="236" class="1005" name="i_2_reg_236">
<pin_list>
<pin id="237" dir="0" index="0" bw="5" slack="0"/>
<pin id="238" dir="1" index="1" bw="5" slack="0"/>
</pin_list>
<bind>
<opset="i_2 "/>
</bind>
</comp>

<comp id="241" class="1005" name="acc_reg_241">
<pin_list>
<pin id="242" dir="0" index="0" bw="32" slack="1"/>
<pin id="243" dir="1" index="1" bw="32" slack="1"/>
</pin_list>
<bind>
<opset="acc "/>
</bind>
</comp>

</comp_list>

<net_list>
<net id="54"><net_src comp="14" pin="0"/><net_sink comp="50" pin=0"/></net>

<net id="55"><net_src comp="2" pin="0"/><net_sink comp="50" pin=1"/></net>

<net id="61"><net_src comp="46" pin="0"/><net_sink comp="56" pin=0"/></net>

<net id="62"><net_src comp="0" pin="0"/><net_sink comp="56" pin=1"/></net>

<net id="68"><net_src comp="4" pin="0"/><net_sink comp="63" pin=0"/></net>

<net id="69"><net_src comp="26" pin="0"/><net_sink comp="63" pin=1"/></net>

<net id="75"><net_src comp="63" pin="3"/><net_sink comp="70" pin=0"/></net>

<net id="76"><net_src comp="28" pin="0"/><net_sink comp="70" pin=0"/></net>

<net id="82"><net_src comp="4" pin="0"/><net_sink comp="77" pin=0"/></net>

<net id="83"><net_src comp="26" pin="0"/><net_sink comp="77" pin=1"/></net>

<net id="84"><net_src comp="70" pin="3"/><net_sink comp="70" pin=1"/></net>

<net id="85"><net_src comp="77" pin="3"/><net_sink comp="70" pin=0"/></net>

<net id="91"><net_src comp="4" pin="0"/><net_sink comp="86" pin=0"/></net>

<net id="92"><net_src comp="26" pin="0"/><net_sink comp="86" pin=1"/></net>

<net id="93"><net_src comp="86" pin="3"/><net_sink comp="70" pin=0"/></net>

<net id="99"><net_src comp="6" pin="0"/><net_sink comp="94" pin=0"/></net>

<net id="100"><net_src comp="26" pin="0"/><net_sink comp="94" pin=1"/></net>

<net id="106"><net_src comp="94" pin="3"/><net_sink comp="101" pin=0"/></net>

<net id="110"><net_src comp="16" pin="0"/><net_sink comp="107" pin=0"/></net>

<net id="117"><net_src comp="107" pin="1"/><net_sink comp="111" pin=0"/></net>

<net id="118"><net_src comp="111" pin="4"/><net_sink comp="107" pin=0"/></net>

<net id="122"><net_src comp="34" pin="0"/><net_sink comp="119" pin=0"/></net>

<net id="129"><net_src comp="119" pin="1"/><net_sink comp="123" pin=0"/></net>

<net id="130"><net_src comp="123" pin="4"/><net_sink comp="56" pin=2"/></net>

<net id="131"><net_src comp="123" pin="4"/><net_sink comp="119" pin=0"/></net>

<net id="135"><net_src comp="36" pin="0"/><net_sink comp="132" pin=0"/></net>

<net id="142"><net_src comp="132" pin="1"/><net_sink comp="136" pin=0"/></net>

<net id="147"><net_src comp="111" pin="4"/><net_sink comp="143" pin=0"/></net>

<net id="148"><net_src comp="18" pin="0"/><net_sink comp="143" pin=1"/></net>

<net id="153"><net_src comp="111" pin="4"/><net_sink comp="149" pin=0"/></net>

<net id="154"><net_src comp="24" pin="0"/><net_sink comp="149" pin=1"/></net>

<net id="158"><net_src comp="149" pin="2"/><net_sink comp="155" pin=0"/></net>

<net id="159"><net_src comp="155" pin="1"/><net_sink comp="63" pin=2"/></net>

<net id="163"><net_src comp="107" pin="1"/><net_sink comp="160" pin=0"/></net>

<net id="164"><net_src comp="160" pin="1"/><net_sink comp="77" pin=2"/></net>

<net id="168"><net_src comp="136" pin="4"/><net_sink comp="165" pin=0"/></net>

<net id="174"><net_src comp="38" pin="0"/><net_sink comp="169" pin=0"/></net>

<net id="175"><net_src comp="136" pin="4"/><net_sink comp="169" pin=1"/></net>

<net id="176"><net_src comp="40" pin="0"/><net_sink comp="169" pin=2"/></net>

<net id="180"><net_src comp="165" pin="1"/><net_sink comp="177" pin=0"/></net>

<net id="181"><net_src comp="177" pin="1"/><net_sink comp="86" pin=2"/></net>

<net id="182"><net_src comp="177" pin="1"/><net_sink comp="94" pin=2"/></net>

<net id="187"><net_src comp="136" pin="4"/><net_sink comp="183" pin=0"/></net>

<net id="188"><net_src comp="44" pin="0"/><net_sink comp="183" pin=1"/></net>

<net id="192"><net_src comp="101" pin="3"/><net_sink comp="189" pin=0"/></net>

<net id="197"><net_src comp="70" pin="3"/><net_sink comp="193" pin=0"/></net>

<net id="198"><net_src comp="189" pin="1"/><net_sink comp="193" pin=1"/></net>

<net id="203"><net_src comp="193" pin="2"/><net_sink comp="199" pin=0"/></net>

<net id="204"><net_src comp="119" pin="1"/><net_sink comp="199" pin=1"/></net>

<net id="208"><net_src comp="50" pin="2"/><net_sink comp="205" pin=0"/></net>

<net id="209"><net_src comp="205" pin="1"/><net_sink comp="70" pin=1"/></net>

<net id="216"><net_src comp="149" pin="2"/><net_sink comp="213" pin=0"/></net>

<net id="217"><net_src comp="213" pin="1"/><net_sink comp="111" pin=2"/></net>

<net id="221"><net_src comp="63" pin="3"/><net_sink comp="218" pin=0"/></net>

<net id="222"><net_src comp="218" pin="1"/><net_sink comp="70" pin=0"/></net>

<net id="229"><net_src comp="86" pin="3"/><net_sink comp="226" pin=0"/></net>

<net id="230"><net_src comp="226" pin="1"/><net_sink comp="70" pin=0"/></net>

<net id="234"><net_src comp="94" pin="3"/><net_sink comp="231" pin=0"/></net>

<net id="235"><net_src comp="231" pin="1"/><net_sink comp="101" pin=0"/></net>

<net id="239"><net_src comp="183" pin="2"/><net_sink comp="236" pin=0"/></net>

<net id="240"><net_src comp="236" pin="1"/><net_sink comp="136" pin=2"/></net>

<net id="244"><net_src comp="199" pin="2"/><net_sink comp="241" pin=0"/></net>

<net id="245"><net_src comp="241" pin="1"/><net_sink comp="123" pin=2"/></net>

</net_list>

</model> 
---------------- Datapath Model END ------------------

* FSMD analyzer results:
  - Output states:
	Port: y | {4 }
	Port: shift_reg | {2 3 }
 - Input state : 
	Port: fir : x | {1 }
	Port: fir : shift_reg | {2 3 4 5 }
	Port: fir : c1 | {4 5 }
  - Chain level:
	State 1
	State 2
		icmp_ln17 : 1
		br_ln17 : 2
		i : 1
		zext_ln18 : 2
		shift_reg_addr : 3
		shift_reg_load : 4
	State 3
		shift_reg_addr_1 : 1
		store_ln18 : 2
	State 4
		sext_ln24 : 1
		tmp : 1
		br_ln24 : 2
		zext_ln25 : 2
		shift_reg_addr_2 : 3
		shift_reg_load_1 : 4
		c1_addr : 3
		c1_load : 4
		i_2 : 1
		write_ln27 : 1
	State 5
		sext_ln25 : 1
		mul_ln25 : 2
		acc : 3


============================================================
+ Verbose Summary: Datapath Resource usage 
============================================================

* Functional unit list:
|----------|------------------------|---------|---------|---------|
| Operation|     Functional Unit    |  DSP48E |    FF   |   LUT   |
|----------|------------------------|---------|---------|---------|
|          |        i_fu_149        |    0    |    0    |    12   |
|    add   |       i_2_fu_183       |    0    |    0    |    15   |
|          |       acc_fu_199       |    0    |    0    |    39   |
|----------|------------------------|---------|---------|---------|
|    mul   |     mul_ln25_fu_193    |    2    |    0    |    20   |
|----------|------------------------|---------|---------|---------|
|   icmp   |    icmp_ln17_fu_143    |    0    |    0    |    9    |
|----------|------------------------|---------|---------|---------|
|   read   |    x_read_read_fu_50   |    0    |    0    |    0    |
|----------|------------------------|---------|---------|---------|
|   write  | write_ln27_write_fu_56 |    0    |    0    |    0    |
|----------|------------------------|---------|---------|---------|
|          |    zext_ln18_fu_155    |    0    |    0    |    0    |
|   zext   |   zext_ln18_1_fu_160   |    0    |    0    |    0    |
|          |    zext_ln25_fu_177    |    0    |    0    |    0    |
|----------|------------------------|---------|---------|---------|
|   sext   |    sext_ln24_fu_165    |    0    |    0    |    0    |
|          |    sext_ln25_fu_189    |    0    |    0    |    0    |
|----------|------------------------|---------|---------|---------|
| bitselect|       tmp_fu_169       |    0    |    0    |    0    |
|----------|------------------------|---------|---------|---------|
|   Total  |                        |    2    |    0    |    95   |
|----------|------------------------|---------|---------|---------|

Memories:
+---------+--------+--------+--------+--------+
|         |  BRAM  |   FF   |   LUT  |  URAM  |
+---------+--------+--------+--------+--------+
|    c1   |    0   |   10   |    2   |    -   |
|shift_reg|    0   |   64   |    6   |    0   |
+---------+--------+--------+--------+--------+
|  Total  |    0   |   74   |    8   |    0   |
+---------+--------+--------+--------+--------+

* Register list:
+------------------------+--------+
|                        |   FF   |
+------------------------+--------+
|      acc_0_reg_119     |   32   |
|       acc_reg_241      |   32   |
|     c1_addr_reg_231    |    4   |
|       i_0_reg_107      |    4   |
|       i_1_reg_132      |    5   |
|       i_2_reg_236      |    5   |
|        i_reg_213       |    4   |
|shift_reg_addr_2_reg_226|    4   |
| shift_reg_addr_reg_218 |    4   |
|     x_read_reg_205     |   32   |
+------------------------+--------+
|          Total         |   126  |
+------------------------+--------+

* Multiplexer (MUX) list: 
|-------------------|------|------|------|--------||---------||---------|
|        Comp       |  Pin | Size |  BW  | S x BW ||  Delay  ||   LUT   |
|-------------------|------|------|------|--------||---------||---------|
|  grp_access_fu_70 |  p0  |   6  |   4  |   24   ||    33   |
|  grp_access_fu_70 |  p1  |   2  |  32  |   64   ||    9    |
| grp_access_fu_101 |  p0  |   2  |   4  |    8   ||    9    |
|    i_0_reg_107    |  p0  |   2  |   4  |    8   ||    9    |
|   acc_0_reg_119   |  p0  |   2  |  32  |   64   ||    9    |
|-------------------|------|------|------|--------||---------||---------|
|       Total       |      |      |      |   168  ||  5.494  ||    69   |
|-------------------|------|------|------|--------||---------||---------|



* Summary:
+-----------+--------+--------+--------+--------+--------+--------+
|           |  BRAM  | DSP48E |  Delay |   FF   |   LUT  |  URAM  |
+-----------+--------+--------+--------+--------+--------+--------+
|  Function |    -   |    2   |    -   |    0   |   95   |    -   |
|   Memory  |    0   |    -   |    -   |   74   |    8   |    0   |
|Multiplexer|    -   |    -   |    5   |    -   |   69   |    -   |
|  Register |    -   |    -   |    -   |   126  |    -   |    -   |
+-----------+--------+--------+--------+--------+--------+--------+
|   Total   |    0   |    2   |    5   |   200  |   172  |    0   |
+-----------+--------+--------+--------+--------+--------+--------+
