==============================================================
Vivado(TM) HLS - High-Level Synthesis from C, C++ and SystemC v2020.1 (64-bit)
Copyright 1986-2020 Xilinx, Inc. All Rights Reserved.
==============================================================
INFO: [HLS 200-10] Setting target device to 'xqzu5ev-ffrb900-1-i'
INFO: [SYN 201-201] Setting up clock 'default' with a period of 10ns.
INFO: [Common 17-206] Exiting vivado_hls at Wed Jun 14 06:14:36 2023...
==============================================================
Vivado(TM) HLS - High-Level Synthesis from C, C++ and SystemC v2020.1 (64-bit)
Copyright 1986-2020 Xilinx, Inc. All Rights Reserved.
==============================================================
INFO: [SYN 201-201] Setting up clock 'default' with a period of 10ns.
INFO: [HLS 200-10] Setting target device to 'xqzu5ev-ffrb900-1-i'
INFO: [SIM 211-2] *************** CSIM start ***************
INFO: [SIM 211-4] CSIM will launch GCC as the compiler.
INFO: [SIM 211-1] CSim done with 0 errors.
INFO: [SIM 211-3] *************** CSIM finish ***************
==============================================================
Vivado(TM) HLS - High-Level Synthesis from C, C++ and SystemC v2020.1 (64-bit)
Copyright 1986-2020 Xilinx, Inc. All Rights Reserved.
==============================================================
INFO: [SYN 201-201] Setting up clock 'default' with a period of 10ns.
INFO: [HLS 200-10] Setting target device to 'xqzu5ev-ffrb900-1-i'
INFO: [SCHED 204-61] Option 'relax_ii_for_timing' is enabled, will increase II to preserve clock frequency constraints.
INFO: [HLS 200-10] Analyzing design file 'cordic.cpp' ... 
INFO: [HLS 200-111] Finished Linking Time (s): cpu = 00:00:02 ; elapsed = 00:00:10 . Memory (MB): peak = 889.137 ; gain = 793.059
INFO: [HLS 200-111] Finished Checking Pragmas Time (s): cpu = 00:00:02 ; elapsed = 00:00:10 . Memory (MB): peak = 889.137 ; gain = 793.059
INFO: [HLS 200-10] Starting code transformations ...
INFO: [HLS 200-111] Finished Standard Transforms Time (s): cpu = 00:00:02 ; elapsed = 00:00:11 . Memory (MB): peak = 889.137 ; gain = 793.059
INFO: [HLS 200-10] Checking synthesizability ...
INFO: [HLS 200-111] Finished Checking Synthesizability Time (s): cpu = 00:00:02 ; elapsed = 00:00:11 . Memory (MB): peak = 889.137 ; gain = 793.059
INFO: [HLS 200-111] Finished Pre-synthesis Time (s): cpu = 00:00:02 ; elapsed = 00:00:11 . Memory (MB): peak = 889.137 ; gain = 793.059
INFO: [HLS 200-111] Finished Architecture Synthesis Time (s): cpu = 00:00:02 ; elapsed = 00:00:11 . Memory (MB): peak = 889.137 ; gain = 793.059
INFO: [HLS 200-10] Starting hardware synthesis ...
INFO: [HLS 200-10] Synthesizing 'cordic' ...
INFO: [HLS 200-10] ----------------------------------------------------------------
INFO: [HLS 200-42] -- Implementing module 'cordic' 
INFO: [HLS 200-10] ----------------------------------------------------------------
INFO: [SCHED 204-11] Starting scheduling ...
INFO: [SCHED 204-11] Finished scheduling.
INFO: [HLS 200-111]  Elapsed time: 11.387 seconds; current allocated memory: 88.971 MB.
INFO: [BIND 205-100] Starting micro-architecture generation ...
INFO: [BIND 205-101] Performing variable lifetime analysis.
INFO: [BIND 205-101] Exploring resource sharing.
INFO: [BIND 205-101] Binding ...
INFO: [BIND 205-100] Finished micro-architecture generation.
INFO: [HLS 200-111]  Elapsed time: 0.083 seconds; current allocated memory: 89.173 MB.
INFO: [HLS 200-10] ----------------------------------------------------------------
INFO: [HLS 200-10] -- Generating RTL for module 'cordic' 
INFO: [HLS 200-10] ----------------------------------------------------------------
INFO: [RTGEN 206-500] Setting interface mode on port 'cordic/theta' to 'ap_none'.
INFO: [RTGEN 206-500] Setting interface mode on port 'cordic/s' to 'ap_vld'.
INFO: [RTGEN 206-500] Setting interface mode on port 'cordic/c' to 'ap_vld'.
INFO: [RTGEN 206-500] Setting interface mode on function 'cordic' to 'ap_ctrl_hs'.
INFO: [SYN 201-210] Renamed object name 'cordic_fsub_32ns_32ns_32_4_full_dsp_1' to 'cordic_fsub_32ns_bkb' due to the length limit 20
INFO: [SYN 201-210] Renamed object name 'cordic_fadd_32ns_32ns_32_4_full_dsp_1' to 'cordic_fadd_32ns_cud' due to the length limit 20
INFO: [SYN 201-210] Renamed object name 'cordic_fmul_32ns_32ns_32_3_max_dsp_1' to 'cordic_fmul_32ns_dEe' due to the length limit 20
INFO: [SYN 201-210] Renamed object name 'cordic_fcmp_32ns_32ns_1_2_1' to 'cordic_fcmp_32ns_eOg' due to the length limit 20
INFO: [RTGEN 206-100] Generating core module 'cordic_fadd_32ns_cud': 1 instance(s).
INFO: [RTGEN 206-100] Generating core module 'cordic_fcmp_32ns_eOg': 1 instance(s).
INFO: [RTGEN 206-100] Generating core module 'cordic_fmul_32ns_dEe': 3 instance(s).
INFO: [RTGEN 206-100] Generating core module 'cordic_fsub_32ns_bkb': 1 instance(s).
INFO: [RTGEN 206-100] Finished creating RTL model for 'cordic'.
INFO: [HLS 200-111]  Elapsed time: 0.186 seconds; current allocated memory: 89.631 MB.
INFO: [HLS 200-790] **** Loop Constraint Status: All loop constraints were satisfied.
INFO: [HLS 200-789] **** Estimated Fmax: 120.69 MHz
INFO: [RTMG 210-279] Implementing memory 'cordic_cordic_phase_rom' using auto ROMs.
INFO: [HLS 200-111] Finished generating all RTL models Time (s): cpu = 00:00:03 ; elapsed = 00:00:13 . Memory (MB): peak = 889.137 ; gain = 793.059
INFO: [VHDL 208-304] Generating VHDL RTL for cordic.
INFO: [VLOG 209-307] Generating Verilog RTL for cordic.
INFO: [HLS 200-112] Total elapsed time: 13.499 seconds; peak allocated memory: 89.631 MB.
==============================================================
Vivado(TM) HLS - High-Level Synthesis from C, C++ and SystemC v2020.1 (64-bit)
Copyright 1986-2020 Xilinx, Inc. All Rights Reserved.
==============================================================
INFO: [SYN 201-201] Setting up clock 'default' with a period of 10ns.
INFO: [HLS 200-10] Setting target device to 'xqzu5ev-ffrb900-1-i'
INFO: [SIM 211-2] *************** CSIM start ***************
INFO: [SIM 211-4] CSIM will launch GCC as the compiler.
INFO: [SIM 211-1] CSim done with 0 errors.
INFO: [SIM 211-3] *************** CSIM finish ***************
