

================================================================
== Vivado HLS Report for 'dft'
================================================================
* Date:           Mon Jul  3 04:57:59 2023

* Version:        2020.1 (Build 2897737 on Wed May 27 20:21:37 MDT 2020)
* Project:        dft_proj
* Solution:       solution2
* Product family: zynquplus
* Target device:  xqzu5ev-ffrb900-1-i


================================================================
== Performance Estimates
================================================================
+ Timing: 
    * Summary: 
    +--------+---------+----------+------------+
    |  Clock |  Target | Estimated| Uncertainty|
    +--------+---------+----------+------------+
    |ap_clk  | 8.00 ns | 6.675 ns |   1.00 ns  |
    +--------+---------+----------+------------+

+ Latency: 
    * Summary: 
    +---------+---------+----------+----------+--------+--------+---------+
    |  Latency (cycles) |  Latency (absolute) |     Interval    | Pipeline|
    |   min   |   max   |    min   |    max   |   min  |   max  |   Type  |
    +---------+---------+----------+----------+--------+--------+---------+
    |   341250|   341250| 2.730 ms | 2.730 ms |  341250|  341250|   none  |
    +---------+---------+----------+----------+--------+--------+---------+

    + Detail: 
        * Instance: 
        N/A

        * Loop: 
        +---------------+---------+---------+----------+-----------+-----------+------+----------+
        |               |  Latency (cycles) | Iteration|  Initiation Interval  | Trip |          |
        |   Loop Name   |   min   |   max   |  Latency |  achieved |   target  | Count| Pipelined|
        +---------------+---------+---------+----------+-----------+-----------+------+----------+
        |- dft_label1   |   340736|   340736|      1331|          -|          -|   256|    no    |
        | + dft_label0  |     1316|     1316|        42|          5|          1|   256|    yes   |
        |- Loop 2       |      512|      512|         2|          -|          -|   256|    no    |
        +---------------+---------+---------+----------+-----------+-----------+------+----------+

============================================================
+ Verbose Summary: Synthesis Manager
============================================================
InlineROM: 1
ExposeGlobal: 0
============================================================
+ Verbose Summary: CDFG Model
============================================================
IsTopModel: 1
ResetActiveHigh: 1
IsCombinational: 0
IsDatapathOnly: 0
HasWiredReturn: 1
HasMFsm: 0
HasVarLatency: 1
IsPipeline: 0
IsRtlPipelined: 0
IsInstanceOverlapped: 0
IsDontTouch: 0
HasImplIP: 0
IsGatedGlobalClock: 0

+ Individual pipeline summary: 
  * Pipeline-0: initiation interval (II) = 5, depth = 42


============================================================
+ Verbose Summary: Schedule
============================================================
* Number of FSM states : 59
* Pipeline : 1
  Pipeline-0 : II = 5, D = 42, States = { 15 16 17 18 19 20 21 22 23 24 25 26 27 28 29 30 31 32 33 34 35 36 37 38 39 40 41 42 43 44 45 46 47 48 49 50 51 52 53 54 55 56 }
* Dataflow Pipeline: 0

* FSM state transitions: 
1 --> 2 
2 --> 3 58 
3 --> 4 
4 --> 5 
5 --> 6 
6 --> 7 
7 --> 8 
8 --> 9 
9 --> 10 
10 --> 11 
11 --> 12 
12 --> 13 
13 --> 14 
14 --> 15 
15 --> 57 16 
16 --> 17 
17 --> 18 
18 --> 19 
19 --> 20 
20 --> 21 
21 --> 22 
22 --> 23 
23 --> 24 
24 --> 25 
25 --> 26 
26 --> 27 
27 --> 28 
28 --> 29 
29 --> 30 
30 --> 31 
31 --> 32 
32 --> 33 
33 --> 34 
34 --> 35 
35 --> 36 
36 --> 37 
37 --> 38 
38 --> 39 
39 --> 40 
40 --> 41 
41 --> 42 
42 --> 43 
43 --> 44 
44 --> 45 
45 --> 46 
46 --> 47 
47 --> 48 
48 --> 49 
49 --> 50 
50 --> 51 
51 --> 52 
52 --> 53 
53 --> 54 
54 --> 55 
55 --> 56 
56 --> 15 
57 --> 2 
58 --> 59 
59 --> 58 

* FSM state operations: 

State 1 <SV = 0> <Delay = 0.75>
ST_1 : Operation 60 [1/1] (0.00ns)   --->   "call void (...)* @_ssdm_op_SpecBitsMap([256 x float]* %sample_real) nounwind, !map !14"   --->   Operation 60 'specbitsmap' <Predicate = true> <Delay = 0.00>
ST_1 : Operation 61 [1/1] (0.00ns)   --->   "call void (...)* @_ssdm_op_SpecBitsMap([256 x float]* %sample_imag) nounwind, !map !20"   --->   Operation 61 'specbitsmap' <Predicate = true> <Delay = 0.00>
ST_1 : Operation 62 [1/1] (0.00ns)   --->   "call void (...)* @_ssdm_op_SpecTopModule([4 x i8]* @dft_str) nounwind"   --->   Operation 62 'spectopmodule' <Predicate = true> <Delay = 0.00>
ST_1 : Operation 63 [1/1] (0.00ns)   --->   "%temp_real = alloca [256 x float], align 16" [dft.cpp:14]   --->   Operation 63 'alloca' 'temp_real' <Predicate = true> <Delay = 0.00> <Core = "RAM">   --->   Core 37 'RAM' <Latency = 1> <II = 1> <Delay = 1.35> <Storage> <Opcode : 'load' 'store'> <Ports = 2> <Width = 32> <Depth = 256> <RAM>
ST_1 : Operation 64 [1/1] (0.00ns)   --->   "%temp_imag = alloca [256 x float], align 16" [dft.cpp:15]   --->   Operation 64 'alloca' 'temp_imag' <Predicate = true> <Delay = 0.00> <Core = "RAM">   --->   Core 37 'RAM' <Latency = 1> <II = 1> <Delay = 1.35> <Storage> <Opcode : 'load' 'store'> <Ports = 2> <Width = 32> <Depth = 256> <RAM>
ST_1 : Operation 65 [1/1] (0.75ns)   --->   "br label %1" [dft.cpp:18]   --->   Operation 65 'br' <Predicate = true> <Delay = 0.75>

State 2 <SV = 1> <Delay = 5.43>
ST_2 : Operation 66 [1/1] (0.00ns)   --->   "%i_0 = phi i9 [ 0, %0 ], [ %i_2, %dft_label1_end ]"   --->   Operation 66 'phi' 'i_0' <Predicate = true> <Delay = 0.00>
ST_2 : Operation 67 [1/1] (0.85ns)   --->   "%icmp_ln18 = icmp eq i9 %i_0, -256" [dft.cpp:18]   --->   Operation 67 'icmp' 'icmp_ln18' <Predicate = true> <Delay = 0.85> <Core = "Cmp">   --->   Core 25 'Cmp' <Latency = 0> <II = 1> <Delay = 0.85> <FuncUnit> <Opcode : 'icmp'> <InPorts = 2> <OutPorts = 1>
ST_2 : Operation 68 [1/1] (0.00ns)   --->   "%empty = call i32 (...)* @_ssdm_op_SpecLoopTripCount(i64 256, i64 256, i64 256) nounwind"   --->   Operation 68 'speclooptripcount' 'empty' <Predicate = true> <Delay = 0.00>
ST_2 : Operation 69 [1/1] (0.92ns)   --->   "%i_2 = add i9 %i_0, 1" [dft.cpp:18]   --->   Operation 69 'add' 'i_2' <Predicate = true> <Delay = 0.92> <Core = "AddSub">   --->   Core 14 'AddSub' <Latency = 0> <II = 1> <Delay = 0.92> <FuncUnit> <Opcode : 'add' 'sub'> <InPorts = 2> <OutPorts = 1>
ST_2 : Operation 70 [1/1] (0.00ns)   --->   "br i1 %icmp_ln18, label %.preheader.preheader, label %dft_label1_begin" [dft.cpp:18]   --->   Operation 70 'br' <Predicate = true> <Delay = 0.00>
ST_2 : Operation 71 [1/1] (0.00ns)   --->   "%zext_ln18 = zext i9 %i_0 to i32" [dft.cpp:18]   --->   Operation 71 'zext' 'zext_ln18' <Predicate = (!icmp_ln18)> <Delay = 0.00>
ST_2 : Operation 72 [5/5] (5.43ns)   --->   "%tmp = sitofp i32 %zext_ln18 to double" [dft.cpp:24]   --->   Operation 72 'sitodp' 'tmp' <Predicate = (!icmp_ln18)> <Delay = 5.43> <Core = "Int2Double">   --->   Core 122 'Int2Double' <Latency = 4> <II = 1> <Delay = 5.43> <FuncUnit> <Opcode : 'sitodp' 'uitodp'> <InPorts = 1> <OutPorts = 1>
ST_2 : Operation 73 [1/1] (0.75ns)   --->   "br label %.preheader" [dft.cpp:40]   --->   Operation 73 'br' <Predicate = (icmp_ln18)> <Delay = 0.75>

State 3 <SV = 2> <Delay = 5.43>
ST_3 : Operation 74 [4/5] (5.43ns)   --->   "%tmp = sitofp i32 %zext_ln18 to double" [dft.cpp:24]   --->   Operation 74 'sitodp' 'tmp' <Predicate = true> <Delay = 5.43> <Core = "Int2Double">   --->   Core 122 'Int2Double' <Latency = 4> <II = 1> <Delay = 5.43> <FuncUnit> <Opcode : 'sitodp' 'uitodp'> <InPorts = 1> <OutPorts = 1>

State 4 <SV = 3> <Delay = 5.43>
ST_4 : Operation 75 [3/5] (5.43ns)   --->   "%tmp = sitofp i32 %zext_ln18 to double" [dft.cpp:24]   --->   Operation 75 'sitodp' 'tmp' <Predicate = true> <Delay = 5.43> <Core = "Int2Double">   --->   Core 122 'Int2Double' <Latency = 4> <II = 1> <Delay = 5.43> <FuncUnit> <Opcode : 'sitodp' 'uitodp'> <InPorts = 1> <OutPorts = 1>

State 5 <SV = 4> <Delay = 5.43>
ST_5 : Operation 76 [2/5] (5.43ns)   --->   "%tmp = sitofp i32 %zext_ln18 to double" [dft.cpp:24]   --->   Operation 76 'sitodp' 'tmp' <Predicate = true> <Delay = 5.43> <Core = "Int2Double">   --->   Core 122 'Int2Double' <Latency = 4> <II = 1> <Delay = 5.43> <FuncUnit> <Opcode : 'sitodp' 'uitodp'> <InPorts = 1> <OutPorts = 1>

State 6 <SV = 5> <Delay = 5.43>
ST_6 : Operation 77 [1/5] (5.43ns)   --->   "%tmp = sitofp i32 %zext_ln18 to double" [dft.cpp:24]   --->   Operation 77 'sitodp' 'tmp' <Predicate = true> <Delay = 5.43> <Core = "Int2Double">   --->   Core 122 'Int2Double' <Latency = 4> <II = 1> <Delay = 5.43> <FuncUnit> <Opcode : 'sitodp' 'uitodp'> <InPorts = 1> <OutPorts = 1>

State 7 <SV = 6> <Delay = 6.60>
ST_7 : Operation 78 [6/6] (6.60ns)   --->   "%tmp_2 = fmul double %tmp, 0x3F9921FB5444261E" [dft.cpp:24]   --->   Operation 78 'dmul' 'tmp_2' <Predicate = true> <Delay = 6.60> <Core = "DMul">   --->   Core 116 'DMul' <Latency = 5> <II = 1> <Delay = 6.60> <FuncUnit> <Opcode : 'dmul'> <InPorts = 2> <OutPorts = 1>

State 8 <SV = 7> <Delay = 6.60>
ST_8 : Operation 79 [5/6] (6.60ns)   --->   "%tmp_2 = fmul double %tmp, 0x3F9921FB5444261E" [dft.cpp:24]   --->   Operation 79 'dmul' 'tmp_2' <Predicate = true> <Delay = 6.60> <Core = "DMul">   --->   Core 116 'DMul' <Latency = 5> <II = 1> <Delay = 6.60> <FuncUnit> <Opcode : 'dmul'> <InPorts = 2> <OutPorts = 1>

State 9 <SV = 8> <Delay = 6.60>
ST_9 : Operation 80 [4/6] (6.60ns)   --->   "%tmp_2 = fmul double %tmp, 0x3F9921FB5444261E" [dft.cpp:24]   --->   Operation 80 'dmul' 'tmp_2' <Predicate = true> <Delay = 6.60> <Core = "DMul">   --->   Core 116 'DMul' <Latency = 5> <II = 1> <Delay = 6.60> <FuncUnit> <Opcode : 'dmul'> <InPorts = 2> <OutPorts = 1>

State 10 <SV = 9> <Delay = 6.60>
ST_10 : Operation 81 [3/6] (6.60ns)   --->   "%tmp_2 = fmul double %tmp, 0x3F9921FB5444261E" [dft.cpp:24]   --->   Operation 81 'dmul' 'tmp_2' <Predicate = true> <Delay = 6.60> <Core = "DMul">   --->   Core 116 'DMul' <Latency = 5> <II = 1> <Delay = 6.60> <FuncUnit> <Opcode : 'dmul'> <InPorts = 2> <OutPorts = 1>

State 11 <SV = 10> <Delay = 6.60>
ST_11 : Operation 82 [2/6] (6.60ns)   --->   "%tmp_2 = fmul double %tmp, 0x3F9921FB5444261E" [dft.cpp:24]   --->   Operation 82 'dmul' 'tmp_2' <Predicate = true> <Delay = 6.60> <Core = "DMul">   --->   Core 116 'DMul' <Latency = 5> <II = 1> <Delay = 6.60> <FuncUnit> <Opcode : 'dmul'> <InPorts = 2> <OutPorts = 1>

State 12 <SV = 11> <Delay = 6.60>
ST_12 : Operation 83 [1/6] (6.60ns)   --->   "%tmp_2 = fmul double %tmp, 0x3F9921FB5444261E" [dft.cpp:24]   --->   Operation 83 'dmul' 'tmp_2' <Predicate = true> <Delay = 6.60> <Core = "DMul">   --->   Core 116 'DMul' <Latency = 5> <II = 1> <Delay = 6.60> <FuncUnit> <Opcode : 'dmul'> <InPorts = 2> <OutPorts = 1>

State 13 <SV = 12> <Delay = 3.32>
ST_13 : Operation 84 [2/2] (3.32ns)   --->   "%w = fptrunc double %tmp_2 to float" [dft.cpp:24]   --->   Operation 84 'fptrunc' 'w' <Predicate = true> <Delay = 3.32> <Core = "Double2Float">   --->   Core 123 'Double2Float' <Latency = 1> <II = 1> <Delay = 3.32> <FuncUnit> <Opcode : 'fptrunc'> <InPorts = 1> <OutPorts = 1>

State 14 <SV = 13> <Delay = 3.32>
ST_14 : Operation 85 [1/1] (0.00ns)   --->   "call void (...)* @_ssdm_op_SpecLoopName([11 x i8]* @p_str) nounwind" [dft.cpp:18]   --->   Operation 85 'specloopname' <Predicate = true> <Delay = 0.00>
ST_14 : Operation 86 [1/1] (0.00ns)   --->   "%tmp_6 = call i32 (...)* @_ssdm_op_SpecRegionBegin([11 x i8]* @p_str) nounwind" [dft.cpp:18]   --->   Operation 86 'specregionbegin' 'tmp_6' <Predicate = true> <Delay = 0.00>
ST_14 : Operation 87 [1/1] (0.00ns)   --->   "%zext_ln19 = zext i9 %i_0 to i64" [dft.cpp:19]   --->   Operation 87 'zext' 'zext_ln19' <Predicate = true> <Delay = 0.00>
ST_14 : Operation 88 [1/1] (0.00ns)   --->   "%temp_real_addr = getelementptr inbounds [256 x float]* %temp_real, i64 0, i64 %zext_ln19" [dft.cpp:19]   --->   Operation 88 'getelementptr' 'temp_real_addr' <Predicate = true> <Delay = 0.00>
ST_14 : Operation 89 [1/1] (1.35ns)   --->   "store float 0.000000e+00, float* %temp_real_addr, align 4" [dft.cpp:19]   --->   Operation 89 'store' <Predicate = true> <Delay = 1.35> <Core = "RAM">   --->   Core 37 'RAM' <Latency = 1> <II = 1> <Delay = 1.35> <Storage> <Opcode : 'load' 'store'> <Ports = 2> <Width = 32> <Depth = 256> <RAM>
ST_14 : Operation 90 [1/1] (0.00ns)   --->   "%temp_imag_addr = getelementptr inbounds [256 x float]* %temp_imag, i64 0, i64 %zext_ln19" [dft.cpp:20]   --->   Operation 90 'getelementptr' 'temp_imag_addr' <Predicate = true> <Delay = 0.00>
ST_14 : Operation 91 [1/1] (1.35ns)   --->   "store float 0.000000e+00, float* %temp_imag_addr, align 4" [dft.cpp:20]   --->   Operation 91 'store' <Predicate = true> <Delay = 1.35> <Core = "RAM">   --->   Core 37 'RAM' <Latency = 1> <II = 1> <Delay = 1.35> <Storage> <Opcode : 'load' 'store'> <Ports = 2> <Width = 32> <Depth = 256> <RAM>
ST_14 : Operation 92 [1/2] (3.32ns)   --->   "%w = fptrunc double %tmp_2 to float" [dft.cpp:24]   --->   Operation 92 'fptrunc' 'w' <Predicate = true> <Delay = 3.32> <Core = "Double2Float">   --->   Core 123 'Double2Float' <Latency = 1> <II = 1> <Delay = 3.32> <FuncUnit> <Opcode : 'fptrunc'> <InPorts = 1> <OutPorts = 1>
ST_14 : Operation 93 [1/1] (0.75ns)   --->   "br label %2" [dft.cpp:27]   --->   Operation 93 'br' <Predicate = true> <Delay = 0.75>

State 15 <SV = 14> <Delay = 6.67>
ST_15 : Operation 94 [1/1] (0.00ns)   --->   "%empty_41 = phi float [ 0.000000e+00, %dft_label1_begin ], [ %tmp_12, %dft_label0 ]" [dft.cpp:35]   --->   Operation 94 'phi' 'empty_41' <Predicate = true> <Delay = 0.00>
ST_15 : Operation 95 [1/1] (0.00ns)   --->   "%empty_42 = phi float [ 0.000000e+00, %dft_label1_begin ], [ %tmp_8, %dft_label0 ]" [dft.cpp:34]   --->   Operation 95 'phi' 'empty_42' <Predicate = true> <Delay = 0.00>
ST_15 : Operation 96 [1/1] (0.00ns)   --->   "%j_0 = phi i9 [ 0, %dft_label1_begin ], [ %j, %dft_label0 ]"   --->   Operation 96 'phi' 'j_0' <Predicate = true> <Delay = 0.00>
ST_15 : Operation 97 [1/1] (0.85ns)   --->   "%icmp_ln27 = icmp eq i9 %j_0, -256" [dft.cpp:27]   --->   Operation 97 'icmp' 'icmp_ln27' <Predicate = true> <Delay = 0.85> <Core = "Cmp">   --->   Core 25 'Cmp' <Latency = 0> <II = 1> <Delay = 0.85> <FuncUnit> <Opcode : 'icmp'> <InPorts = 2> <OutPorts = 1>
ST_15 : Operation 98 [1/1] (0.00ns)   --->   "%empty_43 = call i32 (...)* @_ssdm_op_SpecLoopTripCount(i64 256, i64 256, i64 256) nounwind"   --->   Operation 98 'speclooptripcount' 'empty_43' <Predicate = true> <Delay = 0.00>
ST_15 : Operation 99 [1/1] (0.92ns)   --->   "%j = add i9 %j_0, 1" [dft.cpp:27]   --->   Operation 99 'add' 'j' <Predicate = true> <Delay = 0.92> <Core = "AddSub">   --->   Core 14 'AddSub' <Latency = 0> <II = 1> <Delay = 0.92> <FuncUnit> <Opcode : 'add' 'sub'> <InPorts = 2> <OutPorts = 1>
ST_15 : Operation 100 [1/1] (0.00ns)   --->   "br i1 %icmp_ln27, label %dft_label1_end, label %dft_label0" [dft.cpp:27]   --->   Operation 100 'br' <Predicate = true> <Delay = 0.00>
ST_15 : Operation 101 [1/1] (0.00ns)   --->   "%zext_ln27 = zext i9 %j_0 to i32" [dft.cpp:27]   --->   Operation 101 'zext' 'zext_ln27' <Predicate = (!icmp_ln27)> <Delay = 0.00>
ST_15 : Operation 102 [4/4] (6.67ns)   --->   "%tmp_3 = sitofp i32 %zext_ln27 to float" [dft.cpp:29]   --->   Operation 102 'sitofp' 'tmp_3' <Predicate = (!icmp_ln27)> <Delay = 6.67> <Core = "Int2Float">   --->   Core 112 'Int2Float' <Latency = 3> <II = 1> <Delay = 6.67> <FuncUnit> <Opcode : 'sitofp' 'uitofp'> <InPorts = 1> <OutPorts = 1>

State 16 <SV = 15> <Delay = 6.67>
ST_16 : Operation 103 [3/4] (6.67ns)   --->   "%tmp_3 = sitofp i32 %zext_ln27 to float" [dft.cpp:29]   --->   Operation 103 'sitofp' 'tmp_3' <Predicate = (!icmp_ln27)> <Delay = 6.67> <Core = "Int2Float">   --->   Core 112 'Int2Float' <Latency = 3> <II = 1> <Delay = 6.67> <FuncUnit> <Opcode : 'sitofp' 'uitofp'> <InPorts = 1> <OutPorts = 1>

State 17 <SV = 16> <Delay = 6.67>
ST_17 : Operation 104 [2/4] (6.67ns)   --->   "%tmp_3 = sitofp i32 %zext_ln27 to float" [dft.cpp:29]   --->   Operation 104 'sitofp' 'tmp_3' <Predicate = (!icmp_ln27)> <Delay = 6.67> <Core = "Int2Float">   --->   Core 112 'Int2Float' <Latency = 3> <II = 1> <Delay = 6.67> <FuncUnit> <Opcode : 'sitofp' 'uitofp'> <InPorts = 1> <OutPorts = 1>

State 18 <SV = 17> <Delay = 6.67>
ST_18 : Operation 105 [1/4] (6.67ns)   --->   "%tmp_3 = sitofp i32 %zext_ln27 to float" [dft.cpp:29]   --->   Operation 105 'sitofp' 'tmp_3' <Predicate = (!icmp_ln27)> <Delay = 6.67> <Core = "Int2Float">   --->   Core 112 'Int2Float' <Latency = 3> <II = 1> <Delay = 6.67> <FuncUnit> <Opcode : 'sitofp' 'uitofp'> <InPorts = 1> <OutPorts = 1>

State 19 <SV = 18> <Delay = 4.67>
ST_19 : Operation 106 [4/4] (4.67ns)   --->   "%tmp_4 = fmul float %tmp_3, %w" [dft.cpp:29]   --->   Operation 106 'fmul' 'tmp_4' <Predicate = (!icmp_ln27)> <Delay = 4.67> <Core = "FMul">   --->   Core 106 'FMul' <Latency = 3> <II = 1> <Delay = 4.67> <FuncUnit> <Opcode : 'fmul'> <InPorts = 2> <OutPorts = 1>

State 20 <SV = 19> <Delay = 4.67>
ST_20 : Operation 107 [3/4] (4.67ns)   --->   "%tmp_4 = fmul float %tmp_3, %w" [dft.cpp:29]   --->   Operation 107 'fmul' 'tmp_4' <Predicate = (!icmp_ln27)> <Delay = 4.67> <Core = "FMul">   --->   Core 106 'FMul' <Latency = 3> <II = 1> <Delay = 4.67> <FuncUnit> <Opcode : 'fmul'> <InPorts = 2> <OutPorts = 1>

State 21 <SV = 20> <Delay = 4.67>
ST_21 : Operation 108 [2/4] (4.67ns)   --->   "%tmp_4 = fmul float %tmp_3, %w" [dft.cpp:29]   --->   Operation 108 'fmul' 'tmp_4' <Predicate = (!icmp_ln27)> <Delay = 4.67> <Core = "FMul">   --->   Core 106 'FMul' <Latency = 3> <II = 1> <Delay = 4.67> <FuncUnit> <Opcode : 'fmul'> <InPorts = 2> <OutPorts = 1>

State 22 <SV = 21> <Delay = 4.67>
ST_22 : Operation 109 [1/4] (4.67ns)   --->   "%tmp_4 = fmul float %tmp_3, %w" [dft.cpp:29]   --->   Operation 109 'fmul' 'tmp_4' <Predicate = (!icmp_ln27)> <Delay = 4.67> <Core = "FMul">   --->   Core 106 'FMul' <Latency = 3> <II = 1> <Delay = 4.67> <FuncUnit> <Opcode : 'fmul'> <InPorts = 2> <OutPorts = 1>

State 23 <SV = 22> <Delay = 2.78>
ST_23 : Operation 110 [2/2] (2.78ns)   --->   "%x_assign = fpext float %tmp_4 to double" [dft.cpp:29]   --->   Operation 110 'fpext' 'x_assign' <Predicate = (!icmp_ln27)> <Delay = 2.78> <Core = "Float2Double">   --->   Core 114 'Float2Double' <Latency = 1> <II = 1> <Delay = 2.78> <FuncUnit> <Opcode : 'fpext'> <InPorts = 1> <OutPorts = 1>

State 24 <SV = 23> <Delay = 5.53>
ST_24 : Operation 111 [1/2] (2.78ns)   --->   "%x_assign = fpext float %tmp_4 to double" [dft.cpp:29]   --->   Operation 111 'fpext' 'x_assign' <Predicate = (!icmp_ln27)> <Delay = 2.78> <Core = "Float2Double">   --->   Core 114 'Float2Double' <Latency = 1> <II = 1> <Delay = 2.78> <FuncUnit> <Opcode : 'fpext'> <InPorts = 1> <OutPorts = 1>
ST_24 : Operation 112 [11/11] (2.75ns)   --->   "%tmp_i_i = call fastcc double @"sin_or_cos<double>"(double %x_assign, i1 zeroext true) nounwind" [r:/builds/2020.1/continuous/2020_05_27_2902540/src/products/hls/hls_lib/hlsmath/src/common/hls_hotbm_double.cpp:144->r:/builds/2020.1/continuous/2020_05_27_2902540/src/products/hls/hls_lib/hlsmath/src/c/sincosdouble.cpp:13->dft.cpp:29]   --->   Operation 112 'call' 'tmp_i_i' <Predicate = (!icmp_ln27)> <Delay = 2.75> <CoreType = "Generic">   --->   Core 0 '' <Latency = 0> <II = 1> <Delay = 1.00> <Generic> <Opcode : >

State 25 <SV = 24> <Delay = 6.62>
ST_25 : Operation 113 [10/11] (6.62ns)   --->   "%tmp_i_i = call fastcc double @"sin_or_cos<double>"(double %x_assign, i1 zeroext true) nounwind" [r:/builds/2020.1/continuous/2020_05_27_2902540/src/products/hls/hls_lib/hlsmath/src/common/hls_hotbm_double.cpp:144->r:/builds/2020.1/continuous/2020_05_27_2902540/src/products/hls/hls_lib/hlsmath/src/c/sincosdouble.cpp:13->dft.cpp:29]   --->   Operation 113 'call' 'tmp_i_i' <Predicate = (!icmp_ln27)> <Delay = 6.62> <CoreType = "Generic">   --->   Core 0 '' <Latency = 0> <II = 1> <Delay = 1.00> <Generic> <Opcode : >
ST_25 : Operation 114 [11/11] (2.75ns)   --->   "%tmp_i_i9 = call fastcc double @"sin_or_cos<double>"(double %x_assign, i1 zeroext false) nounwind" [r:/builds/2020.1/continuous/2020_05_27_2902540/src/products/hls/hls_lib/hlsmath/src/common/hls_hotbm_double.cpp:140->r:/builds/2020.1/continuous/2020_05_27_2902540/src/products/hls/hls_lib/hlsmath/src/c/sincosdouble.cpp:8->dft.cpp:30]   --->   Operation 114 'call' 'tmp_i_i9' <Predicate = (!icmp_ln27)> <Delay = 2.75> <CoreType = "Generic">   --->   Core 0 '' <Latency = 0> <II = 1> <Delay = 1.00> <Generic> <Opcode : >

State 26 <SV = 25> <Delay = 6.62>
ST_26 : Operation 115 [9/11] (6.62ns)   --->   "%tmp_i_i = call fastcc double @"sin_or_cos<double>"(double %x_assign, i1 zeroext true) nounwind" [r:/builds/2020.1/continuous/2020_05_27_2902540/src/products/hls/hls_lib/hlsmath/src/common/hls_hotbm_double.cpp:144->r:/builds/2020.1/continuous/2020_05_27_2902540/src/products/hls/hls_lib/hlsmath/src/c/sincosdouble.cpp:13->dft.cpp:29]   --->   Operation 115 'call' 'tmp_i_i' <Predicate = (!icmp_ln27)> <Delay = 6.62> <CoreType = "Generic">   --->   Core 0 '' <Latency = 0> <II = 1> <Delay = 1.00> <Generic> <Opcode : >
ST_26 : Operation 116 [10/11] (6.62ns)   --->   "%tmp_i_i9 = call fastcc double @"sin_or_cos<double>"(double %x_assign, i1 zeroext false) nounwind" [r:/builds/2020.1/continuous/2020_05_27_2902540/src/products/hls/hls_lib/hlsmath/src/common/hls_hotbm_double.cpp:140->r:/builds/2020.1/continuous/2020_05_27_2902540/src/products/hls/hls_lib/hlsmath/src/c/sincosdouble.cpp:8->dft.cpp:30]   --->   Operation 116 'call' 'tmp_i_i9' <Predicate = (!icmp_ln27)> <Delay = 6.62> <CoreType = "Generic">   --->   Core 0 '' <Latency = 0> <II = 1> <Delay = 1.00> <Generic> <Opcode : >

State 27 <SV = 26> <Delay = 6.62>
ST_27 : Operation 117 [8/11] (6.62ns)   --->   "%tmp_i_i = call fastcc double @"sin_or_cos<double>"(double %x_assign, i1 zeroext true) nounwind" [r:/builds/2020.1/continuous/2020_05_27_2902540/src/products/hls/hls_lib/hlsmath/src/common/hls_hotbm_double.cpp:144->r:/builds/2020.1/continuous/2020_05_27_2902540/src/products/hls/hls_lib/hlsmath/src/c/sincosdouble.cpp:13->dft.cpp:29]   --->   Operation 117 'call' 'tmp_i_i' <Predicate = (!icmp_ln27)> <Delay = 6.62> <CoreType = "Generic">   --->   Core 0 '' <Latency = 0> <II = 1> <Delay = 1.00> <Generic> <Opcode : >
ST_27 : Operation 118 [9/11] (6.62ns)   --->   "%tmp_i_i9 = call fastcc double @"sin_or_cos<double>"(double %x_assign, i1 zeroext false) nounwind" [r:/builds/2020.1/continuous/2020_05_27_2902540/src/products/hls/hls_lib/hlsmath/src/common/hls_hotbm_double.cpp:140->r:/builds/2020.1/continuous/2020_05_27_2902540/src/products/hls/hls_lib/hlsmath/src/c/sincosdouble.cpp:8->dft.cpp:30]   --->   Operation 118 'call' 'tmp_i_i9' <Predicate = (!icmp_ln27)> <Delay = 6.62> <CoreType = "Generic">   --->   Core 0 '' <Latency = 0> <II = 1> <Delay = 1.00> <Generic> <Opcode : >

State 28 <SV = 27> <Delay = 6.62>
ST_28 : Operation 119 [7/11] (6.62ns)   --->   "%tmp_i_i = call fastcc double @"sin_or_cos<double>"(double %x_assign, i1 zeroext true) nounwind" [r:/builds/2020.1/continuous/2020_05_27_2902540/src/products/hls/hls_lib/hlsmath/src/common/hls_hotbm_double.cpp:144->r:/builds/2020.1/continuous/2020_05_27_2902540/src/products/hls/hls_lib/hlsmath/src/c/sincosdouble.cpp:13->dft.cpp:29]   --->   Operation 119 'call' 'tmp_i_i' <Predicate = (!icmp_ln27)> <Delay = 6.62> <CoreType = "Generic">   --->   Core 0 '' <Latency = 0> <II = 1> <Delay = 1.00> <Generic> <Opcode : >
ST_28 : Operation 120 [8/11] (6.62ns)   --->   "%tmp_i_i9 = call fastcc double @"sin_or_cos<double>"(double %x_assign, i1 zeroext false) nounwind" [r:/builds/2020.1/continuous/2020_05_27_2902540/src/products/hls/hls_lib/hlsmath/src/common/hls_hotbm_double.cpp:140->r:/builds/2020.1/continuous/2020_05_27_2902540/src/products/hls/hls_lib/hlsmath/src/c/sincosdouble.cpp:8->dft.cpp:30]   --->   Operation 120 'call' 'tmp_i_i9' <Predicate = (!icmp_ln27)> <Delay = 6.62> <CoreType = "Generic">   --->   Core 0 '' <Latency = 0> <II = 1> <Delay = 1.00> <Generic> <Opcode : >

State 29 <SV = 28> <Delay = 6.62>
ST_29 : Operation 121 [6/11] (6.62ns)   --->   "%tmp_i_i = call fastcc double @"sin_or_cos<double>"(double %x_assign, i1 zeroext true) nounwind" [r:/builds/2020.1/continuous/2020_05_27_2902540/src/products/hls/hls_lib/hlsmath/src/common/hls_hotbm_double.cpp:144->r:/builds/2020.1/continuous/2020_05_27_2902540/src/products/hls/hls_lib/hlsmath/src/c/sincosdouble.cpp:13->dft.cpp:29]   --->   Operation 121 'call' 'tmp_i_i' <Predicate = (!icmp_ln27)> <Delay = 6.62> <CoreType = "Generic">   --->   Core 0 '' <Latency = 0> <II = 1> <Delay = 1.00> <Generic> <Opcode : >
ST_29 : Operation 122 [7/11] (6.62ns)   --->   "%tmp_i_i9 = call fastcc double @"sin_or_cos<double>"(double %x_assign, i1 zeroext false) nounwind" [r:/builds/2020.1/continuous/2020_05_27_2902540/src/products/hls/hls_lib/hlsmath/src/common/hls_hotbm_double.cpp:140->r:/builds/2020.1/continuous/2020_05_27_2902540/src/products/hls/hls_lib/hlsmath/src/c/sincosdouble.cpp:8->dft.cpp:30]   --->   Operation 122 'call' 'tmp_i_i9' <Predicate = (!icmp_ln27)> <Delay = 6.62> <CoreType = "Generic">   --->   Core 0 '' <Latency = 0> <II = 1> <Delay = 1.00> <Generic> <Opcode : >

State 30 <SV = 29> <Delay = 6.62>
ST_30 : Operation 123 [5/11] (6.62ns)   --->   "%tmp_i_i = call fastcc double @"sin_or_cos<double>"(double %x_assign, i1 zeroext true) nounwind" [r:/builds/2020.1/continuous/2020_05_27_2902540/src/products/hls/hls_lib/hlsmath/src/common/hls_hotbm_double.cpp:144->r:/builds/2020.1/continuous/2020_05_27_2902540/src/products/hls/hls_lib/hlsmath/src/c/sincosdouble.cpp:13->dft.cpp:29]   --->   Operation 123 'call' 'tmp_i_i' <Predicate = (!icmp_ln27)> <Delay = 6.62> <CoreType = "Generic">   --->   Core 0 '' <Latency = 0> <II = 1> <Delay = 1.00> <Generic> <Opcode : >
ST_30 : Operation 124 [6/11] (6.62ns)   --->   "%tmp_i_i9 = call fastcc double @"sin_or_cos<double>"(double %x_assign, i1 zeroext false) nounwind" [r:/builds/2020.1/continuous/2020_05_27_2902540/src/products/hls/hls_lib/hlsmath/src/common/hls_hotbm_double.cpp:140->r:/builds/2020.1/continuous/2020_05_27_2902540/src/products/hls/hls_lib/hlsmath/src/c/sincosdouble.cpp:8->dft.cpp:30]   --->   Operation 124 'call' 'tmp_i_i9' <Predicate = (!icmp_ln27)> <Delay = 6.62> <CoreType = "Generic">   --->   Core 0 '' <Latency = 0> <II = 1> <Delay = 1.00> <Generic> <Opcode : >

State 31 <SV = 30> <Delay = 6.62>
ST_31 : Operation 125 [4/11] (6.62ns)   --->   "%tmp_i_i = call fastcc double @"sin_or_cos<double>"(double %x_assign, i1 zeroext true) nounwind" [r:/builds/2020.1/continuous/2020_05_27_2902540/src/products/hls/hls_lib/hlsmath/src/common/hls_hotbm_double.cpp:144->r:/builds/2020.1/continuous/2020_05_27_2902540/src/products/hls/hls_lib/hlsmath/src/c/sincosdouble.cpp:13->dft.cpp:29]   --->   Operation 125 'call' 'tmp_i_i' <Predicate = (!icmp_ln27)> <Delay = 6.62> <CoreType = "Generic">   --->   Core 0 '' <Latency = 0> <II = 1> <Delay = 1.00> <Generic> <Opcode : >
ST_31 : Operation 126 [5/11] (6.62ns)   --->   "%tmp_i_i9 = call fastcc double @"sin_or_cos<double>"(double %x_assign, i1 zeroext false) nounwind" [r:/builds/2020.1/continuous/2020_05_27_2902540/src/products/hls/hls_lib/hlsmath/src/common/hls_hotbm_double.cpp:140->r:/builds/2020.1/continuous/2020_05_27_2902540/src/products/hls/hls_lib/hlsmath/src/c/sincosdouble.cpp:8->dft.cpp:30]   --->   Operation 126 'call' 'tmp_i_i9' <Predicate = (!icmp_ln27)> <Delay = 6.62> <CoreType = "Generic">   --->   Core 0 '' <Latency = 0> <II = 1> <Delay = 1.00> <Generic> <Opcode : >

State 32 <SV = 31> <Delay = 6.62>
ST_32 : Operation 127 [3/11] (6.62ns)   --->   "%tmp_i_i = call fastcc double @"sin_or_cos<double>"(double %x_assign, i1 zeroext true) nounwind" [r:/builds/2020.1/continuous/2020_05_27_2902540/src/products/hls/hls_lib/hlsmath/src/common/hls_hotbm_double.cpp:144->r:/builds/2020.1/continuous/2020_05_27_2902540/src/products/hls/hls_lib/hlsmath/src/c/sincosdouble.cpp:13->dft.cpp:29]   --->   Operation 127 'call' 'tmp_i_i' <Predicate = (!icmp_ln27)> <Delay = 6.62> <CoreType = "Generic">   --->   Core 0 '' <Latency = 0> <II = 1> <Delay = 1.00> <Generic> <Opcode : >
ST_32 : Operation 128 [4/11] (6.62ns)   --->   "%tmp_i_i9 = call fastcc double @"sin_or_cos<double>"(double %x_assign, i1 zeroext false) nounwind" [r:/builds/2020.1/continuous/2020_05_27_2902540/src/products/hls/hls_lib/hlsmath/src/common/hls_hotbm_double.cpp:140->r:/builds/2020.1/continuous/2020_05_27_2902540/src/products/hls/hls_lib/hlsmath/src/c/sincosdouble.cpp:8->dft.cpp:30]   --->   Operation 128 'call' 'tmp_i_i9' <Predicate = (!icmp_ln27)> <Delay = 6.62> <CoreType = "Generic">   --->   Core 0 '' <Latency = 0> <II = 1> <Delay = 1.00> <Generic> <Opcode : >

State 33 <SV = 32> <Delay = 6.62>
ST_33 : Operation 129 [2/11] (6.62ns)   --->   "%tmp_i_i = call fastcc double @"sin_or_cos<double>"(double %x_assign, i1 zeroext true) nounwind" [r:/builds/2020.1/continuous/2020_05_27_2902540/src/products/hls/hls_lib/hlsmath/src/common/hls_hotbm_double.cpp:144->r:/builds/2020.1/continuous/2020_05_27_2902540/src/products/hls/hls_lib/hlsmath/src/c/sincosdouble.cpp:13->dft.cpp:29]   --->   Operation 129 'call' 'tmp_i_i' <Predicate = (!icmp_ln27)> <Delay = 6.62> <CoreType = "Generic">   --->   Core 0 '' <Latency = 0> <II = 1> <Delay = 1.00> <Generic> <Opcode : >
ST_33 : Operation 130 [3/11] (6.62ns)   --->   "%tmp_i_i9 = call fastcc double @"sin_or_cos<double>"(double %x_assign, i1 zeroext false) nounwind" [r:/builds/2020.1/continuous/2020_05_27_2902540/src/products/hls/hls_lib/hlsmath/src/common/hls_hotbm_double.cpp:140->r:/builds/2020.1/continuous/2020_05_27_2902540/src/products/hls/hls_lib/hlsmath/src/c/sincosdouble.cpp:8->dft.cpp:30]   --->   Operation 130 'call' 'tmp_i_i9' <Predicate = (!icmp_ln27)> <Delay = 6.62> <CoreType = "Generic">   --->   Core 0 '' <Latency = 0> <II = 1> <Delay = 1.00> <Generic> <Opcode : >

State 34 <SV = 33> <Delay = 6.62>
ST_34 : Operation 131 [1/11] (6.04ns)   --->   "%tmp_i_i = call fastcc double @"sin_or_cos<double>"(double %x_assign, i1 zeroext true) nounwind" [r:/builds/2020.1/continuous/2020_05_27_2902540/src/products/hls/hls_lib/hlsmath/src/common/hls_hotbm_double.cpp:144->r:/builds/2020.1/continuous/2020_05_27_2902540/src/products/hls/hls_lib/hlsmath/src/c/sincosdouble.cpp:13->dft.cpp:29]   --->   Operation 131 'call' 'tmp_i_i' <Predicate = (!icmp_ln27)> <Delay = 6.04> <CoreType = "Generic">   --->   Core 0 '' <Latency = 0> <II = 1> <Delay = 1.00> <Generic> <Opcode : >
ST_34 : Operation 132 [2/11] (6.62ns)   --->   "%tmp_i_i9 = call fastcc double @"sin_or_cos<double>"(double %x_assign, i1 zeroext false) nounwind" [r:/builds/2020.1/continuous/2020_05_27_2902540/src/products/hls/hls_lib/hlsmath/src/common/hls_hotbm_double.cpp:140->r:/builds/2020.1/continuous/2020_05_27_2902540/src/products/hls/hls_lib/hlsmath/src/c/sincosdouble.cpp:8->dft.cpp:30]   --->   Operation 132 'call' 'tmp_i_i9' <Predicate = (!icmp_ln27)> <Delay = 6.62> <CoreType = "Generic">   --->   Core 0 '' <Latency = 0> <II = 1> <Delay = 1.00> <Generic> <Opcode : >

State 35 <SV = 34> <Delay = 6.04>
ST_35 : Operation 133 [2/2] (3.32ns)   --->   "%c = fptrunc double %tmp_i_i to float" [dft.cpp:29]   --->   Operation 133 'fptrunc' 'c' <Predicate = (!icmp_ln27)> <Delay = 3.32> <Core = "Double2Float">   --->   Core 123 'Double2Float' <Latency = 1> <II = 1> <Delay = 3.32> <FuncUnit> <Opcode : 'fptrunc'> <InPorts = 1> <OutPorts = 1>
ST_35 : Operation 134 [1/11] (6.04ns)   --->   "%tmp_i_i9 = call fastcc double @"sin_or_cos<double>"(double %x_assign, i1 zeroext false) nounwind" [r:/builds/2020.1/continuous/2020_05_27_2902540/src/products/hls/hls_lib/hlsmath/src/common/hls_hotbm_double.cpp:140->r:/builds/2020.1/continuous/2020_05_27_2902540/src/products/hls/hls_lib/hlsmath/src/c/sincosdouble.cpp:8->dft.cpp:30]   --->   Operation 134 'call' 'tmp_i_i9' <Predicate = (!icmp_ln27)> <Delay = 6.04> <CoreType = "Generic">   --->   Core 0 '' <Latency = 0> <II = 1> <Delay = 1.00> <Generic> <Opcode : >
ST_35 : Operation 135 [1/1] (0.00ns)   --->   "%zext_ln34 = zext i9 %j_0 to i64" [dft.cpp:34]   --->   Operation 135 'zext' 'zext_ln34' <Predicate = (!icmp_ln27)> <Delay = 0.00>
ST_35 : Operation 136 [1/1] (0.00ns)   --->   "%sample_real_addr_1 = getelementptr [256 x float]* %sample_real, i64 0, i64 %zext_ln34" [dft.cpp:34]   --->   Operation 136 'getelementptr' 'sample_real_addr_1' <Predicate = (!icmp_ln27)> <Delay = 0.00>
ST_35 : Operation 137 [2/2] (1.35ns)   --->   "%sample_real_load = load float* %sample_real_addr_1, align 4" [dft.cpp:34]   --->   Operation 137 'load' 'sample_real_load' <Predicate = (!icmp_ln27)> <Delay = 1.35> <Core = "RAM">   --->   Core 37 'RAM' <Latency = 1> <II = 1> <Delay = 1.35> <Storage> <Opcode : 'load' 'store'> <Ports = 2> <Width = 32> <Depth = 256> <RAM>
ST_35 : Operation 138 [1/1] (0.00ns)   --->   "%sample_imag_addr_1 = getelementptr [256 x float]* %sample_imag, i64 0, i64 %zext_ln34" [dft.cpp:34]   --->   Operation 138 'getelementptr' 'sample_imag_addr_1' <Predicate = (!icmp_ln27)> <Delay = 0.00>
ST_35 : Operation 139 [2/2] (1.35ns)   --->   "%sample_imag_load = load float* %sample_imag_addr_1, align 4" [dft.cpp:34]   --->   Operation 139 'load' 'sample_imag_load' <Predicate = (!icmp_ln27)> <Delay = 1.35> <Core = "RAM">   --->   Core 37 'RAM' <Latency = 1> <II = 1> <Delay = 1.35> <Storage> <Opcode : 'load' 'store'> <Ports = 2> <Width = 32> <Depth = 256> <RAM>

State 36 <SV = 35> <Delay = 3.76>
ST_36 : Operation 140 [1/2] (3.32ns)   --->   "%c = fptrunc double %tmp_i_i to float" [dft.cpp:29]   --->   Operation 140 'fptrunc' 'c' <Predicate = (!icmp_ln27)> <Delay = 3.32> <Core = "Double2Float">   --->   Core 123 'Double2Float' <Latency = 1> <II = 1> <Delay = 3.32> <FuncUnit> <Opcode : 'fptrunc'> <InPorts = 1> <OutPorts = 1>
ST_36 : Operation 141 [1/1] (0.00ns)   --->   "%bitcast_ln30 = bitcast double %tmp_i_i9 to i64" [dft.cpp:30]   --->   Operation 141 'bitcast' 'bitcast_ln30' <Predicate = (!icmp_ln27)> <Delay = 0.00>
ST_36 : Operation 142 [1/1] (0.44ns)   --->   "%xor_ln30 = xor i64 %bitcast_ln30, -9223372036854775808" [dft.cpp:30]   --->   Operation 142 'xor' 'xor_ln30' <Predicate = (!icmp_ln27)> <Delay = 0.44> <Core = "LogicGate">   --->   Core 27 'LogicGate' <Latency = 0> <II = 1> <Delay = 0.44> <FuncUnit> <Opcode : 'and' 'or' 'xor'> <InPorts = 2> <OutPorts = 1>
ST_36 : Operation 143 [1/1] (0.00ns)   --->   "%bitcast_ln30_1 = bitcast i64 %xor_ln30 to double" [dft.cpp:30]   --->   Operation 143 'bitcast' 'bitcast_ln30_1' <Predicate = (!icmp_ln27)> <Delay = 0.00>
ST_36 : Operation 144 [2/2] (3.32ns)   --->   "%s = fptrunc double %bitcast_ln30_1 to float" [dft.cpp:30]   --->   Operation 144 'fptrunc' 's' <Predicate = (!icmp_ln27)> <Delay = 3.32> <Core = "Double2Float">   --->   Core 123 'Double2Float' <Latency = 1> <II = 1> <Delay = 3.32> <FuncUnit> <Opcode : 'fptrunc'> <InPorts = 1> <OutPorts = 1>
ST_36 : Operation 145 [1/2] (1.35ns)   --->   "%sample_real_load = load float* %sample_real_addr_1, align 4" [dft.cpp:34]   --->   Operation 145 'load' 'sample_real_load' <Predicate = (!icmp_ln27)> <Delay = 1.35> <Core = "RAM">   --->   Core 37 'RAM' <Latency = 1> <II = 1> <Delay = 1.35> <Storage> <Opcode : 'load' 'store'> <Ports = 2> <Width = 32> <Depth = 256> <RAM>
ST_36 : Operation 146 [1/2] (1.35ns)   --->   "%sample_imag_load = load float* %sample_imag_addr_1, align 4" [dft.cpp:34]   --->   Operation 146 'load' 'sample_imag_load' <Predicate = (!icmp_ln27)> <Delay = 1.35> <Core = "RAM">   --->   Core 37 'RAM' <Latency = 1> <II = 1> <Delay = 1.35> <Storage> <Opcode : 'load' 'store'> <Ports = 2> <Width = 32> <Depth = 256> <RAM>

State 37 <SV = 36> <Delay = 4.67>
ST_37 : Operation 147 [1/2] (3.32ns)   --->   "%s = fptrunc double %bitcast_ln30_1 to float" [dft.cpp:30]   --->   Operation 147 'fptrunc' 's' <Predicate = (!icmp_ln27)> <Delay = 3.32> <Core = "Double2Float">   --->   Core 123 'Double2Float' <Latency = 1> <II = 1> <Delay = 3.32> <FuncUnit> <Opcode : 'fptrunc'> <InPorts = 1> <OutPorts = 1>
ST_37 : Operation 148 [4/4] (4.67ns)   --->   "%tmp_9 = fmul float %sample_real_load, %c" [dft.cpp:34]   --->   Operation 148 'fmul' 'tmp_9' <Predicate = (!icmp_ln27)> <Delay = 4.67> <Core = "FMul">   --->   Core 106 'FMul' <Latency = 3> <II = 1> <Delay = 4.67> <FuncUnit> <Opcode : 'fmul'> <InPorts = 2> <OutPorts = 1>

State 38 <SV = 37> <Delay = 4.67>
ST_38 : Operation 149 [3/4] (4.67ns)   --->   "%tmp_9 = fmul float %sample_real_load, %c" [dft.cpp:34]   --->   Operation 149 'fmul' 'tmp_9' <Predicate = (!icmp_ln27)> <Delay = 4.67> <Core = "FMul">   --->   Core 106 'FMul' <Latency = 3> <II = 1> <Delay = 4.67> <FuncUnit> <Opcode : 'fmul'> <InPorts = 2> <OutPorts = 1>
ST_38 : Operation 150 [4/4] (4.67ns)   --->   "%tmp_s = fmul float %sample_imag_load, %s" [dft.cpp:34]   --->   Operation 150 'fmul' 'tmp_s' <Predicate = (!icmp_ln27)> <Delay = 4.67> <Core = "FMul">   --->   Core 106 'FMul' <Latency = 3> <II = 1> <Delay = 4.67> <FuncUnit> <Opcode : 'fmul'> <InPorts = 2> <OutPorts = 1>

State 39 <SV = 38> <Delay = 4.67>
ST_39 : Operation 151 [2/4] (4.67ns)   --->   "%tmp_9 = fmul float %sample_real_load, %c" [dft.cpp:34]   --->   Operation 151 'fmul' 'tmp_9' <Predicate = (!icmp_ln27)> <Delay = 4.67> <Core = "FMul">   --->   Core 106 'FMul' <Latency = 3> <II = 1> <Delay = 4.67> <FuncUnit> <Opcode : 'fmul'> <InPorts = 2> <OutPorts = 1>
ST_39 : Operation 152 [3/4] (4.67ns)   --->   "%tmp_s = fmul float %sample_imag_load, %s" [dft.cpp:34]   --->   Operation 152 'fmul' 'tmp_s' <Predicate = (!icmp_ln27)> <Delay = 4.67> <Core = "FMul">   --->   Core 106 'FMul' <Latency = 3> <II = 1> <Delay = 4.67> <FuncUnit> <Opcode : 'fmul'> <InPorts = 2> <OutPorts = 1>

State 40 <SV = 39> <Delay = 4.67>
ST_40 : Operation 153 [1/4] (4.67ns)   --->   "%tmp_9 = fmul float %sample_real_load, %c" [dft.cpp:34]   --->   Operation 153 'fmul' 'tmp_9' <Predicate = (!icmp_ln27)> <Delay = 4.67> <Core = "FMul">   --->   Core 106 'FMul' <Latency = 3> <II = 1> <Delay = 4.67> <FuncUnit> <Opcode : 'fmul'> <InPorts = 2> <OutPorts = 1>
ST_40 : Operation 154 [2/4] (4.67ns)   --->   "%tmp_s = fmul float %sample_imag_load, %s" [dft.cpp:34]   --->   Operation 154 'fmul' 'tmp_s' <Predicate = (!icmp_ln27)> <Delay = 4.67> <Core = "FMul">   --->   Core 106 'FMul' <Latency = 3> <II = 1> <Delay = 4.67> <FuncUnit> <Opcode : 'fmul'> <InPorts = 2> <OutPorts = 1>
ST_40 : Operation 155 [4/4] (4.67ns)   --->   "%tmp_5 = fmul float %sample_real_load, %s" [dft.cpp:35]   --->   Operation 155 'fmul' 'tmp_5' <Predicate = (!icmp_ln27)> <Delay = 4.67> <Core = "FMul">   --->   Core 106 'FMul' <Latency = 3> <II = 1> <Delay = 4.67> <FuncUnit> <Opcode : 'fmul'> <InPorts = 2> <OutPorts = 1>

State 41 <SV = 40> <Delay = 4.67>
ST_41 : Operation 156 [1/4] (4.67ns)   --->   "%tmp_s = fmul float %sample_imag_load, %s" [dft.cpp:34]   --->   Operation 156 'fmul' 'tmp_s' <Predicate = (!icmp_ln27)> <Delay = 4.67> <Core = "FMul">   --->   Core 106 'FMul' <Latency = 3> <II = 1> <Delay = 4.67> <FuncUnit> <Opcode : 'fmul'> <InPorts = 2> <OutPorts = 1>
ST_41 : Operation 157 [3/4] (4.67ns)   --->   "%tmp_5 = fmul float %sample_real_load, %s" [dft.cpp:35]   --->   Operation 157 'fmul' 'tmp_5' <Predicate = (!icmp_ln27)> <Delay = 4.67> <Core = "FMul">   --->   Core 106 'FMul' <Latency = 3> <II = 1> <Delay = 4.67> <FuncUnit> <Opcode : 'fmul'> <InPorts = 2> <OutPorts = 1>
ST_41 : Operation 158 [4/4] (4.67ns)   --->   "%tmp_10 = fmul float %sample_imag_load, %c" [dft.cpp:35]   --->   Operation 158 'fmul' 'tmp_10' <Predicate = (!icmp_ln27)> <Delay = 4.67> <Core = "FMul">   --->   Core 106 'FMul' <Latency = 3> <II = 1> <Delay = 4.67> <FuncUnit> <Opcode : 'fmul'> <InPorts = 2> <OutPorts = 1>

State 42 <SV = 41> <Delay = 6.01>
ST_42 : Operation 159 [5/5] (6.01ns)   --->   "%tmp_1 = fsub float %tmp_9, %tmp_s" [dft.cpp:34]   --->   Operation 159 'fsub' 'tmp_1' <Predicate = (!icmp_ln27)> <Delay = 6.01> <Core = "FAddSub">   --->   Core 105 'FAddSub' <Latency = 4> <II = 1> <Delay = 6.01> <FuncUnit> <Opcode : 'fadd' 'fsub'> <InPorts = 2> <OutPorts = 1>
ST_42 : Operation 160 [2/4] (4.67ns)   --->   "%tmp_5 = fmul float %sample_real_load, %s" [dft.cpp:35]   --->   Operation 160 'fmul' 'tmp_5' <Predicate = (!icmp_ln27)> <Delay = 4.67> <Core = "FMul">   --->   Core 106 'FMul' <Latency = 3> <II = 1> <Delay = 4.67> <FuncUnit> <Opcode : 'fmul'> <InPorts = 2> <OutPorts = 1>
ST_42 : Operation 161 [3/4] (4.67ns)   --->   "%tmp_10 = fmul float %sample_imag_load, %c" [dft.cpp:35]   --->   Operation 161 'fmul' 'tmp_10' <Predicate = (!icmp_ln27)> <Delay = 4.67> <Core = "FMul">   --->   Core 106 'FMul' <Latency = 3> <II = 1> <Delay = 4.67> <FuncUnit> <Opcode : 'fmul'> <InPorts = 2> <OutPorts = 1>

State 43 <SV = 42> <Delay = 6.01>
ST_43 : Operation 162 [4/5] (6.01ns)   --->   "%tmp_1 = fsub float %tmp_9, %tmp_s" [dft.cpp:34]   --->   Operation 162 'fsub' 'tmp_1' <Predicate = (!icmp_ln27)> <Delay = 6.01> <Core = "FAddSub">   --->   Core 105 'FAddSub' <Latency = 4> <II = 1> <Delay = 6.01> <FuncUnit> <Opcode : 'fadd' 'fsub'> <InPorts = 2> <OutPorts = 1>
ST_43 : Operation 163 [1/4] (4.67ns)   --->   "%tmp_5 = fmul float %sample_real_load, %s" [dft.cpp:35]   --->   Operation 163 'fmul' 'tmp_5' <Predicate = (!icmp_ln27)> <Delay = 4.67> <Core = "FMul">   --->   Core 106 'FMul' <Latency = 3> <II = 1> <Delay = 4.67> <FuncUnit> <Opcode : 'fmul'> <InPorts = 2> <OutPorts = 1>
ST_43 : Operation 164 [2/4] (4.67ns)   --->   "%tmp_10 = fmul float %sample_imag_load, %c" [dft.cpp:35]   --->   Operation 164 'fmul' 'tmp_10' <Predicate = (!icmp_ln27)> <Delay = 4.67> <Core = "FMul">   --->   Core 106 'FMul' <Latency = 3> <II = 1> <Delay = 4.67> <FuncUnit> <Opcode : 'fmul'> <InPorts = 2> <OutPorts = 1>

State 44 <SV = 43> <Delay = 6.01>
ST_44 : Operation 165 [3/5] (6.01ns)   --->   "%tmp_1 = fsub float %tmp_9, %tmp_s" [dft.cpp:34]   --->   Operation 165 'fsub' 'tmp_1' <Predicate = (!icmp_ln27)> <Delay = 6.01> <Core = "FAddSub">   --->   Core 105 'FAddSub' <Latency = 4> <II = 1> <Delay = 6.01> <FuncUnit> <Opcode : 'fadd' 'fsub'> <InPorts = 2> <OutPorts = 1>
ST_44 : Operation 166 [1/4] (4.67ns)   --->   "%tmp_10 = fmul float %sample_imag_load, %c" [dft.cpp:35]   --->   Operation 166 'fmul' 'tmp_10' <Predicate = (!icmp_ln27)> <Delay = 4.67> <Core = "FMul">   --->   Core 106 'FMul' <Latency = 3> <II = 1> <Delay = 4.67> <FuncUnit> <Opcode : 'fmul'> <InPorts = 2> <OutPorts = 1>

State 45 <SV = 44> <Delay = 6.01>
ST_45 : Operation 167 [2/5] (6.01ns)   --->   "%tmp_1 = fsub float %tmp_9, %tmp_s" [dft.cpp:34]   --->   Operation 167 'fsub' 'tmp_1' <Predicate = (!icmp_ln27)> <Delay = 6.01> <Core = "FAddSub">   --->   Core 105 'FAddSub' <Latency = 4> <II = 1> <Delay = 6.01> <FuncUnit> <Opcode : 'fadd' 'fsub'> <InPorts = 2> <OutPorts = 1>
ST_45 : Operation 168 [5/5] (6.01ns)   --->   "%tmp_11 = fadd float %tmp_5, %tmp_10" [dft.cpp:35]   --->   Operation 168 'fadd' 'tmp_11' <Predicate = (!icmp_ln27)> <Delay = 6.01> <Core = "FAddSub">   --->   Core 105 'FAddSub' <Latency = 4> <II = 1> <Delay = 6.01> <FuncUnit> <Opcode : 'fadd' 'fsub'> <InPorts = 2> <OutPorts = 1>

State 46 <SV = 45> <Delay = 6.01>
ST_46 : Operation 169 [1/5] (6.01ns)   --->   "%tmp_1 = fsub float %tmp_9, %tmp_s" [dft.cpp:34]   --->   Operation 169 'fsub' 'tmp_1' <Predicate = (!icmp_ln27)> <Delay = 6.01> <Core = "FAddSub">   --->   Core 105 'FAddSub' <Latency = 4> <II = 1> <Delay = 6.01> <FuncUnit> <Opcode : 'fadd' 'fsub'> <InPorts = 2> <OutPorts = 1>
ST_46 : Operation 170 [4/5] (6.01ns)   --->   "%tmp_11 = fadd float %tmp_5, %tmp_10" [dft.cpp:35]   --->   Operation 170 'fadd' 'tmp_11' <Predicate = (!icmp_ln27)> <Delay = 6.01> <Core = "FAddSub">   --->   Core 105 'FAddSub' <Latency = 4> <II = 1> <Delay = 6.01> <FuncUnit> <Opcode : 'fadd' 'fsub'> <InPorts = 2> <OutPorts = 1>

State 47 <SV = 46> <Delay = 6.01>
ST_47 : Operation 171 [3/5] (6.01ns)   --->   "%tmp_11 = fadd float %tmp_5, %tmp_10" [dft.cpp:35]   --->   Operation 171 'fadd' 'tmp_11' <Predicate = (!icmp_ln27)> <Delay = 6.01> <Core = "FAddSub">   --->   Core 105 'FAddSub' <Latency = 4> <II = 1> <Delay = 6.01> <FuncUnit> <Opcode : 'fadd' 'fsub'> <InPorts = 2> <OutPorts = 1>

State 48 <SV = 47> <Delay = 6.01>
ST_48 : Operation 172 [5/5] (6.01ns)   --->   "%tmp_8 = fadd float %empty_42, %tmp_1" [dft.cpp:34]   --->   Operation 172 'fadd' 'tmp_8' <Predicate = (!icmp_ln27)> <Delay = 6.01> <Core = "FAddSub">   --->   Core 105 'FAddSub' <Latency = 4> <II = 1> <Delay = 6.01> <FuncUnit> <Opcode : 'fadd' 'fsub'> <InPorts = 2> <OutPorts = 1>
ST_48 : Operation 173 [2/5] (6.01ns)   --->   "%tmp_11 = fadd float %tmp_5, %tmp_10" [dft.cpp:35]   --->   Operation 173 'fadd' 'tmp_11' <Predicate = (!icmp_ln27)> <Delay = 6.01> <Core = "FAddSub">   --->   Core 105 'FAddSub' <Latency = 4> <II = 1> <Delay = 6.01> <FuncUnit> <Opcode : 'fadd' 'fsub'> <InPorts = 2> <OutPorts = 1>

State 49 <SV = 48> <Delay = 6.01>
ST_49 : Operation 174 [4/5] (6.01ns)   --->   "%tmp_8 = fadd float %empty_42, %tmp_1" [dft.cpp:34]   --->   Operation 174 'fadd' 'tmp_8' <Predicate = (!icmp_ln27)> <Delay = 6.01> <Core = "FAddSub">   --->   Core 105 'FAddSub' <Latency = 4> <II = 1> <Delay = 6.01> <FuncUnit> <Opcode : 'fadd' 'fsub'> <InPorts = 2> <OutPorts = 1>
ST_49 : Operation 175 [1/5] (6.01ns)   --->   "%tmp_11 = fadd float %tmp_5, %tmp_10" [dft.cpp:35]   --->   Operation 175 'fadd' 'tmp_11' <Predicate = (!icmp_ln27)> <Delay = 6.01> <Core = "FAddSub">   --->   Core 105 'FAddSub' <Latency = 4> <II = 1> <Delay = 6.01> <FuncUnit> <Opcode : 'fadd' 'fsub'> <InPorts = 2> <OutPorts = 1>

State 50 <SV = 49> <Delay = 6.01>
ST_50 : Operation 176 [3/5] (6.01ns)   --->   "%tmp_8 = fadd float %empty_42, %tmp_1" [dft.cpp:34]   --->   Operation 176 'fadd' 'tmp_8' <Predicate = (!icmp_ln27)> <Delay = 6.01> <Core = "FAddSub">   --->   Core 105 'FAddSub' <Latency = 4> <II = 1> <Delay = 6.01> <FuncUnit> <Opcode : 'fadd' 'fsub'> <InPorts = 2> <OutPorts = 1>

State 51 <SV = 50> <Delay = 6.01>
ST_51 : Operation 177 [2/5] (6.01ns)   --->   "%tmp_8 = fadd float %empty_42, %tmp_1" [dft.cpp:34]   --->   Operation 177 'fadd' 'tmp_8' <Predicate = (!icmp_ln27)> <Delay = 6.01> <Core = "FAddSub">   --->   Core 105 'FAddSub' <Latency = 4> <II = 1> <Delay = 6.01> <FuncUnit> <Opcode : 'fadd' 'fsub'> <InPorts = 2> <OutPorts = 1>
ST_51 : Operation 178 [5/5] (6.01ns)   --->   "%tmp_12 = fadd float %empty_41, %tmp_11" [dft.cpp:35]   --->   Operation 178 'fadd' 'tmp_12' <Predicate = (!icmp_ln27)> <Delay = 6.01> <Core = "FAddSub">   --->   Core 105 'FAddSub' <Latency = 4> <II = 1> <Delay = 6.01> <FuncUnit> <Opcode : 'fadd' 'fsub'> <InPorts = 2> <OutPorts = 1>

State 52 <SV = 51> <Delay = 6.01>
ST_52 : Operation 179 [1/5] (6.01ns)   --->   "%tmp_8 = fadd float %empty_42, %tmp_1" [dft.cpp:34]   --->   Operation 179 'fadd' 'tmp_8' <Predicate = (!icmp_ln27)> <Delay = 6.01> <Core = "FAddSub">   --->   Core 105 'FAddSub' <Latency = 4> <II = 1> <Delay = 6.01> <FuncUnit> <Opcode : 'fadd' 'fsub'> <InPorts = 2> <OutPorts = 1>
ST_52 : Operation 180 [4/5] (6.01ns)   --->   "%tmp_12 = fadd float %empty_41, %tmp_11" [dft.cpp:35]   --->   Operation 180 'fadd' 'tmp_12' <Predicate = (!icmp_ln27)> <Delay = 6.01> <Core = "FAddSub">   --->   Core 105 'FAddSub' <Latency = 4> <II = 1> <Delay = 6.01> <FuncUnit> <Opcode : 'fadd' 'fsub'> <InPorts = 2> <OutPorts = 1>

State 53 <SV = 52> <Delay = 6.01>
ST_53 : Operation 181 [1/1] (1.35ns)   --->   "store float %tmp_8, float* %temp_real_addr, align 4" [dft.cpp:34]   --->   Operation 181 'store' <Predicate = (!icmp_ln27)> <Delay = 1.35> <Core = "RAM">   --->   Core 37 'RAM' <Latency = 1> <II = 1> <Delay = 1.35> <Storage> <Opcode : 'load' 'store'> <Ports = 2> <Width = 32> <Depth = 256> <RAM>
ST_53 : Operation 182 [3/5] (6.01ns)   --->   "%tmp_12 = fadd float %empty_41, %tmp_11" [dft.cpp:35]   --->   Operation 182 'fadd' 'tmp_12' <Predicate = (!icmp_ln27)> <Delay = 6.01> <Core = "FAddSub">   --->   Core 105 'FAddSub' <Latency = 4> <II = 1> <Delay = 6.01> <FuncUnit> <Opcode : 'fadd' 'fsub'> <InPorts = 2> <OutPorts = 1>

State 54 <SV = 53> <Delay = 6.01>
ST_54 : Operation 183 [2/5] (6.01ns)   --->   "%tmp_12 = fadd float %empty_41, %tmp_11" [dft.cpp:35]   --->   Operation 183 'fadd' 'tmp_12' <Predicate = (!icmp_ln27)> <Delay = 6.01> <Core = "FAddSub">   --->   Core 105 'FAddSub' <Latency = 4> <II = 1> <Delay = 6.01> <FuncUnit> <Opcode : 'fadd' 'fsub'> <InPorts = 2> <OutPorts = 1>

State 55 <SV = 54> <Delay = 6.01>
ST_55 : Operation 184 [1/5] (6.01ns)   --->   "%tmp_12 = fadd float %empty_41, %tmp_11" [dft.cpp:35]   --->   Operation 184 'fadd' 'tmp_12' <Predicate = (!icmp_ln27)> <Delay = 6.01> <Core = "FAddSub">   --->   Core 105 'FAddSub' <Latency = 4> <II = 1> <Delay = 6.01> <FuncUnit> <Opcode : 'fadd' 'fsub'> <InPorts = 2> <OutPorts = 1>

State 56 <SV = 55> <Delay = 1.35>
ST_56 : Operation 185 [1/1] (0.00ns)   --->   "call void (...)* @_ssdm_op_SpecLoopName([11 x i8]* @p_str1) nounwind" [dft.cpp:27]   --->   Operation 185 'specloopname' <Predicate = (!icmp_ln27)> <Delay = 0.00>
ST_56 : Operation 186 [1/1] (0.00ns)   --->   "%tmp_7 = call i32 (...)* @_ssdm_op_SpecRegionBegin([11 x i8]* @p_str1) nounwind" [dft.cpp:27]   --->   Operation 186 'specregionbegin' 'tmp_7' <Predicate = (!icmp_ln27)> <Delay = 0.00>
ST_56 : Operation 187 [1/1] (0.00ns)   --->   "call void (...)* @_ssdm_op_SpecPipeline(i32 -1, i32 1, i32 1, i32 0, [1 x i8]* @p_str2) nounwind" [dft.cpp:28]   --->   Operation 187 'specpipeline' <Predicate = (!icmp_ln27)> <Delay = 0.00>
ST_56 : Operation 188 [1/1] (1.35ns)   --->   "store float %tmp_12, float* %temp_imag_addr, align 4" [dft.cpp:35]   --->   Operation 188 'store' <Predicate = (!icmp_ln27)> <Delay = 1.35> <Core = "RAM">   --->   Core 37 'RAM' <Latency = 1> <II = 1> <Delay = 1.35> <Storage> <Opcode : 'load' 'store'> <Ports = 2> <Width = 32> <Depth = 256> <RAM>
ST_56 : Operation 189 [1/1] (0.00ns)   --->   "%empty_44 = call i32 (...)* @_ssdm_op_SpecRegionEnd([11 x i8]* @p_str1, i32 %tmp_7) nounwind" [dft.cpp:36]   --->   Operation 189 'specregionend' 'empty_44' <Predicate = (!icmp_ln27)> <Delay = 0.00>
ST_56 : Operation 190 [1/1] (0.00ns)   --->   "br label %2"   --->   Operation 190 'br' <Predicate = (!icmp_ln27)> <Delay = 0.00>

State 57 <SV = 15> <Delay = 0.00>
ST_57 : Operation 191 [1/1] (0.00ns)   --->   "%empty_45 = call i32 (...)* @_ssdm_op_SpecRegionEnd([11 x i8]* @p_str, i32 %tmp_6) nounwind" [dft.cpp:37]   --->   Operation 191 'specregionend' 'empty_45' <Predicate = true> <Delay = 0.00>
ST_57 : Operation 192 [1/1] (0.00ns)   --->   "br label %1" [dft.cpp:18]   --->   Operation 192 'br' <Predicate = true> <Delay = 0.00>

State 58 <SV = 2> <Delay = 1.35>
ST_58 : Operation 193 [1/1] (0.00ns)   --->   "%i_1 = phi i9 [ %i, %3 ], [ 0, %.preheader.preheader ]"   --->   Operation 193 'phi' 'i_1' <Predicate = true> <Delay = 0.00>
ST_58 : Operation 194 [1/1] (0.85ns)   --->   "%icmp_ln40 = icmp eq i9 %i_1, -256" [dft.cpp:40]   --->   Operation 194 'icmp' 'icmp_ln40' <Predicate = true> <Delay = 0.85> <Core = "Cmp">   --->   Core 25 'Cmp' <Latency = 0> <II = 1> <Delay = 0.85> <FuncUnit> <Opcode : 'icmp'> <InPorts = 2> <OutPorts = 1>
ST_58 : Operation 195 [1/1] (0.00ns)   --->   "%empty_46 = call i32 (...)* @_ssdm_op_SpecLoopTripCount(i64 256, i64 256, i64 256) nounwind"   --->   Operation 195 'speclooptripcount' 'empty_46' <Predicate = true> <Delay = 0.00>
ST_58 : Operation 196 [1/1] (0.92ns)   --->   "%i = add i9 %i_1, 1" [dft.cpp:40]   --->   Operation 196 'add' 'i' <Predicate = true> <Delay = 0.92> <Core = "AddSub">   --->   Core 14 'AddSub' <Latency = 0> <II = 1> <Delay = 0.92> <FuncUnit> <Opcode : 'add' 'sub'> <InPorts = 2> <OutPorts = 1>
ST_58 : Operation 197 [1/1] (0.00ns)   --->   "br i1 %icmp_ln40, label %4, label %3" [dft.cpp:40]   --->   Operation 197 'br' <Predicate = true> <Delay = 0.00>
ST_58 : Operation 198 [1/1] (0.00ns)   --->   "%zext_ln41 = zext i9 %i_1 to i64" [dft.cpp:41]   --->   Operation 198 'zext' 'zext_ln41' <Predicate = (!icmp_ln40)> <Delay = 0.00>
ST_58 : Operation 199 [1/1] (0.00ns)   --->   "%temp_real_addr_1 = getelementptr inbounds [256 x float]* %temp_real, i64 0, i64 %zext_ln41" [dft.cpp:41]   --->   Operation 199 'getelementptr' 'temp_real_addr_1' <Predicate = (!icmp_ln40)> <Delay = 0.00>
ST_58 : Operation 200 [2/2] (1.35ns)   --->   "%temp_real_load = load float* %temp_real_addr_1, align 4" [dft.cpp:41]   --->   Operation 200 'load' 'temp_real_load' <Predicate = (!icmp_ln40)> <Delay = 1.35> <Core = "RAM">   --->   Core 37 'RAM' <Latency = 1> <II = 1> <Delay = 1.35> <Storage> <Opcode : 'load' 'store'> <Ports = 2> <Width = 32> <Depth = 256> <RAM>
ST_58 : Operation 201 [1/1] (0.00ns)   --->   "%temp_imag_addr_1 = getelementptr inbounds [256 x float]* %temp_imag, i64 0, i64 %zext_ln41" [dft.cpp:42]   --->   Operation 201 'getelementptr' 'temp_imag_addr_1' <Predicate = (!icmp_ln40)> <Delay = 0.00>
ST_58 : Operation 202 [2/2] (1.35ns)   --->   "%temp_imag_load = load float* %temp_imag_addr_1, align 4" [dft.cpp:42]   --->   Operation 202 'load' 'temp_imag_load' <Predicate = (!icmp_ln40)> <Delay = 1.35> <Core = "RAM">   --->   Core 37 'RAM' <Latency = 1> <II = 1> <Delay = 1.35> <Storage> <Opcode : 'load' 'store'> <Ports = 2> <Width = 32> <Depth = 256> <RAM>
ST_58 : Operation 203 [1/1] (0.00ns)   --->   "ret void" [dft.cpp:44]   --->   Operation 203 'ret' <Predicate = (icmp_ln40)> <Delay = 0.00>

State 59 <SV = 3> <Delay = 2.70>
ST_59 : Operation 204 [1/2] (1.35ns)   --->   "%temp_real_load = load float* %temp_real_addr_1, align 4" [dft.cpp:41]   --->   Operation 204 'load' 'temp_real_load' <Predicate = true> <Delay = 1.35> <Core = "RAM">   --->   Core 37 'RAM' <Latency = 1> <II = 1> <Delay = 1.35> <Storage> <Opcode : 'load' 'store'> <Ports = 2> <Width = 32> <Depth = 256> <RAM>
ST_59 : Operation 205 [1/1] (0.00ns)   --->   "%sample_real_addr = getelementptr [256 x float]* %sample_real, i64 0, i64 %zext_ln41" [dft.cpp:41]   --->   Operation 205 'getelementptr' 'sample_real_addr' <Predicate = true> <Delay = 0.00>
ST_59 : Operation 206 [1/1] (1.35ns)   --->   "store float %temp_real_load, float* %sample_real_addr, align 4" [dft.cpp:41]   --->   Operation 206 'store' <Predicate = true> <Delay = 1.35> <Core = "RAM">   --->   Core 37 'RAM' <Latency = 1> <II = 1> <Delay = 1.35> <Storage> <Opcode : 'load' 'store'> <Ports = 2> <Width = 32> <Depth = 256> <RAM>
ST_59 : Operation 207 [1/2] (1.35ns)   --->   "%temp_imag_load = load float* %temp_imag_addr_1, align 4" [dft.cpp:42]   --->   Operation 207 'load' 'temp_imag_load' <Predicate = true> <Delay = 1.35> <Core = "RAM">   --->   Core 37 'RAM' <Latency = 1> <II = 1> <Delay = 1.35> <Storage> <Opcode : 'load' 'store'> <Ports = 2> <Width = 32> <Depth = 256> <RAM>
ST_59 : Operation 208 [1/1] (0.00ns)   --->   "%sample_imag_addr = getelementptr [256 x float]* %sample_imag, i64 0, i64 %zext_ln41" [dft.cpp:42]   --->   Operation 208 'getelementptr' 'sample_imag_addr' <Predicate = true> <Delay = 0.00>
ST_59 : Operation 209 [1/1] (1.35ns)   --->   "store float %temp_imag_load, float* %sample_imag_addr, align 4" [dft.cpp:42]   --->   Operation 209 'store' <Predicate = true> <Delay = 1.35> <Core = "RAM">   --->   Core 37 'RAM' <Latency = 1> <II = 1> <Delay = 1.35> <Storage> <Opcode : 'load' 'store'> <Ports = 2> <Width = 32> <Depth = 256> <RAM>
ST_59 : Operation 210 [1/1] (0.00ns)   --->   "br label %.preheader" [dft.cpp:40]   --->   Operation 210 'br' <Predicate = true> <Delay = 0.00>


============================================================
+ Verbose Summary: Timing violations
============================================================
Target clock period: 8ns, clock uncertainty: 1ns.

 <State 1>: 0.755ns
The critical path consists of the following:
	multiplexor before 'phi' operation ('i') with incoming values : ('i', dft.cpp:18) [22]  (0.755 ns)

 <State 2>: 5.44ns
The critical path consists of the following:
	'phi' operation ('i') with incoming values : ('i', dft.cpp:18) [22]  (0 ns)
	'sitodp' operation ('tmp', dft.cpp:24) [36]  (5.44 ns)

 <State 3>: 5.44ns
The critical path consists of the following:
	'sitodp' operation ('tmp', dft.cpp:24) [36]  (5.44 ns)

 <State 4>: 5.44ns
The critical path consists of the following:
	'sitodp' operation ('tmp', dft.cpp:24) [36]  (5.44 ns)

 <State 5>: 5.44ns
The critical path consists of the following:
	'sitodp' operation ('tmp', dft.cpp:24) [36]  (5.44 ns)

 <State 6>: 5.44ns
The critical path consists of the following:
	'sitodp' operation ('tmp', dft.cpp:24) [36]  (5.44 ns)

 <State 7>: 6.6ns
The critical path consists of the following:
	'dmul' operation ('tmp_2', dft.cpp:24) [37]  (6.6 ns)

 <State 8>: 6.6ns
The critical path consists of the following:
	'dmul' operation ('tmp_2', dft.cpp:24) [37]  (6.6 ns)

 <State 9>: 6.6ns
The critical path consists of the following:
	'dmul' operation ('tmp_2', dft.cpp:24) [37]  (6.6 ns)

 <State 10>: 6.6ns
The critical path consists of the following:
	'dmul' operation ('tmp_2', dft.cpp:24) [37]  (6.6 ns)

 <State 11>: 6.6ns
The critical path consists of the following:
	'dmul' operation ('tmp_2', dft.cpp:24) [37]  (6.6 ns)

 <State 12>: 6.6ns
The critical path consists of the following:
	'dmul' operation ('tmp_2', dft.cpp:24) [37]  (6.6 ns)

 <State 13>: 3.32ns
The critical path consists of the following:
	'fptrunc' operation ('w', dft.cpp:24) [38]  (3.32 ns)

 <State 14>: 3.32ns
The critical path consists of the following:
	'fptrunc' operation ('w', dft.cpp:24) [38]  (3.32 ns)

 <State 15>: 6.67ns
The critical path consists of the following:
	'phi' operation ('j') with incoming values : ('j', dft.cpp:27) [43]  (0 ns)
	'sitofp' operation ('tmp_3', dft.cpp:29) [53]  (6.67 ns)

 <State 16>: 6.67ns
The critical path consists of the following:
	'sitofp' operation ('tmp_3', dft.cpp:29) [53]  (6.67 ns)

 <State 17>: 6.67ns
The critical path consists of the following:
	'sitofp' operation ('tmp_3', dft.cpp:29) [53]  (6.67 ns)

 <State 18>: 6.67ns
The critical path consists of the following:
	'sitofp' operation ('tmp_3', dft.cpp:29) [53]  (6.67 ns)

 <State 19>: 4.67ns
The critical path consists of the following:
	'fmul' operation ('tmp_4', dft.cpp:29) [54]  (4.67 ns)

 <State 20>: 4.67ns
The critical path consists of the following:
	'fmul' operation ('tmp_4', dft.cpp:29) [54]  (4.67 ns)

 <State 21>: 4.67ns
The critical path consists of the following:
	'fmul' operation ('tmp_4', dft.cpp:29) [54]  (4.67 ns)

 <State 22>: 4.67ns
The critical path consists of the following:
	'fmul' operation ('tmp_4', dft.cpp:29) [54]  (4.67 ns)

 <State 23>: 2.79ns
The critical path consists of the following:
	'fpext' operation ('x', dft.cpp:29) [55]  (2.79 ns)

 <State 24>: 5.54ns
The critical path consists of the following:
	'fpext' operation ('x', dft.cpp:29) [55]  (2.79 ns)
	'call' operation ('tmp_i_i', r:/builds/2020.1/continuous/2020_05_27_2902540/src/products/hls/hls_lib/hlsmath/src/common/hls_hotbm_double.cpp:144->r:/builds/2020.1/continuous/2020_05_27_2902540/src/products/hls/hls_lib/hlsmath/src/c/sincosdouble.cpp:13->dft.cpp:29) to 'sin_or_cos<double>' [56]  (2.75 ns)

 <State 25>: 6.62ns
The critical path consists of the following:
	'call' operation ('tmp_i_i', r:/builds/2020.1/continuous/2020_05_27_2902540/src/products/hls/hls_lib/hlsmath/src/common/hls_hotbm_double.cpp:144->r:/builds/2020.1/continuous/2020_05_27_2902540/src/products/hls/hls_lib/hlsmath/src/c/sincosdouble.cpp:13->dft.cpp:29) to 'sin_or_cos<double>' [56]  (6.62 ns)

 <State 26>: 6.62ns
The critical path consists of the following:
	'call' operation ('tmp_i_i', r:/builds/2020.1/continuous/2020_05_27_2902540/src/products/hls/hls_lib/hlsmath/src/common/hls_hotbm_double.cpp:144->r:/builds/2020.1/continuous/2020_05_27_2902540/src/products/hls/hls_lib/hlsmath/src/c/sincosdouble.cpp:13->dft.cpp:29) to 'sin_or_cos<double>' [56]  (6.62 ns)

 <State 27>: 6.62ns
The critical path consists of the following:
	'call' operation ('tmp_i_i', r:/builds/2020.1/continuous/2020_05_27_2902540/src/products/hls/hls_lib/hlsmath/src/common/hls_hotbm_double.cpp:144->r:/builds/2020.1/continuous/2020_05_27_2902540/src/products/hls/hls_lib/hlsmath/src/c/sincosdouble.cpp:13->dft.cpp:29) to 'sin_or_cos<double>' [56]  (6.62 ns)

 <State 28>: 6.62ns
The critical path consists of the following:
	'call' operation ('tmp_i_i', r:/builds/2020.1/continuous/2020_05_27_2902540/src/products/hls/hls_lib/hlsmath/src/common/hls_hotbm_double.cpp:144->r:/builds/2020.1/continuous/2020_05_27_2902540/src/products/hls/hls_lib/hlsmath/src/c/sincosdouble.cpp:13->dft.cpp:29) to 'sin_or_cos<double>' [56]  (6.62 ns)

 <State 29>: 6.62ns
The critical path consists of the following:
	'call' operation ('tmp_i_i', r:/builds/2020.1/continuous/2020_05_27_2902540/src/products/hls/hls_lib/hlsmath/src/common/hls_hotbm_double.cpp:144->r:/builds/2020.1/continuous/2020_05_27_2902540/src/products/hls/hls_lib/hlsmath/src/c/sincosdouble.cpp:13->dft.cpp:29) to 'sin_or_cos<double>' [56]  (6.62 ns)

 <State 30>: 6.62ns
The critical path consists of the following:
	'call' operation ('tmp_i_i', r:/builds/2020.1/continuous/2020_05_27_2902540/src/products/hls/hls_lib/hlsmath/src/common/hls_hotbm_double.cpp:144->r:/builds/2020.1/continuous/2020_05_27_2902540/src/products/hls/hls_lib/hlsmath/src/c/sincosdouble.cpp:13->dft.cpp:29) to 'sin_or_cos<double>' [56]  (6.62 ns)

 <State 31>: 6.62ns
The critical path consists of the following:
	'call' operation ('tmp_i_i', r:/builds/2020.1/continuous/2020_05_27_2902540/src/products/hls/hls_lib/hlsmath/src/common/hls_hotbm_double.cpp:144->r:/builds/2020.1/continuous/2020_05_27_2902540/src/products/hls/hls_lib/hlsmath/src/c/sincosdouble.cpp:13->dft.cpp:29) to 'sin_or_cos<double>' [56]  (6.62 ns)

 <State 32>: 6.62ns
The critical path consists of the following:
	'call' operation ('tmp_i_i', r:/builds/2020.1/continuous/2020_05_27_2902540/src/products/hls/hls_lib/hlsmath/src/common/hls_hotbm_double.cpp:144->r:/builds/2020.1/continuous/2020_05_27_2902540/src/products/hls/hls_lib/hlsmath/src/c/sincosdouble.cpp:13->dft.cpp:29) to 'sin_or_cos<double>' [56]  (6.62 ns)

 <State 33>: 6.62ns
The critical path consists of the following:
	'call' operation ('tmp_i_i', r:/builds/2020.1/continuous/2020_05_27_2902540/src/products/hls/hls_lib/hlsmath/src/common/hls_hotbm_double.cpp:144->r:/builds/2020.1/continuous/2020_05_27_2902540/src/products/hls/hls_lib/hlsmath/src/c/sincosdouble.cpp:13->dft.cpp:29) to 'sin_or_cos<double>' [56]  (6.62 ns)

 <State 34>: 6.62ns
The critical path consists of the following:
	'call' operation ('tmp_i_i9', r:/builds/2020.1/continuous/2020_05_27_2902540/src/products/hls/hls_lib/hlsmath/src/common/hls_hotbm_double.cpp:140->r:/builds/2020.1/continuous/2020_05_27_2902540/src/products/hls/hls_lib/hlsmath/src/c/sincosdouble.cpp:8->dft.cpp:30) to 'sin_or_cos<double>' [58]  (6.62 ns)

 <State 35>: 6.04ns
The critical path consists of the following:
	'call' operation ('tmp_i_i9', r:/builds/2020.1/continuous/2020_05_27_2902540/src/products/hls/hls_lib/hlsmath/src/common/hls_hotbm_double.cpp:140->r:/builds/2020.1/continuous/2020_05_27_2902540/src/products/hls/hls_lib/hlsmath/src/c/sincosdouble.cpp:8->dft.cpp:30) to 'sin_or_cos<double>' [58]  (6.04 ns)

 <State 36>: 3.76ns
The critical path consists of the following:
	'xor' operation ('xor_ln30', dft.cpp:30) [60]  (0.441 ns)
	'fptrunc' operation ('s', dft.cpp:30) [62]  (3.32 ns)

 <State 37>: 4.67ns
The critical path consists of the following:
	'fmul' operation ('tmp_9', dft.cpp:34) [66]  (4.67 ns)

 <State 38>: 4.67ns
The critical path consists of the following:
	'fmul' operation ('tmp_9', dft.cpp:34) [66]  (4.67 ns)

 <State 39>: 4.67ns
The critical path consists of the following:
	'fmul' operation ('tmp_9', dft.cpp:34) [66]  (4.67 ns)

 <State 40>: 4.67ns
The critical path consists of the following:
	'fmul' operation ('tmp_9', dft.cpp:34) [66]  (4.67 ns)

 <State 41>: 4.67ns
The critical path consists of the following:
	'fmul' operation ('tmp_s', dft.cpp:34) [69]  (4.67 ns)

 <State 42>: 6.02ns
The critical path consists of the following:
	'fsub' operation ('tmp_1', dft.cpp:34) [70]  (6.02 ns)

 <State 43>: 6.02ns
The critical path consists of the following:
	'fsub' operation ('tmp_1', dft.cpp:34) [70]  (6.02 ns)

 <State 44>: 6.02ns
The critical path consists of the following:
	'fsub' operation ('tmp_1', dft.cpp:34) [70]  (6.02 ns)

 <State 45>: 6.02ns
The critical path consists of the following:
	'fsub' operation ('tmp_1', dft.cpp:34) [70]  (6.02 ns)

 <State 46>: 6.02ns
The critical path consists of the following:
	'fsub' operation ('tmp_1', dft.cpp:34) [70]  (6.02 ns)

 <State 47>: 6.02ns
The critical path consists of the following:
	'fadd' operation ('tmp_11', dft.cpp:35) [75]  (6.02 ns)

 <State 48>: 6.02ns
The critical path consists of the following:
	'fadd' operation ('tmp_8', dft.cpp:34) [71]  (6.02 ns)

 <State 49>: 6.02ns
The critical path consists of the following:
	'fadd' operation ('tmp_8', dft.cpp:34) [71]  (6.02 ns)

 <State 50>: 6.02ns
The critical path consists of the following:
	'fadd' operation ('tmp_8', dft.cpp:34) [71]  (6.02 ns)

 <State 51>: 6.02ns
The critical path consists of the following:
	'fadd' operation ('tmp_8', dft.cpp:34) [71]  (6.02 ns)

 <State 52>: 6.02ns
The critical path consists of the following:
	'fadd' operation ('tmp_8', dft.cpp:34) [71]  (6.02 ns)

 <State 53>: 6.02ns
The critical path consists of the following:
	'fadd' operation ('tmp_12', dft.cpp:35) [76]  (6.02 ns)

 <State 54>: 6.02ns
The critical path consists of the following:
	'fadd' operation ('tmp_12', dft.cpp:35) [76]  (6.02 ns)

 <State 55>: 6.02ns
The critical path consists of the following:
	'fadd' operation ('tmp_12', dft.cpp:35) [76]  (6.02 ns)

 <State 56>: 1.35ns
The critical path consists of the following:
	'store' operation ('store_ln35', dft.cpp:35) of variable 'tmp_12', dft.cpp:35 on array 'temp_imag', dft.cpp:15 [77]  (1.35 ns)

 <State 57>: 0ns
The critical path consists of the following:

 <State 58>: 1.35ns
The critical path consists of the following:
	'phi' operation ('i') with incoming values : ('i', dft.cpp:40) [86]  (0 ns)
	'getelementptr' operation ('temp_real_addr_1', dft.cpp:41) [93]  (0 ns)
	'load' operation ('temp_real_load', dft.cpp:41) on array 'temp_real', dft.cpp:14 [94]  (1.35 ns)

 <State 59>: 2.7ns
The critical path consists of the following:
	'load' operation ('temp_real_load', dft.cpp:41) on array 'temp_real', dft.cpp:14 [94]  (1.35 ns)
	'store' operation ('store_ln41', dft.cpp:41) of variable 'temp_real_load', dft.cpp:41 on array 'sample_real' [96]  (1.35 ns)


============================================================
+ Verbose Summary: Binding
============================================================
N/A
* FSMD analyzer results:
  - Output states:
 - Input state : 
  - Chain level:
	State 1
	State 2
	State 3
	State 4
	State 5
	State 6
	State 7
	State 8
	State 9
	State 10
	State 11
	State 12
	State 13
	State 14
	State 15
	State 16
	State 17
	State 18
	State 19
	State 20
	State 21
	State 22
	State 23
	State 24
	State 25
	State 26
	State 27
	State 28
	State 29
	State 30
	State 31
	State 32
	State 33
	State 34
	State 35
	State 36
	State 37
	State 38
	State 39
	State 40
	State 41
	State 42
	State 43
	State 44
	State 45
	State 46
	State 47
	State 48
	State 49
	State 50
	State 51
	State 52
	State 53
	State 54
	State 55
	State 56
	State 57
	State 58
	State 59


============================================================
+ Verbose Summary: Datapath Resource usage 
============================================================
N/A
