

================================================================
== Vivado HLS Report for 'fft_stage84'
================================================================
* Date:           Thu Jul 13 07:37:43 2023

* Version:        2020.1 (Build 2897737 on Wed May 27 20:21:37 MDT 2020)
* Project:        fft_stages.proj
* Solution:       solution2
* Product family: zynquplus
* Target device:  xqzu5ev-ffrb900-1-i


================================================================
== Performance Estimates
================================================================
+ Timing: 
    * Summary: 
    +--------+----------+----------+------------+
    |  Clock |  Target  | Estimated| Uncertainty|
    +--------+----------+----------+------------+
    |ap_clk  | 10.00 ns | 8.635 ns |   1.25 ns  |
    +--------+----------+----------+------------+

+ Latency: 
    * Summary: 
    +---------+---------+-----------+-----------+------+------+---------+
    |  Latency (cycles) |   Latency (absolute)  |   Interval  | Pipeline|
    |   min   |   max   |    min    |    max    |  min |  max |   Type  |
    +---------+---------+-----------+-----------+------+------+---------+
    |     4361|     4425| 43.610 us | 44.250 us |  4361|  4425|   none  |
    +---------+---------+-----------+-----------+------+------+---------+

    + Detail: 
        * Instance: 
        +--------------------------------+---------------------+---------+---------+----------+----------+-----+-----+---------+
        |                                |                     |  Latency (cycles) |  Latency (absolute) |  Interval | Pipeline|
        |            Instance            |        Module       |   min   |   max   |    min   |    max   | min | max |   Type  |
        +--------------------------------+---------------------+---------+---------+----------+----------+-----+-----+---------+
        |grp_sin_or_cos_double_s_fu_290  |sin_or_cos_double_s  |       27|       35| 0.270 us | 0.350 us |   27|   35|   none  |
        |grp_sin_or_cos_double_s_fu_309  |sin_or_cos_double_s  |       27|       35| 0.270 us | 0.350 us |   27|   35|   none  |
        +--------------------------------+---------------------+---------+---------+----------+----------+-----+-----+---------+

        * Loop: 
        +------------------+---------+---------+-----------+-----------+-----------+------+----------+
        |                  |  Latency (cycles) | Iteration |  Initiation Interval  | Trip |          |
        |     Loop Name    |   min   |   max   |  Latency  |  achieved |   target  | Count| Pipelined|
        +------------------+---------+---------+-----------+-----------+-----------+------+----------+
        |- butterfly_loop  |     4360|     4424| 545 ~ 553 |          -|          -|     8|    no    |
        | + dft_loop       |      512|      512|          2|          1|          1|   512|    yes   |
        +------------------+---------+---------+-----------+-----------+-----------+------+----------+



================================================================
== Utilization Estimates
================================================================
* Summary: 
+-----------------+---------+-------+--------+--------+-----+
|       Name      | BRAM_18K| DSP48E|   FF   |   LUT  | URAM|
+-----------------+---------+-------+--------+--------+-----+
|DSP              |        -|      -|       -|       -|    -|
|Expression       |        -|      8|      40|    2597|    -|
|FIFO             |        -|      -|       -|       -|    -|
|Instance         |       16|     52|    4028|   11358|    0|
|Memory           |        -|      -|       -|       -|    -|
|Multiplexer      |        -|      -|       -|      92|    -|
|Register         |        -|      -|     543|       -|    -|
+-----------------+---------+-------+--------+--------+-----+
|Total            |       16|     60|    4611|   14047|    0|
+-----------------+---------+-------+--------+--------+-----+
|Available        |      288|   1248|  234240|  117120|   64|
+-----------------+---------+-------+--------+--------+-----+
|Utilization (%)  |        5|      4|       1|      11|    0|
+-----------------+---------+-------+--------+--------+-----+

+ Detail: 
    * Instance: 
    +--------------------------------+---------------------+---------+-------+------+------+-----+
    |            Instance            |        Module       | BRAM_18K| DSP48E|  FF  |  LUT | URAM|
    +--------------------------------+---------------------+---------+-------+------+------+-----+
    |grp_sin_or_cos_double_s_fu_290  |sin_or_cos_double_s  |        8|     26|  2014|  5679|    0|
    |grp_sin_or_cos_double_s_fu_309  |sin_or_cos_double_s  |        8|     26|  2014|  5679|    0|
    +--------------------------------+---------------------+---------+-------+------+------+-----+
    |Total                           |                     |       16|     52|  4028| 11358|    0|
    +--------------------------------+---------------------+---------+-------+------+------+-----+

    * DSP48E: 
    N/A

    * Memory: 
    N/A

    * FIFO: 
    N/A

    * Expression: 
    +---------------------------------+----------+-------+----+-----+------------+------------+
    |          Variable Name          | Operation| DSP48E| FF | LUT | Bitwidth P0| Bitwidth P1|
    +---------------------------------+----------+-------+----+-----+------------+------------+
    |mul_ln1192_fu_1295_p2            |     *    |      2|   0|   23|          22|          22|
    |mul_ln1193_fu_1269_p2            |     *    |      2|   0|   23|          22|          22|
    |mul_ln700_7_fu_1290_p2           |     *    |      2|   0|   23|          22|          22|
    |mul_ln700_fu_1264_p2             |     *    |      2|   0|   23|          22|          22|
    |Out_I_V_d1                       |     +    |      0|   0|   29|          22|          22|
    |Out_R_V_d1                       |     +    |      0|   0|   29|          22|          22|
    |a_V_fu_586_p2                    |     +    |      0|   0|   21|          11|          14|
    |add_ln581_1_fu_727_p2            |     +    |      0|   0|   19|           5|          12|
    |add_ln581_fu_1006_p2             |     +    |      0|   0|   19|           5|          12|
    |add_ln899_fu_466_p2              |     +    |      0|   0|   29|           7|          22|
    |add_ln908_fu_514_p2              |     +    |      0|   0|   39|           7|          32|
    |add_ln915_fu_607_p2              |     +    |      0|   0|   21|          11|          11|
    |i_9_fu_1250_p2                   |     +    |      0|   0|   39|          32|           5|
    |i_lower_fu_1232_p2               |     +    |      0|   0|   39|          32|           4|
    |j_fu_334_p2                      |     +    |      0|   0|   12|           4|           1|
    |lsb_index_fu_392_p2              |     +    |      0|   0|   39|           7|          32|
    |m_33_fu_558_p2                   |     +    |      0|   0|   71|          64|          64|
    |ret_V_19_fu_1300_p2              |     +    |      0|   0|   40|          33|          33|
    |F2_7_fu_994_p2                   |     -    |      0|   0|   19|          11|          12|
    |F2_fu_715_p2                     |     -    |      0|   0|   19|          11|          12|
    |Out_I_V_d0                       |     -    |      0|   0|   29|          22|          22|
    |Out_R_V_d0                       |     -    |      0|   0|   29|          22|          22|
    |man_V_31_fu_695_p2               |     -    |      0|   0|   61|           1|          54|
    |man_V_34_fu_974_p2               |     -    |      0|   0|   61|           1|          54|
    |ret_V_fu_1274_p2                 |     -    |      0|   0|   40|          33|          33|
    |sub_ln581_1_fu_733_p2            |     -    |      0|   0|   19|           4|          12|
    |sub_ln581_fu_1012_p2             |     -    |      0|   0|   19|           4|          12|
    |sub_ln894_fu_382_p2              |     -    |      0|   0|   39|           5|          32|
    |sub_ln897_fu_418_p2              |     -    |      0|   0|   15|           4|           5|
    |sub_ln908_fu_530_p2              |     -    |      0|   0|   39|           6|          32|
    |sub_ln915_fu_602_p2              |     -    |      0|   0|   21|           4|          11|
    |tmp_V_10_fu_346_p2               |     -    |      0|   0|   21|           1|          14|
    |a_fu_446_p2                      |    and   |      0|   0|    2|           1|           1|
    |and_ln581_7_fu_1116_p2           |    and   |      0|   0|    2|           1|           1|
    |and_ln581_fu_837_p2              |    and   |      0|   0|    2|           1|           1|
    |and_ln582_7_fu_1098_p2           |    and   |      0|   0|    2|           1|           1|
    |and_ln582_fu_819_p2              |    and   |      0|   0|    2|           1|           1|
    |and_ln585_19_fu_855_p2           |    and   |      0|   0|    2|           1|           1|
    |and_ln585_20_fu_1128_p2          |    and   |      0|   0|    2|           1|           1|
    |and_ln585_21_fu_1134_p2          |    and   |      0|   0|    2|           1|           1|
    |and_ln585_fu_849_p2              |    and   |      0|   0|    2|           1|           1|
    |and_ln603_7_fu_1152_p2           |    and   |      0|   0|    2|           1|           1|
    |and_ln603_fu_873_p2              |    and   |      0|   0|    2|           1|           1|
    |and_ln899_fu_480_p2              |    and   |      0|   0|    2|           1|           1|
    |p_Result_110_fu_434_p2           |    and   |      0|   0|   22|          22|          22|
    |ashr_ln586_1_fu_781_p2           |   ashr   |      0|   0|  167|          54|          54|
    |ashr_ln586_fu_1060_p2            |   ashr   |      0|   0|  167|          54|          54|
    |l_fu_374_p3                      |   cttz   |      0|  40|   36|          32|           0|
    |icmp_ln47_fu_328_p2              |   icmp   |      0|   0|   11|           4|           5|
    |icmp_ln53_fu_1226_p2             |   icmp   |      0|   0|   20|          22|           1|
    |icmp_ln571_1_fu_709_p2           |   icmp   |      0|   0|   29|          63|           1|
    |icmp_ln571_fu_988_p2             |   icmp   |      0|   0|   29|          63|           1|
    |icmp_ln581_1_fu_721_p2           |   icmp   |      0|   0|   13|          12|           4|
    |icmp_ln581_fu_1000_p2            |   icmp   |      0|   0|   13|          12|           4|
    |icmp_ln582_1_fu_755_p2           |   icmp   |      0|   0|   13|          12|           4|
    |icmp_ln582_fu_1034_p2            |   icmp   |      0|   0|   13|          12|           4|
    |icmp_ln585_1_fu_765_p2           |   icmp   |      0|   0|   13|          12|           6|
    |icmp_ln585_fu_1044_p2            |   icmp   |      0|   0|   13|          12|           6|
    |icmp_ln603_1_fu_771_p2           |   icmp   |      0|   0|   13|          12|           5|
    |icmp_ln603_fu_1050_p2            |   icmp   |      0|   0|   13|          12|           5|
    |icmp_ln885_fu_340_p2             |   icmp   |      0|   0|   13|          14|           1|
    |icmp_ln897_1_fu_440_p2           |   icmp   |      0|   0|   20|          22|           1|
    |icmp_ln897_fu_408_p2             |   icmp   |      0|   0|   20|          31|           1|
    |icmp_ln908_fu_508_p2             |   icmp   |      0|   0|   20|          32|           1|
    |lshr_ln897_fu_428_p2             |   lshr   |      0|   0|   61|           2|          22|
    |lshr_ln908_fu_520_p2             |   lshr   |      0|   0|  101|          32|          32|
    |ap_block_state1                  |    or    |      0|   0|    2|           1|           1|
    |ap_block_state4_on_subcall_done  |    or    |      0|   0|    2|           1|           1|
    |or_ln581_7_fu_1140_p2            |    or    |      0|   0|    2|           1|           1|
    |or_ln581_fu_861_p2               |    or    |      0|   0|    2|           1|           1|
    |or_ln582_7_fu_1104_p2            |    or    |      0|   0|    2|           1|           1|
    |or_ln582_fu_825_p2               |    or    |      0|   0|    2|           1|           1|
    |or_ln603_31_fu_901_p2            |    or    |      0|   0|    2|           1|           1|
    |or_ln603_32_fu_915_p2            |    or    |      0|   0|    2|           1|           1|
    |or_ln603_33_fu_1166_p2           |    or    |      0|   0|    2|           1|           1|
    |or_ln603_34_fu_1180_p2           |    or    |      0|   0|    2|           1|           1|
    |or_ln603_35_fu_1194_p2           |    or    |      0|   0|    2|           1|           1|
    |or_ln603_fu_887_p2               |    or    |      0|   0|    2|           1|           1|
    |or_ln899_fu_486_p2               |    or    |      0|   0|    2|           1|           1|
    |c_V_fu_921_p3                    |  select  |      0|   0|   22|           1|          22|
    |m_32_fu_546_p3                   |  select  |      0|   0|   56|           1|          64|
    |man_V_32_fu_701_p3               |  select  |      0|   0|   55|           1|          54|
    |man_V_35_fu_980_p3               |  select  |      0|   0|   55|           1|          54|
    |s_V_fu_1200_p3                   |  select  |      0|   0|   22|           1|          22|
    |select_ln588_7_fu_1078_p3        |  select  |      0|   0|    2|           1|           2|
    |select_ln588_fu_799_p3           |  select  |      0|   0|    2|           1|           2|
    |select_ln603_43_fu_893_p3        |  select  |      0|   0|   22|           1|          22|
    |select_ln603_44_fu_907_p3        |  select  |      0|   0|   22|           1|          22|
    |select_ln603_46_fu_1158_p3       |  select  |      0|   0|   22|           1|          22|
    |select_ln603_47_fu_1172_p3       |  select  |      0|   0|   22|           1|          22|
    |select_ln603_48_fu_1186_p3       |  select  |      0|   0|   22|           1|          22|
    |select_ln603_fu_879_p3           |  select  |      0|   0|   22|           1|          22|
    |select_ln885_fu_637_p3           |  select  |      0|   0|   56|           1|           1|
    |select_ln915_fu_595_p3           |  select  |      0|   0|    9|           1|          10|
    |sh_amt_7_fu_1018_p3              |  select  |      0|   0|   12|           1|          12|
    |sh_amt_fu_739_p3                 |  select  |      0|   0|   12|           1|          12|
    |shl_ln604_1_fu_807_p2            |    shl   |      0|   0|   61|          22|          22|
    |shl_ln604_fu_1086_p2             |    shl   |      0|   0|   61|          22|          22|
    |shl_ln908_fu_540_p2              |    shl   |      0|   0|  179|          64|          64|
    |ap_enable_pp0                    |    xor   |      0|   0|    2|           1|           2|
    |ap_enable_reg_pp0_iter1          |    xor   |      0|   0|    2|           2|           1|
    |xor_ln571_7_fu_1092_p2           |    xor   |      0|   0|    2|           1|           2|
    |xor_ln571_fu_813_p2              |    xor   |      0|   0|    2|           1|           2|
    |xor_ln581_7_fu_1146_p2           |    xor   |      0|   0|    2|           1|           2|
    |xor_ln581_fu_867_p2              |    xor   |      0|   0|    2|           1|           2|
    |xor_ln582_7_fu_1110_p2           |    xor   |      0|   0|    2|           1|           2|
    |xor_ln582_fu_831_p2              |    xor   |      0|   0|    2|           1|           2|
    |xor_ln585_7_fu_1122_p2           |    xor   |      0|   0|    2|           1|           2|
    |xor_ln585_fu_843_p2              |    xor   |      0|   0|    2|           1|           2|
    |xor_ln899_fu_460_p2              |    xor   |      0|   0|    2|           1|           2|
    +---------------------------------+----------+-------+----+-----+------------+------------+
    |Total                            |          |      8|  40| 2597|        1184|        1476|
    +---------------------------------+----------+-------+----+-----+------------+------------+

    * Multiplexer: 
    +-------------------------+----+-----------+-----+-----------+
    |           Name          | LUT| Input Size| Bits| Total Bits|
    +-------------------------+----+-----------+-----+-----------+
    |ap_NS_fsm                |  41|          8|    1|          8|
    |ap_done                  |   9|          2|    1|          2|
    |ap_enable_reg_pp0_iter1  |  15|          3|    1|          3|
    |i_0_reg_281              |   9|          2|   32|         64|
    |i_reg_269                |   9|          2|    4|          8|
    |tmp_V_reg_258            |   9|          2|   14|         28|
    +-------------------------+----+-----------+-----+-----------+
    |Total                    |  92|         19|   53|        113|
    +-------------------------+----+-----------+-----+-----------+

    * Register: 
    +---------------------------------------------+----+----+-----+-----------+
    |                     Name                    | FF | LUT| Bits| Const Bits|
    +---------------------------------------------+----+----+-----+-----------+
    |a_V_reg_1372                                 |  14|   0|   14|          0|
    |ap_CS_fsm                                    |   7|   0|    7|          0|
    |ap_done_reg                                  |   1|   0|    1|          0|
    |ap_enable_reg_pp0_iter0                      |   1|   0|    1|          0|
    |ap_enable_reg_pp0_iter1                      |   1|   0|    1|          0|
    |grp_sin_or_cos_double_s_fu_290_ap_start_reg  |   1|   0|    1|          0|
    |grp_sin_or_cos_double_s_fu_309_ap_start_reg  |   1|   0|    1|          0|
    |i_0_reg_281                                  |  32|   0|   32|          0|
    |i_reg_269                                    |   4|   0|    4|          0|
    |icmp_ln53_reg_1410                           |   1|   0|    1|          0|
    |icmp_ln885_reg_1352                          |   1|   0|    1|          0|
    |j_reg_1347                                   |   4|   0|    4|          0|
    |m_s_reg_1357                                 |  63|   0|   63|          0|
    |select_ln885_reg_1377                        |  64|   0|   64|          0|
    |sext_ln1118_19_reg_1404                      |  33|   0|   33|          0|
    |sext_ln1118_reg_1398                         |  33|   0|   33|          0|
    |sext_ln55_reg_1414                           |  64|   0|   64|          0|
    |sext_ln57_reg_1430                           |  64|   0|   64|          0|
    |tmp_54_reg_1362                              |   1|   0|    1|          0|
    |tmp_V_reg_258                                |  14|   0|   14|          0|
    |trunc_ln893_reg_1367                         |  11|   0|   11|          0|
    |v_assign_7_reg_1388                          |  64|   0|   64|          0|
    |v_assign_reg_1383                            |  64|   0|   64|          0|
    +---------------------------------------------+----+----+-----+-----------+
    |Total                                        | 543|   0|  543|          0|
    +---------------------------------------------+----+----+-----+-----------+



================================================================
== Interface
================================================================
* Summary: 
+------------------+-----+-----+------------+--------------+--------------+
|     RTL Ports    | Dir | Bits|  Protocol  | Source Object|    C Type    |
+------------------+-----+-----+------------+--------------+--------------+
|ap_clk            |  in |    1| ap_ctrl_hs |  fft_stage84 | return value |
|ap_rst            |  in |    1| ap_ctrl_hs |  fft_stage84 | return value |
|ap_start          |  in |    1| ap_ctrl_hs |  fft_stage84 | return value |
|ap_done           | out |    1| ap_ctrl_hs |  fft_stage84 | return value |
|ap_continue       |  in |    1| ap_ctrl_hs |  fft_stage84 | return value |
|ap_idle           | out |    1| ap_ctrl_hs |  fft_stage84 | return value |
|ap_ready          | out |    1| ap_ctrl_hs |  fft_stage84 | return value |
|X_R_V_address0    | out |   10|  ap_memory |     X_R_V    |     array    |
|X_R_V_ce0         | out |    1|  ap_memory |     X_R_V    |     array    |
|X_R_V_q0          |  in |   22|  ap_memory |     X_R_V    |     array    |
|X_R_V_address1    | out |   10|  ap_memory |     X_R_V    |     array    |
|X_R_V_ce1         | out |    1|  ap_memory |     X_R_V    |     array    |
|X_R_V_q1          |  in |   22|  ap_memory |     X_R_V    |     array    |
|X_I_V_address0    | out |   10|  ap_memory |     X_I_V    |     array    |
|X_I_V_ce0         | out |    1|  ap_memory |     X_I_V    |     array    |
|X_I_V_q0          |  in |   22|  ap_memory |     X_I_V    |     array    |
|X_I_V_address1    | out |   10|  ap_memory |     X_I_V    |     array    |
|X_I_V_ce1         | out |    1|  ap_memory |     X_I_V    |     array    |
|X_I_V_q1          |  in |   22|  ap_memory |     X_I_V    |     array    |
|Out_R_V_address0  | out |   10|  ap_memory |    Out_R_V   |     array    |
|Out_R_V_ce0       | out |    1|  ap_memory |    Out_R_V   |     array    |
|Out_R_V_we0       | out |    1|  ap_memory |    Out_R_V   |     array    |
|Out_R_V_d0        | out |   22|  ap_memory |    Out_R_V   |     array    |
|Out_R_V_address1  | out |   10|  ap_memory |    Out_R_V   |     array    |
|Out_R_V_ce1       | out |    1|  ap_memory |    Out_R_V   |     array    |
|Out_R_V_we1       | out |    1|  ap_memory |    Out_R_V   |     array    |
|Out_R_V_d1        | out |   22|  ap_memory |    Out_R_V   |     array    |
|Out_I_V_address0  | out |   10|  ap_memory |    Out_I_V   |     array    |
|Out_I_V_ce0       | out |    1|  ap_memory |    Out_I_V   |     array    |
|Out_I_V_we0       | out |    1|  ap_memory |    Out_I_V   |     array    |
|Out_I_V_d0        | out |   22|  ap_memory |    Out_I_V   |     array    |
|Out_I_V_address1  | out |   10|  ap_memory |    Out_I_V   |     array    |
|Out_I_V_ce1       | out |    1|  ap_memory |    Out_I_V   |     array    |
|Out_I_V_we1       | out |    1|  ap_memory |    Out_I_V   |     array    |
|Out_I_V_d1        | out |   22|  ap_memory |    Out_I_V   |     array    |
+------------------+-----+-----+------------+--------------+--------------+

