

================================================================
== Vivado HLS Report for 'matrix_vector'
================================================================
* Date:           Wed Jun 21 12:34:54 2023

* Version:        2020.1 (Build 2897737 on Wed May 27 20:21:37 MDT 2020)
* Project:        matrix_vector_proj
* Solution:       solution10
* Product family: zynquplus
* Target device:  xqzu5ev-ffrb900-1-i


================================================================
== Performance Estimates
================================================================
+ Timing: 
    * Summary: 
    +--------+---------+----------+------------+
    |  Clock |  Target | Estimated| Uncertainty|
    +--------+---------+----------+------------+
    |ap_clk  | 8.00 ns | 6.762 ns |   1.00 ns  |
    +--------+---------+----------+------------+

+ Latency: 
    * Summary: 
    +---------+---------+----------+----------+-----+-----+---------+
    |  Latency (cycles) |  Latency (absolute) |  Interval | Pipeline|
    |   min   |   max   |    min   |    max   | min | max |   Type  |
    +---------+---------+----------+----------+-----+-----+---------+
    |       18|       18| 0.144 us | 0.144 us |   18|   18|   none  |
    +---------+---------+----------+----------+-----+-----+---------+

    + Detail: 
        * Instance: 
        N/A

        * Loop: 
        +-------------+---------+---------+----------+-----------+-----------+------+----------+
        |             |  Latency (cycles) | Iteration|  Initiation Interval  | Trip |          |
        |  Loop Name  |   min   |   max   |  Latency |  achieved |   target  | Count| Pipelined|
        +-------------+---------+---------+----------+-----------+-----------+------+----------+
        |- data_loop  |       16|       16|         3|          2|          2|     8|    yes   |
        +-------------+---------+---------+----------+-----------+-----------+------+----------+



================================================================
== Utilization Estimates
================================================================
* Summary: 
+-----------------+---------+-------+--------+--------+-----+
|       Name      | BRAM_18K| DSP48E|   FF   |   LUT  | URAM|
+-----------------+---------+-------+--------+--------+-----+
|DSP              |        -|      -|       -|       -|    -|
|Expression       |        -|     24|       0|     430|    -|
|FIFO             |        -|      -|       -|       -|    -|
|Instance         |        -|      -|       -|       -|    -|
|Memory           |        -|      -|       -|       -|    -|
|Multiplexer      |        -|      -|       -|      54|    -|
|Register         |        -|      -|     339|       -|    -|
+-----------------+---------+-------+--------+--------+-----+
|Total            |        0|     24|     339|     484|    0|
+-----------------+---------+-------+--------+--------+-----+
|Available        |      288|   1248|  234240|  117120|   64|
+-----------------+---------+-------+--------+--------+-----+
|Utilization (%)  |        0|      1|   ~0   |   ~0   |    0|
+-----------------+---------+-------+--------+--------+-----+

+ Detail: 
    * Instance: 
    N/A

    * DSP48E: 
    N/A

    * Memory: 
    N/A

    * FIFO: 
    N/A

    * Expression: 
    +----------------------+----------+-------+---+----+------------+------------+
    |     Variable Name    | Operation| DSP48E| FF| LUT| Bitwidth P0| Bitwidth P1|
    +----------------------+----------+-------+---+----+------------+------------+
    |mul_ln11_1_fu_278_p2  |     *    |      3|  0|  20|          32|          32|
    |mul_ln11_2_fu_308_p2  |     *    |      3|  0|  20|          32|          32|
    |mul_ln11_3_fu_312_p2  |     *    |      3|  0|  20|          32|          32|
    |mul_ln11_4_fu_316_p2  |     *    |      3|  0|  20|          32|          32|
    |mul_ln11_5_fu_320_p2  |     *    |      3|  0|  20|          32|          32|
    |mul_ln11_6_fu_284_p2  |     *    |      3|  0|  20|          32|          32|
    |mul_ln11_7_fu_290_p2  |     *    |      3|  0|  20|          32|          32|
    |mul_ln11_fu_272_p2    |     *    |      3|  0|  20|          32|          32|
    |V_Out_d0              |     +    |      0|  0|  32|          32|          32|
    |add_ln11_1_fu_324_p2  |     +    |      0|  0|  39|          32|          32|
    |add_ln11_2_fu_330_p2  |     +    |      0|  0|  32|          32|          32|
    |add_ln11_3_fu_335_p2  |     +    |      0|  0|  32|          32|          32|
    |add_ln11_4_fu_302_p2  |     +    |      0|  0|  39|          32|          32|
    |add_ln11_5_fu_341_p2  |     +    |      0|  0|  32|          32|          32|
    |add_ln11_fu_296_p2    |     +    |      0|  0|  39|          32|          32|
    |i_fu_254_p2           |     +    |      0|  0|  12|           4|           1|
    |icmp_ln7_fu_248_p2    |   icmp   |      0|  0|  11|           4|           5|
    |ap_enable_pp0         |    xor   |      0|  0|   2|           1|           2|
    +----------------------+----------+-------+---+----+------------+------------+
    |Total                 |          |     24|  0| 430|         489|         488|
    +----------------------+----------+-------+---+----+------------+------------+

    * Multiplexer: 
    +------------------------------+----+-----------+-----+-----------+
    |             Name             | LUT| Input Size| Bits| Total Bits|
    +------------------------------+----+-----------+-----+-----------+
    |ap_NS_fsm                     |  27|          5|    1|          5|
    |ap_enable_reg_pp0_iter1       |   9|          2|    1|          2|
    |ap_phi_mux_i_0_phi_fu_241_p4  |   9|          2|    4|          8|
    |i_0_reg_237                   |   9|          2|    4|          8|
    +------------------------------+----+-----------+-----+-----------+
    |Total                         |  54|         11|   10|         23|
    +------------------------------+----+-----------+-----+-----------+

    * Register: 
    +-------------------------+----+----+-----+-----------+
    |           Name          | FF | LUT| Bits| Const Bits|
    +-------------------------+----+----+-----+-----------+
    |M_2_load_reg_412         |  32|   0|   32|          0|
    |M_3_load_reg_422         |  32|   0|   32|          0|
    |M_4_load_reg_432         |  32|   0|   32|          0|
    |M_5_load_reg_442         |  32|   0|   32|          0|
    |V_In_2_read_reg_407      |  32|   0|   32|          0|
    |V_In_3_read_reg_417      |  32|   0|   32|          0|
    |V_In_4_read_reg_427      |  32|   0|   32|          0|
    |V_In_5_read_reg_437      |  32|   0|   32|          0|
    |add_ln11_4_reg_452       |  32|   0|   32|          0|
    |add_ln11_reg_447         |  32|   0|   32|          0|
    |ap_CS_fsm                |   4|   0|    4|          0|
    |ap_enable_reg_pp0_iter0  |   1|   0|    1|          0|
    |ap_enable_reg_pp0_iter1  |   1|   0|    1|          0|
    |i_0_reg_237              |   4|   0|    4|          0|
    |i_reg_357                |   4|   0|    4|          0|
    |icmp_ln7_reg_353         |   1|   0|    1|          0|
    |zext_ln11_reg_362        |   4|   0|   64|         60|
    +-------------------------+----+----+-----+-----------+
    |Total                    | 339|   0|  399|         60|
    +-------------------------+----+----+-----+-----------+



================================================================
== Interface
================================================================
* Summary: 
+----------------+-----+-----+------------+---------------+--------------+
|    RTL Ports   | Dir | Bits|  Protocol  | Source Object |    C Type    |
+----------------+-----+-----+------------+---------------+--------------+
|ap_clk          |  in |    1| ap_ctrl_hs | matrix_vector | return value |
|ap_rst          |  in |    1| ap_ctrl_hs | matrix_vector | return value |
|ap_start        |  in |    1| ap_ctrl_hs | matrix_vector | return value |
|ap_done         | out |    1| ap_ctrl_hs | matrix_vector | return value |
|ap_idle         | out |    1| ap_ctrl_hs | matrix_vector | return value |
|ap_ready        | out |    1| ap_ctrl_hs | matrix_vector | return value |
|M_0_address0    | out |    3|  ap_memory |      M_0      |     array    |
|M_0_ce0         | out |    1|  ap_memory |      M_0      |     array    |
|M_0_q0          |  in |   32|  ap_memory |      M_0      |     array    |
|M_1_address0    | out |    3|  ap_memory |      M_1      |     array    |
|M_1_ce0         | out |    1|  ap_memory |      M_1      |     array    |
|M_1_q0          |  in |   32|  ap_memory |      M_1      |     array    |
|M_2_address0    | out |    3|  ap_memory |      M_2      |     array    |
|M_2_ce0         | out |    1|  ap_memory |      M_2      |     array    |
|M_2_q0          |  in |   32|  ap_memory |      M_2      |     array    |
|M_3_address0    | out |    3|  ap_memory |      M_3      |     array    |
|M_3_ce0         | out |    1|  ap_memory |      M_3      |     array    |
|M_3_q0          |  in |   32|  ap_memory |      M_3      |     array    |
|M_4_address0    | out |    3|  ap_memory |      M_4      |     array    |
|M_4_ce0         | out |    1|  ap_memory |      M_4      |     array    |
|M_4_q0          |  in |   32|  ap_memory |      M_4      |     array    |
|M_5_address0    | out |    3|  ap_memory |      M_5      |     array    |
|M_5_ce0         | out |    1|  ap_memory |      M_5      |     array    |
|M_5_q0          |  in |   32|  ap_memory |      M_5      |     array    |
|M_6_address0    | out |    3|  ap_memory |      M_6      |     array    |
|M_6_ce0         | out |    1|  ap_memory |      M_6      |     array    |
|M_6_q0          |  in |   32|  ap_memory |      M_6      |     array    |
|M_7_address0    | out |    3|  ap_memory |      M_7      |     array    |
|M_7_ce0         | out |    1|  ap_memory |      M_7      |     array    |
|M_7_q0          |  in |   32|  ap_memory |      M_7      |     array    |
|V_In_0          |  in |   32|   ap_none  |     V_In_0    |    pointer   |
|V_In_1          |  in |   32|   ap_none  |     V_In_1    |    pointer   |
|V_In_2          |  in |   32|   ap_none  |     V_In_2    |    pointer   |
|V_In_3          |  in |   32|   ap_none  |     V_In_3    |    pointer   |
|V_In_4          |  in |   32|   ap_none  |     V_In_4    |    pointer   |
|V_In_5          |  in |   32|   ap_none  |     V_In_5    |    pointer   |
|V_In_6          |  in |   32|   ap_none  |     V_In_6    |    pointer   |
|V_In_7          |  in |   32|   ap_none  |     V_In_7    |    pointer   |
|V_Out_address0  | out |    3|  ap_memory |     V_Out     |     array    |
|V_Out_ce0       | out |    1|  ap_memory |     V_Out     |     array    |
|V_Out_we0       | out |    1|  ap_memory |     V_Out     |     array    |
|V_Out_d0        | out |   32|  ap_memory |     V_Out     |     array    |
+----------------+-----+-----+------------+---------------+--------------+

