INFO: Applying HLS Y2K22 patch v1.2 for IP revision
INFO: [HLS 200-10] Running 'C:/Xilinx/Vivado/2020.1/bin/unwrapped/win64.o/vivado_hls.exe'
INFO: [HLS 200-10] For user 'user' on host 'laptop-hiktno12' (Windows NT_amd64 version 6.2) on Thu Jun 15 01:20:26 +1000 2023
INFO: [HLS 200-10] In directory 'C:/COMP4601/lab3/ex2'
Sourcing Tcl script 'C:/COMP4601/lab3/ex2/cordic_optimized_prj/iteration_12/csim.tcl'
INFO: [HLS 200-10] Opening project 'C:/COMP4601/lab3/ex2/cordic_optimized_prj'.
INFO: [HLS 200-10] Opening solution 'C:/COMP4601/lab3/ex2/cordic_optimized_prj/iteration_12'.
INFO: [SYN 201-201] Setting up clock 'default' with a period of 10ns.
INFO: [HLS 200-10] Setting target device to 'xqzu5ev-ffrb900-1-i'
INFO: [SIM 211-2] *************** CSIM start ***************
INFO: [SIM 211-4] CSIM will launch GCC as the compiler.
   Compiling ../../../../cordic_fixed-top.cpp in debug mode
   Compiling ../../../../cordic_fixed.cpp in debug mode
   Generating csim.exe
In file included from C:/Xilinx/Vivado/2020.1/include/floating_point_v7_0_bitacc_cmodel.h:143:0,
                 from C:/Xilinx/Vivado/2020.1/include/hls_fpo.h:186,
                 from C:/Xilinx/Vivado/2020.1/include/hls_half.h:44,
                 from C:/Xilinx/Vivado/2020.1/include/etc/ap_private.h:90,
                 from C:/Xilinx/Vivado/2020.1/include/ap_common.h:641,
                 from C:/Xilinx/Vivado/2020.1/include/ap_fixed.h:54,
                 from ../../../../cordic.h:4,
                 from ../../../../cordic_fixed-top.cpp:20:
C:/Xilinx/Vivado/2020.1/include/gmp.h:62:0: warning: "__GMP_LIBGMP_DLL" redefined
 #define __GMP_LIBGMP_DLL  0
 
In file included from C:/Xilinx/Vivado/2020.1/include/hls_fpo.h:186:0,
                 from C:/Xilinx/Vivado/2020.1/include/hls_half.h:44,
                 from C:/Xilinx/Vivado/2020.1/include/etc/ap_private.h:90,
                 from C:/Xilinx/Vivado/2020.1/include/ap_common.h:641,
                 from C:/Xilinx/Vivado/2020.1/include/ap_fixed.h:54,
                 from ../../../../cordic.h:4,
                 from ../../../../cordic_fixed-top.cpp:20:
C:/Xilinx/Vivado/2020.1/include/floating_point_v7_0_bitacc_cmodel.h:135:0: note: this is the location of the previous definition
 #define __GMP_LIBGMP_DLL 1
 
In file included from C:/Xilinx/Vivado/2020.1/include/floating_point_v7_0_bitacc_cmodel.h:143:0,
                 from C:/Xilinx/Vivado/2020.1/include/hls_fpo.h:186,
                 from C:/Xilinx/Vivado/2020.1/include/hls_half.h:44,
                 from C:/Xilinx/Vivado/2020.1/include/etc/ap_private.h:90,
                 from C:/Xilinx/Vivado/2020.1/include/ap_common.h:641,
                 from C:/Xilinx/Vivado/2020.1/include/ap_fixed.h:54,
                 from ../../../../cordic.h:4,
                 from ../../../../cordic_fixed.cpp:2:
C:/Xilinx/Vivado/2020.1/include/gmp.h:62:0: warning: "__GMP_LIBGMP_DLL" redefined
 #define __GMP_LIBGMP_DLL  0
 
In file included from C:/Xilinx/Vivado/2020.1/include/hls_fpo.h:186:0,
                 from C:/Xilinx/Vivado/2020.1/include/hls_half.h:44,
                 from C:/Xilinx/Vivado/2020.1/include/etc/ap_private.h:90,
                 from C:/Xilinx/Vivado/2020.1/include/ap_common.h:641,
                 from C:/Xilinx/Vivado/2020.1/include/ap_fixed.h:54,
                 from ../../../../cordic.h:4,
                 from ../../../../cordic_fixed.cpp:2:
C:/Xilinx/Vivado/2020.1/include/floating_point_v7_0_bitacc_cmodel.h:135:0: note: this is the location of the previous definition
 #define __GMP_LIBGMP_DLL 1
 
Total_Error_Sin=49.481655, Total_error_Cos=54.075063, 
INFO: [SIM 211-1] CSim done with 0 errors.
INFO: [SIM 211-3] *************** CSIM finish ***************
