

================================================================
== Vivado HLS Report for 'fft'
================================================================
* Date:           Thu Jul 13 06:14:43 2023

* Version:        2020.1 (Build 2897737 on Wed May 27 20:21:37 MDT 2020)
* Project:        fft_sw.proj
* Solution:       solution4
* Product family: zynquplus
* Target device:  xqzu5ev-ffrb900-1-i


================================================================
== Performance Estimates
================================================================
+ Timing: 
    * Summary: 
    +--------+----------+----------+------------+
    |  Clock |  Target  | Estimated| Uncertainty|
    +--------+----------+----------+------------+
    |ap_clk  | 10.00 ns | 8.635 ns |   1.25 ns  |
    +--------+----------+----------+------------+

+ Latency: 
    * Summary: 
    +---------+---------+-----------+-----------+---------+---------+---------+
    |  Latency (cycles) |   Latency (absolute)  |      Interval     | Pipeline|
    |   min   |   max   |    min    |    max    |   min   |   max   |   Type  |
    +---------+---------+-----------+-----------+---------+---------+---------+
    |  2589781|  2591525| 25.898 ms | 25.915 ms |  2589781|  2591525|   none  |
    +---------+---------+-----------+-----------+---------+---------+---------+

    + Detail: 
        * Instance: 
        +--------------------------------+---------------------+---------+---------+-----------+-----------+------+------+---------+
        |                                |                     |  Latency (cycles) |   Latency (absolute)  |   Interval  | Pipeline|
        |            Instance            |        Module       |   min   |   max   |    min    |    max    |  min |  max |   Type  |
        +--------------------------------+---------------------+---------+---------+-----------+-----------+------+------+---------+
        |grp_sin_or_cos_double_s_fu_181  |sin_or_cos_double_s  |       22|       25|  0.220 us |  0.250 us |    22|    25|   none  |
        |grp_sin_or_cos_double_s_fu_200  |sin_or_cos_double_s  |       22|       25|  0.220 us |  0.250 us |    22|    25|   none  |
        |grp_bit_reverse_fu_219          |bit_reverse          |     2049|     3073| 20.490 us | 30.730 us |  2049|  3073|   none  |
        +--------------------------------+---------------------+---------+---------+-----------+-----------+------+------+---------+

        * Loop: 
        +-------------------+---------+---------+-----------------+-----------+-----------+------+----------+
        |                   |  Latency (cycles) |    Iteration    |  Initiation Interval  | Trip |          |
        |     Loop Name     |   min   |   max   |     Latency     |  achieved |   target  | Count| Pipelined|
        +-------------------+---------+---------+-----------------+-----------+-----------+------+----------+
        |- stage_loop       |  2587730|  2588450| 258773 ~ 258845 |          -|          -|    10|    no    |
        | + butterfly_loop  |   258744|   258816|  10781 ~ 10784  |          -|          -|    24|    no    |
        |  ++ dft_loop      |    10752|    10752|               21|         21|          1|   512|    yes   |
        +-------------------+---------+---------+-----------------+-----------+-----------+------+----------+



================================================================
== Utilization Estimates
================================================================
* Summary: 
+-----------------+---------+-------+--------+--------+-----+
|       Name      | BRAM_18K| DSP48E|   FF   |   LUT  | URAM|
+-----------------+---------+-------+--------+--------+-----+
|DSP              |        -|      -|       -|       -|    -|
|Expression       |        -|      -|       0|     175|    -|
|FIFO             |        -|      -|       -|       -|    -|
|Instance         |       16|    204|    8033|   16786|    -|
|Memory           |        -|      -|       -|       -|    -|
|Multiplexer      |        -|      -|       -|     618|    -|
|Register         |        -|      -|    1083|       -|    -|
+-----------------+---------+-------+--------+--------+-----+
|Total            |       16|    204|    9116|   17579|    0|
+-----------------+---------+-------+--------+--------+-----+
|Available        |      288|   1248|  234240|  117120|   64|
+-----------------+---------+-------+--------+--------+-----+
|Utilization (%)  |        5|     16|       3|      15|    0|
+-----------------+---------+-------+--------+--------+-----+

+ Detail: 
    * Instance: 
    +--------------------------------+----------------------+---------+-------+------+------+-----+
    |            Instance            |        Module        | BRAM_18K| DSP48E|  FF  |  LUT | URAM|
    +--------------------------------+----------------------+---------+-------+------+------+-----+
    |grp_bit_reverse_fu_219          |bit_reverse           |        0|      0|    47|   122|    0|
    |fft_ddiv_64ns_64nmb6_U33        |fft_ddiv_64ns_64nmb6  |        0|      0|  2248|  3242|    0|
    |fft_faddfsub_32nsibs_U24        |fft_faddfsub_32nsibs  |        0|      2|   227|   214|    0|
    |fft_faddfsub_32nsibs_U25        |fft_faddfsub_32nsibs  |        0|      2|   227|   214|    0|
    |fft_fmul_32ns_32njbC_U26        |fft_fmul_32ns_32njbC  |        0|      3|   128|   138|    0|
    |fft_fmul_32ns_32njbC_U27        |fft_fmul_32ns_32njbC  |        0|      3|   128|   138|    0|
    |fft_fmul_32ns_32njbC_U28        |fft_fmul_32ns_32njbC  |        0|      3|   128|   138|    0|
    |fft_fmul_32ns_32njbC_U29        |fft_fmul_32ns_32njbC  |        0|      3|   128|   138|    0|
    |fft_fpext_32ns_64lbW_U32        |fft_fpext_32ns_64lbW  |        0|      0|   100|   139|    0|
    |fft_fptrunc_64ns_kbM_U30        |fft_fptrunc_64ns_kbM  |        0|      0|   128|    97|    0|
    |fft_fptrunc_64ns_kbM_U31        |fft_fptrunc_64ns_kbM  |        0|      0|   128|    97|    0|
    |fft_sitodp_32ns_6ncg_U34        |fft_sitodp_32ns_6ncg  |        0|      0|   260|   415|    0|
    |grp_sin_or_cos_double_s_fu_181  |sin_or_cos_double_s   |        8|     94|  2078|  5847|    0|
    |grp_sin_or_cos_double_s_fu_200  |sin_or_cos_double_s   |        8|     94|  2078|  5847|    0|
    +--------------------------------+----------------------+---------+-------+------+------+-----+
    |Total                           |                      |       16|    204|  8033| 16786|    0|
    +--------------------------------+----------------------+---------+-------+------+------+-----+

    * DSP48E: 
    N/A

    * Memory: 
    N/A

    * FIFO: 
    N/A

    * Expression: 
    +----------------------------------+----------+-------+---+----+------------+------------+
    |           Variable Name          | Operation| DSP48E| FF| LUT| Bitwidth P0| Bitwidth P1|
    +----------------------------------+----------+-------+---+----+------------+------------+
    |i_3_fu_388_p2                     |     +    |      0|  0|  39|          32|          32|
    |i_lower_fu_371_p2                 |     +    |      0|  0|  39|          32|          32|
    |j_fu_339_p2                       |     +    |      0|  0|  17|          10|           1|
    |stage_fu_345_p2                   |     +    |      0|  0|  12|           4|           1|
    |icmp_ln50_fu_300_p2               |   icmp   |      0|  0|   9|           4|           4|
    |icmp_ln57_fu_334_p2               |   icmp   |      0|  0|  13|          10|          10|
    |icmp_ln63_fu_365_p2               |   icmp   |      0|  0|  20|          22|           1|
    |ap_block_state33_on_subcall_done  |    or    |      0|  0|   2|           1|           1|
    |DFTpts_fu_310_p2                  |    shl   |      0|  0|  24|           1|          11|
    +----------------------------------+----------+-------+---+----+------------+------------+
    |Total                             |          |      0|  0| 175|         116|          93|
    +----------------------------------+----------+-------+---+----+------------+------------+

    * Multiplexer: 
    +-------------------+-----+-----------+-----+-----------+
    |        Name       | LUT | Input Size| Bits| Total Bits|
    +-------------------+-----+-----------+-----+-----------+
    |X_I_address0       |   27|          5|   10|         50|
    |X_I_address1       |   15|          3|   10|         30|
    |X_I_ce0            |   15|          3|    1|          3|
    |X_I_d0             |   21|          4|   32|        128|
    |X_I_we0            |   15|          3|    1|          3|
    |X_R_address0       |   27|          5|   10|         50|
    |X_R_address1       |   15|          3|   10|         30|
    |X_R_ce0            |   15|          3|    1|          3|
    |X_R_d0             |   21|          4|   32|        128|
    |X_R_we0            |   15|          3|    1|          3|
    |a_0_reg_160        |    9|          2|   32|         64|
    |ap_NS_fsm          |  249|         58|    1|         58|
    |grp_fu_227_opcode  |   15|          3|    2|          6|
    |grp_fu_227_p0      |   27|          5|   32|        160|
    |grp_fu_227_p1      |   21|          4|   32|        128|
    |grp_fu_232_opcode  |   15|          3|    2|          6|
    |grp_fu_232_p0      |   21|          4|   32|        128|
    |grp_fu_232_p1      |   15|          3|   32|         96|
    |grp_fu_252_p0      |   15|          3|   64|        192|
    |i_0_reg_172        |    9|          2|   32|         64|
    |i_reg_148          |    9|          2|   10|         20|
    |reg_272            |    9|          2|   32|         64|
    |reg_280            |    9|          2|   32|         64|
    |stage_0_reg_136    |    9|          2|    4|          8|
    +-------------------+-----+-----------+-----+-----------+
    |Total              |  618|        131|  447|       1486|
    +-------------------+-----+-----------+-----+-----------+

    * Register: 
    +---------------------------------------------+----+----+-----+-----------+
    |                     Name                    | FF | LUT| Bits| Const Bits|
    +---------------------------------------------+----+----+-----+-----------+
    |X_I_addr_1_reg_498                           |  10|   0|   10|          0|
    |X_I_addr_reg_487                             |  10|   0|   10|          0|
    |X_I_load_1_reg_514                           |  32|   0|   32|          0|
    |X_R_addr_1_reg_492                           |  10|   0|   10|          0|
    |X_R_addr_reg_482                             |  10|   0|   10|          0|
    |X_R_load_1_reg_509                           |  32|   0|   32|          0|
    |a_0_reg_160                                  |  32|   0|   32|          0|
    |a_reg_457                                    |  32|   0|   32|          0|
    |ap_CS_fsm                                    |  57|   0|   57|          0|
    |c_reg_467                                    |  32|   0|   32|          0|
    |e_reg_423                                    |  32|   0|   32|          0|
    |grp_bit_reverse_fu_219_ap_start_reg          |   1|   0|    1|          0|
    |grp_sin_or_cos_double_s_fu_181_ap_start_reg  |   1|   0|    1|          0|
    |grp_sin_or_cos_double_s_fu_200_ap_start_reg  |   1|   0|    1|          0|
    |i_0_reg_172                                  |  32|   0|   32|          0|
    |i_3_reg_504                                  |  32|   0|   32|          0|
    |i_reg_148                                    |  10|   0|   10|          0|
    |j_reg_431                                    |  10|   0|   10|          0|
    |numBF_reg_418                                |  10|   0|   32|         22|
    |reg_272                                      |  32|   0|   32|          0|
    |reg_280                                      |  32|   0|   32|          0|
    |reg_288                                      |  32|   0|   32|          0|
    |reg_294                                      |  32|   0|   32|          0|
    |s_reg_473                                    |  32|   0|   32|          0|
    |stage_0_reg_136                              |   4|   0|    4|          0|
    |tmp_1_reg_539                                |  32|   0|   32|          0|
    |tmp_2_reg_413                                |  64|   0|   64|          0|
    |tmp_6_reg_544                                |  32|   0|   32|          0|
    |tmp_7_reg_519                                |  32|   0|   32|          0|
    |tmp_8_reg_524                                |  32|   0|   32|          0|
    |tmp_9_reg_529                                |  32|   0|   32|          0|
    |tmp_i_i9_reg_452                             |  64|   0|   64|          0|
    |tmp_i_i_reg_447                              |  64|   0|   64|          0|
    |tmp_reg_408                                  |  64|   0|   64|          0|
    |tmp_s_reg_534                                |  32|   0|   32|          0|
    |trunc_ln_reg_402                             |  10|   0|   10|          0|
    |x_assign_reg_441                             |  64|   0|   64|          0|
    |zext_ln51_reg_396                            |  11|   0|   32|         21|
    +---------------------------------------------+----+----+-----+-----------+
    |Total                                        |1083|   0| 1126|         43|
    +---------------------------------------------+----+----+-----+-----------+



================================================================
== Interface
================================================================
* Summary: 
+--------------+-----+-----+------------+--------------+--------------+
|   RTL Ports  | Dir | Bits|  Protocol  | Source Object|    C Type    |
+--------------+-----+-----+------------+--------------+--------------+
|ap_clk        |  in |    1| ap_ctrl_hs |      fft     | return value |
|ap_rst        |  in |    1| ap_ctrl_hs |      fft     | return value |
|ap_start      |  in |    1| ap_ctrl_hs |      fft     | return value |
|ap_done       | out |    1| ap_ctrl_hs |      fft     | return value |
|ap_idle       | out |    1| ap_ctrl_hs |      fft     | return value |
|ap_ready      | out |    1| ap_ctrl_hs |      fft     | return value |
|X_R_address0  | out |   10|  ap_memory |      X_R     |     array    |
|X_R_ce0       | out |    1|  ap_memory |      X_R     |     array    |
|X_R_we0       | out |    1|  ap_memory |      X_R     |     array    |
|X_R_d0        | out |   32|  ap_memory |      X_R     |     array    |
|X_R_q0        |  in |   32|  ap_memory |      X_R     |     array    |
|X_R_address1  | out |   10|  ap_memory |      X_R     |     array    |
|X_R_ce1       | out |    1|  ap_memory |      X_R     |     array    |
|X_R_q1        |  in |   32|  ap_memory |      X_R     |     array    |
|X_I_address0  | out |   10|  ap_memory |      X_I     |     array    |
|X_I_ce0       | out |    1|  ap_memory |      X_I     |     array    |
|X_I_we0       | out |    1|  ap_memory |      X_I     |     array    |
|X_I_d0        | out |   32|  ap_memory |      X_I     |     array    |
|X_I_q0        |  in |   32|  ap_memory |      X_I     |     array    |
|X_I_address1  | out |   10|  ap_memory |      X_I     |     array    |
|X_I_ce1       | out |    1|  ap_memory |      X_I     |     array    |
|X_I_q1        |  in |   32|  ap_memory |      X_I     |     array    |
+--------------+-----+-----+------------+--------------+--------------+

