INFO-FLOW: Workspace C:/COMP4601/ch5-files/fft_sw.proj/pipeline_reverse_bits opened at Thu Jul 13 05:21:22 +1000 2023
Execute     config_clock -quiet -name default -period 10 -default=false 
INFO: [SYN 201-201] Setting up clock 'default' with a period of 10ns.
Execute     open_platform DefaultPlatform 
Execute     import_lib C:/Xilinx/Vivado/2020.1/common/technology/xilinx/zynquplus/zynquplus 
Execute       source C:/Xilinx/Vivado/2020.1/common/technology/xilinx/common/xilinx.lib 
Execute         source C:/Xilinx/Vivado/2020.1/common/technology/xilinx/interface/xilinx_interface.lib 
Execute           source C:/Xilinx/Vivado/2020.1/common/technology/xilinx/interface/plb46.lib 
Execute           source C:/Xilinx/Vivado/2020.1/common/technology/xilinx/interface/fsl.lib 
Execute           source C:/Xilinx/Vivado/2020.1/common/technology/xilinx/interface/axi4.lib 
Execute           source C:/Xilinx/Vivado/2020.1/common/technology/xilinx/interface/maxi.lib 
Execute           source C:/Xilinx/Vivado/2020.1/common/technology/xilinx/interface/saxilite.lib 
Execute         source C:/Xilinx/Vivado/2020.1/common/technology/xilinx/common/dsp48.lib 
Execute         source C:/Xilinx/Vivado/2020.1/common/technology/xilinx/ip/dds_compiler.lib 
Execute         source C:/Xilinx/Vivado/2020.1/common/technology/xilinx/ip/xfft.lib 
Execute         source C:/Xilinx/Vivado/2020.1/common/technology/xilinx/ip/xfir.lib 
Execute       source C:/Xilinx/Vivado/2020.1/common/technology/xilinx/common/xilinx.hlp 
Execute         source C:/Xilinx/Vivado/2020.1/common/technology/xilinx/common/target_info.tcl 
Execute         source C:/Xilinx/Vivado/2020.1/common/technology/xilinx/interface/xilinx_interface.hlp 
Execute           source C:/Xilinx/Vivado/2020.1/common/technology/xilinx/interface/maxi.hlp 
Execute           source C:/Xilinx/Vivado/2020.1/common/technology/xilinx/interface/saxilite.hlp 
Execute         source C:/Xilinx/Vivado/2020.1/common/technology/xilinx/common/dsp48.hlp 
Execute       source C:/Xilinx/Vivado/2020.1/common/technology/xilinx/zynquplus/dsp48e2.hlp 
Execute       source C:/Xilinx/Vivado/2020.1/common/technology/xilinx/common/xilinx.hlp 
Execute         source C:/Xilinx/Vivado/2020.1/common/technology/xilinx/common/target_info.tcl 
Execute         source C:/Xilinx/Vivado/2020.1/common/technology/xilinx/interface/xilinx_interface.hlp 
Execute           source C:/Xilinx/Vivado/2020.1/common/technology/xilinx/interface/maxi.hlp 
Execute           source C:/Xilinx/Vivado/2020.1/common/technology/xilinx/interface/saxilite.hlp 
Execute         source C:/Xilinx/Vivado/2020.1/common/technology/xilinx/common/dsp48.hlp 
Execute     source C:/Xilinx/Vivado/2020.1/common/technology/xilinx/zynquplus/zynquplus.gen 
Execute       source C:/Xilinx/Vivado/2020.1/common/technology/xilinx/common/xilinx.gen 
Execute         source C:/Xilinx/Vivado/2020.1/common/technology/xilinx/interface/plb46.gen 
Execute         source C:/Xilinx/Vivado/2020.1/common/technology/xilinx/interface/fsl.gen 
Execute         source C:/Xilinx/Vivado/2020.1/common/technology/xilinx/interface/axi4.gen 
Execute         source C:/Xilinx/Vivado/2020.1/common/technology/xilinx/interface/nativeAXI4.gen 
Execute           source C:/Xilinx/Vivado/2020.1/common/technology/xilinx/interface/saxilite.gen 
Execute           source C:/Xilinx/Vivado/2020.1/common/technology/xilinx/interface/maxi.gen 
Execute         source C:/Xilinx/Vivado/2020.1/common/technology/xilinx/scripts/xilinxcoregen.gen 
Execute         source C:/Xilinx/Vivado/2020.1/common/technology/xilinx/interface/XilEDKCoreGen.gen 
Execute         source C:/Xilinx/Vivado/2020.1/common/technology/xilinx/ip/dds_compiler.gen 
Execute         source C:/Xilinx/Vivado/2020.1/common/technology/xilinx/ip/util.gen 
Execute         source C:/Xilinx/Vivado/2020.1/common/technology/xilinx/ip/xfft.gen 
Execute         source C:/Xilinx/Vivado/2020.1/common/technology/xilinx/ip/xfir.gen 
Execute         source C:/Xilinx/Vivado/2020.1/common/technology/xilinx/common/dsp48.gen 
Command       ap_source done; 0.162 sec.
Command     ap_source done; 0.163 sec.
Execute     open_platform DefaultPlatform 
Execute     import_lib C:/Xilinx/Vivado/2020.1/common/technology/xilinx/zynquplus/zynquplus_fpv7 
Execute       source C:/Xilinx/Vivado/2020.1/common/technology/xilinx/common/xilinx_fp.lib 
Execute       source C:/Xilinx/Vivado/2020.1/common/technology/xilinx/common/xilinx_fp.hlp 
Execute         source C:/Xilinx/Vivado/2020.1/common/technology/xilinx/common/xilinx.hlp 
Execute           source C:/Xilinx/Vivado/2020.1/common/technology/xilinx/common/target_info.tcl 
Execute           source C:/Xilinx/Vivado/2020.1/common/technology/xilinx/interface/xilinx_interface.hlp 
Execute             source C:/Xilinx/Vivado/2020.1/common/technology/xilinx/interface/maxi.hlp 
Execute             source C:/Xilinx/Vivado/2020.1/common/technology/xilinx/interface/saxilite.hlp 
Execute           source C:/Xilinx/Vivado/2020.1/common/technology/xilinx/common/dsp48.hlp 
Execute     source C:/Xilinx/Vivado/2020.1/common/technology/xilinx/zynquplus/zynquplus_fpv7.gen 
Execute       source C:/Xilinx/Vivado/2020.1/common/technology/xilinx/common/xilinx_fp.gen 
Execute     set_part xqzu5ev-ffrb900-1-i 
Execute       ap_part_info -name xqzu5ev-ffrb900-1-i -data single -quiet 
Command       ap_part_info done; 0.739 sec.
Execute       ap_part_info -name xqzu5ev-ffrb900-1-i -data info 
Execute       add_library xilinx/zynquplus/zynquplus:xqzu5ev:-ffrb900:-1-i 
Execute         get_default_platform 
Execute         ap_part_info -data single -name xqzu5ev-ffrb900-1-i 
Execute         ap_part_info -name xqzu5ev-ffrb900-1-i -data resources 
Execute         ap_part_info -name xqzu5ev-ffrb900-1-i -data info 
Execute         ap_part_info -name xqzu5ev-ffrb900-1-i -data info 
Execute         config_chip_info -quiet -resource {SLICE 14640} {LUT 117120} {FF 234240} {DSP48E 1248} {BRAM 288} {URAM 64} 
Execute         ap_part_info -name xqzu5ev-ffrb900-1-i -data info 
Execute         config_chip_info -quiet -speed slow 
Execute       add_library xilinx/zynquplus/zynquplus_fpv7 
Execute         get_default_platform 
INFO: [HLS 200-10] Setting target device to 'xqzu5ev-ffrb900-1-i'
Execute       ap_part_info -name xqzu5ev-ffrb900-1-i -data info 
Execute       get_default_platform 
Command     set_part done; 0.973 sec.
Execute     ap_part_info -data single -name xqzu5ev-ffrb900-1-i 
Execute     ap_part_info -name xqzu5ev-ffrb900-1-i -data resources 
Execute     ap_part_info -name xqzu5ev-ffrb900-1-i -data info 
Execute     ap_part_info -name xqzu5ev-ffrb900-1-i -data info 
Execute     config_chip_info -quiet -resource {SLICE 14640} {LUT 117120} {FF 234240} {DSP48E 1248} {BRAM 288} {URAM 64} 
Execute     ap_part_info -name xqzu5ev-ffrb900-1-i -data info 
Execute     config_chip_info -quiet -speed slow 
Command   open_solution done; 1.278 sec.
Execute   set_part xqzu5ev-ffrb900-1-i 
Execute     ap_part_info -name xqzu5ev-ffrb900-1-i -data single -quiet 
Execute     ap_part_info -name xqzu5ev-ffrb900-1-i -data info 
Execute     add_library xilinx/zynquplus/zynquplus:xqzu5ev:-ffrb900:-1-i 
Execute       get_default_platform 
Execute       ap_part_info -data single -name xqzu5ev-ffrb900-1-i 
Execute       ap_part_info -name xqzu5ev-ffrb900-1-i -data resources 
Execute       ap_part_info -name xqzu5ev-ffrb900-1-i -data info 
Execute       ap_part_info -name xqzu5ev-ffrb900-1-i -data info 
Execute       config_chip_info -quiet -resource {SLICE 14640} {LUT 117120} {FF 234240} {DSP48E 1248} {BRAM 288} {URAM 64} 
Execute       ap_part_info -name xqzu5ev-ffrb900-1-i -data info 
Execute       config_chip_info -quiet -speed slow 
Execute     add_library xilinx/zynquplus/zynquplus_fpv7 
Execute       get_default_platform 
Execute     ap_part_info -name xqzu5ev-ffrb900-1-i -data info 
Execute     get_default_platform 
Command   set_part done; 0.142 sec.
Execute   create_clock -period 10 -name default 
Execute   source ./fft_sw.proj/pipeline_reverse_bits/directives.tcl 
Execute     set_directive_loop_tripcount -min 512 -max 512 -avg 512 fft/dft_loop 
INFO-FLOW: Setting directive 'LOOP_TRIPCOUNT' tripcount=positionBooleanCmd min=512 max=512 avg=512 
Execute     set_directive_loop_tripcount -min 24 -max 24 -avg 24 fft/butterfly_loop 
INFO-FLOW: Setting directive 'LOOP_TRIPCOUNT' tripcount=positionBooleanCmd min=512 max=512 avg=512 
INFO-FLOW: Setting directive 'LOOP_TRIPCOUNT' tripcount=positionBooleanCmd min=24 max=24 avg=24 
Execute     set_directive_pipeline reverse_bits 
INFO-FLOW: Setting directive 'LOOP_TRIPCOUNT' tripcount=positionBooleanCmd min=512 max=512 avg=512 
INFO-FLOW: Setting directive 'LOOP_TRIPCOUNT' tripcount=positionBooleanCmd min=24 max=24 avg=24 
INFO-FLOW: Setting directive 'PIPELINE' 
Execute   csynth_design 
Execute     get_config_compile -dump_cfg 
Execute     get_config_compile -effort 
Execute     get_config_compile -enable_clang39 
Execute     get_config_compile -g 
Execute     get_config_compile -ng 
Execute     get_config_compile -opt_fp 
Execute     get_config_compile -skip_cdt 
Execute     get_config_compile -skip_syncheck 
Execute     get_config_compile -skip_transform 
Execute     get_config_compile -keep_printf 
Execute     elaborate -effort=medium -skip_syncheck=0 -keep_printf=0 -skip_cdt=0 -skip_transform=0 -ng=0 -g=0 -opt_fp=0 -from_csynth_design=1 
Execute       get_config_schedule -relax_ii_for_timing 
INFO: [SCHED 204-61] Option 'relax_ii_for_timing' is enabled, will increase II to preserve clock frequency constraints.
Execute       get_config_schedule -suppress_dependence_error_break 
INFO: [HLS 200-10] Analyzing design file 'fft_sw.cpp' ... 
INFO-FLOW: Compiling one TU...
Execute       is_m_axi_addr64 
INFO-FLOW: Handling fft_sw.cpp as C++
Execute       ap_part_info -name xqzu5ev-ffrb900-1-i -data info 
Execute       is_encrypted fft_sw.cpp 
Execute       ap_part_info -name xqzu5ev-ffrb900-1-i -data info 
INFO-FLOW: Running: GCC PP
INFO-FLOW: Source preprocessing
Execute       clang  -fno-limit-debug-info -gcc-toolchain "C:/Xilinx/Vivado/2020.1/msys" -hls  -fno-exceptions  -D__llvm__  -E "fft_sw.cpp"     -fno-math-errno -c -emit-llvm -O0  -mllvm -disable-llvm-optzns -fno-threadsafe-statics  -fno-use-cxa-atexit  -fno-threadsafe-statics -fno-use-cxa-atexit -D__CLANG_3_1__ -D__cdecl= -DAESL_SYN -D__SYNTHESIS__ -D__HLS_SYN__ -I "C:/Xilinx/Vivado/2020.1/common/technology/autopilot" -I "C:/Xilinx/Vivado/2020.1/common/technology/autopilot/ap_sysc" -include etc/autopilot_ssdm_op.h -D__DSP48E2__  -o "C:/COMP4601/ch5-files/fft_sw.proj/pipeline_reverse_bits/.autopilot/db/fft_sw.pp.0.cpp" 
INFO-FLOW: exec C:/Xilinx/Vivado/2020.1/win64/tools/clang/bin/clang -fno-limit-debug-info -gcc-toolchain C:/Xilinx/Vivado/2020.1/msys -hls -fno-exceptions -D__llvm__ -E fft_sw.cpp -fno-math-errno -c -emit-llvm -O0 -mllvm -disable-llvm-optzns -fno-threadsafe-statics -fno-use-cxa-atexit -fno-threadsafe-statics -fno-use-cxa-atexit -D__CLANG_3_1__ -D__cdecl= -DAESL_SYN -D__SYNTHESIS__ -D__HLS_SYN__ -I C:/Xilinx/Vivado/2020.1/common/technology/autopilot -I C:/Xilinx/Vivado/2020.1/common/technology/autopilot/ap_sysc -include etc/autopilot_ssdm_op.h -D__DSP48E2__ -o C:/COMP4601/ch5-files/fft_sw.proj/pipeline_reverse_bits/.autopilot/db/fft_sw.pp.0.cpp
Command       clang done; 1.33 sec.
Execute       tidy_31 xilinx-xfmat-array-geometry C:/COMP4601/ch5-files/fft_sw.proj/pipeline_reverse_bits/.autopilot/db/fft_sw.pp.0.cpp std=gnu++98 
INFO-FLOW: exec C:/Xilinx/Vivado/2020.1/win64/tools/clang-3.9-csynth/bin/tidy-3.1 -header-filter=.* -checks=-*,xilinx-xfmat-array-geometry -quiet -fix C:/COMP4601/ch5-files/fft_sw.proj/pipeline_reverse_bits/.autopilot/db/fft_sw.pp.0.cpp -- -std=gnu++98 -fhls -ferror-limit=0
Command       tidy_31 done; 0.152 sec.
INFO-FLOW: Syntax Checking before pre-processing...
Execute       clang -syntaxcheck -src C:/COMP4601/ch5-files/fft_sw.proj/pipeline_reverse_bits/.autopilot/db/fft_sw.pp.0.cpp  -fno-limit-debug-info -gcc-toolchain "C:/Xilinx/Vivado/2020.1/msys" -hls    -fno-math-errno -c -emit-llvm -O0  -mllvm -disable-llvm-optzns -fno-threadsafe-statics  -fno-use-cxa-atexit  -fno-threadsafe-statics -fno-use-cxa-atexit -D__CLANG_3_1__ -D__cdecl= -DAESL_SYN -D__SYNTHESIS__ -D__HLS_SYN__ -I "C:/Xilinx/Vivado/2020.1/common/technology/autopilot" -I "C:/Xilinx/Vivado/2020.1/common/technology/autopilot/ap_sysc" -include etc/autopilot_ssdm_op.h -D__DSP48E2__  "C:/COMP4601/ch5-files/fft_sw.proj/pipeline_reverse_bits/.autopilot/db/fft_sw.pp.0.cpp"  -o "C:/COMP4601/ch5-files/fft_sw.proj/pipeline_reverse_bits/.autopilot/db/useless.bc"  
INFO-FLOW: exec C:/Xilinx/Vivado/2020.1/win64/tools/clang/bin/clang -fno-limit-debug-info -gcc-toolchain C:/Xilinx/Vivado/2020.1/msys -hls -fno-math-errno -c -emit-llvm -O0 -mllvm -disable-llvm-optzns -fno-threadsafe-statics -fno-use-cxa-atexit -fno-threadsafe-statics -fno-use-cxa-atexit -D__CLANG_3_1__ -D__cdecl= -DAESL_SYN -D__SYNTHESIS__ -D__HLS_SYN__ -I C:/Xilinx/Vivado/2020.1/common/technology/autopilot -I C:/Xilinx/Vivado/2020.1/common/technology/autopilot/ap_sysc -include etc/autopilot_ssdm_op.h -D__DSP48E2__ C:/COMP4601/ch5-files/fft_sw.proj/pipeline_reverse_bits/.autopilot/db/fft_sw.pp.0.cpp -o C:/COMP4601/ch5-files/fft_sw.proj/pipeline_reverse_bits/.autopilot/db/useless.bc
Command       clang done; 1.076 sec.
INFO-FLOW: Done: GCC PP time: 2.6 seconds per iteration
INFO-FLOW: Setting directive 'LOOP_TRIPCOUNT' tripcount=positionBooleanCmd min=512 max=512 avg=512 
INFO-FLOW: Setting directive 'LOOP_TRIPCOUNT' tripcount=positionBooleanCmd min=24 max=24 avg=24 
INFO-FLOW: Setting directive 'PIPELINE' 
Execute       source C:/Xilinx/Vivado/2020.1/tps/tcl/tcllib1.11.1/yaml/huddle.tcl 
Execute       source C:/Xilinx/Vivado/2020.1/tps/tcl/tcllib1.11.1/yaml/json2huddle.tcl 
Execute         source C:/Xilinx/Vivado/2020.1/tps/tcl/tcllib1.11.1/try/try.tcl 
INFO-FLOW: Setting directive 'LOOP_TRIPCOUNT' tripcount=positionBooleanCmd min=512 max=512 avg=512 
INFO-FLOW: Setting directive 'LOOP_TRIPCOUNT' tripcount=positionBooleanCmd min=24 max=24 avg=24 
INFO-FLOW: Setting directive 'PIPELINE' 
Execute       list_core -type functional_unit 
Execute       tidy_31 xilinx-systemc-detector C:/COMP4601/ch5-files/fft_sw.proj/pipeline_reverse_bits/.autopilot/db/fft_sw.pp.0.cpp std=gnu++98 -directive=C:/COMP4601/ch5-files/fft_sw.proj/pipeline_reverse_bits/.autopilot/db/.systemc_flag 
INFO-FLOW: exec C:/Xilinx/Vivado/2020.1/win64/tools/clang-3.9-csynth/bin/tidy-3.1 -header-filter=.* -checks=-*,xilinx-systemc-detector -import-directive=C:/COMP4601/ch5-files/fft_sw.proj/pipeline_reverse_bits/.autopilot/db/.systemc_flag -quiet -fix-errors C:/COMP4601/ch5-files/fft_sw.proj/pipeline_reverse_bits/.autopilot/db/fft_sw.pp.0.cpp -- -std=gnu++98 -fhls -ferror-limit=0
INFO-FLOW: Running: tidy-3.1 CDT preprocess
Execute       tidy_31 xilinx-directive2pragma C:/COMP4601/ch5-files/fft_sw.proj/pipeline_reverse_bits/.autopilot/db/fft_sw.pp.0.cpp std=gnu++98 -directive=C:/COMP4601/ch5-files/fft_sw.proj/pipeline_reverse_bits/.autopilot/db/all.directive.json 
INFO-FLOW: exec C:/Xilinx/Vivado/2020.1/win64/tools/clang-3.9-csynth/bin/tidy-3.1 -header-filter=.* -checks=-*,xilinx-directive2pragma -import-directive=C:/COMP4601/ch5-files/fft_sw.proj/pipeline_reverse_bits/.autopilot/db/all.directive.json -quiet -fix-errors C:/COMP4601/ch5-files/fft_sw.proj/pipeline_reverse_bits/.autopilot/db/fft_sw.pp.0.cpp -- -std=gnu++98 -fhls -ferror-limit=0
Execute       get_config_dataflow -strict_mode 
Execute       ap_eval exec -ignorestderr C:/Xilinx/Vivado/2020.1/win64/tools/clang-3.9-csynth/bin/xilinx-dataflow-lawyer -export-fixes=C:/COMP4601/ch5-files/fft_sw.proj/pipeline_reverse_bits/.autopilot/db/xilinx-dataflow-lawyer.fft_sw.pp.0.cpp.diag.yml C:/COMP4601/ch5-files/fft_sw.proj/pipeline_reverse_bits/.autopilot/db/fft_sw.pp.0.cpp -- -std=gnu++98 -fhls -ferror-limit=0 -fstrict-dataflow > C:/COMP4601/ch5-files/fft_sw.proj/pipeline_reverse_bits/.autopilot/db/xilinx-dataflow-lawyer.fft_sw.pp.0.cpp.out.log 2> C:/COMP4601/ch5-files/fft_sw.proj/pipeline_reverse_bits/.autopilot/db/xilinx-dataflow-lawyer.fft_sw.pp.0.cpp.err.log 
Execute       tidy_31 -errorcheck xilinx-constantarray-param,xilinx-resource-pragma-transformer,xilinx-xfmat-array-geometry C:/COMP4601/ch5-files/fft_sw.proj/pipeline_reverse_bits/.autopilot/db/fft_sw.pp.0.cpp std=gnu++98 
Execute         ap_eval exec -ignorestderr C:/Xilinx/Vivado/2020.1/win64/tools/clang-3.9-csynth/bin/tidy-3.1 -export-fixes=C:/COMP4601/ch5-files/fft_sw.proj/pipeline_reverse_bits/.autopilot/db/tidy-3.1.fft_sw.pp.0.cpp.diag.yml -header-filter=.* -checks=-*,xilinx-constantarray-param,xilinx-resource-pragma-transformer,xilinx-xfmat-array-geometry -quiet -fix-errors C:/COMP4601/ch5-files/fft_sw.proj/pipeline_reverse_bits/.autopilot/db/fft_sw.pp.0.cpp -- -std=gnu++98 -fhls -ferror-limit=0 > C:/COMP4601/ch5-files/fft_sw.proj/pipeline_reverse_bits/.autopilot/db/tidy-3.1.fft_sw.pp.0.cpp.out.log 2> C:/COMP4601/ch5-files/fft_sw.proj/pipeline_reverse_bits/.autopilot/db/tidy-3.1.fft_sw.pp.0.cpp.err.log 
Command         ap_eval done; 0.103 sec.
Execute         source C:/Xilinx/Vivado/2020.1/tps/tcl/tcllib1.11.1/yaml/yaml.tcl 
Execute           source C:/Xilinx/Vivado/2020.1/tps/tcl/tcllib1.11.1/cmdline/cmdline.tcl 
Execute         ap_eval exec -ignorestderr C:/Xilinx/Vivado/2020.1/win64/tools/clang-3.9-csynth/bin/xilinx-legacy-rewriter C:/COMP4601/ch5-files/fft_sw.proj/pipeline_reverse_bits/.autopilot/db/fft_sw.pp.0.cpp -- -std=gnu++98 -fhls -ferror-limit=0 > C:/COMP4601/ch5-files/fft_sw.proj/pipeline_reverse_bits/.autopilot/db/xilinx-legacy-rewriter.fft_sw.pp.0.cpp.out.log 2> C:/COMP4601/ch5-files/fft_sw.proj/pipeline_reverse_bits/.autopilot/db/xilinx-legacy-rewriter.fft_sw.pp.0.cpp.err.log 
Command       tidy_31 done; 0.216 sec.
INFO-FLOW: Done: tidy-3.1 CDT preprocess time: 0.4 seconds per iteration
INFO-FLOW: Pragma Handling...
Execute       tidy_31 xilinx-ssdm-intrinsics-arguments C:/COMP4601/ch5-files/fft_sw.proj/pipeline_reverse_bits/.autopilot/db/fft_sw.pragma.1.cpp std=gnu++98 
INFO-FLOW: exec C:/Xilinx/Vivado/2020.1/win64/tools/clang-3.9-csynth/bin/tidy-3.1 -header-filter=.* -checks=-*,xilinx-ssdm-intrinsics-arguments -quiet -fix-errors C:/COMP4601/ch5-files/fft_sw.proj/pipeline_reverse_bits/.autopilot/db/fft_sw.pragma.1.cpp -- -std=gnu++98 -fhls -ferror-limit=0
Execute       ap_part_info -name xqzu5ev-ffrb900-1-i -data info 
INFO-FLOW: Processing labels
Execute       clang -src C:/COMP4601/ch5-files/fft_sw.proj/pipeline_reverse_bits/.autopilot/db/fft_sw.pragma.2.cpp  -fno-limit-debug-info -gcc-toolchain C:/Xilinx/Vivado/2020.1/msys -hls -hls-analyze-label -hls-analyze-pragma -fno-exceptions  -D__llvm__  -w  "C:/COMP4601/ch5-files/fft_sw.proj/pipeline_reverse_bits/.autopilot/db/fft_sw.pragma.2.cpp"    -fno-math-errno -c -emit-llvm -O0  -mllvm -disable-llvm-optzns -fno-threadsafe-statics  -fno-use-cxa-atexit -DAESL_SYN -D__SYNTHESIS__ -D__HLS_SYN__ -I "C:/Xilinx/Vivado/2020.1/common/technology/autopilot" -I "C:/Xilinx/Vivado/2020.1/common/technology/autopilot/ap_sysc" -include etc/autopilot_ssdm_op.h -D__DSP48E2__ -g -o "C:/COMP4601/ch5-files/fft_sw.proj/pipeline_reverse_bits/.autopilot/db/fft_sw.bc" 
INFO-FLOW: exec C:/Xilinx/Vivado/2020.1/win64/tools/clang/bin/clang -fno-limit-debug-info -gcc-toolchain C:/Xilinx/Vivado/2020.1/msys -hls -hls-analyze-label -hls-analyze-pragma -fno-exceptions -D__llvm__ -w C:/COMP4601/ch5-files/fft_sw.proj/pipeline_reverse_bits/.autopilot/db/fft_sw.pragma.2.cpp -fno-math-errno -c -emit-llvm -O0 -mllvm -disable-llvm-optzns -fno-threadsafe-statics -fno-use-cxa-atexit -DAESL_SYN -D__SYNTHESIS__ -D__HLS_SYN__ -I C:/Xilinx/Vivado/2020.1/common/technology/autopilot -I C:/Xilinx/Vivado/2020.1/common/technology/autopilot/ap_sysc -include etc/autopilot_ssdm_op.h -D__DSP48E2__ -g -o C:/COMP4601/ch5-files/fft_sw.proj/pipeline_reverse_bits/.autopilot/db/fft_sw.bc
Command       clang done; 1.035 sec.
INFO-FLOW: Linking Debug ...
Execute       llvm-ld C:/COMP4601/ch5-files/fft_sw.proj/pipeline_reverse_bits/.autopilot/db/fft_sw.g.bc -hls-opt -except-internalize fft -LC:/Xilinx/Vivado/2020.1/win64/lib -lhlsm -lhlsmc++ -o C:/COMP4601/ch5-files/fft_sw.proj/pipeline_reverse_bits/.autopilot/db/a.g 
Command       llvm-ld done; 2.963 sec.
INFO: [HLS 200-111] Finished Linking Time (s): cpu = 00:00:02 ; elapsed = 00:00:09 . Memory (MB): peak = 888.934 ; gain = 792.762
INFO: [HLS 200-111] Finished Checking Pragmas Time (s): cpu = 00:00:02 ; elapsed = 00:00:09 . Memory (MB): peak = 888.934 ; gain = 792.762
Execute       get_config_sdx -target 
Execute       opt_and_import_c a -opt_level=2 -skip_syncheck=0 -ng=0 -keep_printf=0 
Execute         cleanup_all_models 
INFO: [HLS 200-10] Starting code transformations ...
Execute         transform -promote-dbg-pointer C:/COMP4601/ch5-files/fft_sw.proj/pipeline_reverse_bits/.autopilot/db/a.pp.bc -o C:/COMP4601/ch5-files/fft_sw.proj/pipeline_reverse_bits/.autopilot/db/a.pp.0.bc -f 
Command         transform done; 0.486 sec.
Execute         llvm-ld C:/COMP4601/ch5-files/fft_sw.proj/pipeline_reverse_bits/.autopilot/db/a.pp.0.bc -disable-opt -LC:/Xilinx/Vivado/2020.1/win64/lib -lfloatconversion -o C:/COMP4601/ch5-files/fft_sw.proj/pipeline_reverse_bits/.autopilot/db/a.g.0 
Command         llvm-ld done; 1.583 sec.
INFO-FLOW: Running Standard Transforms...
Execute         transform -hls -share-std-xform -demangle-name -inline-byval-memcpy -always-inline -stream-depth-lower -promote-dbg-pointer -interface-preproc -mem2reg -scalarrepl -mem2reg -keep-read-access -instcombine -dce -promote-dbg-pointer -bitop-raise -loop-simplify -indvarspre -indvars -loop-simplify -xunroll -constprop -instcombine -simplifycfg -indvars -simplifycfg -dce -globaldce -basicaa -simplifycfg -mem2reg -globalopt -global-constprop -deadargelim -instcombine -simplifycfg -prune-eh -simplifycfg -scalarrepl -instcombine -reassociate -licm -simplifycfg -loop-simplify -indvars -instcombine -simplifycfg -mem2reg -loop-simplify -indvars -instcombine -gvn -gvn -instcombine -adce -break-crit-edges -simplifycfg -loop-delete -global-array-opt -dce -dse -adce -find-syn-modules -top fft -deadargelim -mem2reg -instcombine -dce -presyn-prepare -auto-rom-infer -interface-preproc -syn-check -check-rec-only -find-region -simplifycfg -func-extr -function-inline -globaldce -mem2reg -instcombine -dce -gvn -globaldce -adce -adse -constprop -instcombine -bit-constprop -instcombine -dce -simplifycfg -bitop-raise -simplifycfg -dce -loop-delete -reassociate -globalopt -global-privatize -mem2reg -dce -global-constprop -pointer-simplify -constprop -dce -func-inst -deadargelim -auto-shift-reg-idiom -promote-dbg-pointer -norm-name C:/COMP4601/ch5-files/fft_sw.proj/pipeline_reverse_bits/.autopilot/db/a.g.0.bc -o C:/COMP4601/ch5-files/fft_sw.proj/pipeline_reverse_bits/.autopilot/db/a.g.1.bc -f -phase std-opt 
Command         transform done; 1.181 sec.
INFO: [HLS 200-111] Finished Standard Transforms Time (s): cpu = 00:00:04 ; elapsed = 00:00:13 . Memory (MB): peak = 888.934 ; gain = 792.762
INFO: [HLS 200-10] Checking synthesizability ...
INFO-FLOW: Checking Synthesizability 1/2..
Execute         transform -hls -syn-check -check-rec-only -disaggr -scalarrepl -norm-name -dce -mem2reg -instcombine -function-uniquify -directive-preproc -mem2reg -dse -dce -auto-rom-infer -dce -pag -array-normalize -instcombine -dce -warn-fifo-pointer -array-seg-normalize -instcombine -dce -array-flatten -instcombine -dce -array-burst -dce -deadargelim -promote-global-argument -simplifycfg -mem2reg -globaldce -dce -deadargelim -dce -instcombine -function-inline -globaldce -dce -doublePtrSimplify -doublePtrElim -dce -doublePtrSimplify -promote-dbg-pointer -dce -scalarrepl -dse -adse -instcombine -ptrLegalization -simplifycfg -dce -instcombine -pointer-simplify -ptrArgReplace -dce -instcombine -resolve-double-ptr -disaggr -scalarrepl -norm-name -dce -mem2reg -instcombine -ptrLegalization -simplifycfg -deadargelim -instcombine -dce -inst-simplify -function-uniquify -directive-preproc -mem2reg -dse -dce -globaldce -check-dspbuiltin C:/COMP4601/ch5-files/fft_sw.proj/pipeline_reverse_bits/.autopilot/db/a.g.1.bc -o C:/COMP4601/ch5-files/fft_sw.proj/pipeline_reverse_bits/.autopilot/db/a.g.2.prechk.bc -f 
INFO: [XFORM 203-602] Inlining function 'fp_struct<double>::expv' into 'range_redux_payne_hanek_hotbm<61, double, 63, 63>' (r:/builds/2020.1/continuous/2020_05_27_2902540/src/products/hls/hls_lib/hlsmath/include/FloatingPoint/hls_range_redux.h:470) automatically.
INFO: [XFORM 203-602] Inlining function 'table_lookup_4oPi_hotbm<52, 61>' into 'range_redux_payne_hanek_hotbm<61, double, 63, 63>' (r:/builds/2020.1/continuous/2020_05_27_2902540/src/products/hls/hls_lib/hlsmath/include/FloatingPoint/hls_range_redux.h:496) automatically.
INFO: [XFORM 203-602] Inlining function 'clz<61, 124, 0>' into 'range_redux_payne_hanek_hotbm<61, double, 63, 63>' (r:/builds/2020.1/continuous/2020_05_27_2902540/src/products/hls/hls_lib/hlsmath/include/FloatingPoint/hls_range_redux.h:524) automatically.
INFO: [XFORM 203-602] Inlining function 'fp_struct<double>::data' into 'fp_struct<double>::to_double' (r:/builds/2020.1/continuous/2020_05_27_2902540/src/products/hls/hls_lib/src/hls\utils/x_hls_utils.h:512) automatically.
INFO: [XFORM 203-602] Inlining function 'fp_struct<double>::to_double' into 'fp_struct<double>::to_ieee' (r:/builds/2020.1/continuous/2020_05_27_2902540/src/products/hls/hls_lib/src/hls\utils/x_hls_utils.h:526) automatically.
INFO: [XFORM 203-602] Inlining function 'clz' into 'scaled_fixed2ieee<63, 1>' (r:/builds/2020.1/continuous/2020_05_27_2902540/src/products/hls/hls_lib/src/hls\utils/x_hls_float_utils.h:435) automatically.
INFO: [XFORM 203-602] Inlining function 'fp_struct<double>::set_mantissa' into 'scaled_fixed2ieee<63, 1>' (r:/builds/2020.1/continuous/2020_05_27_2902540/src/products/hls/hls_lib/src/hls\utils/x_hls_float_utils.h:463) automatically.
INFO: [XFORM 203-602] Inlining function 'fp_struct<double>::to_ieee' into 'scaled_fixed2ieee<63, 1>' (r:/builds/2020.1/continuous/2020_05_27_2902540/src/products/hls/hls_lib/src/hls\utils/x_hls_float_utils.h:466) automatically.
INFO: [XFORM 203-602] Inlining function 'hotbm_::value_list<double>::sin_or_cos_approximation<63, 63>' into 'hotbm_::sin_or_cos<double>' (r:/builds/2020.1/continuous/2020_05_27_2902540/src/products/hls/hls_lib/hlsmath/include/FloatingPoint\hls_hotbm.h:279) automatically.
INFO: [XFORM 203-602] Inlining function 'fp_struct<double>::to_ieee' into 'hotbm_::sin_or_cos<double>' (r:/builds/2020.1/continuous/2020_05_27_2902540/src/products/hls/hls_lib/hlsmath/include/FloatingPoint\hls_hotbm.h:316) automatically.
INFO: [XFORM 203-602] Inlining function 'hotbm_::cos' into 'cos' (r:/builds/2020.1/continuous/2020_05_27_2902540/src/products/hls/hls_lib/hlsmath/src/c/sincosdouble.cpp:13) automatically.
INFO: [XFORM 203-602] Inlining function 'hotbm_::sin' into 'sin' (r:/builds/2020.1/continuous/2020_05_27_2902540/src/products/hls/hls_lib/hlsmath/src/c/sincosdouble.cpp:8) automatically.
INFO: [XFORM 203-602] Inlining function 'bit_reverse' into 'fft' (fft_sw.cpp:45) automatically.
INFO: [XFORM 203-602] Inlining function 'cos' into 'fft' (fft_sw.cpp:58) automatically.
INFO: [XFORM 203-602] Inlining function 'sin' into 'fft' (fft_sw.cpp:59) automatically.
Command         transform done; 0.513 sec.
INFO-FLOW: Checking Synthesizability 2/2..
Execute         transform -syn-check C:/COMP4601/ch5-files/fft_sw.proj/pipeline_reverse_bits/.autopilot/db/a.g.2.prechk.bc -o C:/COMP4601/ch5-files/fft_sw.proj/pipeline_reverse_bits/.autopilot/db/a.g.2.bc -f -phase syn-check 
WARNING: [SYNCHK 200-23] r:/builds/2020.1/continuous/2020_05_27_2902540/src/products/hls/hls_lib/src/hls\utils/x_hls_float_utils.h:425: variable-indexed range selection may cause suboptimal QoR.
INFO: [SYNCHK 200-10] 0 error(s), 1 warning(s).
Command         transform done; 0.254 sec.
INFO: [HLS 200-111] Finished Checking Synthesizability Time (s): cpu = 00:00:05 ; elapsed = 00:00:14 . Memory (MB): peak = 888.934 ; gain = 792.762
INFO-FLOW: Compiler optimizing ...
INFO-FLOW: Share syncheck's 1.bc for syn flow: copy C:/COMP4601/ch5-files/fft_sw.proj/pipeline_reverse_bits/.autopilot/db/a.g.1.bc to C:/COMP4601/ch5-files/fft_sw.proj/pipeline_reverse_bits/.autopilot/db/a.o.1.bc
INFO-FLOW: Presyn 1...
Execute         transform -hls -tmp C:/COMP4601/ch5-files/fft_sw.proj/pipeline_reverse_bits/.autopilot/db -interface-port-rename -type-info -function-uniquify -directive-preproc -mem2reg -dse -dce -disaggr -scalarrepl -norm-name -deadargelim -mem2reg -instcombine -dce -simplifycfg -auto-rom-infer -dce -function-uniquify -resource-proc -clib-intrinsic-prepare -dce -func-buffer -dce -pag -array-normalize -func-legal -instcombine -gvn -constprop -dce -simplifycfg -mem2reg -globaldce -resolve-double-ptr -dce -deadargelim -dce -instcombine -ptrArgReplace -mem2reg -dce -array-seg-normalize -deadargelim -instcombine -dce -pointer-simplify -dce -port-alignment -dce -interface-preproc -data-pack -instcombine -dce -basicaa -aggr-aa -aggrmodref-aa -aggr-aa -gvn -gvn -basicaa -aggr-aa -aggrmodref-aa -aggr-aa -dse -adse -adce -loop-simplify -indvars -instcombine -gvn -loop-simplify -mem2reg -dce -find-region -instcombine -auto-loop-pipeline -inst-simplify -interface-preproc -cfgopt -instcombine -indvars -auto-loop-unroll -loop-simplify -loop-bound -xunroll -constprop -instcombine -simplifycfg -indvars -simplifycfg -dce -globaldce -clean-region -attach-range -gvn -inst-simplify -constprop -simplifycfg -dce -pointer-simplify -dce -globalopt -constprop -dce -array-promote -constprop -dce -ptrArgReplace -mem2reg -simplifycfg -dce -auto-par -instcombine -dce -array-transform-check -array-reshape -instcombine -simplifycfg -dce -ptrArgReplace -deadargelim -mem2reg -instcombine -simplifycfg -dce -indvars -loop-simplify -loop-bound -xunroll -constprop -instcombine -simplifycfg -indvars -simplifycfg -dce -globaldce -basicaa -aggr-aa -aggrmodref-aa -aggr-aa -dse -duplicate-dataflow-processes -globaldce -instcombine -array-partition -instcombine -simplifycfg -dce -ptrArgReplace -global-constprop -deadargelim -mem2reg -func-legal -dce -global-constprop -deadargelim -mem2reg -simplifycfg -dce -merge-param -deadargelim -globalopt -constprop -dce -array-promote -constprop -dce -ptrArgReplace -mem2reg -simplifycfg -dce -mem-intrinsic-preproc -dce -global-internalize -global-privatize -mem2reg -globaldce -promote-global-argument -ptrArgReplace -mem2reg -dce -globalopt -mergereturn -simplify-global-access -mem2reg -dce -pointer-simplify -dce -functionattrs -basicaa -aggr-aa -aggrmodref-aa -aggr-aa -gvn -gvn -basicaa -aggr-aa -aggrmodref-aa -aggr-aa -dse -adse -adce -dce -norm-name -function-inline -complex-op-raise -inst-simplify -globaldce -func-inst -constprop -instcombine -simplifycfg -dce -func-legal -dce -loop-bound -arraycheck -bitwidthmin -on-by-dataflow -loop-delete -instcombine -simplifycfg -globaldce -dce -gvn -deadargelim -dce -loop-simplify -clean-region -simplifycfg -propagate-stable-arguments -loop-stream -instcombine -simplifycfg -dce -globaldce -duplicate-dataflow-processes -stream-intrinsic-preproc -dce -check-ap-stream -loop-simplify -eliminate-keepreads -extract-dataflow-in-loop -loop-simplify -dce -gvn -deadargelim -dse -check-dataflow-syntax -legalize-stream-variable -legalize-global -extract-subproc -dce -dead-channel-elimination -canonicalize-gep -globaldce -dce -gvn -deadargelim -annotate-dataflow-channels -scalar-propagation -deadargelim -globaldce -mem2reg -check-dataflow-channels -function-stream -dce -globaldce -prop-fifo-spec -internal-stream-gen -canonicalize-gep -globaldce -dce -gvn -deadargelim -mergereturn -indvars -loop-simplify -instcombine -array-stream -array-seg-normalize -array-partition -func-legal -instcombine -simplifycfg -dce -bundle-memfifo-ops -deadargelim -function-uniquify -directive-preproc -mem2reg -dse -dce -group-axi-access -licm -simplifycfg -dce -loop-delete -norm-name C:/COMP4601/ch5-files/fft_sw.proj/pipeline_reverse_bits/.autopilot/db/a.o.1.bc -o C:/COMP4601/ch5-files/fft_sw.proj/pipeline_reverse_bits/.autopilot/db/a.o.1.tmp.bc -f 
INFO: [XFORM 203-502] Unrolling all loops for pipelining in function 'reverse_bits' (fft_sw.cpp:4).
INFO: [HLS 200-489] Unrolling loop 'reverse_bits_loop' (fft_sw.cpp:8) in function 'reverse_bits' completely with a factor of 10.
INFO: [XFORM 203-102] Automatically partitioning small array 'out_bits.V' (r:/builds/2020.1/continuous/2020_05_27_2902540/src/products/hls/hls_lib/src/hls\utils/x_hls_float_utils.h:422) completely based on array size.
INFO: [XFORM 203-102] Automatically partitioning small array 'c' (r:/builds/2020.1/continuous/2020_05_27_2902540/src/products/hls/hls_lib/src/hls\utils/x_hls_float_utils.h:433) completely based on array size.
INFO: [XFORM 203-101] Partitioning array 'swap_table.1'  in dimension 1 completely.
INFO: [XFORM 203-101] Partitioning array 'swap_table'  in dimension 1 completely.
INFO: [XFORM 203-101] Partitioning array 'neg_sin_table'  in dimension 1 completely.
INFO: [XFORM 203-101] Partitioning array 'neg_cos_table'  in dimension 1 completely.
INFO: [XFORM 203-101] Partitioning array 'out_bits.V' (r:/builds/2020.1/continuous/2020_05_27_2902540/src/products/hls/hls_lib/src/hls\utils/x_hls_float_utils.h:422) in dimension 1 completely.
INFO: [XFORM 203-101] Partitioning array 'c' (r:/builds/2020.1/continuous/2020_05_27_2902540/src/products/hls/hls_lib/src/hls\utils/x_hls_float_utils.h:433) in dimension 1 completely.
INFO: [XFORM 203-602] Inlining function 'fp_struct<double>::expv' into 'range_redux_payne_hanek_hotbm<61, double, 63, 63>' (r:/builds/2020.1/continuous/2020_05_27_2902540/src/products/hls/hls_lib/hlsmath/include/FloatingPoint/hls_range_redux.h:470) automatically.
INFO: [XFORM 203-602] Inlining function 'table_lookup_4oPi_hotbm<52, 61>' into 'range_redux_payne_hanek_hotbm<61, double, 63, 63>' (r:/builds/2020.1/continuous/2020_05_27_2902540/src/products/hls/hls_lib/hlsmath/include/FloatingPoint/hls_range_redux.h:496) automatically.
INFO: [XFORM 203-602] Inlining function 'clz<61, 124, 0>' into 'range_redux_payne_hanek_hotbm<61, double, 63, 63>' (r:/builds/2020.1/continuous/2020_05_27_2902540/src/products/hls/hls_lib/hlsmath/include/FloatingPoint/hls_range_redux.h:524) automatically.
INFO: [XFORM 203-602] Inlining function 'fp_struct<double>::data' into 'fp_struct<double>::to_double' (r:/builds/2020.1/continuous/2020_05_27_2902540/src/products/hls/hls_lib/src/hls\utils/x_hls_utils.h:512) automatically.
INFO: [XFORM 203-602] Inlining function 'fp_struct<double>::to_double' into 'fp_struct<double>::to_ieee' (r:/builds/2020.1/continuous/2020_05_27_2902540/src/products/hls/hls_lib/src/hls\utils/x_hls_utils.h:526) automatically.
INFO: [XFORM 203-602] Inlining function 'clz' into 'scaled_fixed2ieee<63, 1>' (r:/builds/2020.1/continuous/2020_05_27_2902540/src/products/hls/hls_lib/src/hls\utils/x_hls_float_utils.h:435) automatically.
INFO: [XFORM 203-602] Inlining function 'fp_struct<double>::set_mantissa' into 'scaled_fixed2ieee<63, 1>' (r:/builds/2020.1/continuous/2020_05_27_2902540/src/products/hls/hls_lib/src/hls\utils/x_hls_float_utils.h:463) automatically.
INFO: [XFORM 203-602] Inlining function 'fp_struct<double>::to_ieee' into 'scaled_fixed2ieee<63, 1>' (r:/builds/2020.1/continuous/2020_05_27_2902540/src/products/hls/hls_lib/src/hls\utils/x_hls_float_utils.h:466) automatically.
INFO: [XFORM 203-602] Inlining function 'range_redux_payne_hanek_hotbm<61, double, 63, 63>' into 'hotbm_::sin_or_cos<double>' (r:/builds/2020.1/continuous/2020_05_27_2902540/src/products/hls/hls_lib/hlsmath/include/FloatingPoint\hls_hotbm.h:268) automatically.
INFO: [XFORM 203-602] Inlining function 'hotbm_::value_list<double>::sin_or_cos_approximation<63, 63>' into 'hotbm_::sin_or_cos<double>' (r:/builds/2020.1/continuous/2020_05_27_2902540/src/products/hls/hls_lib/hlsmath/include/FloatingPoint\hls_hotbm.h:279) automatically.
INFO: [XFORM 203-602] Inlining function 'fp_struct<double>::to_ieee' into 'hotbm_::sin_or_cos<double>' (r:/builds/2020.1/continuous/2020_05_27_2902540/src/products/hls/hls_lib/hlsmath/include/FloatingPoint\hls_hotbm.h:316) automatically.
INFO: [XFORM 203-602] Inlining function 'hotbm_::cos' into 'cos' (r:/builds/2020.1/continuous/2020_05_27_2902540/src/products/hls/hls_lib/hlsmath/src/c/sincosdouble.cpp:13) automatically.
INFO: [XFORM 203-602] Inlining function 'hotbm_::sin' into 'sin' (r:/builds/2020.1/continuous/2020_05_27_2902540/src/products/hls/hls_lib/hlsmath/src/c/sincosdouble.cpp:8) automatically.
INFO: [XFORM 203-602] Inlining function 'bit_reverse' into 'fft' (fft_sw.cpp:45) automatically.
INFO: [XFORM 203-602] Inlining function 'cos' into 'fft' (fft_sw.cpp:58) automatically.
INFO: [XFORM 203-602] Inlining function 'sin' into 'fft' (fft_sw.cpp:59) automatically.
Command         transform done; 1.044 sec.
INFO-FLOW: Presyn 2...
Execute         transform -hls -keep-callgraph -scalarrepl -mem2reg -port-alignment -attach-range -dce -pipe-mux-gen -indvars -loop-bound -inst-simplify -instcombine -dce -merge-array-access -mem2reg -dce -clean-region -mergereturn -if-conv -instcombine -dce -constprop -basicaa -aggr-aa -aggrmodref-aa -aggr-aa -gvn -gvn -basicaa -aggr-aa -aggrmodref-aa -aggr-aa -dse -adse -adce -scalarrepl -mem2reg -global-constprop -deadargelim -deadargelim -instcombine -dce -simplifycfg -ptrArgReplace -mem2reg -function-inline -globaldce -mem2reg -instcombine -dce -expr-balance -instcombine -dce -bitwidthmin -interface-preproc -directive-preproc -inst-rectify -instcombine -dce -functionattrs -constprop -instcombine -bit-constprop -simplify-global-access -globalopt -globaldce -inst-simplify -instcombine -elimdeaddata -dce -loop-delete -simplifycfg -loop-simplify -auto-burst -norm-name C:/COMP4601/ch5-files/fft_sw.proj/pipeline_reverse_bits/.autopilot/db/a.o.1.tmp.bc -o C:/COMP4601/ch5-files/fft_sw.proj/pipeline_reverse_bits/.autopilot/db/a.o.2.bc -f -phase presyn 
INFO: [XFORM 203-401] Performing if-conversion on hyperblock from (r:/builds/2020.1/continuous/2020_05_27_2902540/src/products/hls/hls_lib/src/hls\utils/x_hls_float_utils.h:452:51) to (r:/builds/2020.1/continuous/2020_05_27_2902540/src/products/hls/hls_lib/src/hls\utils/x_hls_float_utils.h:467:1) in function 'scaled_fixed2ieee<63, 1>'... converting 3 basic blocks.
INFO: [XFORM 203-401] Performing if-conversion on hyperblock from (r:/builds/2020.1/continuous/2020_05_27_2902540/src/products/hls/hls_lib/hlsmath/include/FloatingPoint\hls_hotbm.h:238:18) to (r:/builds/2020.1/continuous/2020_05_27_2902540/src/products/hls/hls_lib/hlsmath/include/FloatingPoint\hls_hotbm.h:316:12) in function 'hotbm_::sin_or_cos<double>'... converting 9 basic blocks.
Command         transform done; 0.436 sec.
INFO: [HLS 200-111] Finished Pre-synthesis Time (s): cpu = 00:00:06 ; elapsed = 00:00:15 . Memory (MB): peak = 888.934 ; gain = 792.762
INFO-FLOW: Building ssdm...
Execute         transform -hls -function-uniquify -auto-function-inline -globaldce -ptrArgReplace -mem2reg -dce -reset-lda -loop-simplify -indvars -licm -loop-dep -loop-bound -licm -loop-simplify -flattenloopnest -array-flatten -gvn -instcombine -dce -array-map -dce -func-legal -gvn -adce -instcombine -cfgopt -simplifycfg -loop-simplify -array-burst -promote-global-argument -dce -ptrLegalization -axi4-lower -array-seg-normalize -basicaa -aggrmodref-aa -globalsmodref-aa -aggr-aa -gvn -gvn -basicaa -aggrmodref-aa -globalsmodref-aa -aggr-aa -dse -adse -adce -licm -inst-simplify -dce -globaldce -instcombine -array-stream -eliminate-keepreads -instcombine -dce -deadargelim -doublePtrSimplify -doublePtrElim -dce -doublePtrSimplify -promote-dbg-pointer -dce -scalarrepl -mem2reg -disaggr -norm-name -mem2reg -instcombine -dse -adse -adce -ptrLegalization -dce -auto-rom-infer -array-flatten -dce -instcombine -check-doubleptr -loop-rot -constprop -cfgopt -simplifycfg -loop-simplify -indvars -pointer-simplify -dce -loop-bound -loop-simplify -loop-preproc -constprop -global-constprop -gvn -mem2reg -instcombine -dce -loop-bound -loop-merge -dce -bitwidthmin -deadargelim -dce -canonicalize-dataflow -dce -scalar-propagation -deadargelim -globaldce -mem2reg -read-loop-dep -interface-preproc -directive-preproc -interface-gen -bram-byte-enable -deadargelim -inst-simplify -dce -gvn -mem2reg -instcombine -dce -adse -loop-bound -instcombine -cfgopt -simplifycfg -loop-simplify -clean-region -io-protocol -find-region -mem2reg -bitop-raise -complex-op-raise -inst-simplify -inst-rectify -instcombine -adce -deadargelim -loop-simplify -phi-opt -bitop-raise -cfgopt -simplifycfg -strip-dead-prototypes -interface-lower -bitop-lower -intrinsic-lower -auto-function-inline -basicaa -aggrmodref-aa -globalsmodref-aa -aggr-aa -inst-simplify -simplifycfg -loop-simplify -mergereturn -inst-simplify -inst-rectify -dce -load-elim -bitop-lower -loop-rewind -pointer-simplify -dce -cfgopt -dce -loop-bound -loop-dep -read-loop-dep -dce -check-stream -norm-name -legalize -validate-dataflow -inst-clarity -bitwidth -dump-loop-dep-to-ir -check-all-ssdm -cdfg-build C:/COMP4601/ch5-files/fft_sw.proj/pipeline_reverse_bits/.autopilot/db/a.o.2.bc -o C:/COMP4601/ch5-files/fft_sw.proj/pipeline_reverse_bits/.autopilot/db/a.o.3.bc -f -phase build-ssdm 
WARNING: [XFORM 203-631] Renaming function 'scaled_fixed2ieee<63, 1>' to 'scaled_fixed2ieee' (r:/builds/2020.1/continuous/2020_05_27_2902540/src/products/hls/hls_lib/src/hls\utils/x_hls_float_utils.h:110:37)
WARNING: [XFORM 203-631] Renaming function 'hotbm_::sin_or_cos<double>' to 'sin_or_cos<double>' (r:/builds/2020.1/continuous/2020_05_27_2902540/src/products/hls/hls_lib/hlsmath/include/FloatingPoint\hls_hotbm.h:238)
Command         transform done; 0.679 sec.
INFO: [HLS 200-111] Finished Architecture Synthesis Time (s): cpu = 00:00:06 ; elapsed = 00:00:16 . Memory (MB): peak = 888.934 ; gain = 792.762
INFO-FLOW: Finish building internal data model.
Command       opt_and_import_c done; 6.233 sec.
Command     elaborate done; 13.448 sec.
Execute     autosyn -from_csynth_design=1 
INFO: [HLS 200-10] Starting hardware synthesis ...
INFO-FLOW: Synthesizing C/C++ design ...
INFO: [HLS 200-10] Synthesizing 'fft' ...
Execute       ap_set_top_model fft 
WARNING: [SYN 201-103] Legalizing function name 'sin_or_cos<double>' to 'sin_or_cos_double_s'.
Execute       get_model_list fft -filter all-wo-channel -topdown 
Execute       preproc_iomode -model fft 
Execute       preproc_iomode -model sin_or_cos<double> 
Execute       preproc_iomode -model scaled_fixed2ieee 
Execute       preproc_iomode -model reverse_bits 
Execute       get_model_list fft -filter all-wo-channel 
INFO-FLOW: Model list for configure: reverse_bits scaled_fixed2ieee sin_or_cos<double> fft
INFO-FLOW: Configuring Module : reverse_bits ...
Execute       set_default_model reverse_bits 
Execute       apply_spec_resource_limit reverse_bits 
INFO-FLOW: Configuring Module : scaled_fixed2ieee ...
Execute       set_default_model scaled_fixed2ieee 
Execute       apply_spec_resource_limit scaled_fixed2ieee 
INFO-FLOW: Configuring Module : sin_or_cos<double> ...
Execute       set_default_model sin_or_cos<double> 
Execute       apply_spec_resource_limit sin_or_cos<double> 
INFO-FLOW: Configuring Module : fft ...
Execute       set_default_model fft 
Execute       apply_spec_resource_limit fft 
INFO-FLOW: Model list for preprocess: reverse_bits scaled_fixed2ieee sin_or_cos<double> fft
INFO-FLOW: Preprocessing Module: reverse_bits ...
Execute       set_default_model reverse_bits 
Execute       cdfg_preprocess -model reverse_bits 
Execute       rtl_gen_preprocess reverse_bits 
INFO-FLOW: Preprocessing Module: scaled_fixed2ieee ...
Execute       set_default_model scaled_fixed2ieee 
Execute       cdfg_preprocess -model scaled_fixed2ieee 
Execute       rtl_gen_preprocess scaled_fixed2ieee 
INFO-FLOW: Preprocessing Module: sin_or_cos<double> ...
Execute       set_default_model sin_or_cos<double> 
Execute       cdfg_preprocess -model sin_or_cos<double> 
Execute       rtl_gen_preprocess sin_or_cos<double> 
INFO-FLOW: Preprocessing Module: fft ...
Execute       set_default_model fft 
Execute       cdfg_preprocess -model fft 
Execute       rtl_gen_preprocess fft 
INFO-FLOW: Model list for synthesis: reverse_bits scaled_fixed2ieee sin_or_cos<double> fft
INFO: [HLS 200-10] ----------------------------------------------------------------
INFO: [HLS 200-42] -- Implementing module 'reverse_bits' 
INFO: [HLS 200-10] ----------------------------------------------------------------
Execute       set_default_model reverse_bits 
Execute       schedule -model reverse_bits 
INFO: [SCHED 204-11] Starting scheduling ...
INFO: [SCHED 204-61] Pipelining function 'reverse_bits'.
INFO: [SCHED 204-61] Pipelining result : Target II = 1, Final II = 1, Depth = 1.
INFO: [SCHED 204-11] Finished scheduling.
INFO: [HLS 200-111]  Elapsed time: 15.886 seconds; current allocated memory: 337.282 MB.
Execute       syn_report -verbosereport -o C:/COMP4601/ch5-files/fft_sw.proj/pipeline_reverse_bits/.autopilot/db/reverse_bits.verbose.sched.rpt 
Execute       db_write -o C:/COMP4601/ch5-files/fft_sw.proj/pipeline_reverse_bits/.autopilot/db/reverse_bits.sched.adb -f 
INFO-FLOW: Finish scheduling reverse_bits.
Execute       set_default_model reverse_bits 
Execute       bind -model reverse_bits 
BIND OPTION: model=reverse_bits
INFO: [BIND 205-100] Starting micro-architecture generation ...
INFO: [BIND 205-101] Performing variable lifetime analysis.
INFO: [BIND 205-101] Exploring resource sharing.
INFO: [BIND 205-101] Binding ...
INFO: [BIND 205-100] Finished micro-architecture generation.
INFO: [HLS 200-111]  Elapsed time: 0.104 seconds; current allocated memory: 337.327 MB.
Execute       syn_report -verbosereport -o C:/COMP4601/ch5-files/fft_sw.proj/pipeline_reverse_bits/.autopilot/db/reverse_bits.verbose.bind.rpt 
Execute       db_write -o C:/COMP4601/ch5-files/fft_sw.proj/pipeline_reverse_bits/.autopilot/db/reverse_bits.bind.adb -f 
INFO-FLOW: Finish binding reverse_bits.
INFO: [HLS 200-10] ----------------------------------------------------------------
INFO: [HLS 200-42] -- Implementing module 'scaled_fixed2ieee' 
INFO: [HLS 200-10] ----------------------------------------------------------------
Execute       set_default_model scaled_fixed2ieee 
Execute       schedule -model scaled_fixed2ieee 
INFO: [SCHED 204-11] Starting scheduling ...
INFO: [SCHED 204-11] Finished scheduling.
INFO: [HLS 200-111]  Elapsed time: 0.135 seconds; current allocated memory: 337.688 MB.
Execute       syn_report -verbosereport -o C:/COMP4601/ch5-files/fft_sw.proj/pipeline_reverse_bits/.autopilot/db/scaled_fixed2ieee.verbose.sched.rpt 
Execute       db_write -o C:/COMP4601/ch5-files/fft_sw.proj/pipeline_reverse_bits/.autopilot/db/scaled_fixed2ieee.sched.adb -f 
INFO-FLOW: Finish scheduling scaled_fixed2ieee.
Execute       set_default_model scaled_fixed2ieee 
Execute       bind -model scaled_fixed2ieee 
BIND OPTION: model=scaled_fixed2ieee
INFO: [BIND 205-100] Starting micro-architecture generation ...
INFO: [BIND 205-101] Performing variable lifetime analysis.
INFO: [BIND 205-101] Exploring resource sharing.
INFO: [BIND 205-101] Binding ...
INFO: [BIND 205-100] Finished micro-architecture generation.
INFO: [HLS 200-111]  Elapsed time: 0.14 seconds; current allocated memory: 338.062 MB.
Execute       syn_report -verbosereport -o C:/COMP4601/ch5-files/fft_sw.proj/pipeline_reverse_bits/.autopilot/db/scaled_fixed2ieee.verbose.bind.rpt 
Execute       db_write -o C:/COMP4601/ch5-files/fft_sw.proj/pipeline_reverse_bits/.autopilot/db/scaled_fixed2ieee.bind.adb -f 
INFO-FLOW: Finish binding scaled_fixed2ieee.
INFO: [HLS 200-10] ----------------------------------------------------------------
INFO: [HLS 200-42] -- Implementing module 'sin_or_cos_double_s' 
INFO: [HLS 200-10] ----------------------------------------------------------------
Execute       set_default_model sin_or_cos<double> 
Execute       schedule -model sin_or_cos<double> 
INFO: [SCHED 204-11] Starting scheduling ...
INFO: [SCHED 204-11] Finished scheduling.
Command       schedule done; 0.121 sec.
INFO: [HLS 200-111]  Elapsed time: 0.268 seconds; current allocated memory: 338.801 MB.
Execute       syn_report -verbosereport -o C:/COMP4601/ch5-files/fft_sw.proj/pipeline_reverse_bits/.autopilot/db/sin_or_cos_double_s.verbose.sched.rpt 
Execute       db_write -o C:/COMP4601/ch5-files/fft_sw.proj/pipeline_reverse_bits/.autopilot/db/sin_or_cos_double_s.sched.adb -f 
INFO-FLOW: Finish scheduling sin_or_cos<double>.
Execute       set_default_model sin_or_cos<double> 
Execute       bind -model sin_or_cos<double> 
BIND OPTION: model=sin_or_cos<double>
INFO: [BIND 205-100] Starting micro-architecture generation ...
INFO: [BIND 205-101] Performing variable lifetime analysis.
INFO: [BIND 205-101] Exploring resource sharing.
INFO: [BIND 205-101] Binding ...
INFO: [BIND 205-100] Finished micro-architecture generation.
INFO: [HLS 200-111]  Elapsed time: 0.179 seconds; current allocated memory: 339.383 MB.
Execute       syn_report -verbosereport -o C:/COMP4601/ch5-files/fft_sw.proj/pipeline_reverse_bits/.autopilot/db/sin_or_cos_double_s.verbose.bind.rpt 
Command       syn_report done; 0.121 sec.
Execute       db_write -o C:/COMP4601/ch5-files/fft_sw.proj/pipeline_reverse_bits/.autopilot/db/sin_or_cos_double_s.bind.adb -f 
INFO-FLOW: Finish binding sin_or_cos<double>.
INFO: [HLS 200-10] ----------------------------------------------------------------
INFO: [HLS 200-42] -- Implementing module 'fft' 
INFO: [HLS 200-10] ----------------------------------------------------------------
Execute       set_default_model fft 
Execute       schedule -model fft 
INFO: [SCHED 204-11] Starting scheduling ...
INFO: [SCHED 204-11] Finished scheduling.
INFO: [HLS 200-111]  Elapsed time: 0.322 seconds; current allocated memory: 339.875 MB.
Execute       syn_report -verbosereport -o C:/COMP4601/ch5-files/fft_sw.proj/pipeline_reverse_bits/.autopilot/db/fft.verbose.sched.rpt 
Execute       db_write -o C:/COMP4601/ch5-files/fft_sw.proj/pipeline_reverse_bits/.autopilot/db/fft.sched.adb -f 
INFO-FLOW: Finish scheduling fft.
Execute       set_default_model fft 
Execute       bind -model fft 
BIND OPTION: model=fft
INFO: [BIND 205-100] Starting micro-architecture generation ...
INFO: [BIND 205-101] Performing variable lifetime analysis.
INFO: [BIND 205-101] Exploring resource sharing.
INFO: [BIND 205-101] Binding ...
INFO: [BIND 205-100] Finished micro-architecture generation.
Command       bind done; 0.142 sec.
INFO: [HLS 200-111]  Elapsed time: 0.301 seconds; current allocated memory: 340.409 MB.
Execute       syn_report -verbosereport -o C:/COMP4601/ch5-files/fft_sw.proj/pipeline_reverse_bits/.autopilot/db/fft.verbose.bind.rpt 
Command       syn_report done; 0.293 sec.
Execute       db_write -o C:/COMP4601/ch5-files/fft_sw.proj/pipeline_reverse_bits/.autopilot/db/fft.bind.adb -f 
INFO-FLOW: Finish binding fft.
Execute       get_model_list fft -filter all-wo-channel 
INFO-FLOW: Preprocessing for RTLGen ...
Execute       rtl_gen_preprocess reverse_bits 
Execute       rtl_gen_preprocess scaled_fixed2ieee 
Execute       rtl_gen_preprocess sin_or_cos<double> 
Execute       rtl_gen_preprocess fft 
INFO-FLOW: Model list for RTL generation: reverse_bits scaled_fixed2ieee sin_or_cos<double> fft
INFO: [HLS 200-10] ----------------------------------------------------------------
INFO: [HLS 200-10] -- Generating RTL for module 'reverse_bits' 
INFO: [HLS 200-10] ----------------------------------------------------------------
Execute       get_config_rtl -module_prefix 
Execute       get_config_rtl -module_auto_prefix 
Execute       create_rtl_model reverse_bits -vendor xilinx -mg_file C:/COMP4601/ch5-files/fft_sw.proj/pipeline_reverse_bits/.autopilot/db/reverse_bits.compgen.tcl 
INFO: [RTGEN 206-100] Finished creating RTL model for 'reverse_bits'.
INFO: [HLS 200-111]  Elapsed time: 0.42 seconds; current allocated memory: 340.738 MB.
Execute       source C:/COMP4601/ch5-files/fft_sw.proj/pipeline_reverse_bits/.autopilot/db/fft.rtl_wrap.cfg.tcl 
Execute       gen_rtl reverse_bits -style xilinx -tracefl mytrace -tracefmt vcd -traceopt all -f -lang sc -o C:/COMP4601/ch5-files/fft_sw.proj/pipeline_reverse_bits/syn/systemc/reverse_bits -synmodules reverse_bits scaled_fixed2ieee sin_or_cos<double> fft 
Execute       gen_rtl reverse_bits -style xilinx -f -lang vhdl -o C:/COMP4601/ch5-files/fft_sw.proj/pipeline_reverse_bits/syn/vhdl/reverse_bits 
Execute       gen_rtl reverse_bits -style xilinx -f -lang vlog -o C:/COMP4601/ch5-files/fft_sw.proj/pipeline_reverse_bits/syn/verilog/reverse_bits 
Execute       syn_report -csynth -model reverse_bits -o C:/COMP4601/ch5-files/fft_sw.proj/pipeline_reverse_bits/syn/report/reverse_bits_csynth.rpt 
Execute       syn_report -rtlxml -model reverse_bits -o C:/COMP4601/ch5-files/fft_sw.proj/pipeline_reverse_bits/syn/report/reverse_bits_csynth.xml 
Execute       syn_report -verbosereport -model reverse_bits -o C:/COMP4601/ch5-files/fft_sw.proj/pipeline_reverse_bits/.autopilot/db/reverse_bits.verbose.rpt 
Execute       db_write -model reverse_bits -f -o C:/COMP4601/ch5-files/fft_sw.proj/pipeline_reverse_bits/.autopilot/db/reverse_bits.adb 
Execute       gen_tb_info reverse_bits -p C:/COMP4601/ch5-files/fft_sw.proj/pipeline_reverse_bits/.autopilot/db -o C:/COMP4601/ch5-files/fft_sw.proj/pipeline_reverse_bits/.autopilot/db/reverse_bits 
INFO: [HLS 200-10] ----------------------------------------------------------------
INFO: [HLS 200-10] -- Generating RTL for module 'scaled_fixed2ieee' 
INFO: [HLS 200-10] ----------------------------------------------------------------
Execute       get_config_rtl -module_prefix 
Execute       get_config_rtl -module_auto_prefix 
Execute       create_rtl_model scaled_fixed2ieee -vendor xilinx -mg_file C:/COMP4601/ch5-files/fft_sw.proj/pipeline_reverse_bits/.autopilot/db/scaled_fixed2ieee.compgen.tcl 
INFO: [RTGEN 206-100] Generating core module 'fft_mux_42_32_1_1': 2 instance(s).
INFO: [RTGEN 206-100] Finished creating RTL model for 'scaled_fixed2ieee'.
INFO: [HLS 200-111]  Elapsed time: 0.142 seconds; current allocated memory: 341.434 MB.
Execute       source C:/COMP4601/ch5-files/fft_sw.proj/pipeline_reverse_bits/.autopilot/db/fft.rtl_wrap.cfg.tcl 
Execute       gen_rtl scaled_fixed2ieee -style xilinx -tracefl mytrace -tracefmt vcd -traceopt all -f -lang sc -o C:/COMP4601/ch5-files/fft_sw.proj/pipeline_reverse_bits/syn/systemc/scaled_fixed2ieee -synmodules reverse_bits scaled_fixed2ieee sin_or_cos<double> fft 
Execute       gen_rtl scaled_fixed2ieee -style xilinx -f -lang vhdl -o C:/COMP4601/ch5-files/fft_sw.proj/pipeline_reverse_bits/syn/vhdl/scaled_fixed2ieee 
Execute       gen_rtl scaled_fixed2ieee -style xilinx -f -lang vlog -o C:/COMP4601/ch5-files/fft_sw.proj/pipeline_reverse_bits/syn/verilog/scaled_fixed2ieee 
Execute       syn_report -csynth -model scaled_fixed2ieee -o C:/COMP4601/ch5-files/fft_sw.proj/pipeline_reverse_bits/syn/report/scaled_fixed2ieee_csynth.rpt 
Execute       syn_report -rtlxml -model scaled_fixed2ieee -o C:/COMP4601/ch5-files/fft_sw.proj/pipeline_reverse_bits/syn/report/scaled_fixed2ieee_csynth.xml 
Execute       syn_report -verbosereport -model scaled_fixed2ieee -o C:/COMP4601/ch5-files/fft_sw.proj/pipeline_reverse_bits/.autopilot/db/scaled_fixed2ieee.verbose.rpt 
Execute       db_write -model scaled_fixed2ieee -f -o C:/COMP4601/ch5-files/fft_sw.proj/pipeline_reverse_bits/.autopilot/db/scaled_fixed2ieee.adb 
Execute       gen_tb_info scaled_fixed2ieee -p C:/COMP4601/ch5-files/fft_sw.proj/pipeline_reverse_bits/.autopilot/db -o C:/COMP4601/ch5-files/fft_sw.proj/pipeline_reverse_bits/.autopilot/db/scaled_fixed2ieee 
INFO: [HLS 200-10] ----------------------------------------------------------------
INFO: [HLS 200-10] -- Generating RTL for module 'sin_or_cos_double_s' 
INFO: [HLS 200-10] ----------------------------------------------------------------
Execute       get_config_rtl -module_prefix 
Execute       get_config_rtl -module_auto_prefix 
Execute       create_rtl_model sin_or_cos<double> -vendor xilinx -mg_file C:/COMP4601/ch5-files/fft_sw.proj/pipeline_reverse_bits/.autopilot/db/sin_or_cos_double_s.compgen.tcl 
INFO: [SYN 201-210] Renamed object name 'sin_or_cos_double_s_ref_4oPi_table_256_V' to 'sin_or_cos_doublebkb' due to the length limit 20
INFO: [SYN 201-210] Renamed object name 'sin_or_cos_double_s_fourth_order_double_4' to 'sin_or_cos_doublecud' due to the length limit 20
INFO: [SYN 201-210] Renamed object name 'sin_or_cos_double_s_fourth_order_double_5' to 'sin_or_cos_doubledEe' due to the length limit 20
INFO: [SYN 201-210] Renamed object name 'sin_or_cos_double_s_fourth_order_double_6' to 'sin_or_cos_doubleeOg' due to the length limit 20
INFO: [SYN 201-210] Renamed object name 'sin_or_cos_double_s_fourth_order_double_7' to 'sin_or_cos_doublefYi' due to the length limit 20
INFO: [SYN 201-210] Renamed object name 'sin_or_cos_double_s_fourth_order_double_s' to 'sin_or_cos_doubleg8j' due to the length limit 20
INFO: [SYN 201-210] Renamed object name 'fft_mul_170ns_53ns_223_2_1' to 'fft_mul_170ns_53nhbi' due to the length limit 20
INFO: [RTGEN 206-100] Generating core module 'fft_mul_170ns_53nhbi': 1 instance(s).
INFO: [RTGEN 206-100] Generating core module 'fft_mux_164_1_1_1': 2 instance(s).
INFO: [RTGEN 206-100] Generating core module 'fft_mux_83_1_1_1': 1 instance(s).
INFO: [RTGEN 206-100] Finished creating RTL model for 'sin_or_cos_double_s'.
Command       create_rtl_model done; 0.143 sec.
INFO: [HLS 200-111]  Elapsed time: 0.402 seconds; current allocated memory: 344.171 MB.
Execute       source C:/COMP4601/ch5-files/fft_sw.proj/pipeline_reverse_bits/.autopilot/db/fft.rtl_wrap.cfg.tcl 
Execute       gen_rtl sin_or_cos<double> -style xilinx -tracefl mytrace -tracefmt vcd -traceopt all -f -lang sc -o C:/COMP4601/ch5-files/fft_sw.proj/pipeline_reverse_bits/syn/systemc/sin_or_cos_double_s -synmodules reverse_bits scaled_fixed2ieee sin_or_cos<double> fft 
Execute       gen_rtl sin_or_cos<double> -style xilinx -f -lang vhdl -o C:/COMP4601/ch5-files/fft_sw.proj/pipeline_reverse_bits/syn/vhdl/sin_or_cos_double_s 
Execute       gen_rtl sin_or_cos<double> -style xilinx -f -lang vlog -o C:/COMP4601/ch5-files/fft_sw.proj/pipeline_reverse_bits/syn/verilog/sin_or_cos_double_s 
Execute       syn_report -csynth -model sin_or_cos<double> -o C:/COMP4601/ch5-files/fft_sw.proj/pipeline_reverse_bits/syn/report/sin_or_cos_double_s_csynth.rpt 
Execute       syn_report -rtlxml -model sin_or_cos<double> -o C:/COMP4601/ch5-files/fft_sw.proj/pipeline_reverse_bits/syn/report/sin_or_cos_double_s_csynth.xml 
Execute       syn_report -verbosereport -model sin_or_cos<double> -o C:/COMP4601/ch5-files/fft_sw.proj/pipeline_reverse_bits/.autopilot/db/sin_or_cos_double_s.verbose.rpt 
Command       syn_report done; 0.142 sec.
Execute       db_write -model sin_or_cos<double> -f -o C:/COMP4601/ch5-files/fft_sw.proj/pipeline_reverse_bits/.autopilot/db/sin_or_cos_double_s.adb 
Execute       gen_tb_info sin_or_cos<double> -p C:/COMP4601/ch5-files/fft_sw.proj/pipeline_reverse_bits/.autopilot/db -o C:/COMP4601/ch5-files/fft_sw.proj/pipeline_reverse_bits/.autopilot/db/sin_or_cos_double_s 
INFO: [HLS 200-10] ----------------------------------------------------------------
INFO: [HLS 200-10] -- Generating RTL for module 'fft' 
INFO: [HLS 200-10] ----------------------------------------------------------------
Execute       get_config_rtl -module_prefix 
Execute       get_config_rtl -module_auto_prefix 
Execute       create_rtl_model fft -vendor xilinx -mg_file C:/COMP4601/ch5-files/fft_sw.proj/pipeline_reverse_bits/.autopilot/db/fft.compgen.tcl 
INFO: [RTGEN 206-500] Setting interface mode on port 'fft/X_R' to 'ap_memory'.
INFO: [RTGEN 206-500] Setting interface mode on port 'fft/X_I' to 'ap_memory'.
INFO: [RTGEN 206-500] Setting interface mode on function 'fft' to 'ap_ctrl_hs'.
INFO: [SYN 201-210] Renamed object name 'fft_faddfsub_32ns_32ns_32_4_full_dsp_1' to 'fft_faddfsub_32nsibs' due to the length limit 20
INFO: [SYN 201-210] Renamed object name 'fft_fmul_32ns_32ns_32_3_max_dsp_1' to 'fft_fmul_32ns_32njbC' due to the length limit 20
INFO: [SYN 201-210] Renamed object name 'fft_fptrunc_64ns_32_2_1' to 'fft_fptrunc_64ns_kbM' due to the length limit 20
INFO: [SYN 201-210] Renamed object name 'fft_fpext_32ns_64_2_1' to 'fft_fpext_32ns_64lbW' due to the length limit 20
INFO: [SYN 201-210] Renamed object name 'fft_ddiv_64ns_64ns_64_22_1' to 'fft_ddiv_64ns_64nmb6' due to the length limit 20
INFO: [SYN 201-210] Renamed object name 'fft_sitodp_32ns_64_4_1' to 'fft_sitodp_32ns_6ncg' due to the length limit 20
INFO: [RTGEN 206-100] Generating core module 'fft_ddiv_64ns_64nmb6': 1 instance(s).
INFO: [RTGEN 206-100] Generating core module 'fft_faddfsub_32nsibs': 2 instance(s).
INFO: [RTGEN 206-100] Generating core module 'fft_fmul_32ns_32njbC': 4 instance(s).
INFO: [RTGEN 206-100] Generating core module 'fft_fpext_32ns_64lbW': 1 instance(s).
INFO: [RTGEN 206-100] Generating core module 'fft_fptrunc_64ns_kbM': 2 instance(s).
INFO: [RTGEN 206-100] Generating core module 'fft_sitodp_32ns_6ncg': 1 instance(s).
INFO: [RTGEN 206-100] Finished creating RTL model for 'fft'.
Command       create_rtl_model done; 0.19 sec.
INFO: [HLS 200-111]  Elapsed time: 0.605 seconds; current allocated memory: 347.350 MB.
Execute       source C:/COMP4601/ch5-files/fft_sw.proj/pipeline_reverse_bits/.autopilot/db/fft.rtl_wrap.cfg.tcl 
Execute       gen_rtl fft -istop -style xilinx -tracefl mytrace -tracefmt vcd -traceopt all -f -lang sc -o C:/COMP4601/ch5-files/fft_sw.proj/pipeline_reverse_bits/syn/systemc/fft -synmodules reverse_bits scaled_fixed2ieee sin_or_cos<double> fft 
Execute       gen_rtl fft -istop -style xilinx -f -lang vhdl -o C:/COMP4601/ch5-files/fft_sw.proj/pipeline_reverse_bits/syn/vhdl/fft 
Execute       gen_rtl fft -istop -style xilinx -f -lang vlog -o C:/COMP4601/ch5-files/fft_sw.proj/pipeline_reverse_bits/syn/verilog/fft 
Execute       syn_report -csynth -model fft -o C:/COMP4601/ch5-files/fft_sw.proj/pipeline_reverse_bits/syn/report/fft_csynth.rpt 
Execute       syn_report -rtlxml -model fft -o C:/COMP4601/ch5-files/fft_sw.proj/pipeline_reverse_bits/syn/report/fft_csynth.xml 
Execute       syn_report -verbosereport -model fft -o C:/COMP4601/ch5-files/fft_sw.proj/pipeline_reverse_bits/.autopilot/db/fft.verbose.rpt 
Command       syn_report done; 0.314 sec.
Execute       db_write -model fft -f -o C:/COMP4601/ch5-files/fft_sw.proj/pipeline_reverse_bits/.autopilot/db/fft.adb 
Execute       gen_tb_info fft -p C:/COMP4601/ch5-files/fft_sw.proj/pipeline_reverse_bits/.autopilot/db -o C:/COMP4601/ch5-files/fft_sw.proj/pipeline_reverse_bits/.autopilot/db/fft 
Execute       export_constraint_db -f -tool general -o C:/COMP4601/ch5-files/fft_sw.proj/pipeline_reverse_bits/.autopilot/db/fft.constraint.tcl 
Execute       syn_report -designview -model fft -o C:/COMP4601/ch5-files/fft_sw.proj/pipeline_reverse_bits/.autopilot/db/fft.design.xml 
Execute       get_config_rtl -disable_wave_debug 
Execute       syn_report -wcfg -model fft -o C:/COMP4601/ch5-files/fft_sw.proj/pipeline_reverse_bits/.autopilot/db/fft_dataflow_ana.wcfg 
Execute       syn_report -protoinst -model fft -o C:/COMP4601/ch5-files/fft_sw.proj/pipeline_reverse_bits/.autopilot/db/fft.protoinst 
Execute       get_config_debug -directory 
Execute       sc_get_clocks fft 
Execute       get_config_export -vivado_clock 
Execute       sc_get_portdomain fft 
INFO-FLOW: Model list for RTL component generation: reverse_bits scaled_fixed2ieee sin_or_cos<double> fft
INFO-FLOW: Handling components in module [reverse_bits] ... 
Execute       source C:/COMP4601/ch5-files/fft_sw.proj/pipeline_reverse_bits/.autopilot/db/reverse_bits.compgen.tcl 
INFO-FLOW: Handling components in module [scaled_fixed2ieee] ... 
Execute       source C:/COMP4601/ch5-files/fft_sw.proj/pipeline_reverse_bits/.autopilot/db/scaled_fixed2ieee.compgen.tcl 
INFO-FLOW: Found component fft_mux_42_32_1_1.
INFO-FLOW: Append model fft_mux_42_32_1_1
INFO-FLOW: Handling components in module [sin_or_cos_double_s] ... 
Execute       source C:/COMP4601/ch5-files/fft_sw.proj/pipeline_reverse_bits/.autopilot/db/sin_or_cos_double_s.compgen.tcl 
INFO-FLOW: Found component fft_mul_170ns_53nhbi.
INFO-FLOW: Append model fft_mul_170ns_53nhbi
INFO-FLOW: Found component fft_mux_83_1_1_1.
INFO-FLOW: Append model fft_mux_83_1_1_1
INFO-FLOW: Found component fft_mux_164_1_1_1.
INFO-FLOW: Append model fft_mux_164_1_1_1
INFO-FLOW: Found component fft_mux_164_1_1_1.
INFO-FLOW: Append model fft_mux_164_1_1_1
INFO-FLOW: Found component sin_or_cos_doublebkb.
INFO-FLOW: Append model sin_or_cos_doublebkb
INFO-FLOW: Found component sin_or_cos_doublecud.
INFO-FLOW: Append model sin_or_cos_doublecud
INFO-FLOW: Found component sin_or_cos_doubledEe.
INFO-FLOW: Append model sin_or_cos_doubledEe
INFO-FLOW: Found component sin_or_cos_doubleeOg.
INFO-FLOW: Append model sin_or_cos_doubleeOg
INFO-FLOW: Found component sin_or_cos_doublefYi.
INFO-FLOW: Append model sin_or_cos_doublefYi
INFO-FLOW: Found component sin_or_cos_doubleg8j.
INFO-FLOW: Append model sin_or_cos_doubleg8j
INFO-FLOW: Handling components in module [fft] ... 
Execute       source C:/COMP4601/ch5-files/fft_sw.proj/pipeline_reverse_bits/.autopilot/db/fft.compgen.tcl 
INFO-FLOW: Found component fft_faddfsub_32nsibs.
INFO-FLOW: Append model fft_faddfsub_32nsibs
INFO-FLOW: Found component fft_fmul_32ns_32njbC.
INFO-FLOW: Append model fft_fmul_32ns_32njbC
INFO-FLOW: Found component fft_fptrunc_64ns_kbM.
INFO-FLOW: Append model fft_fptrunc_64ns_kbM
INFO-FLOW: Found component fft_fpext_32ns_64lbW.
INFO-FLOW: Append model fft_fpext_32ns_64lbW
INFO-FLOW: Found component fft_ddiv_64ns_64nmb6.
INFO-FLOW: Append model fft_ddiv_64ns_64nmb6
INFO-FLOW: Found component fft_sitodp_32ns_6ncg.
INFO-FLOW: Append model fft_sitodp_32ns_6ncg
INFO-FLOW: Append model reverse_bits
INFO-FLOW: Append model scaled_fixed2ieee
INFO-FLOW: Append model sin_or_cos_double_s
INFO-FLOW: Append model fft
INFO-FLOW: Generating RTL model list ...
INFO-FLOW: All models in this session: fft_mux_42_32_1_1 fft_mul_170ns_53nhbi fft_mux_83_1_1_1 fft_mux_164_1_1_1 fft_mux_164_1_1_1 sin_or_cos_doublebkb sin_or_cos_doublecud sin_or_cos_doubledEe sin_or_cos_doubleeOg sin_or_cos_doublefYi sin_or_cos_doubleg8j fft_faddfsub_32nsibs fft_fmul_32ns_32njbC fft_fptrunc_64ns_kbM fft_fpext_32ns_64lbW fft_ddiv_64ns_64nmb6 fft_sitodp_32ns_6ncg reverse_bits scaled_fixed2ieee sin_or_cos_double_s fft
INFO-FLOW: To file: write model fft_mux_42_32_1_1
INFO-FLOW: To file: write model fft_mul_170ns_53nhbi
INFO-FLOW: To file: write model fft_mux_83_1_1_1
INFO-FLOW: To file: write model fft_mux_164_1_1_1
INFO-FLOW: To file: write model fft_mux_164_1_1_1
INFO-FLOW: To file: write model sin_or_cos_doublebkb
INFO-FLOW: To file: write model sin_or_cos_doublecud
INFO-FLOW: To file: write model sin_or_cos_doubledEe
INFO-FLOW: To file: write model sin_or_cos_doubleeOg
INFO-FLOW: To file: write model sin_or_cos_doublefYi
INFO-FLOW: To file: write model sin_or_cos_doubleg8j
INFO-FLOW: To file: write model fft_faddfsub_32nsibs
INFO-FLOW: To file: write model fft_fmul_32ns_32njbC
INFO-FLOW: To file: write model fft_fptrunc_64ns_kbM
INFO-FLOW: To file: write model fft_fpext_32ns_64lbW
INFO-FLOW: To file: write model fft_ddiv_64ns_64nmb6
INFO-FLOW: To file: write model fft_sitodp_32ns_6ncg
INFO-FLOW: To file: write model reverse_bits
INFO-FLOW: To file: write model scaled_fixed2ieee
INFO-FLOW: To file: write model sin_or_cos_double_s
INFO-FLOW: To file: write model fft
INFO-FLOW: Finished generating RTL model list.


INFO-FLOW: RTL Generation done.
INFO-FLOW: CAS Generation done.
INFO-FLOW: CBC Generation done.
Execute       syn_report -model fft -printsummary 
INFO: [HLS 200-790] **** Loop Constraint Status: All loop constraints were satisfied.
INFO: [HLS 200-789] **** Estimated Fmax: 115.81 MHz
INFO-FLOW: DBG:CMD: auto_generate_csynth_design
INFO-FLOW: DBG:CMD:     auto_generate --sim-model -phase csynth_design -d C:/COMP4601/ch5-files/fft_sw.proj/pipeline_reverse_bits
Execute       source C:/COMP4601/ch5-files/fft_sw.proj/pipeline_reverse_bits/.autopilot/db/global.setting.tcl 
INFO-FLOW: DBG:CMD: read_platform_lib C:/COMP4601/ch5-files/fft_sw.proj/pipeline_reverse_bits/.autopilot/db/global.setting.tcl
Execute       source C:/Xilinx/Vivado/2020.1/common/technology/generic/autopilot/common.gen 
Execute         source C:/Xilinx/Vivado/2020.1/common/technology/generic/autopilot/APCoreGen.gen 
Execute       source C:/Xilinx/Vivado/2020.1/common/technology/generic/autopilot/op.gen 
Execute       source C:/Xilinx/Vivado/2020.1/common/technology/generic/autopilot/op_simcore.gen 
Execute       source C:/Xilinx/Vivado/2020.1/common/technology/generic/autopilot/interface.gen 
Execute       source C:/COMP4601/ch5-files/fft_sw.proj/pipeline_reverse_bits/.autopilot/db/global.setting.tcl 
Execute       source C:/Xilinx/Vivado/2020.1/common/technology/xilinx/zynquplus/zynquplus.gen 
Execute         source C:/Xilinx/Vivado/2020.1/common/technology/xilinx/common/xilinx.gen 
Execute           source C:/Xilinx/Vivado/2020.1/common/technology/xilinx/interface/plb46.gen 
Execute           source C:/Xilinx/Vivado/2020.1/common/technology/xilinx/interface/fsl.gen 
Execute           source C:/Xilinx/Vivado/2020.1/common/technology/xilinx/interface/axi4.gen 
Execute           source C:/Xilinx/Vivado/2020.1/common/technology/xilinx/interface/nativeAXI4.gen 
Execute             source C:/Xilinx/Vivado/2020.1/common/technology/xilinx/interface/saxilite.gen 
Execute             source C:/Xilinx/Vivado/2020.1/common/technology/xilinx/interface/maxi.gen 
Execute           source C:/Xilinx/Vivado/2020.1/common/technology/xilinx/scripts/xilinxcoregen.gen 
Execute           source C:/Xilinx/Vivado/2020.1/common/technology/xilinx/interface/XilEDKCoreGen.gen 
Execute           source C:/Xilinx/Vivado/2020.1/common/technology/xilinx/ip/dds_compiler.gen 
Execute           source C:/Xilinx/Vivado/2020.1/common/technology/xilinx/ip/util.gen 
Execute           source C:/Xilinx/Vivado/2020.1/common/technology/xilinx/ip/xfft.gen 
Execute           source C:/Xilinx/Vivado/2020.1/common/technology/xilinx/ip/xfir.gen 
Execute           source C:/Xilinx/Vivado/2020.1/common/technology/xilinx/common/dsp48.gen 
Command         ap_source done; 0.12 sec.
Command       ap_source done; 0.12 sec.
Execute       source C:/Xilinx/Vivado/2020.1/common/technology/xilinx/zynquplus/zynquplus_fpv7.gen 
Execute         source C:/Xilinx/Vivado/2020.1/common/technology/xilinx/common/xilinx_fp.gen 
INFO-FLOW: DBG:CMD:   using AESL_AUTOCG::g_clock_period=10.000 (was NA)
INFO-FLOW: DBG:CMD:       generate_ip_cores sim=1 export=0 expOnly=0 dstVlogDir=syn/verilog
Execute       source C:/COMP4601/ch5-files/fft_sw.proj/pipeline_reverse_bits/.autopilot/db/global.setting.tcl 
Execute       ap_part_info -name xqzu5ev-ffrb900-1-i -data names -quiet 
Execute       ap_part_info -name xqzu5ev-ffrb900-1-i -data info -quiet 
Execute       ap_family_info -name qzynquplus -data info -quiet 
Execute       source C:/COMP4601/ch5-files/fft_sw.proj/pipeline_reverse_bits/.autopilot/db/global.setting.tcl 
Execute       source C:/COMP4601/ch5-files/fft_sw.proj/pipeline_reverse_bits/.autopilot/db/global.setting.tcl 
Execute       source C:/COMP4601/ch5-files/fft_sw.proj/pipeline_reverse_bits/.autopilot/db/reverse_bits.compgen.tcl 
Execute       source C:/COMP4601/ch5-files/fft_sw.proj/pipeline_reverse_bits/.autopilot/db/scaled_fixed2ieee.compgen.tcl 
Execute         ap_part_info -name xqzu5ev-ffrb900-1-i -data names -quiet 
Execute         ap_part_info -name xqzu5ev-ffrb900-1-i -data info -quiet 
Execute         ap_family_info -name qzynquplus -data info -quiet 
Execute       source C:/COMP4601/ch5-files/fft_sw.proj/pipeline_reverse_bits/.autopilot/db/sin_or_cos_double_s.compgen.tcl 
Execute         ap_part_info -name xqzu5ev-ffrb900-1-i -data names -quiet 
Execute         ap_part_info -name xqzu5ev-ffrb900-1-i -data info -quiet 
Execute         ap_family_info -name qzynquplus -data info -quiet 
Execute         ap_part_info -name xqzu5ev-ffrb900-1-i -data names -quiet 
Execute         ap_part_info -name xqzu5ev-ffrb900-1-i -data info -quiet 
Execute         ap_family_info -name qzynquplus -data info -quiet 
INFO: [RTMG 210-282] Generating pipelined core: 'fft_mul_170ns_53nhbi_MulnS_0'
Execute         ap_part_info -name xqzu5ev-ffrb900-1-i -data names -quiet 
Execute         ap_part_info -name xqzu5ev-ffrb900-1-i -data info -quiet 
Execute         ap_family_info -name qzynquplus -data info -quiet 
Execute         ap_part_info -name xqzu5ev-ffrb900-1-i -data names -quiet 
Execute         ap_part_info -name xqzu5ev-ffrb900-1-i -data info -quiet 
Execute         ap_family_info -name qzynquplus -data info -quiet 
Execute         ap_part_info -name xqzu5ev-ffrb900-1-i -data names -quiet 
Execute         ap_part_info -name xqzu5ev-ffrb900-1-i -data info -quiet 
Execute         ap_family_info -name qzynquplus -data info -quiet 
Execute         ap_part_info -name xqzu5ev-ffrb900-1-i -data names -quiet 
Execute         ap_part_info -name xqzu5ev-ffrb900-1-i -data info -quiet 
Execute         ap_family_info -name qzynquplus -data info -quiet 
INFO: [RTMG 210-279] Implementing memory 'sin_or_cos_doublebkb_rom' using auto ROMs.
Execute         ap_part_info -name xqzu5ev-ffrb900-1-i -data names -quiet 
Execute         ap_part_info -name xqzu5ev-ffrb900-1-i -data info -quiet 
Execute         ap_family_info -name qzynquplus -data info -quiet 
Execute         ap_part_info -name xqzu5ev-ffrb900-1-i -data names -quiet 
Execute         ap_part_info -name xqzu5ev-ffrb900-1-i -data info -quiet 
Execute         ap_family_info -name qzynquplus -data info -quiet 
Execute         ap_part_info -name xqzu5ev-ffrb900-1-i -data names -quiet 
Execute         ap_part_info -name xqzu5ev-ffrb900-1-i -data info -quiet 
Execute         ap_family_info -name qzynquplus -data info -quiet 
INFO: [RTMG 210-279] Implementing memory 'sin_or_cos_doublecud_rom' using distributed ROMs.
Execute         ap_part_info -name xqzu5ev-ffrb900-1-i -data names -quiet 
Execute         ap_part_info -name xqzu5ev-ffrb900-1-i -data info -quiet 
Execute         ap_family_info -name qzynquplus -data info -quiet 
Execute         ap_part_info -name xqzu5ev-ffrb900-1-i -data names -quiet 
Execute         ap_part_info -name xqzu5ev-ffrb900-1-i -data info -quiet 
Execute         ap_family_info -name qzynquplus -data info -quiet 
Execute         ap_part_info -name xqzu5ev-ffrb900-1-i -data names -quiet 
Execute         ap_part_info -name xqzu5ev-ffrb900-1-i -data info -quiet 
Execute         ap_family_info -name qzynquplus -data info -quiet 
INFO: [RTMG 210-279] Implementing memory 'sin_or_cos_doubledEe_rom' using distributed ROMs.
Execute         ap_part_info -name xqzu5ev-ffrb900-1-i -data names -quiet 
Execute         ap_part_info -name xqzu5ev-ffrb900-1-i -data info -quiet 
Execute         ap_family_info -name qzynquplus -data info -quiet 
Execute         ap_part_info -name xqzu5ev-ffrb900-1-i -data names -quiet 
Execute         ap_part_info -name xqzu5ev-ffrb900-1-i -data info -quiet 
Execute         ap_family_info -name qzynquplus -data info -quiet 
Execute         ap_part_info -name xqzu5ev-ffrb900-1-i -data names -quiet 
Execute         ap_part_info -name xqzu5ev-ffrb900-1-i -data info -quiet 
Execute         ap_family_info -name qzynquplus -data info -quiet 
INFO: [RTMG 210-279] Implementing memory 'sin_or_cos_doubleeOg_rom' using distributed ROMs.
Execute         ap_part_info -name xqzu5ev-ffrb900-1-i -data names -quiet 
Execute         ap_part_info -name xqzu5ev-ffrb900-1-i -data info -quiet 
Execute         ap_family_info -name qzynquplus -data info -quiet 
Execute         ap_part_info -name xqzu5ev-ffrb900-1-i -data names -quiet 
Execute         ap_part_info -name xqzu5ev-ffrb900-1-i -data info -quiet 
Execute         ap_family_info -name qzynquplus -data info -quiet 
Execute         ap_part_info -name xqzu5ev-ffrb900-1-i -data names -quiet 
Execute         ap_part_info -name xqzu5ev-ffrb900-1-i -data info -quiet 
Execute         ap_family_info -name qzynquplus -data info -quiet 
INFO: [RTMG 210-279] Implementing memory 'sin_or_cos_doublefYi_rom' using distributed ROMs.
Execute         ap_part_info -name xqzu5ev-ffrb900-1-i -data names -quiet 
Execute         ap_part_info -name xqzu5ev-ffrb900-1-i -data info -quiet 
Execute         ap_family_info -name qzynquplus -data info -quiet 
Execute         ap_part_info -name xqzu5ev-ffrb900-1-i -data names -quiet 
Execute         ap_part_info -name xqzu5ev-ffrb900-1-i -data info -quiet 
Execute         ap_family_info -name qzynquplus -data info -quiet 
Execute         ap_part_info -name xqzu5ev-ffrb900-1-i -data names -quiet 
Execute         ap_part_info -name xqzu5ev-ffrb900-1-i -data info -quiet 
Execute         ap_family_info -name qzynquplus -data info -quiet 
INFO: [RTMG 210-279] Implementing memory 'sin_or_cos_doubleg8j_rom' using distributed ROMs.
Execute         ap_part_info -name xqzu5ev-ffrb900-1-i -data names -quiet 
Execute         ap_part_info -name xqzu5ev-ffrb900-1-i -data info -quiet 
Execute         ap_family_info -name qzynquplus -data info -quiet 
Execute         ap_part_info -name xqzu5ev-ffrb900-1-i -data names -quiet 
Execute         ap_part_info -name xqzu5ev-ffrb900-1-i -data info -quiet 
Execute         ap_family_info -name qzynquplus -data info -quiet 
Command       ap_source done; 0.428 sec.
Execute       source C:/COMP4601/ch5-files/fft_sw.proj/pipeline_reverse_bits/.autopilot/db/fft.compgen.tcl 
Execute         ap_part_info -name xqzu5ev-ffrb900-1-i -data names -quiet 
Execute         ap_part_info -name xqzu5ev-ffrb900-1-i -data info -quiet 
Execute         ap_family_info -name qzynquplus -data info -quiet 
Execute         ap_part_info -name xqzu5ev-ffrb900-1-i -data names -quiet 
Execute         ap_part_info -name xqzu5ev-ffrb900-1-i -data info -quiet 
Execute         ap_family_info -name qzynquplus -data info -quiet 
Execute         ap_part_info -name xqzu5ev-ffrb900-1-i -data names -quiet 
Execute         ap_part_info -name xqzu5ev-ffrb900-1-i -data info -quiet 
Execute         ap_family_info -name qzynquplus -data info -quiet 
Execute         ap_part_info -name xqzu5ev-ffrb900-1-i -data names -quiet 
Execute         ap_part_info -name xqzu5ev-ffrb900-1-i -data info -quiet 
Execute         ap_family_info -name qzynquplus -data info -quiet 
Execute         ap_part_info -name xqzu5ev-ffrb900-1-i -data names -quiet 
Execute         ap_part_info -name xqzu5ev-ffrb900-1-i -data info -quiet 
Execute         ap_family_info -name qzynquplus -data info -quiet 
Execute         ap_part_info -name xqzu5ev-ffrb900-1-i -data names -quiet 
Execute         ap_part_info -name xqzu5ev-ffrb900-1-i -data info -quiet 
Execute         ap_family_info -name qzynquplus -data info -quiet 
Command       ap_source done; 0.322 sec.
INFO-FLOW: DBG:CMD:     auto_generate -export -impltomg_flag -rtl both -tool Vivado -pcore_version 1.00.a -phase csynth_design -d C:/COMP4601/ch5-files/fft_sw.proj/pipeline_reverse_bits
Execute       source C:/COMP4601/ch5-files/fft_sw.proj/pipeline_reverse_bits/.autopilot/db/global.setting.tcl 
INFO-FLOW: DBG:CMD: read_platform_lib C:/COMP4601/ch5-files/fft_sw.proj/pipeline_reverse_bits/.autopilot/db/global.setting.tcl
Execute       source C:/Xilinx/Vivado/2020.1/common/technology/generic/autopilot/common.gen 
Execute         source C:/Xilinx/Vivado/2020.1/common/technology/generic/autopilot/APCoreGen.gen 
Execute       source C:/Xilinx/Vivado/2020.1/common/technology/generic/autopilot/op.gen 
Execute       source C:/Xilinx/Vivado/2020.1/common/technology/generic/autopilot/op_simcore.gen 
Execute       source C:/Xilinx/Vivado/2020.1/common/technology/generic/autopilot/interface.gen 
Execute       source C:/COMP4601/ch5-files/fft_sw.proj/pipeline_reverse_bits/.autopilot/db/global.setting.tcl 
Execute       source C:/Xilinx/Vivado/2020.1/common/technology/xilinx/zynquplus/zynquplus.gen 
Execute         source C:/Xilinx/Vivado/2020.1/common/technology/xilinx/common/xilinx.gen 
Execute           source C:/Xilinx/Vivado/2020.1/common/technology/xilinx/interface/plb46.gen 
Execute           source C:/Xilinx/Vivado/2020.1/common/technology/xilinx/interface/fsl.gen 
Execute           source C:/Xilinx/Vivado/2020.1/common/technology/xilinx/interface/axi4.gen 
Execute           source C:/Xilinx/Vivado/2020.1/common/technology/xilinx/interface/nativeAXI4.gen 
Execute             source C:/Xilinx/Vivado/2020.1/common/technology/xilinx/interface/saxilite.gen 
Execute             source C:/Xilinx/Vivado/2020.1/common/technology/xilinx/interface/maxi.gen 
Execute           source C:/Xilinx/Vivado/2020.1/common/technology/xilinx/scripts/xilinxcoregen.gen 
Execute           source C:/Xilinx/Vivado/2020.1/common/technology/xilinx/interface/XilEDKCoreGen.gen 
Execute           source C:/Xilinx/Vivado/2020.1/common/technology/xilinx/ip/dds_compiler.gen 
Execute           source C:/Xilinx/Vivado/2020.1/common/technology/xilinx/ip/util.gen 
Execute           source C:/Xilinx/Vivado/2020.1/common/technology/xilinx/ip/xfft.gen 
Execute           source C:/Xilinx/Vivado/2020.1/common/technology/xilinx/ip/xfir.gen 
Execute           source C:/Xilinx/Vivado/2020.1/common/technology/xilinx/common/dsp48.gen 
Command         ap_source done; 0.13 sec.
Command       ap_source done; 0.131 sec.
Execute       source C:/Xilinx/Vivado/2020.1/common/technology/xilinx/zynquplus/zynquplus_fpv7.gen 
Execute         source C:/Xilinx/Vivado/2020.1/common/technology/xilinx/common/xilinx_fp.gen 
INFO-FLOW: DBG:CMD:       initCTypeInfo top_module=fft xml_exists=0
Execute       source C:/COMP4601/ch5-files/fft_sw.proj/pipeline_reverse_bits/.autopilot/db/fft.rtl_wrap.cfg.tcl 
Execute       source C:/COMP4601/ch5-files/fft_sw.proj/pipeline_reverse_bits/.autopilot/db/fft.rtl_wrap.cfg.tcl 
Execute       source C:/COMP4601/ch5-files/fft_sw.proj/pipeline_reverse_bits/.autopilot/db/fft.rtl_wrap.cfg.tcl 
Execute       source C:/COMP4601/ch5-files/fft_sw.proj/pipeline_reverse_bits/.autopilot/db/fft.tbgen.tcl 
Execute       source C:/COMP4601/ch5-files/fft_sw.proj/pipeline_reverse_bits/.autopilot/db/fft.tbgen.tcl 
INFO-FLOW: DBG:CMD:       export_impl_rtl
INFO-FLOW: DBG:CMD:       generate_ip_cores sim=0 export=0 expOnly=0 dstVlogDir=impl/.verilog
Execute       source C:/COMP4601/ch5-files/fft_sw.proj/pipeline_reverse_bits/.autopilot/db/global.setting.tcl 
Execute       source C:/COMP4601/ch5-files/fft_sw.proj/pipeline_reverse_bits/.autopilot/db/reverse_bits.compgen.tcl 
Execute       source C:/COMP4601/ch5-files/fft_sw.proj/pipeline_reverse_bits/.autopilot/db/scaled_fixed2ieee.compgen.tcl 
Execute       source C:/COMP4601/ch5-files/fft_sw.proj/pipeline_reverse_bits/.autopilot/db/sin_or_cos_double_s.compgen.tcl 
Execute       source C:/COMP4601/ch5-files/fft_sw.proj/pipeline_reverse_bits/.autopilot/db/fft.compgen.tcl 
Execute         ap_part_info -name xqzu5ev-ffrb900-1-i -data names -quiet 
Execute         ap_part_info -name xqzu5ev-ffrb900-1-i -data info -quiet 
Execute         ap_family_info -name qzynquplus -data info -quiet 
Execute         ap_part_info -name xqzu5ev-ffrb900-1-i -data names -quiet 
Execute         ap_part_info -name xqzu5ev-ffrb900-1-i -data info -quiet 
Execute         ap_family_info -name qzynquplus -data info -quiet 
Execute         ap_part_info -name xqzu5ev-ffrb900-1-i -data names -quiet 
Execute         ap_part_info -name xqzu5ev-ffrb900-1-i -data info -quiet 
Execute         ap_family_info -name qzynquplus -data info -quiet 
Execute         ap_part_info -name xqzu5ev-ffrb900-1-i -data names -quiet 
Execute         ap_part_info -name xqzu5ev-ffrb900-1-i -data info -quiet 
Execute         ap_family_info -name qzynquplus -data info -quiet 
Execute         ap_part_info -name xqzu5ev-ffrb900-1-i -data names -quiet 
Execute         ap_part_info -name xqzu5ev-ffrb900-1-i -data info -quiet 
Execute         ap_family_info -name qzynquplus -data info -quiet 
Execute         ap_part_info -name xqzu5ev-ffrb900-1-i -data names -quiet 
Execute         ap_part_info -name xqzu5ev-ffrb900-1-i -data info -quiet 
Execute         ap_family_info -name qzynquplus -data info -quiet 
Command       ap_source done; 0.163 sec.
INFO-FLOW: DBG:CMD:       generate_ip_cores sim=0 export=1 expOnly=1 dstVlogDir=impl/.pcores/verilog
Execute       source C:/COMP4601/ch5-files/fft_sw.proj/pipeline_reverse_bits/.autopilot/db/global.setting.tcl 
Execute       source C:/COMP4601/ch5-files/fft_sw.proj/pipeline_reverse_bits/.autopilot/db/reverse_bits.compgen.tcl 
Execute       source C:/COMP4601/ch5-files/fft_sw.proj/pipeline_reverse_bits/.autopilot/db/scaled_fixed2ieee.compgen.tcl 
Execute       source C:/COMP4601/ch5-files/fft_sw.proj/pipeline_reverse_bits/.autopilot/db/sin_or_cos_double_s.compgen.tcl 
Execute       source C:/COMP4601/ch5-files/fft_sw.proj/pipeline_reverse_bits/.autopilot/db/fft.compgen.tcl 
Execute         ap_part_info -name xqzu5ev-ffrb900-1-i -data names -quiet 
Execute         ap_part_info -name xqzu5ev-ffrb900-1-i -data info -quiet 
Execute         ap_family_info -name qzynquplus -data info -quiet 
Execute         ap_part_info -name xqzu5ev-ffrb900-1-i -data names -quiet 
Execute         ap_part_info -name xqzu5ev-ffrb900-1-i -data info -quiet 
Execute         ap_family_info -name qzynquplus -data info -quiet 
Execute         source C:/COMP4601/ch5-files/fft_sw.proj/pipeline_reverse_bits/.autopilot/db/fft.tbgen.tcl 
Execute         source C:/COMP4601/ch5-files/fft_sw.proj/pipeline_reverse_bits/.autopilot/db/fft.tbgen.tcl 
Execute         ap_part_info -name xqzu5ev-ffrb900-1-i -data names -quiet 
Execute         ap_part_info -name xqzu5ev-ffrb900-1-i -data info -quiet 
Execute         ap_family_info -name qzynquplus -data info -quiet 
Execute         ap_part_info -name xqzu5ev-ffrb900-1-i -data names -quiet 
Execute         ap_part_info -name xqzu5ev-ffrb900-1-i -data info -quiet 
Execute         ap_family_info -name qzynquplus -data info -quiet 
Execute         ap_part_info -name xqzu5ev-ffrb900-1-i -data names -quiet 
Execute         ap_part_info -name xqzu5ev-ffrb900-1-i -data info -quiet 
Execute         ap_family_info -name qzynquplus -data info -quiet 
Execute         ap_part_info -name xqzu5ev-ffrb900-1-i -data names -quiet 
Execute         ap_part_info -name xqzu5ev-ffrb900-1-i -data info -quiet 
Execute         ap_family_info -name qzynquplus -data info -quiet 
Execute         ap_part_info -name xqzu5ev-ffrb900-1-i -data names -quiet 
Execute         ap_part_info -name xqzu5ev-ffrb900-1-i -data info -quiet 
Execute         ap_family_info -name qzynquplus -data info -quiet 
Execute       ap_part_info -name xqzu5ev-ffrb900-1-i -data names -quiet 
Execute       ap_part_info -name xqzu5ev-ffrb900-1-i -data info -quiet 
Execute       ap_family_info -name qzynquplus -data info -quiet 
INFO-FLOW: DBG:CMD:       generate_ip_cores sim=0 export=0 expOnly=0 dstVlogDir=impl/.pcores/verilog_sim
Execute       source C:/COMP4601/ch5-files/fft_sw.proj/pipeline_reverse_bits/.autopilot/db/global.setting.tcl 
Execute       source C:/COMP4601/ch5-files/fft_sw.proj/pipeline_reverse_bits/.autopilot/db/reverse_bits.compgen.tcl 
Execute       source C:/COMP4601/ch5-files/fft_sw.proj/pipeline_reverse_bits/.autopilot/db/scaled_fixed2ieee.compgen.tcl 
Execute       source C:/COMP4601/ch5-files/fft_sw.proj/pipeline_reverse_bits/.autopilot/db/sin_or_cos_double_s.compgen.tcl 
Execute       source C:/COMP4601/ch5-files/fft_sw.proj/pipeline_reverse_bits/.autopilot/db/fft.compgen.tcl 
Execute       ap_part_info -name xqzu5ev-ffrb900-1-i -data names -quiet 
Execute       ap_part_info -name xqzu5ev-ffrb900-1-i -data info -quiet 
Execute       ap_family_info -name qzynquplus -data info -quiet 
Execute       ap_part_info -name xqzu5ev-ffrb900-1-i -data names -quiet 
Execute       ap_part_info -name xqzu5ev-ffrb900-1-i -data info -quiet 
Execute       ap_family_info -name qzynquplus -data info -quiet 
Execute       source C:/COMP4601/ch5-files/fft_sw.proj/pipeline_reverse_bits/.autopilot/db/global.setting.tcl 
Execute       ap_part_info -name xqzu5ev-ffrb900-1-i -data names -quiet 
Execute       ap_part_info -name xqzu5ev-ffrb900-1-i -data info -quiet 
Execute       ap_family_info -name qzynquplus -data info -quiet 
Execute       source C:/COMP4601/ch5-files/fft_sw.proj/pipeline_reverse_bits/.autopilot/db/fft.constraint.tcl 
Execute       source C:/COMP4601/ch5-files/fft_sw.proj/pipeline_reverse_bits/.autopilot/db/fft.tbgen.tcl 
INFO-FLOW: DBG:CMD:       hasPcoreIpAdapter=false #gSsdmPorts=6
INFO-FLOW: DBG:CMD: Skipping loadAnalyze_DB, #g_database=2
INFO-FLOW: DBG:CMD:       generate_json is_phase_csynth=1 g_has_adaptors=false generate_bd_files=0 #modelList=21 #gSsdmPorts=6
Execute       source C:/Xilinx/Vivado/2020.1/tps/tcl/tcllib1.11.1/fileutil/fileutil.tcl 
Execute       source C:/COMP4601/ch5-files/fft_sw.proj/pipeline_reverse_bits/.autopilot/db/global.setting.tcl 
Execute       source C:/COMP4601/ch5-files/fft_sw.proj/pipeline_reverse_bits/.autopilot/db/global.setting.tcl 
Execute       get_config_export -xo 
Execute       source C:/COMP4601/ch5-files/fft_sw.proj/pipeline_reverse_bits/.autopilot/db/fft.tbgen.tcl 
Execute       source C:/COMP4601/ch5-files/fft_sw.proj/pipeline_reverse_bits/.autopilot/db/fft.tbgen.tcl 
Execute       source C:/COMP4601/ch5-files/fft_sw.proj/pipeline_reverse_bits/.autopilot/db/fft.tbgen.tcl 
Execute       source C:/COMP4601/ch5-files/fft_sw.proj/pipeline_reverse_bits/.autopilot/db/fft.tbgen.tcl 
Execute       source C:/COMP4601/ch5-files/fft_sw.proj/pipeline_reverse_bits/.autopilot/db/global.setting.tcl 
Execute       get_config_sdx -target 
Execute       source C:/COMP4601/ch5-files/fft_sw.proj/pipeline_reverse_bits/.autopilot/db/fft.rtl_wrap.cfg.tcl 
Execute       source C:/COMP4601/ch5-files/fft_sw.proj/pipeline_reverse_bits/.autopilot/db/fft.compgen.dataonly.tcl 
Execute       source C:/COMP4601/ch5-files/fft_sw.proj/pipeline_reverse_bits/.autopilot/db/global.setting.tcl 
Execute       ap_part_info -name xqzu5ev-ffrb900-1-i -data names -quiet 
Execute       ap_part_info -name xqzu5ev-ffrb900-1-i -data info -quiet 
Execute       ap_family_info -name qzynquplus -data info -quiet 
Execute       source C:/COMP4601/ch5-files/fft_sw.proj/pipeline_reverse_bits/.autopilot/db/fft.constraint.tcl 
Execute       sc_get_clocks fft 
Execute       ap_part_info -name xqzu5ev-ffrb900-1-i -data names -quiet 
Execute       ap_part_info -name xqzu5ev-ffrb900-1-i -data info -quiet 
Execute       ap_family_info -name qzynquplus -data info -quiet 
Execute       source C:/COMP4601/ch5-files/fft_sw.proj/pipeline_reverse_bits/.autopilot/db/global.setting.tcl 
Execute       get_config_debug -directory 
Execute       source C:/COMP4601/ch5-files/fft_sw.proj/pipeline_reverse_bits/impl/misc/fft_ap_ddiv_20_no_dsp_64_ip.tcl 
Execute       source C:/COMP4601/ch5-files/fft_sw.proj/pipeline_reverse_bits/impl/misc/fft_ap_faddfsub_2_full_dsp_32_ip.tcl 
Execute       source C:/COMP4601/ch5-files/fft_sw.proj/pipeline_reverse_bits/impl/misc/fft_ap_fmul_1_max_dsp_32_ip.tcl 
Execute       source C:/COMP4601/ch5-files/fft_sw.proj/pipeline_reverse_bits/impl/misc/fft_ap_fpext_0_no_dsp_32_ip.tcl 
Execute       source C:/COMP4601/ch5-files/fft_sw.proj/pipeline_reverse_bits/impl/misc/fft_ap_fptrunc_0_no_dsp_64_ip.tcl 
Execute       source C:/COMP4601/ch5-files/fft_sw.proj/pipeline_reverse_bits/impl/misc/fft_ap_sitodp_2_no_dsp_32_ip.tcl 
Execute       source C:/COMP4601/ch5-files/fft_sw.proj/pipeline_reverse_bits/.autopilot/db/reverse_bits.tbgen.tcl 
Execute       source C:/COMP4601/ch5-files/fft_sw.proj/pipeline_reverse_bits/.autopilot/db/scaled_fixed2ieee.tbgen.tcl 
Execute       source C:/COMP4601/ch5-files/fft_sw.proj/pipeline_reverse_bits/.autopilot/db/sin_or_cos_double_s.tbgen.tcl 
Execute       source C:/COMP4601/ch5-files/fft_sw.proj/pipeline_reverse_bits/.autopilot/db/fft.tbgen.tcl 
Execute       get_config_sdx -target 
Execute       get_config_sdx -profile 
Execute       get_config_rtl -kernel_profile 
Execute       get_config_rtl -stall_sig_gen 
Execute       get_config_rtl -profile 
INFO-FLOW: DBG:CMD: add_json_sdx_info kernel file does not exist, skipping opencl info: C:/COMP4601/ch5-files/fft_sw.proj/pipeline_reverse_bits/.autopilot/db/kernel.internal.xml
INFO-FLOW: DBG:CMD:       delete-temp-dirs (skipped for debug)
INFO: [HLS 200-111] Finished generating all RTL models Time (s): cpu = 00:00:10 ; elapsed = 00:00:23 . Memory (MB): peak = 888.934 ; gain = 792.762
INFO: [VHDL 208-304] Generating VHDL RTL for fft.
INFO: [VLOG 209-307] Generating Verilog RTL for fft.
Command     autosyn done; 7.007 sec.
Command   csynth_design done; 20.478 sec.
Command ap_source done; 21.964 sec.
Execute cleanup_all 
