

================================================================
== Vivado HLS Report for 'reverse_bits'
================================================================
* Date:           Thu Jul 13 05:21:38 2023

* Version:        2020.1 (Build 2897737 on Wed May 27 20:21:37 MDT 2020)
* Project:        fft_sw.proj
* Solution:       pipeline_reverse_bits
* Product family: zynquplus
* Target device:  xqzu5ev-ffrb900-1-i


================================================================
== Performance Estimates
================================================================
+ Timing: 
    * Summary: 
    +--------+----------+----------+------------+
    |  Clock |  Target  | Estimated| Uncertainty|
    +--------+----------+----------+------------+
    |ap_clk  | 10.00 ns |   0 ns   |   1.25 ns  |
    +--------+----------+----------+------------+

+ Latency: 
    * Summary: 
    +---------+---------+----------+----------+-----+-----+----------+
    |  Latency (cycles) |  Latency (absolute) |  Interval | Pipeline |
    |   min   |   max   |    min   |    max   | min | max |   Type   |
    +---------+---------+----------+----------+-----+-----+----------+
    |        0|        0|   0 ns   |   0 ns   |    1|    1| function |
    +---------+---------+----------+----------+-----+-----+----------+

    + Detail: 
        * Instance: 
        N/A

        * Loop: 
        N/A

============================================================
+ Verbose Summary: Synthesis Manager
============================================================
InlineROM: 1
ExposeGlobal: 0
============================================================
+ Verbose Summary: CDFG Model
============================================================
IsTopModel: 0
ResetActiveHigh: 1
IsCombinational: 0
IsDatapathOnly: 0
HasWiredReturn: 1
HasMFsm: 2
HasVarLatency: 0
IsPipeline: 1
IsRtlPipelined: 0
IsInstanceOverlapped: 0
IsDontTouch: 0
HasImplIP: 0
IsGatedGlobalClock: 0

+ Individual pipeline summary: 
  * Pipeline-0: initiation interval (II) = 1, depth = 1


============================================================
+ Verbose Summary: Schedule
============================================================
* Number of FSM states : 1
* Pipeline : 1
  Pipeline-0 : II = 1, D = 1, States = { 1 }
* Dataflow Pipeline: 0

* FSM state transitions: 
1 --> 

* FSM state operations: 

State 1 <SV = 0> <Delay = 0.00>
ST_1 : Operation 2 [1/1] (0.00ns)   --->   "%input_read = call i11 @_ssdm_op_Read.ap_auto.i11(i11 %input_r) nounwind" [fft_sw.cpp:4]   --->   Operation 2 'read' 'input_read' <Predicate = true> <Delay = 0.00>
ST_1 : Operation 3 [1/1] (0.00ns)   --->   "call void (...)* @_ssdm_op_SpecPipeline(i32 -1, i32 1, i32 1, i32 0, [1 x i8]* @p_str) nounwind" [fft_sw.cpp:5]   --->   Operation 3 'specpipeline' <Predicate = true> <Delay = 0.00>
ST_1 : Operation 4 [1/1] (0.00ns)   --->   "%or_ln9_8 = call i10 @_ssdm_op_PartSelect.i10.i11.i32.i32(i11 %input_read, i32 9, i32 0)" [fft_sw.cpp:9]   --->   Operation 4 'partselect' 'or_ln9_8' <Predicate = true> <Delay = 0.00>
ST_1 : Operation 5 [1/1] (0.00ns)   --->   "ret i10 %or_ln9_8" [fft_sw.cpp:12]   --->   Operation 5 'ret' <Predicate = true> <Delay = 0.00>


============================================================
+ Verbose Summary: Binding
============================================================
STG Binding: 
---------------- STG Properties BEGIN ----------------
- Is combinational: 1
- Is one-state seq: 0
- Is datapath-only: 0
- Is pipelined: 1
- Is top level: 0
Port [ Return ] is wired: 1; IO mode=ap_ctrl_hs:ce=0
Port [ input_r]:  wired=1; compound=0; hidden=0; nouse=0; global=0; static=0; extern=0; dir=0; type=0; pingpong=0; private_global=0; IO mode=ap_none:ce=0
---------------- STG Properties END ------------------

---------------- Datapath Model BEGIN ----------------

<LifeTime>
<method=bitvector/>
input_read       (read        ) [ 00]
specpipeline_ln5 (specpipeline) [ 00]
or_ln9_8         (partselect  ) [ 00]
ret_ln12         (ret         ) [ 00]
</LifeTime>

<model>

<comp_list>
<comp id="0" class="1000" name="input_r">
<pin_list>
<pin id="1" dir="1" index="0" bw="1" slack="0"/>
</pin_list>
<bind>
<StgValue><ssdm name="input_r"/></StgValue>
</bind>
</comp>

<comp id="2" class="1001" name="const_2">
<pin_list>
<pin id="3" dir="1" index="0" bw="1" slack="0"/>
</pin_list>
<bind>
<StgValue><ssdm name="_ssdm_op_Read.ap_auto.i11"/></StgValue>
</bind>
</comp>

<comp id="4" class="1001" name="const_4">
<pin_list>
<pin id="5" dir="1" index="0" bw="1" slack="2147483647"/>
</pin_list>
<bind>
<StgValue><ssdm name="_ssdm_op_SpecPipeline"/></StgValue>
</bind>
</comp>

<comp id="6" class="1001" name="const_6">
<pin_list>
<pin id="7" dir="1" index="0" bw="1" slack="2147483647"/>
</pin_list>
<bind>
<StgValue><ssdm name=""/></StgValue>
</bind>
</comp>

<comp id="8" class="1001" name="const_8">
<pin_list>
<pin id="9" dir="1" index="0" bw="1" slack="2147483647"/>
</pin_list>
<bind>
<StgValue><ssdm name=""/></StgValue>
</bind>
</comp>

<comp id="10" class="1001" name="const_10">
<pin_list>
<pin id="11" dir="1" index="0" bw="1" slack="0"/>
</pin_list>
<bind>
<StgValue><ssdm name=""/></StgValue>
</bind>
</comp>

<comp id="12" class="1001" name="const_12">
<pin_list>
<pin id="13" dir="1" index="0" bw="1" slack="2147483647"/>
</pin_list>
<bind>
<StgValue><ssdm name="p_str"/></StgValue>
</bind>
</comp>

<comp id="14" class="1001" name="const_14">
<pin_list>
<pin id="15" dir="1" index="0" bw="1" slack="0"/>
</pin_list>
<bind>
<StgValue><ssdm name="_ssdm_op_PartSelect.i10.i11.i32.i32"/></StgValue>
</bind>
</comp>

<comp id="16" class="1001" name="const_16">
<pin_list>
<pin id="17" dir="1" index="0" bw="1" slack="0"/>
</pin_list>
<bind>
<StgValue><ssdm name=""/></StgValue>
</bind>
</comp>

<comp id="18" class="1004" name="input_read_read_fu_18">
<pin_list>
<pin id="19" dir="0" index="0" bw="11" slack="0"/>
<pin id="20" dir="0" index="1" bw="11" slack="0"/>
<pin id="21" dir="1" index="2" bw="11" slack="0"/>
</pin_list>
<bind>
<opcode="read(1150) " fcode="read"/>
<opset="input_read/1 "/>
</bind>
</comp>

<comp id="24" class="1004" name="or_ln9_8_fu_24">
<pin_list>
<pin id="25" dir="0" index="0" bw="10" slack="0"/>
<pin id="26" dir="0" index="1" bw="11" slack="0"/>
<pin id="27" dir="0" index="2" bw="5" slack="0"/>
<pin id="28" dir="0" index="3" bw="1" slack="0"/>
<pin id="29" dir="1" index="4" bw="10" slack="2147483647"/>
</pin_list>
<bind>
<opcode="partselect(1002) " fcode="partselect"/>
<opset="or_ln9_8/1 "/>
</bind>
</comp>

</comp_list>

<net_list>
<net id="22"><net_src comp="2" pin="0"/><net_sink comp="18" pin=0"/></net>

<net id="23"><net_src comp="0" pin="0"/><net_sink comp="18" pin=1"/></net>

<net id="30"><net_src comp="14" pin="0"/><net_sink comp="24" pin=0"/></net>

<net id="31"><net_src comp="18" pin="2"/><net_sink comp="24" pin=1"/></net>

<net id="32"><net_src comp="16" pin="0"/><net_sink comp="24" pin=2"/></net>

<net id="33"><net_src comp="10" pin="0"/><net_sink comp="24" pin=3"/></net>

</net_list>

</model> 
---------------- Datapath Model END ------------------

* FSMD analyzer results:
  - Output states:
 - Input state : 
	Port: reverse_bits : input_r | {1 }
  - Chain level:
	State 1
		ret_ln12 : 1


============================================================
+ Verbose Summary: Datapath Resource usage 
============================================================

* Functional unit list:
|----------|-----------------------|
| Operation|    Functional Unit    |
|----------|-----------------------|
|   read   | input_read_read_fu_18 |
|----------|-----------------------|
|partselect|     or_ln9_8_fu_24    |
|----------|-----------------------|
|   Total  |                       |
|----------|-----------------------|

Memories:
N/A

* Register list:
N/A

* Multiplexer (MUX) list: 
|--------|------|------|------|--------|
|  Comp  |  Pin | Size |  BW  | S x BW |
|--------|------|------|------|--------|
|  Total |      |      |      |    0   |
|--------|------|------|------|--------|



* Summary:
+-----------+
|           |
+-----------+
|  Function |
|   Memory  |
|Multiplexer|
|  Register |
+-----------+
|   Total   |
+-----------+
