

================================================================
== Vivado HLS Report for 'sin_or_cos_double_s'
================================================================
* Date:           Thu Jul 13 05:21:38 2023

* Version:        2020.1 (Build 2897737 on Wed May 27 20:21:37 MDT 2020)
* Project:        fft_sw.proj
* Solution:       pipeline_reverse_bits
* Product family: zynquplus
* Target device:  xqzu5ev-ffrb900-1-i


================================================================
== Performance Estimates
================================================================
+ Timing: 
    * Summary: 
    +--------+----------+----------+------------+
    |  Clock |  Target  | Estimated| Uncertainty|
    +--------+----------+----------+------------+
    |ap_clk  | 10.00 ns | 8.635 ns |   1.25 ns  |
    +--------+----------+----------+------------+

+ Latency: 
    * Summary: 
    +---------+---------+----------+----------+-----+-----+---------+
    |  Latency (cycles) |  Latency (absolute) |  Interval | Pipeline|
    |   min   |   max   |    min   |    max   | min | max |   Type  |
    +---------+---------+----------+----------+-----+-----+---------+
    |       22|       25| 0.220 us | 0.250 us |   22|   25|   none  |
    +---------+---------+----------+----------+-----+-----+---------+

    + Detail: 
        * Instance: 
        N/A

        * Loop: 
        N/A

============================================================
+ Verbose Summary: Synthesis Manager
============================================================
InlineROM: 1
ExposeGlobal: 0
============================================================
+ Verbose Summary: CDFG Model
============================================================
IsTopModel: 0
ResetActiveHigh: 1
IsCombinational: 0
IsDatapathOnly: 0
HasWiredReturn: 1
HasMFsm: 0
HasVarLatency: 1
IsPipeline: 0
IsRtlPipelined: 0
IsInstanceOverlapped: 0
IsDontTouch: 0
HasImplIP: 0
IsGatedGlobalClock: 0


============================================================
+ Verbose Summary: Schedule
============================================================
* Number of FSM states : 9
* Pipeline : 0
* Dataflow Pipeline: 0

* FSM state transitions: 
1 --> 2 
2 --> 3 
3 --> 4 
4 --> 5 
5 --> 6 
6 --> 7 
7 --> 8 
8 --> 9 
9 --> 

* FSM state operations: 

State 1 <SV = 0> <Delay = 2.75>
ST_1 : Operation 10 [1/1] (0.00ns)   --->   "%t_in_read = call double @_ssdm_op_Read.ap_auto.double(double %t_in) nounwind" [r:/builds/2020.1/continuous/2020_05_27_2902540/src/products/hls/hls_lib/hlsmath/include/FloatingPoint\hls_hotbm.h:238]   --->   Operation 10 'read' 't_in_read' <Predicate = true> <Delay = 0.00>
ST_1 : Operation 11 [1/1] (0.00ns)   --->   "%p_Val2_s = bitcast double %t_in_read to i64" [r:/builds/2020.1/continuous/2020_05_27_2902540/src/products/hls/hls_lib/src/hls\utils/x_hls_utils.h:475->r:/builds/2020.1/continuous/2020_05_27_2902540/src/products/hls/hls_lib/src/hls\utils/x_hls_utils.h:479->r:/builds/2020.1/continuous/2020_05_27_2902540/src/products/hls/hls_lib/hlsmath/include/FloatingPoint\hls_hotbm.h:252]   --->   Operation 11 'bitcast' 'p_Val2_s' <Predicate = true> <Delay = 0.00>
ST_1 : Operation 12 [1/1] (0.00ns)   --->   "%p_Result_s = call i1 @_ssdm_op_BitSelect.i1.i64.i32(i64 %p_Val2_s, i32 63)" [r:/builds/2020.1/continuous/2020_05_27_2902540/src/products/hls/hls_lib/src/hls\utils/x_hls_utils.h:476->r:/builds/2020.1/continuous/2020_05_27_2902540/src/products/hls/hls_lib/src/hls\utils/x_hls_utils.h:479->r:/builds/2020.1/continuous/2020_05_27_2902540/src/products/hls/hls_lib/hlsmath/include/FloatingPoint\hls_hotbm.h:252]   --->   Operation 12 'bitselect' 'p_Result_s' <Predicate = true> <Delay = 0.00>
ST_1 : Operation 13 [1/1] (0.00ns)   --->   "%tmp_V = call i11 @_ssdm_op_PartSelect.i11.i64.i32.i32(i64 %p_Val2_s, i32 52, i32 62)" [r:/builds/2020.1/continuous/2020_05_27_2902540/src/products/hls/hls_lib/src/hls\utils/x_hls_utils.h:477->r:/builds/2020.1/continuous/2020_05_27_2902540/src/products/hls/hls_lib/src/hls\utils/x_hls_utils.h:479->r:/builds/2020.1/continuous/2020_05_27_2902540/src/products/hls/hls_lib/hlsmath/include/FloatingPoint\hls_hotbm.h:252]   --->   Operation 13 'partselect' 'tmp_V' <Predicate = true> <Delay = 0.00>
ST_1 : Operation 14 [1/1] (0.00ns)   --->   "%tmp_V_1 = trunc i64 %p_Val2_s to i52" [r:/builds/2020.1/continuous/2020_05_27_2902540/src/products/hls/hls_lib/src/hls\utils/x_hls_utils.h:478->r:/builds/2020.1/continuous/2020_05_27_2902540/src/products/hls/hls_lib/src/hls\utils/x_hls_utils.h:479->r:/builds/2020.1/continuous/2020_05_27_2902540/src/products/hls/hls_lib/hlsmath/include/FloatingPoint\hls_hotbm.h:252]   --->   Operation 14 'trunc' 'tmp_V_1' <Predicate = true> <Delay = 0.00>
ST_1 : Operation 15 [1/1] (0.85ns)   --->   "%closepath = icmp ult i11 %tmp_V, 1022" [r:/builds/2020.1/continuous/2020_05_27_2902540/src/products/hls/hls_lib/hlsmath/include/FloatingPoint/hls_range_redux.h:480->r:/builds/2020.1/continuous/2020_05_27_2902540/src/products/hls/hls_lib/hlsmath/include/FloatingPoint\hls_hotbm.h:268]   --->   Operation 15 'icmp' 'closepath' <Predicate = true> <Delay = 0.85> <Core = "Cmp">   --->   Core 25 'Cmp' <Latency = 0> <II = 1> <Delay = 0.85> <FuncUnit> <Opcode : 'icmp'> <InPorts = 2> <OutPorts = 1>
ST_1 : Operation 16 [1/1] (0.94ns)   --->   "%add_ln114_1 = add i11 -947, %tmp_V" [r:/builds/2020.1/continuous/2020_05_27_2902540/src/products/hls/hls_lib/hlsmath/include/FloatingPoint/hls_range_redux.h:425->r:/builds/2020.1/continuous/2020_05_27_2902540/src/products/hls/hls_lib/hlsmath/include/FloatingPoint/hls_range_redux.h:496->r:/builds/2020.1/continuous/2020_05_27_2902540/src/products/hls/hls_lib/hlsmath/include/FloatingPoint\hls_hotbm.h:268]   --->   Operation 16 'add' 'add_ln114_1' <Predicate = true> <Delay = 0.94> <Core = "AddSub">   --->   Core 14 'AddSub' <Latency = 0> <II = 1> <Delay = 0.94> <FuncUnit> <Opcode : 'add' 'sub'> <InPorts = 2> <OutPorts = 1>
ST_1 : Operation 17 [1/1] (0.45ns)   --->   "%addr_V = select i1 %closepath, i11 74, i11 %add_ln114_1" [r:/builds/2020.1/continuous/2020_05_27_2902540/src/products/hls/hls_lib/hlsmath/include/FloatingPoint/hls_range_redux.h:425->r:/builds/2020.1/continuous/2020_05_27_2902540/src/products/hls/hls_lib/hlsmath/include/FloatingPoint/hls_range_redux.h:496->r:/builds/2020.1/continuous/2020_05_27_2902540/src/products/hls/hls_lib/hlsmath/include/FloatingPoint\hls_hotbm.h:268]   --->   Operation 17 'select' 'addr_V' <Predicate = true> <Delay = 0.45> <Core = "Sel">   --->   Core 26 'Sel' <Latency = 0> <II = 1> <Delay = 0.40> <FuncUnit> <Opcode : 'select'> <InPorts = 3> <OutPorts = 1>
ST_1 : Operation 18 [1/1] (0.00ns)   --->   "%p_Result_i_i = call i4 @_ssdm_op_PartSelect.i4.i11.i32.i32(i11 %addr_V, i32 7, i32 10)" [r:/builds/2020.1/continuous/2020_05_27_2902540/src/products/hls/hls_lib/hlsmath/include/FloatingPoint/hls_range_redux.h:426->r:/builds/2020.1/continuous/2020_05_27_2902540/src/products/hls/hls_lib/hlsmath/include/FloatingPoint/hls_range_redux.h:496->r:/builds/2020.1/continuous/2020_05_27_2902540/src/products/hls/hls_lib/hlsmath/include/FloatingPoint\hls_hotbm.h:268]   --->   Operation 18 'partselect' 'p_Result_i_i' <Predicate = true> <Delay = 0.00>
ST_1 : Operation 19 [1/1] (0.00ns)   --->   "%zext_ln635 = zext i4 %p_Result_i_i to i64" [r:/builds/2020.1/continuous/2020_05_27_2902540/src/products/hls/hls_lib/hlsmath/include/FloatingPoint/hls_range_redux.h:426->r:/builds/2020.1/continuous/2020_05_27_2902540/src/products/hls/hls_lib/hlsmath/include/FloatingPoint/hls_range_redux.h:496->r:/builds/2020.1/continuous/2020_05_27_2902540/src/products/hls/hls_lib/hlsmath/include/FloatingPoint\hls_hotbm.h:268]   --->   Operation 19 'zext' 'zext_ln635' <Predicate = true> <Delay = 0.00>
ST_1 : Operation 20 [1/1] (0.00ns)   --->   "%ref_4oPi_table_256_V_1 = getelementptr [10 x i256]* @ref_4oPi_table_256_V, i64 0, i64 %zext_ln635" [r:/builds/2020.1/continuous/2020_05_27_2902540/src/products/hls/hls_lib/hlsmath/include/FloatingPoint/hls_range_redux.h:426->r:/builds/2020.1/continuous/2020_05_27_2902540/src/products/hls/hls_lib/hlsmath/include/FloatingPoint/hls_range_redux.h:496->r:/builds/2020.1/continuous/2020_05_27_2902540/src/products/hls/hls_lib/hlsmath/include/FloatingPoint\hls_hotbm.h:268]   --->   Operation 20 'getelementptr' 'ref_4oPi_table_256_V_1' <Predicate = true> <Delay = 0.00>
ST_1 : Operation 21 [2/2] (1.35ns)   --->   "%table_256_V = load i256* %ref_4oPi_table_256_V_1, align 32" [r:/builds/2020.1/continuous/2020_05_27_2902540/src/products/hls/hls_lib/hlsmath/include/FloatingPoint/hls_range_redux.h:426->r:/builds/2020.1/continuous/2020_05_27_2902540/src/products/hls/hls_lib/hlsmath/include/FloatingPoint/hls_range_redux.h:496->r:/builds/2020.1/continuous/2020_05_27_2902540/src/products/hls/hls_lib/hlsmath/include/FloatingPoint\hls_hotbm.h:268]   --->   Operation 21 'load' 'table_256_V' <Predicate = true> <Delay = 1.35> <Core = "ROM_nP">   --->   Core 52 'ROM_nP' <Latency = 1> <II = 1> <Delay = 1.35> <Storage> <Opcode : 'load'> <Ports = 0> <Width = 256> <Depth = 10> <ROM>
ST_1 : Operation 22 [1/1] (0.00ns)   --->   "%trunc_ln601 = trunc i11 %addr_V to i7" [r:/builds/2020.1/continuous/2020_05_27_2902540/src/products/hls/hls_lib/hlsmath/include/FloatingPoint/hls_range_redux.h:427->r:/builds/2020.1/continuous/2020_05_27_2902540/src/products/hls/hls_lib/hlsmath/include/FloatingPoint/hls_range_redux.h:496->r:/builds/2020.1/continuous/2020_05_27_2902540/src/products/hls/hls_lib/hlsmath/include/FloatingPoint\hls_hotbm.h:268]   --->   Operation 22 'trunc' 'trunc_ln601' <Predicate = true> <Delay = 0.00>

State 2 <SV = 1> <Delay = 7.71>
ST_2 : Operation 23 [1/1] (0.00ns)   --->   "%p_Result_15 = call i53 @_ssdm_op_BitConcatenate.i53.i1.i52(i1 true, i52 %tmp_V_1) nounwind" [r:/builds/2020.1/continuous/2020_05_27_2902540/src/products/hls/hls_lib/hlsmath/include/FloatingPoint/hls_range_redux.h:495->r:/builds/2020.1/continuous/2020_05_27_2902540/src/products/hls/hls_lib/hlsmath/include/FloatingPoint\hls_hotbm.h:268]   --->   Operation 23 'bitconcatenate' 'p_Result_15' <Predicate = true> <Delay = 0.00>
ST_2 : Operation 24 [1/2] (1.35ns)   --->   "%table_256_V = load i256* %ref_4oPi_table_256_V_1, align 32" [r:/builds/2020.1/continuous/2020_05_27_2902540/src/products/hls/hls_lib/hlsmath/include/FloatingPoint/hls_range_redux.h:426->r:/builds/2020.1/continuous/2020_05_27_2902540/src/products/hls/hls_lib/hlsmath/include/FloatingPoint/hls_range_redux.h:496->r:/builds/2020.1/continuous/2020_05_27_2902540/src/products/hls/hls_lib/hlsmath/include/FloatingPoint\hls_hotbm.h:268]   --->   Operation 24 'load' 'table_256_V' <Predicate = true> <Delay = 1.35> <Core = "ROM_nP">   --->   Core 52 'ROM_nP' <Latency = 1> <II = 1> <Delay = 1.35> <Storage> <Opcode : 'load'> <Ports = 0> <Width = 256> <Depth = 10> <ROM>
ST_2 : Operation 25 [1/1] (0.00ns)   --->   "%zext_ln744 = zext i7 %trunc_ln601 to i256" [r:/builds/2020.1/continuous/2020_05_27_2902540/src/products/hls/hls_lib/hlsmath/include/FloatingPoint/hls_range_redux.h:427->r:/builds/2020.1/continuous/2020_05_27_2902540/src/products/hls/hls_lib/hlsmath/include/FloatingPoint/hls_range_redux.h:496->r:/builds/2020.1/continuous/2020_05_27_2902540/src/products/hls/hls_lib/hlsmath/include/FloatingPoint\hls_hotbm.h:268]   --->   Operation 25 'zext' 'zext_ln744' <Predicate = true> <Delay = 0.00>
ST_2 : Operation 26 [1/1] (1.73ns)   --->   "%r_V_17 = shl i256 %table_256_V, %zext_ln744" [r:/builds/2020.1/continuous/2020_05_27_2902540/src/products/hls/hls_lib/hlsmath/include/FloatingPoint/hls_range_redux.h:427->r:/builds/2020.1/continuous/2020_05_27_2902540/src/products/hls/hls_lib/hlsmath/include/FloatingPoint/hls_range_redux.h:496->r:/builds/2020.1/continuous/2020_05_27_2902540/src/products/hls/hls_lib/hlsmath/include/FloatingPoint\hls_hotbm.h:268]   --->   Operation 26 'shl' 'r_V_17' <Predicate = true> <Delay = 1.73> <Core = "Shift">   --->   Core 28 'Shift' <Latency = 0> <II = 1> <Delay = 1.71> <FuncUnit> <Opcode : 'shl' 'lshr' 'ashr'> <InPorts = 2> <OutPorts = 1>
ST_2 : Operation 27 [1/1] (0.00ns)   --->   "%ret_V_11 = call i170 @_ssdm_op_PartSelect.i170.i256.i32.i32(i256 %r_V_17, i32 86, i32 255) nounwind" [r:/builds/2020.1/continuous/2020_05_27_2902540/src/products/hls/hls_lib/hlsmath/include/FloatingPoint/hls_range_redux.h:427->r:/builds/2020.1/continuous/2020_05_27_2902540/src/products/hls/hls_lib/hlsmath/include/FloatingPoint/hls_range_redux.h:496->r:/builds/2020.1/continuous/2020_05_27_2902540/src/products/hls/hls_lib/hlsmath/include/FloatingPoint\hls_hotbm.h:268]   --->   Operation 27 'partselect' 'ret_V_11' <Predicate = true> <Delay = 0.00>
ST_2 : Operation 28 [1/1] (0.00ns)   --->   "%lhs_V = zext i170 %ret_V_11 to i223" [r:/builds/2020.1/continuous/2020_05_27_2902540/src/products/hls/hls_lib/hlsmath/include/FloatingPoint/hls_range_redux.h:497->r:/builds/2020.1/continuous/2020_05_27_2902540/src/products/hls/hls_lib/hlsmath/include/FloatingPoint\hls_hotbm.h:268]   --->   Operation 28 'zext' 'lhs_V' <Predicate = true> <Delay = 0.00>
ST_2 : Operation 29 [1/1] (0.00ns)   --->   "%rhs_V_1 = zext i53 %p_Result_15 to i223" [r:/builds/2020.1/continuous/2020_05_27_2902540/src/products/hls/hls_lib/hlsmath/include/FloatingPoint/hls_range_redux.h:497->r:/builds/2020.1/continuous/2020_05_27_2902540/src/products/hls/hls_lib/hlsmath/include/FloatingPoint\hls_hotbm.h:268]   --->   Operation 29 'zext' 'rhs_V_1' <Predicate = true> <Delay = 0.00>
ST_2 : Operation 30 [2/2] (4.62ns)   --->   "%ret_V_12 = mul i223 %lhs_V, %rhs_V_1" [r:/builds/2020.1/continuous/2020_05_27_2902540/src/products/hls/hls_lib/hlsmath/include/FloatingPoint/hls_range_redux.h:497->r:/builds/2020.1/continuous/2020_05_27_2902540/src/products/hls/hls_lib/hlsmath/include/FloatingPoint\hls_hotbm.h:268]   --->   Operation 30 'mul' 'ret_V_12' <Predicate = true> <Delay = 4.62> <Core = "MulnS">   --->   Core 17 'MulnS' <Latency = 1> <II = 1> <Delay = 4.62> <FuncUnit> <Opcode : 'mul'> <InPorts = 2> <OutPorts = 1>
ST_2 : Operation 31 [1/1] (1.34ns)   --->   "%icmp_ln833_1 = icmp eq i52 %tmp_V_1, 0" [r:/builds/2020.1/continuous/2020_05_27_2902540/src/products/hls/hls_lib/hlsmath/include/FloatingPoint\hls_hotbm.h:300]   --->   Operation 31 'icmp' 'icmp_ln833_1' <Predicate = true> <Delay = 1.34> <Core = "Cmp">   --->   Core 25 'Cmp' <Latency = 0> <II = 1> <Delay = 0.85> <FuncUnit> <Opcode : 'icmp'> <InPorts = 2> <OutPorts = 1>

State 3 <SV = 2> <Delay = 4.62>
ST_3 : Operation 32 [1/2] (4.62ns)   --->   "%ret_V_12 = mul i223 %lhs_V, %rhs_V_1" [r:/builds/2020.1/continuous/2020_05_27_2902540/src/products/hls/hls_lib/hlsmath/include/FloatingPoint/hls_range_redux.h:497->r:/builds/2020.1/continuous/2020_05_27_2902540/src/products/hls/hls_lib/hlsmath/include/FloatingPoint\hls_hotbm.h:268]   --->   Operation 32 'mul' 'ret_V_12' <Predicate = true> <Delay = 4.62> <Core = "MulnS">   --->   Core 17 'MulnS' <Latency = 1> <II = 1> <Delay = 4.62> <FuncUnit> <Opcode : 'mul'> <InPorts = 2> <OutPorts = 1>
ST_3 : Operation 33 [1/1] (0.00ns)   --->   "%p_Val2_29 = call i124 @_ssdm_op_PartSelect.i124.i223.i32.i32(i223 %ret_V_12, i32 43, i32 166)" [r:/builds/2020.1/continuous/2020_05_27_2902540/src/products/hls/hls_lib/hlsmath/include/FloatingPoint/hls_range_redux.h:512->r:/builds/2020.1/continuous/2020_05_27_2902540/src/products/hls/hls_lib/hlsmath/include/FloatingPoint\hls_hotbm.h:268]   --->   Operation 33 'partselect' 'p_Val2_29' <Predicate = true> <Delay = 0.00>
ST_3 : Operation 34 [1/1] (0.00ns)   --->   "%trunc_ln_i = call i3 @_ssdm_op_PartSelect.i3.i223.i32.i32(i223 %ret_V_12, i32 167, i32 169) nounwind" [r:/builds/2020.1/continuous/2020_05_27_2902540/src/products/hls/hls_lib/hlsmath/include/FloatingPoint/hls_range_redux.h:516->r:/builds/2020.1/continuous/2020_05_27_2902540/src/products/hls/hls_lib/hlsmath/include/FloatingPoint\hls_hotbm.h:268]   --->   Operation 34 'partselect' 'trunc_ln_i' <Predicate = (!closepath)> <Delay = 0.00>

State 4 <SV = 3> <Delay = 5.89>
ST_4 : Operation 35 [1/1] (0.94ns)   --->   "%add_ln114 = add i11 -1021, %tmp_V" [r:/builds/2020.1/continuous/2020_05_27_2902540/src/products/hls/hls_lib/hlsmath/include/FloatingPoint/hls_range_redux.h:483->r:/builds/2020.1/continuous/2020_05_27_2902540/src/products/hls/hls_lib/hlsmath/include/FloatingPoint\hls_hotbm.h:268]   --->   Operation 35 'add' 'add_ln114' <Predicate = (closepath)> <Delay = 0.94> <Core = "AddSub">   --->   Core 14 'AddSub' <Latency = 0> <II = 1> <Delay = 0.94> <FuncUnit> <Opcode : 'add' 'sub'> <InPorts = 2> <OutPorts = 1>
ST_4 : Operation 36 [1/1] (0.00ns) (grouped into LUT with out node Ex_V)   --->   "%select_ln482 = select i1 %closepath, i11 %add_ln114, i11 0" [r:/builds/2020.1/continuous/2020_05_27_2902540/src/products/hls/hls_lib/hlsmath/include/FloatingPoint/hls_range_redux.h:482->r:/builds/2020.1/continuous/2020_05_27_2902540/src/products/hls/hls_lib/hlsmath/include/FloatingPoint\hls_hotbm.h:268]   --->   Operation 36 'select' 'select_ln482' <Predicate = true> <Delay = 0.00> <Core = "Sel">   --->   Core 26 'Sel' <Latency = 0> <II = 1> <Delay = 0.40> <FuncUnit> <Opcode : 'select'> <InPorts = 3> <OutPorts = 1>
ST_4 : Operation 37 [1/1] (0.27ns)   --->   "%p_Val2_30 = select i1 %closepath, i3 0, i3 %trunc_ln_i" [r:/builds/2020.1/continuous/2020_05_27_2902540/src/products/hls/hls_lib/hlsmath/include/FloatingPoint/hls_range_redux.h:480->r:/builds/2020.1/continuous/2020_05_27_2902540/src/products/hls/hls_lib/hlsmath/include/FloatingPoint\hls_hotbm.h:268]   --->   Operation 37 'select' 'p_Val2_30' <Predicate = true> <Delay = 0.27> <Core = "Sel">   --->   Core 26 'Sel' <Latency = 0> <II = 1> <Delay = 0.40> <FuncUnit> <Opcode : 'select'> <InPorts = 3> <OutPorts = 1>
ST_4 : Operation 38 [1/1] (0.00ns)   --->   "%trunc_ln745 = trunc i3 %p_Val2_30 to i1" [r:/builds/2020.1/continuous/2020_05_27_2902540/src/products/hls/hls_lib/hlsmath/include/FloatingPoint/hls_range_redux.h:520->r:/builds/2020.1/continuous/2020_05_27_2902540/src/products/hls/hls_lib/hlsmath/include/FloatingPoint\hls_hotbm.h:268]   --->   Operation 38 'trunc' 'trunc_ln745' <Predicate = true> <Delay = 0.00>
ST_4 : Operation 39 [1/1] (1.70ns)   --->   "%Mx_bits_V_1 = sub i124 0, %p_Val2_29" [r:/builds/2020.1/continuous/2020_05_27_2902540/src/products/hls/hls_lib/hlsmath/include/FloatingPoint/hls_range_redux.h:521->r:/builds/2020.1/continuous/2020_05_27_2902540/src/products/hls/hls_lib/hlsmath/include/FloatingPoint\hls_hotbm.h:268]   --->   Operation 39 'sub' 'Mx_bits_V_1' <Predicate = true> <Delay = 1.70> <Core = "AddSub">   --->   Core 14 'AddSub' <Latency = 0> <II = 1> <Delay = 0.94> <FuncUnit> <Opcode : 'add' 'sub'> <InPorts = 2> <OutPorts = 1>
ST_4 : Operation 40 [1/1] (0.46ns)   --->   "%p_Val2_7 = select i1 %trunc_ln745, i124 %Mx_bits_V_1, i124 %p_Val2_29" [r:/builds/2020.1/continuous/2020_05_27_2902540/src/products/hls/hls_lib/hlsmath/include/FloatingPoint/hls_range_redux.h:520->r:/builds/2020.1/continuous/2020_05_27_2902540/src/products/hls/hls_lib/hlsmath/include/FloatingPoint\hls_hotbm.h:268]   --->   Operation 40 'select' 'p_Val2_7' <Predicate = true> <Delay = 0.46> <Core = "Sel">   --->   Core 26 'Sel' <Latency = 0> <II = 1> <Delay = 0.40> <FuncUnit> <Opcode : 'select'> <InPorts = 3> <OutPorts = 1>
ST_4 : Operation 41 [1/1] (0.00ns)   --->   "%p_Result_i_i_39 = call i61 @_ssdm_op_PartSelect.i61.i124.i32.i32(i124 %p_Val2_7, i32 63, i32 123) nounwind" [r:/builds/2020.1/continuous/2020_05_27_2902540/src/products/hls/hls_lib/hlsmath/include/FloatingPoint/hls_normalize.h:101->r:/builds/2020.1/continuous/2020_05_27_2902540/src/products/hls/hls_lib/hlsmath/include/FloatingPoint/hls_range_redux.h:524->r:/builds/2020.1/continuous/2020_05_27_2902540/src/products/hls/hls_lib/hlsmath/include/FloatingPoint\hls_hotbm.h:268]   --->   Operation 41 'partselect' 'p_Result_i_i_39' <Predicate = true> <Delay = 0.00>
ST_4 : Operation 42 [1/1] (0.00ns)   --->   "%p_Result_16 = call i62 @_ssdm_op_BitConcatenate.i62.i61.i1(i61 %p_Result_i_i_39, i1 true) nounwind" [r:/builds/2020.1/continuous/2020_05_27_2902540/src/products/hls/hls_lib/hlsmath/include/FloatingPoint/hls_normalize.h:102->r:/builds/2020.1/continuous/2020_05_27_2902540/src/products/hls/hls_lib/hlsmath/include/FloatingPoint/hls_range_redux.h:524->r:/builds/2020.1/continuous/2020_05_27_2902540/src/products/hls/hls_lib/hlsmath/include/FloatingPoint\hls_hotbm.h:268]   --->   Operation 42 'bitconcatenate' 'p_Result_16' <Predicate = true> <Delay = 0.00>
ST_4 : Operation 43 [1/1] (0.00ns)   --->   "%p_Result_8 = call i62 @llvm.part.select.i62(i62 %p_Result_16, i32 61, i32 0) nounwind" [r:/builds/2020.1/continuous/2020_05_27_2902540/src/products/hls/hls_lib/hlsmath/include/FloatingPoint/hls_normalize.h:104->r:/builds/2020.1/continuous/2020_05_27_2902540/src/products/hls/hls_lib/hlsmath/include/FloatingPoint/hls_range_redux.h:524->r:/builds/2020.1/continuous/2020_05_27_2902540/src/products/hls/hls_lib/hlsmath/include/FloatingPoint\hls_hotbm.h:268]   --->   Operation 43 'partselect' 'p_Result_8' <Predicate = true> <Delay = 0.00>
ST_4 : Operation 44 [1/1] (0.00ns)   --->   "%p_Result_17 = call i64 @_ssdm_op_BitConcatenate.i64.i2.i62(i2 -1, i62 %p_Result_8) nounwind" [r:/builds/2020.1/continuous/2020_05_27_2902540/src/products/hls/hls_lib/hlsmath/include/FloatingPoint/hls_normalize.h:104->r:/builds/2020.1/continuous/2020_05_27_2902540/src/products/hls/hls_lib/hlsmath/include/FloatingPoint/hls_range_redux.h:524->r:/builds/2020.1/continuous/2020_05_27_2902540/src/products/hls/hls_lib/hlsmath/include/FloatingPoint\hls_hotbm.h:268]   --->   Operation 44 'bitconcatenate' 'p_Result_17' <Predicate = true> <Delay = 0.00>
ST_4 : Operation 45 [1/1] (2.00ns)   --->   "%tmp_i_i = call i64 @llvm.cttz.i64(i64 %p_Result_17, i1 true) nounwind" [r:/builds/2020.1/continuous/2020_05_27_2902540/src/products/hls/hls_lib/hlsmath/include/FloatingPoint/hls_normalize.h:104->r:/builds/2020.1/continuous/2020_05_27_2902540/src/products/hls/hls_lib/hlsmath/include/FloatingPoint/hls_range_redux.h:524->r:/builds/2020.1/continuous/2020_05_27_2902540/src/products/hls/hls_lib/hlsmath/include/FloatingPoint\hls_hotbm.h:268]   --->   Operation 45 'cttz' 'tmp_i_i' <Predicate = true> <Delay = 2.00> <Core = "CTTZ">   --->   Core 64 'CTTZ' <Latency = 0> <II = 1> <Delay = 2.00> <FuncUnit> <Opcode : 'cttz'> <InPorts = 1> <OutPorts = 1>
ST_4 : Operation 46 [1/1] (0.00ns)   --->   "%Mx_zeros_V = trunc i64 %tmp_i_i to i6" [r:/builds/2020.1/continuous/2020_05_27_2902540/src/products/hls/hls_lib/hlsmath/include/FloatingPoint/hls_range_redux.h:524->r:/builds/2020.1/continuous/2020_05_27_2902540/src/products/hls/hls_lib/hlsmath/include/FloatingPoint\hls_hotbm.h:268]   --->   Operation 46 'trunc' 'Mx_zeros_V' <Predicate = true> <Delay = 0.00>
ST_4 : Operation 47 [1/1] (0.00ns)   --->   "%zext_ln1253 = zext i6 %Mx_zeros_V to i124" [r:/builds/2020.1/continuous/2020_05_27_2902540/src/products/hls/hls_lib/hlsmath/include/FloatingPoint/hls_range_redux.h:533->r:/builds/2020.1/continuous/2020_05_27_2902540/src/products/hls/hls_lib/hlsmath/include/FloatingPoint\hls_hotbm.h:268]   --->   Operation 47 'zext' 'zext_ln1253' <Predicate = true> <Delay = 0.00>
ST_4 : Operation 48 [1/1] (1.71ns)   --->   "%r_V_18 = shl i124 %p_Val2_7, %zext_ln1253" [r:/builds/2020.1/continuous/2020_05_27_2902540/src/products/hls/hls_lib/hlsmath/include/FloatingPoint/hls_range_redux.h:533->r:/builds/2020.1/continuous/2020_05_27_2902540/src/products/hls/hls_lib/hlsmath/include/FloatingPoint\hls_hotbm.h:268]   --->   Operation 48 'shl' 'r_V_18' <Predicate = true> <Delay = 1.71> <Core = "Shift">   --->   Core 28 'Shift' <Latency = 0> <II = 1> <Delay = 1.71> <FuncUnit> <Opcode : 'shl' 'lshr' 'ashr'> <InPorts = 2> <OutPorts = 1>
ST_4 : Operation 49 [1/1] (0.00ns)   --->   "%Mx_V = call i63 @_ssdm_op_PartSelect.i63.i124.i32.i32(i124 %r_V_18, i32 61, i32 123)" [r:/builds/2020.1/continuous/2020_05_27_2902540/src/products/hls/hls_lib/hlsmath/include/FloatingPoint/hls_range_redux.h:533->r:/builds/2020.1/continuous/2020_05_27_2902540/src/products/hls/hls_lib/hlsmath/include/FloatingPoint\hls_hotbm.h:268]   --->   Operation 49 'partselect' 'Mx_V' <Predicate = true> <Delay = 0.00>
ST_4 : Operation 50 [1/1] (0.00ns) (grouped into LUT with out node Ex_V)   --->   "%zext_ln655 = zext i6 %Mx_zeros_V to i11" [r:/builds/2020.1/continuous/2020_05_27_2902540/src/products/hls/hls_lib/hlsmath/include/FloatingPoint/hls_range_redux.h:534->r:/builds/2020.1/continuous/2020_05_27_2902540/src/products/hls/hls_lib/hlsmath/include/FloatingPoint\hls_hotbm.h:268]   --->   Operation 50 'zext' 'zext_ln655' <Predicate = true> <Delay = 0.00>
ST_4 : Operation 51 [1/1] (0.94ns) (out node of the LUT)   --->   "%Ex_V = sub i11 %select_ln482, %zext_ln655" [r:/builds/2020.1/continuous/2020_05_27_2902540/src/products/hls/hls_lib/hlsmath/include/FloatingPoint/hls_range_redux.h:534->r:/builds/2020.1/continuous/2020_05_27_2902540/src/products/hls/hls_lib/hlsmath/include/FloatingPoint\hls_hotbm.h:268]   --->   Operation 51 'sub' 'Ex_V' <Predicate = true> <Delay = 0.94> <Core = "AddSub">   --->   Core 14 'AddSub' <Latency = 0> <II = 1> <Delay = 0.94> <FuncUnit> <Opcode : 'add' 'sub'> <InPorts = 2> <OutPorts = 1>
ST_4 : Operation 52 [1/1] (0.00ns)   --->   "%isNeg = call i1 @_ssdm_op_BitSelect.i1.i11.i32(i11 %Ex_V, i32 10)" [r:/builds/2020.1/continuous/2020_05_27_2902540/src/products/hls/hls_lib/hlsmath/include/FloatingPoint/hls_range_redux.h:535->r:/builds/2020.1/continuous/2020_05_27_2902540/src/products/hls/hls_lib/hlsmath/include/FloatingPoint\hls_hotbm.h:268]   --->   Operation 52 'bitselect' 'isNeg' <Predicate = true> <Delay = 0.00>
ST_4 : Operation 53 [1/1] (0.85ns)   --->   "%icmp_ln833 = icmp eq i11 %tmp_V, 0" [r:/builds/2020.1/continuous/2020_05_27_2902540/src/products/hls/hls_lib/hlsmath/include/FloatingPoint\hls_hotbm.h:300]   --->   Operation 53 'icmp' 'icmp_ln833' <Predicate = true> <Delay = 0.85> <Core = "Cmp">   --->   Core 25 'Cmp' <Latency = 0> <II = 1> <Delay = 0.85> <FuncUnit> <Opcode : 'icmp'> <InPorts = 2> <OutPorts = 1>
ST_4 : Operation 54 [1/1] (0.85ns)   --->   "%icmp_ln833_2 = icmp eq i11 %tmp_V, -1" [r:/builds/2020.1/continuous/2020_05_27_2902540/src/products/hls/hls_lib/hlsmath/include/FloatingPoint\hls_hotbm.h:311]   --->   Operation 54 'icmp' 'icmp_ln833_2' <Predicate = true> <Delay = 0.85> <Core = "Cmp">   --->   Core 25 'Cmp' <Latency = 0> <II = 1> <Delay = 0.85> <FuncUnit> <Opcode : 'icmp'> <InPorts = 2> <OutPorts = 1>

State 5 <SV = 4> <Delay = 7.77>
ST_5 : Operation 55 [1/1] (0.00ns)   --->   "%do_cos_read = call i1 @_ssdm_op_Read.ap_auto.i1(i1 %do_cos) nounwind" [r:/builds/2020.1/continuous/2020_05_27_2902540/src/products/hls/hls_lib/hlsmath/include/FloatingPoint\hls_hotbm.h:238]   --->   Operation 55 'read' 'do_cos_read' <Predicate = true> <Delay = 0.00>
ST_5 : Operation 56 [1/1] (0.00ns)   --->   "%sext_ln1334 = sext i11 %Ex_V to i12" [r:/builds/2020.1/continuous/2020_05_27_2902540/src/products/hls/hls_lib/hlsmath/include/FloatingPoint/hls_range_redux.h:535->r:/builds/2020.1/continuous/2020_05_27_2902540/src/products/hls/hls_lib/hlsmath/include/FloatingPoint\hls_hotbm.h:268]   --->   Operation 56 'sext' 'sext_ln1334' <Predicate = true> <Delay = 0.00>
ST_5 : Operation 57 [1/1] (0.94ns)   --->   "%sub_ln1311 = sub i12 0, %sext_ln1334" [r:/builds/2020.1/continuous/2020_05_27_2902540/src/products/hls/hls_lib/hlsmath/include/FloatingPoint/hls_range_redux.h:535->r:/builds/2020.1/continuous/2020_05_27_2902540/src/products/hls/hls_lib/hlsmath/include/FloatingPoint\hls_hotbm.h:268]   --->   Operation 57 'sub' 'sub_ln1311' <Predicate = (isNeg)> <Delay = 0.94> <Core = "AddSub">   --->   Core 14 'AddSub' <Latency = 0> <II = 1> <Delay = 0.94> <FuncUnit> <Opcode : 'add' 'sub'> <InPorts = 2> <OutPorts = 1>
ST_5 : Operation 58 [1/1] (0.43ns)   --->   "%ush = select i1 %isNeg, i12 %sub_ln1311, i12 %sext_ln1334" [r:/builds/2020.1/continuous/2020_05_27_2902540/src/products/hls/hls_lib/hlsmath/include/FloatingPoint/hls_range_redux.h:535->r:/builds/2020.1/continuous/2020_05_27_2902540/src/products/hls/hls_lib/hlsmath/include/FloatingPoint\hls_hotbm.h:268]   --->   Operation 58 'select' 'ush' <Predicate = true> <Delay = 0.43> <Core = "Sel">   --->   Core 26 'Sel' <Latency = 0> <II = 1> <Delay = 0.40> <FuncUnit> <Opcode : 'select'> <InPorts = 3> <OutPorts = 1>
ST_5 : Operation 59 [1/1] (0.00ns)   --->   "%sext_ln1311 = sext i12 %ush to i32" [r:/builds/2020.1/continuous/2020_05_27_2902540/src/products/hls/hls_lib/hlsmath/include/FloatingPoint/hls_range_redux.h:535->r:/builds/2020.1/continuous/2020_05_27_2902540/src/products/hls/hls_lib/hlsmath/include/FloatingPoint\hls_hotbm.h:268]   --->   Operation 59 'sext' 'sext_ln1311' <Predicate = true> <Delay = 0.00>
ST_5 : Operation 60 [1/1] (0.00ns)   --->   "%zext_ln1287 = zext i32 %sext_ln1311 to i63" [r:/builds/2020.1/continuous/2020_05_27_2902540/src/products/hls/hls_lib/hlsmath/include/FloatingPoint/hls_range_redux.h:535->r:/builds/2020.1/continuous/2020_05_27_2902540/src/products/hls/hls_lib/hlsmath/include/FloatingPoint\hls_hotbm.h:268]   --->   Operation 60 'zext' 'zext_ln1287' <Predicate = true> <Delay = 0.00>
ST_5 : Operation 61 [1/1] (0.00ns) (grouped into LUT with out node r_V_19)   --->   "%r_V = lshr i63 %Mx_V, %zext_ln1287" [r:/builds/2020.1/continuous/2020_05_27_2902540/src/products/hls/hls_lib/hlsmath/include/FloatingPoint/hls_range_redux.h:535->r:/builds/2020.1/continuous/2020_05_27_2902540/src/products/hls/hls_lib/hlsmath/include/FloatingPoint\hls_hotbm.h:268]   --->   Operation 61 'lshr' 'r_V' <Predicate = (isNeg)> <Delay = 0.00> <Core = "Shift">   --->   Core 28 'Shift' <Latency = 0> <II = 1> <Delay = 1.71> <FuncUnit> <Opcode : 'shl' 'lshr' 'ashr'> <InPorts = 2> <OutPorts = 1>
ST_5 : Operation 62 [1/1] (0.00ns) (grouped into LUT with out node r_V_19)   --->   "%r_V_3 = shl i63 %Mx_V, %zext_ln1287" [r:/builds/2020.1/continuous/2020_05_27_2902540/src/products/hls/hls_lib/hlsmath/include/FloatingPoint/hls_range_redux.h:535->r:/builds/2020.1/continuous/2020_05_27_2902540/src/products/hls/hls_lib/hlsmath/include/FloatingPoint\hls_hotbm.h:268]   --->   Operation 62 'shl' 'r_V_3' <Predicate = (!isNeg)> <Delay = 0.00> <Core = "Shift">   --->   Core 28 'Shift' <Latency = 0> <II = 1> <Delay = 1.71> <FuncUnit> <Opcode : 'shl' 'lshr' 'ashr'> <InPorts = 2> <OutPorts = 1>
ST_5 : Operation 63 [1/1] (1.71ns) (out node of the LUT)   --->   "%r_V_19 = select i1 %isNeg, i63 %r_V, i63 %r_V_3" [r:/builds/2020.1/continuous/2020_05_27_2902540/src/products/hls/hls_lib/hlsmath/include/FloatingPoint/hls_range_redux.h:535->r:/builds/2020.1/continuous/2020_05_27_2902540/src/products/hls/hls_lib/hlsmath/include/FloatingPoint\hls_hotbm.h:268]   --->   Operation 63 'select' 'r_V_19' <Predicate = true> <Delay = 1.71> <Core = "Sel">   --->   Core 26 'Sel' <Latency = 0> <II = 1> <Delay = 0.40> <FuncUnit> <Opcode : 'select'> <InPorts = 3> <OutPorts = 1>
ST_5 : Operation 64 [1/1] (0.54ns)   --->   "%tmp = call i1 @_ssdm_op_Mux.ap_auto.8i1.i3(i1 false, i1 true, i1 true, i1 false, i1 false, i1 true, i1 true, i1 false, i3 %p_Val2_30) nounwind" [r:/builds/2020.1/continuous/2020_05_27_2902540/src/products/hls/hls_lib/hlsmath/include/FloatingPoint\hls_hotbm.h:271]   --->   Operation 64 'mux' 'tmp' <Predicate = true> <Delay = 0.54> <Core = "MuxnS">   --->   Core 31 'MuxnS' <Latency = 0> <II = 1> <Delay = 0.57> <FuncUnit> <Opcode : 'mux'> <InPorts = 2> <OutPorts = 1>
ST_5 : Operation 65 [1/1] (0.00ns)   --->   "%p_Result_i = call i7 @_ssdm_op_PartSelect.i7.i63.i32.i32(i63 %r_V_19, i32 56, i32 62) nounwind" [r:/builds/2020.1/continuous/2020_05_27_2902540/src/products/hls/hls_lib/hlsmath/src/common/hls_hotbm_double.cpp:22->r:/builds/2020.1/continuous/2020_05_27_2902540/src/products/hls/hls_lib/hlsmath/include/FloatingPoint\hls_hotbm.h:279]   --->   Operation 65 'partselect' 'p_Result_i' <Predicate = true> <Delay = 0.00>
ST_5 : Operation 66 [1/1] (0.00ns)   --->   "%B_V = trunc i63 %r_V_19 to i56" [r:/builds/2020.1/continuous/2020_05_27_2902540/src/products/hls/hls_lib/hlsmath/src/common/hls_hotbm_double.cpp:23->r:/builds/2020.1/continuous/2020_05_27_2902540/src/products/hls/hls_lib/hlsmath/include/FloatingPoint\hls_hotbm.h:279]   --->   Operation 66 'trunc' 'B_V' <Predicate = true> <Delay = 0.00>
ST_5 : Operation 67 [1/1] (0.00ns)   --->   "%B_trunc_V = call i49 @_ssdm_op_PartSelect.i49.i63.i32.i32(i63 %r_V_19, i32 7, i32 55)" [r:/builds/2020.1/continuous/2020_05_27_2902540/src/products/hls/hls_lib/hlsmath/src/common/hls_hotbm_double.cpp:24->r:/builds/2020.1/continuous/2020_05_27_2902540/src/products/hls/hls_lib/hlsmath/include/FloatingPoint\hls_hotbm.h:279]   --->   Operation 67 'partselect' 'B_trunc_V' <Predicate = true> <Delay = 0.00>
ST_5 : Operation 68 [1/1] (0.00ns)   --->   "%r_V_5 = zext i49 %B_trunc_V to i98" [r:/builds/2020.1/continuous/2020_05_27_2902540/src/products/hls/hls_lib/hlsmath/src/common/hls_hotbm_double.cpp:25->r:/builds/2020.1/continuous/2020_05_27_2902540/src/products/hls/hls_lib/hlsmath/include/FloatingPoint\hls_hotbm.h:279]   --->   Operation 68 'zext' 'r_V_5' <Predicate = true> <Delay = 0.00>
ST_5 : Operation 69 [1/1] (4.68ns)   --->   "%r_V_20 = mul i98 %r_V_5, %r_V_5" [r:/builds/2020.1/continuous/2020_05_27_2902540/src/products/hls/hls_lib/hlsmath/src/common/hls_hotbm_double.cpp:25->r:/builds/2020.1/continuous/2020_05_27_2902540/src/products/hls/hls_lib/hlsmath/include/FloatingPoint\hls_hotbm.h:279]   --->   Operation 69 'mul' 'r_V_20' <Predicate = true> <Delay = 4.68> <Core = "Mul">   --->   Core 16 'Mul' <Latency = 0> <II = 1> <Delay = 5.55> <FuncUnit> <Opcode : 'mul'> <InPorts = 2> <OutPorts = 1>
ST_5 : Operation 70 [1/1] (0.00ns)   --->   "%B_squared_V = call i49 @_ssdm_op_PartSelect.i49.i98.i32.i32(i98 %r_V_20, i32 49, i32 97)" [r:/builds/2020.1/continuous/2020_05_27_2902540/src/products/hls/hls_lib/hlsmath/src/common/hls_hotbm_double.cpp:25->r:/builds/2020.1/continuous/2020_05_27_2902540/src/products/hls/hls_lib/hlsmath/include/FloatingPoint\hls_hotbm.h:279]   --->   Operation 70 'partselect' 'B_squared_V' <Predicate = true> <Delay = 0.00>
ST_5 : Operation 71 [1/1] (0.33ns)   --->   "%xor_ln29 = xor i1 %do_cos_read, true" [r:/builds/2020.1/continuous/2020_05_27_2902540/src/products/hls/hls_lib/hlsmath/src/common/hls_hotbm_double.cpp:29->r:/builds/2020.1/continuous/2020_05_27_2902540/src/products/hls/hls_lib/hlsmath/include/FloatingPoint\hls_hotbm.h:279]   --->   Operation 71 'xor' 'xor_ln29' <Predicate = true> <Delay = 0.33> <Core = "LogicGate">   --->   Core 27 'LogicGate' <Latency = 0> <II = 1> <Delay = 0.33> <FuncUnit> <Opcode : 'and' 'or' 'xor'> <InPorts = 2> <OutPorts = 1>
ST_5 : Operation 72 [1/1] (0.33ns)   --->   "%sin_basis = xor i1 %tmp, %xor_ln29" [r:/builds/2020.1/continuous/2020_05_27_2902540/src/products/hls/hls_lib/hlsmath/src/common/hls_hotbm_double.cpp:29->r:/builds/2020.1/continuous/2020_05_27_2902540/src/products/hls/hls_lib/hlsmath/include/FloatingPoint\hls_hotbm.h:279]   --->   Operation 72 'xor' 'sin_basis' <Predicate = true> <Delay = 0.33> <Core = "LogicGate">   --->   Core 27 'LogicGate' <Latency = 0> <II = 1> <Delay = 0.33> <FuncUnit> <Opcode : 'and' 'or' 'xor'> <InPorts = 2> <OutPorts = 1>
ST_5 : Operation 73 [1/1] (0.00ns)   --->   "%p_Result_18 = call i8 @_ssdm_op_BitConcatenate.i8.i1.i7(i1 %sin_basis, i7 %p_Result_i) nounwind" [r:/builds/2020.1/continuous/2020_05_27_2902540/src/products/hls/hls_lib/hlsmath/src/common/hls_hotbm_double.cpp:30->r:/builds/2020.1/continuous/2020_05_27_2902540/src/products/hls/hls_lib/hlsmath/include/FloatingPoint\hls_hotbm.h:279]   --->   Operation 73 'bitconcatenate' 'p_Result_18' <Predicate = true> <Delay = 0.00>
ST_5 : Operation 74 [1/1] (0.00ns)   --->   "%zext_ln498 = zext i8 %p_Result_18 to i64" [r:/builds/2020.1/continuous/2020_05_27_2902540/src/products/hls/hls_lib/hlsmath/src/common/hls_hotbm_double.cpp:32->r:/builds/2020.1/continuous/2020_05_27_2902540/src/products/hls/hls_lib/hlsmath/include/FloatingPoint\hls_hotbm.h:279]   --->   Operation 74 'zext' 'zext_ln498' <Predicate = true> <Delay = 0.00>
ST_5 : Operation 75 [1/1] (0.00ns)   --->   "%fourth_order_double_8 = getelementptr [256 x i59]* @fourth_order_double_4, i64 0, i64 %zext_ln498" [r:/builds/2020.1/continuous/2020_05_27_2902540/src/products/hls/hls_lib/hlsmath/src/common/hls_hotbm_double.cpp:32->r:/builds/2020.1/continuous/2020_05_27_2902540/src/products/hls/hls_lib/hlsmath/include/FloatingPoint\hls_hotbm.h:279]   --->   Operation 75 'getelementptr' 'fourth_order_double_8' <Predicate = true> <Delay = 0.00>
ST_5 : Operation 76 [2/2] (1.35ns)   --->   "%p_Val2_15 = load i59* %fourth_order_double_8, align 8" [r:/builds/2020.1/continuous/2020_05_27_2902540/src/products/hls/hls_lib/hlsmath/src/common/hls_hotbm_double.cpp:32->r:/builds/2020.1/continuous/2020_05_27_2902540/src/products/hls/hls_lib/hlsmath/include/FloatingPoint\hls_hotbm.h:279]   --->   Operation 76 'load' 'p_Val2_15' <Predicate = true> <Delay = 1.35> <Core = "ROM_1P_LUTRAM">   --->   Core 60 'ROM_1P_LUTRAM' <Latency = 1> <II = 1> <Delay = 1.35> <Storage> <Opcode : 'load'> <Ports = 1> <Width = 25> <Depth = 256> <ROM>
ST_5 : Operation 77 [1/1] (0.00ns)   --->   "%fourth_order_double_9 = getelementptr [256 x i52]* @fourth_order_double_5, i64 0, i64 %zext_ln498" [r:/builds/2020.1/continuous/2020_05_27_2902540/src/products/hls/hls_lib/hlsmath/src/common/hls_hotbm_double.cpp:33->r:/builds/2020.1/continuous/2020_05_27_2902540/src/products/hls/hls_lib/hlsmath/include/FloatingPoint\hls_hotbm.h:279]   --->   Operation 77 'getelementptr' 'fourth_order_double_9' <Predicate = true> <Delay = 0.00>
ST_5 : Operation 78 [2/2] (1.35ns)   --->   "%fourth_order_double_10 = load i52* %fourth_order_double_9, align 8" [r:/builds/2020.1/continuous/2020_05_27_2902540/src/products/hls/hls_lib/hlsmath/src/common/hls_hotbm_double.cpp:33->r:/builds/2020.1/continuous/2020_05_27_2902540/src/products/hls/hls_lib/hlsmath/include/FloatingPoint\hls_hotbm.h:279]   --->   Operation 78 'load' 'fourth_order_double_10' <Predicate = true> <Delay = 1.35> <Core = "ROM_1P_LUTRAM">   --->   Core 60 'ROM_1P_LUTRAM' <Latency = 1> <II = 1> <Delay = 1.35> <Storage> <Opcode : 'load'> <Ports = 1> <Width = 25> <Depth = 256> <ROM>
ST_5 : Operation 79 [1/1] (0.00ns)   --->   "%fourth_order_double_11 = getelementptr [256 x i44]* @fourth_order_double_6, i64 0, i64 %zext_ln498" [r:/builds/2020.1/continuous/2020_05_27_2902540/src/products/hls/hls_lib/hlsmath/src/common/hls_hotbm_double.cpp:34->r:/builds/2020.1/continuous/2020_05_27_2902540/src/products/hls/hls_lib/hlsmath/include/FloatingPoint\hls_hotbm.h:279]   --->   Operation 79 'getelementptr' 'fourth_order_double_11' <Predicate = true> <Delay = 0.00>
ST_5 : Operation 80 [2/2] (1.35ns)   --->   "%fourth_order_double_12 = load i44* %fourth_order_double_11, align 8" [r:/builds/2020.1/continuous/2020_05_27_2902540/src/products/hls/hls_lib/hlsmath/src/common/hls_hotbm_double.cpp:34->r:/builds/2020.1/continuous/2020_05_27_2902540/src/products/hls/hls_lib/hlsmath/include/FloatingPoint\hls_hotbm.h:279]   --->   Operation 80 'load' 'fourth_order_double_12' <Predicate = true> <Delay = 1.35> <Core = "ROM_1P_LUTRAM">   --->   Core 60 'ROM_1P_LUTRAM' <Latency = 1> <II = 1> <Delay = 1.35> <Storage> <Opcode : 'load'> <Ports = 1> <Width = 25> <Depth = 256> <ROM>
ST_5 : Operation 81 [1/1] (0.00ns)   --->   "%fourth_order_double_13 = getelementptr [256 x i33]* @fourth_order_double_7, i64 0, i64 %zext_ln498" [r:/builds/2020.1/continuous/2020_05_27_2902540/src/products/hls/hls_lib/hlsmath/src/common/hls_hotbm_double.cpp:35->r:/builds/2020.1/continuous/2020_05_27_2902540/src/products/hls/hls_lib/hlsmath/include/FloatingPoint\hls_hotbm.h:279]   --->   Operation 81 'getelementptr' 'fourth_order_double_13' <Predicate = true> <Delay = 0.00>
ST_5 : Operation 82 [2/2] (1.35ns)   --->   "%fourth_order_double_14 = load i33* %fourth_order_double_13, align 8" [r:/builds/2020.1/continuous/2020_05_27_2902540/src/products/hls/hls_lib/hlsmath/src/common/hls_hotbm_double.cpp:35->r:/builds/2020.1/continuous/2020_05_27_2902540/src/products/hls/hls_lib/hlsmath/include/FloatingPoint\hls_hotbm.h:279]   --->   Operation 82 'load' 'fourth_order_double_14' <Predicate = true> <Delay = 1.35> <Core = "ROM_1P_LUTRAM">   --->   Core 60 'ROM_1P_LUTRAM' <Latency = 1> <II = 1> <Delay = 1.35> <Storage> <Opcode : 'load'> <Ports = 1> <Width = 25> <Depth = 256> <ROM>
ST_5 : Operation 83 [1/1] (0.00ns)   --->   "%fourth_order_double_15 = getelementptr [256 x i25]* @fourth_order_double_s, i64 0, i64 %zext_ln498" [r:/builds/2020.1/continuous/2020_05_27_2902540/src/products/hls/hls_lib/hlsmath/src/common/hls_hotbm_double.cpp:36->r:/builds/2020.1/continuous/2020_05_27_2902540/src/products/hls/hls_lib/hlsmath/include/FloatingPoint\hls_hotbm.h:279]   --->   Operation 83 'getelementptr' 'fourth_order_double_15' <Predicate = true> <Delay = 0.00>
ST_5 : Operation 84 [2/2] (1.35ns)   --->   "%fourth_order_double_16 = load i25* %fourth_order_double_15, align 4" [r:/builds/2020.1/continuous/2020_05_27_2902540/src/products/hls/hls_lib/hlsmath/src/common/hls_hotbm_double.cpp:36->r:/builds/2020.1/continuous/2020_05_27_2902540/src/products/hls/hls_lib/hlsmath/include/FloatingPoint\hls_hotbm.h:279]   --->   Operation 84 'load' 'fourth_order_double_16' <Predicate = true> <Delay = 1.35> <Core = "ROM_1P_LUTRAM">   --->   Core 60 'ROM_1P_LUTRAM' <Latency = 1> <II = 1> <Delay = 1.35> <Storage> <Opcode : 'load'> <Ports = 1> <Width = 25> <Depth = 256> <ROM>

State 6 <SV = 5> <Delay = 8.63>
ST_6 : Operation 85 [1/1] (0.00ns)   --->   "%r_V_8 = zext i49 %B_squared_V to i98" [r:/builds/2020.1/continuous/2020_05_27_2902540/src/products/hls/hls_lib/hlsmath/src/common/hls_hotbm_double.cpp:26->r:/builds/2020.1/continuous/2020_05_27_2902540/src/products/hls/hls_lib/hlsmath/include/FloatingPoint\hls_hotbm.h:279]   --->   Operation 85 'zext' 'r_V_8' <Predicate = true> <Delay = 0.00>
ST_6 : Operation 86 [1/1] (4.68ns)   --->   "%r_V_21 = mul i98 %r_V_5, %r_V_8" [r:/builds/2020.1/continuous/2020_05_27_2902540/src/products/hls/hls_lib/hlsmath/src/common/hls_hotbm_double.cpp:26->r:/builds/2020.1/continuous/2020_05_27_2902540/src/products/hls/hls_lib/hlsmath/include/FloatingPoint\hls_hotbm.h:279]   --->   Operation 86 'mul' 'r_V_21' <Predicate = true> <Delay = 4.68> <Core = "Mul">   --->   Core 16 'Mul' <Latency = 0> <II = 1> <Delay = 5.55> <FuncUnit> <Opcode : 'mul'> <InPorts = 2> <OutPorts = 1>
ST_6 : Operation 87 [1/1] (0.00ns)   --->   "%B_third_power_V = call i42 @_ssdm_op_PartSelect.i42.i98.i32.i32(i98 %r_V_21, i32 56, i32 97)" [r:/builds/2020.1/continuous/2020_05_27_2902540/src/products/hls/hls_lib/hlsmath/src/common/hls_hotbm_double.cpp:26->r:/builds/2020.1/continuous/2020_05_27_2902540/src/products/hls/hls_lib/hlsmath/include/FloatingPoint\hls_hotbm.h:279]   --->   Operation 87 'partselect' 'B_third_power_V' <Predicate = true> <Delay = 0.00>
ST_6 : Operation 88 [1/1] (4.68ns)   --->   "%r_V_22 = mul i98 %r_V_8, %r_V_8" [r:/builds/2020.1/continuous/2020_05_27_2902540/src/products/hls/hls_lib/hlsmath/src/common/hls_hotbm_double.cpp:27->r:/builds/2020.1/continuous/2020_05_27_2902540/src/products/hls/hls_lib/hlsmath/include/FloatingPoint\hls_hotbm.h:279]   --->   Operation 88 'mul' 'r_V_22' <Predicate = true> <Delay = 4.68> <Core = "Mul">   --->   Core 16 'Mul' <Latency = 0> <II = 1> <Delay = 5.55> <FuncUnit> <Opcode : 'mul'> <InPorts = 2> <OutPorts = 1>
ST_6 : Operation 89 [1/1] (0.00ns)   --->   "%B_fourth_power_V = call i35 @_ssdm_op_PartSelect.i35.i98.i32.i32(i98 %r_V_22, i32 63, i32 97)" [r:/builds/2020.1/continuous/2020_05_27_2902540/src/products/hls/hls_lib/hlsmath/src/common/hls_hotbm_double.cpp:27->r:/builds/2020.1/continuous/2020_05_27_2902540/src/products/hls/hls_lib/hlsmath/include/FloatingPoint\hls_hotbm.h:279]   --->   Operation 89 'partselect' 'B_fourth_power_V' <Predicate = true> <Delay = 0.00>
ST_6 : Operation 90 [1/2] (1.35ns)   --->   "%p_Val2_15 = load i59* %fourth_order_double_8, align 8" [r:/builds/2020.1/continuous/2020_05_27_2902540/src/products/hls/hls_lib/hlsmath/src/common/hls_hotbm_double.cpp:32->r:/builds/2020.1/continuous/2020_05_27_2902540/src/products/hls/hls_lib/hlsmath/include/FloatingPoint\hls_hotbm.h:279]   --->   Operation 90 'load' 'p_Val2_15' <Predicate = true> <Delay = 1.35> <Core = "ROM_1P_LUTRAM">   --->   Core 60 'ROM_1P_LUTRAM' <Latency = 1> <II = 1> <Delay = 1.35> <Storage> <Opcode : 'load'> <Ports = 1> <Width = 25> <Depth = 256> <ROM>
ST_6 : Operation 91 [1/1] (0.00ns)   --->   "%t1_V = call i63 @_ssdm_op_BitConcatenate.i63.i59.i4(i59 %p_Val2_15, i4 0)" [r:/builds/2020.1/continuous/2020_05_27_2902540/src/products/hls/hls_lib/hlsmath/src/common/hls_hotbm_double.cpp:32->r:/builds/2020.1/continuous/2020_05_27_2902540/src/products/hls/hls_lib/hlsmath/include/FloatingPoint\hls_hotbm.h:279]   --->   Operation 91 'bitconcatenate' 't1_V' <Predicate = true> <Delay = 0.00>
ST_6 : Operation 92 [1/1] (0.00ns)   --->   "%r_V_10 = zext i56 %B_V to i108" [r:/builds/2020.1/continuous/2020_05_27_2902540/src/products/hls/hls_lib/hlsmath/src/common/hls_hotbm_double.cpp:33->r:/builds/2020.1/continuous/2020_05_27_2902540/src/products/hls/hls_lib/hlsmath/include/FloatingPoint\hls_hotbm.h:279]   --->   Operation 92 'zext' 'r_V_10' <Predicate = true> <Delay = 0.00>
ST_6 : Operation 93 [1/2] (1.35ns)   --->   "%fourth_order_double_10 = load i52* %fourth_order_double_9, align 8" [r:/builds/2020.1/continuous/2020_05_27_2902540/src/products/hls/hls_lib/hlsmath/src/common/hls_hotbm_double.cpp:33->r:/builds/2020.1/continuous/2020_05_27_2902540/src/products/hls/hls_lib/hlsmath/include/FloatingPoint\hls_hotbm.h:279]   --->   Operation 93 'load' 'fourth_order_double_10' <Predicate = true> <Delay = 1.35> <Core = "ROM_1P_LUTRAM">   --->   Core 60 'ROM_1P_LUTRAM' <Latency = 1> <II = 1> <Delay = 1.35> <Storage> <Opcode : 'load'> <Ports = 1> <Width = 25> <Depth = 256> <ROM>
ST_6 : Operation 94 [1/1] (0.00ns)   --->   "%sext_ln1072 = sext i52 %fourth_order_double_10 to i108" [r:/builds/2020.1/continuous/2020_05_27_2902540/src/products/hls/hls_lib/hlsmath/src/common/hls_hotbm_double.cpp:33->r:/builds/2020.1/continuous/2020_05_27_2902540/src/products/hls/hls_lib/hlsmath/include/FloatingPoint\hls_hotbm.h:279]   --->   Operation 94 'sext' 'sext_ln1072' <Predicate = true> <Delay = 0.00>
ST_6 : Operation 95 [1/1] (4.79ns)   --->   "%r_V_23 = mul nsw i108 %r_V_10, %sext_ln1072" [r:/builds/2020.1/continuous/2020_05_27_2902540/src/products/hls/hls_lib/hlsmath/src/common/hls_hotbm_double.cpp:33->r:/builds/2020.1/continuous/2020_05_27_2902540/src/products/hls/hls_lib/hlsmath/include/FloatingPoint\hls_hotbm.h:279]   --->   Operation 95 'mul' 'r_V_23' <Predicate = true> <Delay = 4.79> <Core = "Mul">   --->   Core 16 'Mul' <Latency = 0> <II = 1> <Delay = 5.55> <FuncUnit> <Opcode : 'mul'> <InPorts = 2> <OutPorts = 1>
ST_6 : Operation 96 [1/1] (0.00ns)   --->   "%trunc_ln1 = call i56 @_ssdm_op_PartSelect.i56.i108.i32.i32(i108 %r_V_23, i32 52, i32 107)" [r:/builds/2020.1/continuous/2020_05_27_2902540/src/products/hls/hls_lib/hlsmath/src/common/hls_hotbm_double.cpp:33->r:/builds/2020.1/continuous/2020_05_27_2902540/src/products/hls/hls_lib/hlsmath/include/FloatingPoint\hls_hotbm.h:279]   --->   Operation 96 'partselect' 'trunc_ln1' <Predicate = true> <Delay = 0.00>
ST_6 : Operation 97 [1/1] (0.00ns)   --->   "%r_V_12 = zext i49 %B_squared_V to i93" [r:/builds/2020.1/continuous/2020_05_27_2902540/src/products/hls/hls_lib/hlsmath/src/common/hls_hotbm_double.cpp:34->r:/builds/2020.1/continuous/2020_05_27_2902540/src/products/hls/hls_lib/hlsmath/include/FloatingPoint\hls_hotbm.h:279]   --->   Operation 97 'zext' 'r_V_12' <Predicate = true> <Delay = 0.00>
ST_6 : Operation 98 [1/2] (1.35ns)   --->   "%fourth_order_double_12 = load i44* %fourth_order_double_11, align 8" [r:/builds/2020.1/continuous/2020_05_27_2902540/src/products/hls/hls_lib/hlsmath/src/common/hls_hotbm_double.cpp:34->r:/builds/2020.1/continuous/2020_05_27_2902540/src/products/hls/hls_lib/hlsmath/include/FloatingPoint\hls_hotbm.h:279]   --->   Operation 98 'load' 'fourth_order_double_12' <Predicate = true> <Delay = 1.35> <Core = "ROM_1P_LUTRAM">   --->   Core 60 'ROM_1P_LUTRAM' <Latency = 1> <II = 1> <Delay = 1.35> <Storage> <Opcode : 'load'> <Ports = 1> <Width = 25> <Depth = 256> <ROM>
ST_6 : Operation 99 [1/1] (0.00ns)   --->   "%sext_ln1072_1 = sext i44 %fourth_order_double_12 to i93" [r:/builds/2020.1/continuous/2020_05_27_2902540/src/products/hls/hls_lib/hlsmath/src/common/hls_hotbm_double.cpp:34->r:/builds/2020.1/continuous/2020_05_27_2902540/src/products/hls/hls_lib/hlsmath/include/FloatingPoint\hls_hotbm.h:279]   --->   Operation 99 'sext' 'sext_ln1072_1' <Predicate = true> <Delay = 0.00>
ST_6 : Operation 100 [1/1] (4.68ns)   --->   "%r_V_24 = mul nsw i93 %r_V_12, %sext_ln1072_1" [r:/builds/2020.1/continuous/2020_05_27_2902540/src/products/hls/hls_lib/hlsmath/src/common/hls_hotbm_double.cpp:34->r:/builds/2020.1/continuous/2020_05_27_2902540/src/products/hls/hls_lib/hlsmath/include/FloatingPoint\hls_hotbm.h:279]   --->   Operation 100 'mul' 'r_V_24' <Predicate = true> <Delay = 4.68> <Core = "Mul">   --->   Core 16 'Mul' <Latency = 0> <II = 1> <Delay = 5.55> <FuncUnit> <Opcode : 'mul'> <InPorts = 2> <OutPorts = 1>
ST_6 : Operation 101 [1/1] (0.00ns)   --->   "%trunc_ln662_1 = call i48 @_ssdm_op_PartSelect.i48.i93.i32.i32(i93 %r_V_24, i32 45, i32 92)" [r:/builds/2020.1/continuous/2020_05_27_2902540/src/products/hls/hls_lib/hlsmath/src/common/hls_hotbm_double.cpp:34->r:/builds/2020.1/continuous/2020_05_27_2902540/src/products/hls/hls_lib/hlsmath/include/FloatingPoint\hls_hotbm.h:279]   --->   Operation 101 'partselect' 'trunc_ln662_1' <Predicate = true> <Delay = 0.00>
ST_6 : Operation 102 [1/2] (1.35ns)   --->   "%fourth_order_double_14 = load i33* %fourth_order_double_13, align 8" [r:/builds/2020.1/continuous/2020_05_27_2902540/src/products/hls/hls_lib/hlsmath/src/common/hls_hotbm_double.cpp:35->r:/builds/2020.1/continuous/2020_05_27_2902540/src/products/hls/hls_lib/hlsmath/include/FloatingPoint\hls_hotbm.h:279]   --->   Operation 102 'load' 'fourth_order_double_14' <Predicate = true> <Delay = 1.35> <Core = "ROM_1P_LUTRAM">   --->   Core 60 'ROM_1P_LUTRAM' <Latency = 1> <II = 1> <Delay = 1.35> <Storage> <Opcode : 'load'> <Ports = 1> <Width = 25> <Depth = 256> <ROM>
ST_6 : Operation 103 [1/1] (0.00ns)   --->   "%zext_ln1070_1 = zext i35 %B_fourth_power_V to i60" [r:/builds/2020.1/continuous/2020_05_27_2902540/src/products/hls/hls_lib/hlsmath/src/common/hls_hotbm_double.cpp:36->r:/builds/2020.1/continuous/2020_05_27_2902540/src/products/hls/hls_lib/hlsmath/include/FloatingPoint\hls_hotbm.h:279]   --->   Operation 103 'zext' 'zext_ln1070_1' <Predicate = true> <Delay = 0.00>
ST_6 : Operation 104 [1/2] (1.35ns)   --->   "%fourth_order_double_16 = load i25* %fourth_order_double_15, align 4" [r:/builds/2020.1/continuous/2020_05_27_2902540/src/products/hls/hls_lib/hlsmath/src/common/hls_hotbm_double.cpp:36->r:/builds/2020.1/continuous/2020_05_27_2902540/src/products/hls/hls_lib/hlsmath/include/FloatingPoint\hls_hotbm.h:279]   --->   Operation 104 'load' 'fourth_order_double_16' <Predicate = true> <Delay = 1.35> <Core = "ROM_1P_LUTRAM">   --->   Core 60 'ROM_1P_LUTRAM' <Latency = 1> <II = 1> <Delay = 1.35> <Storage> <Opcode : 'load'> <Ports = 1> <Width = 25> <Depth = 256> <ROM>
ST_6 : Operation 105 [1/1] (0.00ns)   --->   "%zext_ln1072_1 = zext i25 %fourth_order_double_16 to i60" [r:/builds/2020.1/continuous/2020_05_27_2902540/src/products/hls/hls_lib/hlsmath/src/common/hls_hotbm_double.cpp:36->r:/builds/2020.1/continuous/2020_05_27_2902540/src/products/hls/hls_lib/hlsmath/include/FloatingPoint\hls_hotbm.h:279]   --->   Operation 105 'zext' 'zext_ln1072_1' <Predicate = true> <Delay = 0.00>
ST_6 : Operation 106 [1/1] (3.95ns)   --->   "%r_V_26 = mul i60 %zext_ln1070_1, %zext_ln1072_1" [r:/builds/2020.1/continuous/2020_05_27_2902540/src/products/hls/hls_lib/hlsmath/src/common/hls_hotbm_double.cpp:36->r:/builds/2020.1/continuous/2020_05_27_2902540/src/products/hls/hls_lib/hlsmath/include/FloatingPoint\hls_hotbm.h:279]   --->   Operation 106 'mul' 'r_V_26' <Predicate = true> <Delay = 3.95> <Core = "Mul">   --->   Core 16 'Mul' <Latency = 0> <II = 1> <Delay = 5.55> <FuncUnit> <Opcode : 'mul'> <InPorts = 2> <OutPorts = 1>
ST_6 : Operation 107 [1/1] (0.00ns)   --->   "%tmp_4 = call i29 @_ssdm_op_PartSelect.i29.i60.i32.i32(i60 %r_V_26, i32 31, i32 59)" [r:/builds/2020.1/continuous/2020_05_27_2902540/src/products/hls/hls_lib/hlsmath/src/common/hls_hotbm_double.cpp:36->r:/builds/2020.1/continuous/2020_05_27_2902540/src/products/hls/hls_lib/hlsmath/include/FloatingPoint\hls_hotbm.h:279]   --->   Operation 107 'partselect' 'tmp_4' <Predicate = true> <Delay = 0.00>
ST_6 : Operation 108 [1/1] (0.00ns)   --->   "%lhs_V_1 = sext i63 %t1_V to i64" [r:/builds/2020.1/continuous/2020_05_27_2902540/src/products/hls/hls_lib/hlsmath/src/common/hls_hotbm_double.cpp:37->r:/builds/2020.1/continuous/2020_05_27_2902540/src/products/hls/hls_lib/hlsmath/include/FloatingPoint\hls_hotbm.h:279]   --->   Operation 108 'sext' 'lhs_V_1' <Predicate = true> <Delay = 0.00>
ST_6 : Operation 109 [1/1] (0.00ns)   --->   "%rhs_V_2 = sext i56 %trunc_ln1 to i64" [r:/builds/2020.1/continuous/2020_05_27_2902540/src/products/hls/hls_lib/hlsmath/src/common/hls_hotbm_double.cpp:37->r:/builds/2020.1/continuous/2020_05_27_2902540/src/products/hls/hls_lib/hlsmath/include/FloatingPoint\hls_hotbm.h:279]   --->   Operation 109 'sext' 'rhs_V_2' <Predicate = true> <Delay = 0.00>
ST_6 : Operation 110 [1/1] (0.00ns) (grouped into TernaryAdder)   --->   "%ret_V_13 = add nsw i64 %lhs_V_1, %rhs_V_2" [r:/builds/2020.1/continuous/2020_05_27_2902540/src/products/hls/hls_lib/hlsmath/src/common/hls_hotbm_double.cpp:37->r:/builds/2020.1/continuous/2020_05_27_2902540/src/products/hls/hls_lib/hlsmath/include/FloatingPoint\hls_hotbm.h:279]   --->   Operation 110 'add' 'ret_V_13' <Predicate = true> <Delay = 0.00> <Core = "TAddSub">   --->   Core 83 'TAddSub' <Latency = 0> <II = 1> <Delay = 0.50> <IPBlock> <Opcode : 'add' 'sub'> <InPorts = 3> <OutPorts = 1> <Sync> <CReg>
ST_6 : Operation 111 [1/1] (0.00ns)   --->   "%sext_ln657 = sext i48 %trunc_ln662_1 to i64" [r:/builds/2020.1/continuous/2020_05_27_2902540/src/products/hls/hls_lib/hlsmath/src/common/hls_hotbm_double.cpp:37->r:/builds/2020.1/continuous/2020_05_27_2902540/src/products/hls/hls_lib/hlsmath/include/FloatingPoint\hls_hotbm.h:279]   --->   Operation 111 'sext' 'sext_ln657' <Predicate = true> <Delay = 0.00>
ST_6 : Operation 112 [1/1] (1.00ns) (root node of TernaryAdder)   --->   "%ret_V_14 = add i64 %ret_V_13, %sext_ln657" [r:/builds/2020.1/continuous/2020_05_27_2902540/src/products/hls/hls_lib/hlsmath/src/common/hls_hotbm_double.cpp:37->r:/builds/2020.1/continuous/2020_05_27_2902540/src/products/hls/hls_lib/hlsmath/include/FloatingPoint\hls_hotbm.h:279]   --->   Operation 112 'add' 'ret_V_14' <Predicate = true> <Delay = 1.00> <Core = "TAddSub">   --->   Core 83 'TAddSub' <Latency = 0> <II = 1> <Delay = 0.50> <IPBlock> <Opcode : 'add' 'sub'> <InPorts = 3> <OutPorts = 1> <Sync> <CReg>

State 7 <SV = 6> <Delay = 5.27>
ST_7 : Operation 113 [1/1] (0.00ns)   --->   "%zext_ln1070 = zext i42 %B_third_power_V to i75" [r:/builds/2020.1/continuous/2020_05_27_2902540/src/products/hls/hls_lib/hlsmath/src/common/hls_hotbm_double.cpp:35->r:/builds/2020.1/continuous/2020_05_27_2902540/src/products/hls/hls_lib/hlsmath/include/FloatingPoint\hls_hotbm.h:279]   --->   Operation 113 'zext' 'zext_ln1070' <Predicate = true> <Delay = 0.00>
ST_7 : Operation 114 [1/1] (0.00ns)   --->   "%zext_ln1072 = zext i33 %fourth_order_double_14 to i75" [r:/builds/2020.1/continuous/2020_05_27_2902540/src/products/hls/hls_lib/hlsmath/src/common/hls_hotbm_double.cpp:35->r:/builds/2020.1/continuous/2020_05_27_2902540/src/products/hls/hls_lib/hlsmath/include/FloatingPoint\hls_hotbm.h:279]   --->   Operation 114 'zext' 'zext_ln1072' <Predicate = true> <Delay = 0.00>
ST_7 : Operation 115 [1/1] (4.26ns)   --->   "%r_V_25 = mul i75 %zext_ln1070, %zext_ln1072" [r:/builds/2020.1/continuous/2020_05_27_2902540/src/products/hls/hls_lib/hlsmath/src/common/hls_hotbm_double.cpp:35->r:/builds/2020.1/continuous/2020_05_27_2902540/src/products/hls/hls_lib/hlsmath/include/FloatingPoint\hls_hotbm.h:279]   --->   Operation 115 'mul' 'r_V_25' <Predicate = true> <Delay = 4.26> <Core = "Mul">   --->   Core 16 'Mul' <Latency = 0> <II = 1> <Delay = 5.55> <FuncUnit> <Opcode : 'mul'> <InPorts = 2> <OutPorts = 1>
ST_7 : Operation 116 [1/1] (0.00ns)   --->   "%tmp_1 = call i37 @_ssdm_op_PartSelect.i37.i75.i32.i32(i75 %r_V_25, i32 38, i32 74)" [r:/builds/2020.1/continuous/2020_05_27_2902540/src/products/hls/hls_lib/hlsmath/src/common/hls_hotbm_double.cpp:35->r:/builds/2020.1/continuous/2020_05_27_2902540/src/products/hls/hls_lib/hlsmath/include/FloatingPoint\hls_hotbm.h:279]   --->   Operation 116 'partselect' 'tmp_1' <Predicate = true> <Delay = 0.00>
ST_7 : Operation 117 [1/1] (0.00ns)   --->   "%zext_ln657 = zext i37 %tmp_1 to i64" [r:/builds/2020.1/continuous/2020_05_27_2902540/src/products/hls/hls_lib/hlsmath/src/common/hls_hotbm_double.cpp:37->r:/builds/2020.1/continuous/2020_05_27_2902540/src/products/hls/hls_lib/hlsmath/include/FloatingPoint\hls_hotbm.h:279]   --->   Operation 117 'zext' 'zext_ln657' <Predicate = true> <Delay = 0.00>
ST_7 : Operation 118 [1/1] (0.00ns) (grouped into TernaryAdder)   --->   "%ret_V_15 = add i64 %ret_V_14, %zext_ln657" [r:/builds/2020.1/continuous/2020_05_27_2902540/src/products/hls/hls_lib/hlsmath/src/common/hls_hotbm_double.cpp:37->r:/builds/2020.1/continuous/2020_05_27_2902540/src/products/hls/hls_lib/hlsmath/include/FloatingPoint\hls_hotbm.h:279]   --->   Operation 118 'add' 'ret_V_15' <Predicate = true> <Delay = 0.00> <Core = "TAddSub">   --->   Core 83 'TAddSub' <Latency = 0> <II = 1> <Delay = 0.50> <IPBlock> <Opcode : 'add' 'sub'> <InPorts = 3> <OutPorts = 1> <Sync> <CReg>
ST_7 : Operation 119 [1/1] (0.00ns)   --->   "%zext_ln657_1 = zext i29 %tmp_4 to i64" [r:/builds/2020.1/continuous/2020_05_27_2902540/src/products/hls/hls_lib/hlsmath/src/common/hls_hotbm_double.cpp:37->r:/builds/2020.1/continuous/2020_05_27_2902540/src/products/hls/hls_lib/hlsmath/include/FloatingPoint\hls_hotbm.h:279]   --->   Operation 119 'zext' 'zext_ln657_1' <Predicate = true> <Delay = 0.00>
ST_7 : Operation 120 [1/1] (1.00ns) (root node of TernaryAdder)   --->   "%ret_V_8 = add i64 %ret_V_15, %zext_ln657_1" [r:/builds/2020.1/continuous/2020_05_27_2902540/src/products/hls/hls_lib/hlsmath/src/common/hls_hotbm_double.cpp:37->r:/builds/2020.1/continuous/2020_05_27_2902540/src/products/hls/hls_lib/hlsmath/include/FloatingPoint\hls_hotbm.h:279]   --->   Operation 120 'add' 'ret_V_8' <Predicate = true> <Delay = 1.00> <Core = "TAddSub">   --->   Core 83 'TAddSub' <Latency = 0> <II = 1> <Delay = 0.50> <IPBlock> <Opcode : 'add' 'sub'> <InPorts = 3> <OutPorts = 1> <Sync> <CReg>

State 8 <SV = 7> <Delay = 6.36>
ST_8 : Operation 121 [1/1] (0.00ns) (grouped into LUT with out node cos_basis)   --->   "%xor_ln271 = xor i1 %tmp, true" [r:/builds/2020.1/continuous/2020_05_27_2902540/src/products/hls/hls_lib/hlsmath/include/FloatingPoint\hls_hotbm.h:271]   --->   Operation 121 'xor' 'xor_ln271' <Predicate = (do_cos_read)> <Delay = 0.00> <Core = "LogicGate">   --->   Core 27 'LogicGate' <Latency = 0> <II = 1> <Delay = 0.33> <FuncUnit> <Opcode : 'and' 'or' 'xor'> <InPorts = 2> <OutPorts = 1>
ST_8 : Operation 122 [1/1] (0.33ns) (out node of the LUT)   --->   "%cos_basis = select i1 %do_cos_read, i1 %xor_ln271, i1 %tmp" [r:/builds/2020.1/continuous/2020_05_27_2902540/src/products/hls/hls_lib/hlsmath/include/FloatingPoint\hls_hotbm.h:271]   --->   Operation 122 'select' 'cos_basis' <Predicate = true> <Delay = 0.33> <Core = "Sel">   --->   Core 26 'Sel' <Latency = 0> <II = 1> <Delay = 0.40> <FuncUnit> <Opcode : 'select'> <InPorts = 3> <OutPorts = 1>
ST_8 : Operation 123 [1/1] (0.00ns) (grouped into LUT with out node ret_V)   --->   "%select_ln272 = select i1 %cos_basis, i11 0, i11 %Ex_V" [r:/builds/2020.1/continuous/2020_05_27_2902540/src/products/hls/hls_lib/hlsmath/include/FloatingPoint\hls_hotbm.h:272]   --->   Operation 123 'select' 'select_ln272' <Predicate = true> <Delay = 0.00> <Core = "Sel">   --->   Core 26 'Sel' <Latency = 0> <II = 1> <Delay = 0.40> <FuncUnit> <Opcode : 'select'> <InPorts = 3> <OutPorts = 1>
ST_8 : Operation 124 [1/1] (0.48ns)   --->   "%select_ln272_1 = select i1 %cos_basis, i63 -1, i63 %Mx_V" [r:/builds/2020.1/continuous/2020_05_27_2902540/src/products/hls/hls_lib/hlsmath/include/FloatingPoint\hls_hotbm.h:272]   --->   Operation 124 'select' 'select_ln272_1' <Predicate = true> <Delay = 0.48> <Core = "Sel">   --->   Core 26 'Sel' <Latency = 0> <II = 1> <Delay = 0.40> <FuncUnit> <Opcode : 'select'> <InPorts = 3> <OutPorts = 1>
ST_8 : Operation 125 [1/1] (0.00ns)   --->   "%zext_ln1070_2 = zext i63 %select_ln272_1 to i126" [r:/builds/2020.1/continuous/2020_05_27_2902540/src/products/hls/hls_lib/hlsmath/src/common/hls_hotbm_double.cpp:37->r:/builds/2020.1/continuous/2020_05_27_2902540/src/products/hls/hls_lib/hlsmath/include/FloatingPoint\hls_hotbm.h:279]   --->   Operation 125 'zext' 'zext_ln1070_2' <Predicate = true> <Delay = 0.00>
ST_8 : Operation 126 [1/1] (0.00ns)   --->   "%sext_ln1072_2 = sext i64 %ret_V_8 to i126" [r:/builds/2020.1/continuous/2020_05_27_2902540/src/products/hls/hls_lib/hlsmath/src/common/hls_hotbm_double.cpp:37->r:/builds/2020.1/continuous/2020_05_27_2902540/src/products/hls/hls_lib/hlsmath/include/FloatingPoint\hls_hotbm.h:279]   --->   Operation 126 'sext' 'sext_ln1072_2' <Predicate = true> <Delay = 0.00>
ST_8 : Operation 127 [1/1] (5.55ns)   --->   "%r_V_27 = mul i126 %sext_ln1072_2, %zext_ln1070_2" [r:/builds/2020.1/continuous/2020_05_27_2902540/src/products/hls/hls_lib/hlsmath/src/common/hls_hotbm_double.cpp:37->r:/builds/2020.1/continuous/2020_05_27_2902540/src/products/hls/hls_lib/hlsmath/include/FloatingPoint\hls_hotbm.h:279]   --->   Operation 127 'mul' 'r_V_27' <Predicate = true> <Delay = 5.55> <Core = "Mul">   --->   Core 16 'Mul' <Latency = 0> <II = 1> <Delay = 5.55> <FuncUnit> <Opcode : 'mul'> <InPorts = 2> <OutPorts = 1>
ST_8 : Operation 128 [1/1] (0.00ns)   --->   "%result_V = call i63 @_ssdm_op_PartSelect.i63.i126.i32.i32(i126 %r_V_27, i32 63, i32 125)" [r:/builds/2020.1/continuous/2020_05_27_2902540/src/products/hls/hls_lib/hlsmath/src/common/hls_hotbm_double.cpp:37->r:/builds/2020.1/continuous/2020_05_27_2902540/src/products/hls/hls_lib/hlsmath/include/FloatingPoint\hls_hotbm.h:279]   --->   Operation 128 'partselect' 'result_V' <Predicate = true> <Delay = 0.00>
ST_8 : Operation 129 [1/1] (0.00ns) (grouped into LUT with out node ret_V)   --->   "%rhs_V = sext i11 %select_ln272 to i12" [r:/builds/2020.1/continuous/2020_05_27_2902540/src/products/hls/hls_lib/hlsmath/include/FloatingPoint\hls_hotbm.h:281]   --->   Operation 129 'sext' 'rhs_V' <Predicate = true> <Delay = 0.00>
ST_8 : Operation 130 [1/1] (0.94ns) (out node of the LUT)   --->   "%ret_V = sub i12 0, %rhs_V" [r:/builds/2020.1/continuous/2020_05_27_2902540/src/products/hls/hls_lib/hlsmath/include/FloatingPoint\hls_hotbm.h:281]   --->   Operation 130 'sub' 'ret_V' <Predicate = true> <Delay = 0.94> <Core = "AddSub">   --->   Core 14 'AddSub' <Latency = 0> <II = 1> <Delay = 0.94> <FuncUnit> <Opcode : 'add' 'sub'> <InPorts = 2> <OutPorts = 1>
ST_8 : Operation 131 [2/2] (0.00ns)   --->   "%resultf = call fastcc double @scaled_fixed2ieee(i63 %result_V, i12 %ret_V) nounwind" [r:/builds/2020.1/continuous/2020_05_27_2902540/src/products/hls/hls_lib/hlsmath/include/FloatingPoint\hls_hotbm.h:281]   --->   Operation 131 'call' 'resultf' <Predicate = true> <Delay = 0.00> <CoreType = "Generic">   --->   Core 0 '' <Latency = 0> <II = 1> <Delay = 1.00> <Generic> <Opcode : >

State 9 <SV = 8> <Delay = 7.74>
ST_9 : Operation 132 [1/1] (0.00ns)   --->   "call void (...)* @_ssdm_op_SpecMemCore([256 x i59]* @fourth_order_double_4, [1 x i8]* @p_str2525, [14 x i8]* @p_str2526, [1 x i8]* @p_str2525, i32 -1, [1 x i8]* @p_str2525, [1 x i8]* @p_str2525, [1 x i8]* @p_str2525, [1 x i8]* @p_str2525, [1 x i8]* @p_str2525) nounwind" [r:/builds/2020.1/continuous/2020_05_27_2902540/src/products/hls/hls_lib/hlsmath/src/common/hls_hotbm_double.cpp:16->r:/builds/2020.1/continuous/2020_05_27_2902540/src/products/hls/hls_lib/hlsmath/include/FloatingPoint\hls_hotbm.h:279]   --->   Operation 132 'specmemcore' <Predicate = true> <Delay = 0.00>
ST_9 : Operation 133 [1/1] (0.00ns)   --->   "call void (...)* @_ssdm_op_SpecMemCore([256 x i52]* @fourth_order_double_5, [1 x i8]* @p_str2525, [14 x i8]* @p_str2526, [1 x i8]* @p_str2525, i32 -1, [1 x i8]* @p_str2525, [1 x i8]* @p_str2525, [1 x i8]* @p_str2525, [1 x i8]* @p_str2525, [1 x i8]* @p_str2525) nounwind" [r:/builds/2020.1/continuous/2020_05_27_2902540/src/products/hls/hls_lib/hlsmath/src/common/hls_hotbm_double.cpp:17->r:/builds/2020.1/continuous/2020_05_27_2902540/src/products/hls/hls_lib/hlsmath/include/FloatingPoint\hls_hotbm.h:279]   --->   Operation 133 'specmemcore' <Predicate = true> <Delay = 0.00>
ST_9 : Operation 134 [1/1] (0.00ns)   --->   "call void (...)* @_ssdm_op_SpecMemCore([256 x i44]* @fourth_order_double_6, [1 x i8]* @p_str2525, [14 x i8]* @p_str2526, [1 x i8]* @p_str2525, i32 -1, [1 x i8]* @p_str2525, [1 x i8]* @p_str2525, [1 x i8]* @p_str2525, [1 x i8]* @p_str2525, [1 x i8]* @p_str2525) nounwind" [r:/builds/2020.1/continuous/2020_05_27_2902540/src/products/hls/hls_lib/hlsmath/src/common/hls_hotbm_double.cpp:18->r:/builds/2020.1/continuous/2020_05_27_2902540/src/products/hls/hls_lib/hlsmath/include/FloatingPoint\hls_hotbm.h:279]   --->   Operation 134 'specmemcore' <Predicate = true> <Delay = 0.00>
ST_9 : Operation 135 [1/1] (0.00ns)   --->   "call void (...)* @_ssdm_op_SpecMemCore([256 x i33]* @fourth_order_double_7, [1 x i8]* @p_str2525, [14 x i8]* @p_str2526, [1 x i8]* @p_str2525, i32 -1, [1 x i8]* @p_str2525, [1 x i8]* @p_str2525, [1 x i8]* @p_str2525, [1 x i8]* @p_str2525, [1 x i8]* @p_str2525) nounwind" [r:/builds/2020.1/continuous/2020_05_27_2902540/src/products/hls/hls_lib/hlsmath/src/common/hls_hotbm_double.cpp:19->r:/builds/2020.1/continuous/2020_05_27_2902540/src/products/hls/hls_lib/hlsmath/include/FloatingPoint\hls_hotbm.h:279]   --->   Operation 135 'specmemcore' <Predicate = true> <Delay = 0.00>
ST_9 : Operation 136 [1/1] (0.00ns)   --->   "call void (...)* @_ssdm_op_SpecMemCore([256 x i25]* @fourth_order_double_s, [1 x i8]* @p_str2525, [14 x i8]* @p_str2526, [1 x i8]* @p_str2525, i32 -1, [1 x i8]* @p_str2525, [1 x i8]* @p_str2525, [1 x i8]* @p_str2525, [1 x i8]* @p_str2525, [1 x i8]* @p_str2525) nounwind" [r:/builds/2020.1/continuous/2020_05_27_2902540/src/products/hls/hls_lib/hlsmath/src/common/hls_hotbm_double.cpp:20->r:/builds/2020.1/continuous/2020_05_27_2902540/src/products/hls/hls_lib/hlsmath/include/FloatingPoint\hls_hotbm.h:279]   --->   Operation 136 'specmemcore' <Predicate = true> <Delay = 0.00>
ST_9 : Operation 137 [1/2] (6.84ns)   --->   "%resultf = call fastcc double @scaled_fixed2ieee(i63 %result_V, i12 %ret_V) nounwind" [r:/builds/2020.1/continuous/2020_05_27_2902540/src/products/hls/hls_lib/hlsmath/include/FloatingPoint\hls_hotbm.h:281]   --->   Operation 137 'call' 'resultf' <Predicate = true> <Delay = 6.84> <CoreType = "Generic">   --->   Core 0 '' <Latency = 0> <II = 1> <Delay = 1.00> <Generic> <Opcode : >
ST_9 : Operation 138 [1/1] (0.00ns)   --->   "%p_Val2_25 = bitcast double %resultf to i64" [r:/builds/2020.1/continuous/2020_05_27_2902540/src/products/hls/hls_lib/src/hls\utils/x_hls_utils.h:475->r:/builds/2020.1/continuous/2020_05_27_2902540/src/products/hls/hls_lib/src/hls\utils/x_hls_utils.h:479->r:/builds/2020.1/continuous/2020_05_27_2902540/src/products/hls/hls_lib/hlsmath/include/FloatingPoint\hls_hotbm.h:288]   --->   Operation 138 'bitcast' 'p_Val2_25' <Predicate = true> <Delay = 0.00>
ST_9 : Operation 139 [1/1] (0.00ns) (grouped into LUT with out node select_ln311)   --->   "%p_Result_19 = call i1 @_ssdm_op_BitSelect.i1.i64.i32(i64 %p_Val2_25, i32 63)" [r:/builds/2020.1/continuous/2020_05_27_2902540/src/products/hls/hls_lib/src/hls\utils/x_hls_utils.h:476->r:/builds/2020.1/continuous/2020_05_27_2902540/src/products/hls/hls_lib/src/hls\utils/x_hls_utils.h:479->r:/builds/2020.1/continuous/2020_05_27_2902540/src/products/hls/hls_lib/hlsmath/include/FloatingPoint\hls_hotbm.h:288]   --->   Operation 139 'bitselect' 'p_Result_19' <Predicate = true> <Delay = 0.00>
ST_9 : Operation 140 [1/1] (0.00ns) (grouped into LUT with out node ret_V_9)   --->   "%tmp_V_2 = call i11 @_ssdm_op_PartSelect.i11.i64.i32.i32(i64 %p_Val2_25, i32 52, i32 62)" [r:/builds/2020.1/continuous/2020_05_27_2902540/src/products/hls/hls_lib/src/hls\utils/x_hls_utils.h:477->r:/builds/2020.1/continuous/2020_05_27_2902540/src/products/hls/hls_lib/src/hls\utils/x_hls_utils.h:479->r:/builds/2020.1/continuous/2020_05_27_2902540/src/products/hls/hls_lib/hlsmath/include/FloatingPoint\hls_hotbm.h:288]   --->   Operation 140 'partselect' 'tmp_V_2' <Predicate = (!icmp_ln833_2)> <Delay = 0.00>
ST_9 : Operation 141 [1/1] (0.00ns) (grouped into LUT with out node ret_V_10)   --->   "%tmp_V_3 = trunc i64 %p_Val2_25 to i52" [r:/builds/2020.1/continuous/2020_05_27_2902540/src/products/hls/hls_lib/src/hls\utils/x_hls_utils.h:478->r:/builds/2020.1/continuous/2020_05_27_2902540/src/products/hls/hls_lib/src/hls\utils/x_hls_utils.h:479->r:/builds/2020.1/continuous/2020_05_27_2902540/src/products/hls/hls_lib/hlsmath/include/FloatingPoint\hls_hotbm.h:288]   --->   Operation 141 'trunc' 'tmp_V_3' <Predicate = true> <Delay = 0.00>
ST_9 : Operation 142 [1/1] (0.00ns)   --->   "%p_Result_20 = call i4 @_ssdm_op_BitConcatenate.i4.i1.i3(i1 %p_Result_s, i3 %p_Val2_30)" [r:/builds/2020.1/continuous/2020_05_27_2902540/src/products/hls/hls_lib/hlsmath/include/FloatingPoint\hls_hotbm.h:295]   --->   Operation 142 'bitconcatenate' 'p_Result_20' <Predicate = true> <Delay = 0.00>
ST_9 : Operation 143 [1/1] (0.00ns) (grouped into LUT with out node select_ln311)   --->   "%tmp_2 = call i1 @_ssdm_op_Mux.ap_auto.16i1.i4(i1 false, i1 false, i1 false, i1 true, i1 true, i1 true, i1 true, i1 false, i1 false, i1 true, i1 true, i1 true, i1 true, i1 false, i1 false, i1 false, i4 %p_Result_20) nounwind" [r:/builds/2020.1/continuous/2020_05_27_2902540/src/products/hls/hls_lib/hlsmath/include/FloatingPoint\hls_hotbm.h:296]   --->   Operation 143 'mux' 'tmp_2' <Predicate = (cos_basis)> <Delay = 0.00> <Core = "MuxnS">   --->   Core 31 'MuxnS' <Latency = 0> <II = 1> <Delay = 0.57> <FuncUnit> <Opcode : 'mux'> <InPorts = 2> <OutPorts = 1>
ST_9 : Operation 144 [1/1] (0.00ns) (grouped into LUT with out node select_ln311)   --->   "%tmp_3 = call i1 @_ssdm_op_Mux.ap_auto.16i1.i4(i1 false, i1 false, i1 true, i1 false, i1 true, i1 true, i1 false, i1 true, i1 true, i1 false, i1 true, i1 true, i1 false, i1 true, i1 false, i1 false, i4 %p_Result_20) nounwind" [r:/builds/2020.1/continuous/2020_05_27_2902540/src/products/hls/hls_lib/hlsmath/include/FloatingPoint\hls_hotbm.h:296]   --->   Operation 144 'mux' 'tmp_3' <Predicate = (!cos_basis)> <Delay = 0.00> <Core = "MuxnS">   --->   Core 31 'MuxnS' <Latency = 0> <II = 1> <Delay = 0.57> <FuncUnit> <Opcode : 'mux'> <InPorts = 2> <OutPorts = 1>
ST_9 : Operation 145 [1/1] (0.00ns) (grouped into LUT with out node select_ln311)   --->   "%select_ln271 = select i1 %cos_basis, i1 %tmp_2, i1 %tmp_3" [r:/builds/2020.1/continuous/2020_05_27_2902540/src/products/hls/hls_lib/hlsmath/include/FloatingPoint\hls_hotbm.h:271]   --->   Operation 145 'select' 'select_ln271' <Predicate = true> <Delay = 0.00> <Core = "Sel">   --->   Core 26 'Sel' <Latency = 0> <II = 1> <Delay = 0.40> <FuncUnit> <Opcode : 'select'> <InPorts = 3> <OutPorts = 1>
ST_9 : Operation 146 [1/1] (0.33ns)   --->   "%and_ln300 = and i1 %icmp_ln833, %icmp_ln833_1" [r:/builds/2020.1/continuous/2020_05_27_2902540/src/products/hls/hls_lib/hlsmath/include/FloatingPoint\hls_hotbm.h:300]   --->   Operation 146 'and' 'and_ln300' <Predicate = true> <Delay = 0.33> <Core = "LogicGate">   --->   Core 27 'LogicGate' <Latency = 0> <II = 1> <Delay = 0.33> <FuncUnit> <Opcode : 'and' 'or' 'xor'> <InPorts = 2> <OutPorts = 1>
ST_9 : Operation 147 [1/1] (0.00ns) (grouped into LUT with out node p_Repl2_3)   --->   "%and_ln307 = and i1 %p_Result_s, %xor_ln29" [r:/builds/2020.1/continuous/2020_05_27_2902540/src/products/hls/hls_lib/hlsmath/include/FloatingPoint\hls_hotbm.h:307]   --->   Operation 147 'and' 'and_ln307' <Predicate = true> <Delay = 0.00> <Core = "LogicGate">   --->   Core 27 'LogicGate' <Latency = 0> <II = 1> <Delay = 0.33> <FuncUnit> <Opcode : 'and' 'or' 'xor'> <InPorts = 2> <OutPorts = 1>
ST_9 : Operation 148 [1/1] (0.00ns) (grouped into LUT with out node ret_V_9)   --->   "%select_ln307 = select i1 %do_cos_read, i11 1023, i11 0" [r:/builds/2020.1/continuous/2020_05_27_2902540/src/products/hls/hls_lib/hlsmath/include/FloatingPoint\hls_hotbm.h:307]   --->   Operation 148 'select' 'select_ln307' <Predicate = true> <Delay = 0.00> <Core = "Sel">   --->   Core 26 'Sel' <Latency = 0> <II = 1> <Delay = 0.40> <FuncUnit> <Opcode : 'select'> <InPorts = 3> <OutPorts = 1>
ST_9 : Operation 149 [1/1] (0.00ns) (grouped into LUT with out node select_ln311)   --->   "%xor_ln311 = xor i1 %icmp_ln833_2, true" [r:/builds/2020.1/continuous/2020_05_27_2902540/src/products/hls/hls_lib/hlsmath/include/FloatingPoint\hls_hotbm.h:311]   --->   Operation 149 'xor' 'xor_ln311' <Predicate = true> <Delay = 0.00> <Core = "LogicGate">   --->   Core 27 'LogicGate' <Latency = 0> <II = 1> <Delay = 0.33> <FuncUnit> <Opcode : 'and' 'or' 'xor'> <InPorts = 2> <OutPorts = 1>
ST_9 : Operation 150 [1/1] (0.00ns) (grouped into LUT with out node select_ln311)   --->   "%or_ln311 = or i1 %icmp_ln833_2, %select_ln271" [r:/builds/2020.1/continuous/2020_05_27_2902540/src/products/hls/hls_lib/hlsmath/include/FloatingPoint\hls_hotbm.h:311]   --->   Operation 150 'or' 'or_ln311' <Predicate = true> <Delay = 0.00> <Core = "LogicGate">   --->   Core 27 'LogicGate' <Latency = 0> <II = 1> <Delay = 0.33> <FuncUnit> <Opcode : 'and' 'or' 'xor'> <InPorts = 2> <OutPorts = 1>
ST_9 : Operation 151 [1/1] (0.57ns) (out node of the LUT)   --->   "%select_ln311 = select i1 %or_ln311, i1 %xor_ln311, i1 %p_Result_19" [r:/builds/2020.1/continuous/2020_05_27_2902540/src/products/hls/hls_lib/hlsmath/include/FloatingPoint\hls_hotbm.h:311]   --->   Operation 151 'select' 'select_ln311' <Predicate = true> <Delay = 0.57> <Core = "Sel">   --->   Core 26 'Sel' <Latency = 0> <II = 1> <Delay = 0.40> <FuncUnit> <Opcode : 'select'> <InPorts = 3> <OutPorts = 1>
ST_9 : Operation 152 [1/1] (0.00ns) (grouped into LUT with out node ret_V_9)   --->   "%select_ln311_1 = select i1 %icmp_ln833_2, i11 -1, i11 %tmp_V_2" [r:/builds/2020.1/continuous/2020_05_27_2902540/src/products/hls/hls_lib/hlsmath/include/FloatingPoint\hls_hotbm.h:311]   --->   Operation 152 'select' 'select_ln311_1' <Predicate = true> <Delay = 0.00> <Core = "Sel">   --->   Core 26 'Sel' <Latency = 0> <II = 1> <Delay = 0.40> <FuncUnit> <Opcode : 'select'> <InPorts = 3> <OutPorts = 1>
ST_9 : Operation 153 [1/1] (0.33ns) (out node of the LUT)   --->   "%p_Repl2_3 = select i1 %and_ln300, i1 %and_ln307, i1 %select_ln311" [r:/builds/2020.1/continuous/2020_05_27_2902540/src/products/hls/hls_lib/hlsmath/include/FloatingPoint\hls_hotbm.h:300]   --->   Operation 153 'select' 'p_Repl2_3' <Predicate = true> <Delay = 0.33> <Core = "Sel">   --->   Core 26 'Sel' <Latency = 0> <II = 1> <Delay = 0.40> <FuncUnit> <Opcode : 'select'> <InPorts = 3> <OutPorts = 1>
ST_9 : Operation 154 [1/1] (0.45ns) (out node of the LUT)   --->   "%ret_V_9 = select i1 %and_ln300, i11 %select_ln307, i11 %select_ln311_1" [r:/builds/2020.1/continuous/2020_05_27_2902540/src/products/hls/hls_lib/hlsmath/include/FloatingPoint\hls_hotbm.h:300]   --->   Operation 154 'select' 'ret_V_9' <Predicate = true> <Delay = 0.45> <Core = "Sel">   --->   Core 26 'Sel' <Latency = 0> <II = 1> <Delay = 0.40> <FuncUnit> <Opcode : 'select'> <InPorts = 3> <OutPorts = 1>
ST_9 : Operation 155 [1/1] (0.00ns) (grouped into LUT with out node ret_V_10)   --->   "%and_ln300_1 = and i1 %icmp_ln833, %icmp_ln833_1" [r:/builds/2020.1/continuous/2020_05_27_2902540/src/products/hls/hls_lib/hlsmath/include/FloatingPoint\hls_hotbm.h:300]   --->   Operation 155 'and' 'and_ln300_1' <Predicate = true> <Delay = 0.00> <Core = "LogicGate">   --->   Core 27 'LogicGate' <Latency = 0> <II = 1> <Delay = 0.33> <FuncUnit> <Opcode : 'and' 'or' 'xor'> <InPorts = 2> <OutPorts = 1>
ST_9 : Operation 156 [1/1] (0.00ns) (grouped into LUT with out node ret_V_10)   --->   "%xor_ln300 = xor i1 %and_ln300_1, true" [r:/builds/2020.1/continuous/2020_05_27_2902540/src/products/hls/hls_lib/hlsmath/include/FloatingPoint\hls_hotbm.h:300]   --->   Operation 156 'xor' 'xor_ln300' <Predicate = true> <Delay = 0.00> <Core = "LogicGate">   --->   Core 27 'LogicGate' <Latency = 0> <II = 1> <Delay = 0.33> <FuncUnit> <Opcode : 'and' 'or' 'xor'> <InPorts = 2> <OutPorts = 1>
ST_9 : Operation 157 [1/1] (0.00ns) (grouped into LUT with out node ret_V_10)   --->   "%select_ln300_2 = select i1 %xor_ln300, i52 -1, i52 0" [r:/builds/2020.1/continuous/2020_05_27_2902540/src/products/hls/hls_lib/hlsmath/include/FloatingPoint\hls_hotbm.h:300]   --->   Operation 157 'select' 'select_ln300_2' <Predicate = true> <Delay = 0.00> <Core = "Sel">   --->   Core 26 'Sel' <Latency = 0> <II = 1> <Delay = 0.40> <FuncUnit> <Opcode : 'select'> <InPorts = 3> <OutPorts = 1>
ST_9 : Operation 158 [1/1] (0.00ns) (grouped into LUT with out node ret_V_10)   --->   "%or_ln300 = or i1 %and_ln300, %icmp_ln833_2" [r:/builds/2020.1/continuous/2020_05_27_2902540/src/products/hls/hls_lib/hlsmath/include/FloatingPoint\hls_hotbm.h:300]   --->   Operation 158 'or' 'or_ln300' <Predicate = true> <Delay = 0.00> <Core = "LogicGate">   --->   Core 27 'LogicGate' <Latency = 0> <II = 1> <Delay = 0.33> <FuncUnit> <Opcode : 'and' 'or' 'xor'> <InPorts = 2> <OutPorts = 1>
ST_9 : Operation 159 [1/1] (0.40ns) (out node of the LUT)   --->   "%ret_V_10 = select i1 %or_ln300, i52 %select_ln300_2, i52 %tmp_V_3" [r:/builds/2020.1/continuous/2020_05_27_2902540/src/products/hls/hls_lib/hlsmath/include/FloatingPoint\hls_hotbm.h:300]   --->   Operation 159 'select' 'ret_V_10' <Predicate = true> <Delay = 0.40> <Core = "Sel">   --->   Core 26 'Sel' <Latency = 0> <II = 1> <Delay = 0.40> <FuncUnit> <Opcode : 'select'> <InPorts = 3> <OutPorts = 1>
ST_9 : Operation 160 [1/1] (0.00ns)   --->   "%p_Result_21 = call i64 @_ssdm_op_BitConcatenate.i64.i1.i11.i52(i1 %p_Repl2_3, i11 %ret_V_9, i52 %ret_V_10) nounwind" [r:/builds/2020.1/continuous/2020_05_27_2902540/src/products/hls/hls_lib/src/hls\utils/x_hls_utils.h:495->r:/builds/2020.1/continuous/2020_05_27_2902540/src/products/hls/hls_lib/src/hls\utils/x_hls_utils.h:512->r:/builds/2020.1/continuous/2020_05_27_2902540/src/products/hls/hls_lib/src/hls\utils/x_hls_utils.h:526->r:/builds/2020.1/continuous/2020_05_27_2902540/src/products/hls/hls_lib/hlsmath/include/FloatingPoint\hls_hotbm.h:316]   --->   Operation 160 'bitconcatenate' 'p_Result_21' <Predicate = true> <Delay = 0.00>
ST_9 : Operation 161 [1/1] (0.00ns)   --->   "%bitcast_ln512 = bitcast i64 %p_Result_21 to double" [r:/builds/2020.1/continuous/2020_05_27_2902540/src/products/hls/hls_lib/src/hls\utils/x_hls_utils.h:512->r:/builds/2020.1/continuous/2020_05_27_2902540/src/products/hls/hls_lib/src/hls\utils/x_hls_utils.h:526->r:/builds/2020.1/continuous/2020_05_27_2902540/src/products/hls/hls_lib/hlsmath/include/FloatingPoint\hls_hotbm.h:316]   --->   Operation 161 'bitcast' 'bitcast_ln512' <Predicate = true> <Delay = 0.00>
ST_9 : Operation 162 [1/1] (0.00ns)   --->   "ret double %bitcast_ln512" [r:/builds/2020.1/continuous/2020_05_27_2902540/src/products/hls/hls_lib/hlsmath/include/FloatingPoint\hls_hotbm.h:316]   --->   Operation 162 'ret' <Predicate = true> <Delay = 0.00>


============================================================
+ Verbose Summary: Timing violations
============================================================
Target clock period: 10ns, clock uncertainty: 1.25ns.

 <State 1>: 2.75ns
The critical path consists of the following:
	wire read on port 't_in' (r:/builds/2020.1/continuous/2020_05_27_2902540/src/products/hls/hls_lib/hlsmath/include/FloatingPoint\hls_hotbm.h:238) [16]  (0 ns)
	'add' operation ('add_ln114_1', r:/builds/2020.1/continuous/2020_05_27_2902540/src/products/hls/hls_lib/hlsmath/include/FloatingPoint/hls_range_redux.h:425->r:/builds/2020.1/continuous/2020_05_27_2902540/src/products/hls/hls_lib/hlsmath/include/FloatingPoint/hls_range_redux.h:496->r:/builds/2020.1/continuous/2020_05_27_2902540/src/products/hls/hls_lib/hlsmath/include/FloatingPoint\hls_hotbm.h:268) [25]  (0.948 ns)
	'select' operation ('addr.V', r:/builds/2020.1/continuous/2020_05_27_2902540/src/products/hls/hls_lib/hlsmath/include/FloatingPoint/hls_range_redux.h:425->r:/builds/2020.1/continuous/2020_05_27_2902540/src/products/hls/hls_lib/hlsmath/include/FloatingPoint/hls_range_redux.h:496->r:/builds/2020.1/continuous/2020_05_27_2902540/src/products/hls/hls_lib/hlsmath/include/FloatingPoint\hls_hotbm.h:268) [26]  (0.451 ns)
	'getelementptr' operation ('ref_4oPi_table_256_V_1', r:/builds/2020.1/continuous/2020_05_27_2902540/src/products/hls/hls_lib/hlsmath/include/FloatingPoint/hls_range_redux.h:426->r:/builds/2020.1/continuous/2020_05_27_2902540/src/products/hls/hls_lib/hlsmath/include/FloatingPoint/hls_range_redux.h:496->r:/builds/2020.1/continuous/2020_05_27_2902540/src/products/hls/hls_lib/hlsmath/include/FloatingPoint\hls_hotbm.h:268) [29]  (0 ns)
	'load' operation ('table_256.V', r:/builds/2020.1/continuous/2020_05_27_2902540/src/products/hls/hls_lib/hlsmath/include/FloatingPoint/hls_range_redux.h:426->r:/builds/2020.1/continuous/2020_05_27_2902540/src/products/hls/hls_lib/hlsmath/include/FloatingPoint/hls_range_redux.h:496->r:/builds/2020.1/continuous/2020_05_27_2902540/src/products/hls/hls_lib/hlsmath/include/FloatingPoint\hls_hotbm.h:268) on array 'ref_4oPi_table_256_V' [30]  (1.35 ns)

 <State 2>: 7.71ns
The critical path consists of the following:
	'load' operation ('table_256.V', r:/builds/2020.1/continuous/2020_05_27_2902540/src/products/hls/hls_lib/hlsmath/include/FloatingPoint/hls_range_redux.h:426->r:/builds/2020.1/continuous/2020_05_27_2902540/src/products/hls/hls_lib/hlsmath/include/FloatingPoint/hls_range_redux.h:496->r:/builds/2020.1/continuous/2020_05_27_2902540/src/products/hls/hls_lib/hlsmath/include/FloatingPoint\hls_hotbm.h:268) on array 'ref_4oPi_table_256_V' [30]  (1.35 ns)
	'shl' operation ('r.V', r:/builds/2020.1/continuous/2020_05_27_2902540/src/products/hls/hls_lib/hlsmath/include/FloatingPoint/hls_range_redux.h:427->r:/builds/2020.1/continuous/2020_05_27_2902540/src/products/hls/hls_lib/hlsmath/include/FloatingPoint/hls_range_redux.h:496->r:/builds/2020.1/continuous/2020_05_27_2902540/src/products/hls/hls_lib/hlsmath/include/FloatingPoint\hls_hotbm.h:268) [33]  (1.74 ns)
	'mul' operation ('ret.V', r:/builds/2020.1/continuous/2020_05_27_2902540/src/products/hls/hls_lib/hlsmath/include/FloatingPoint/hls_range_redux.h:497->r:/builds/2020.1/continuous/2020_05_27_2902540/src/products/hls/hls_lib/hlsmath/include/FloatingPoint\hls_hotbm.h:268) [37]  (4.63 ns)

 <State 3>: 4.63ns
The critical path consists of the following:
	'mul' operation ('ret.V', r:/builds/2020.1/continuous/2020_05_27_2902540/src/products/hls/hls_lib/hlsmath/include/FloatingPoint/hls_range_redux.h:497->r:/builds/2020.1/continuous/2020_05_27_2902540/src/products/hls/hls_lib/hlsmath/include/FloatingPoint\hls_hotbm.h:268) [37]  (4.63 ns)

 <State 4>: 5.9ns
The critical path consists of the following:
	'sub' operation ('Mx_bits.V', r:/builds/2020.1/continuous/2020_05_27_2902540/src/products/hls/hls_lib/hlsmath/include/FloatingPoint/hls_range_redux.h:521->r:/builds/2020.1/continuous/2020_05_27_2902540/src/products/hls/hls_lib/hlsmath/include/FloatingPoint\hls_hotbm.h:268) [42]  (1.7 ns)
	'select' operation ('__Val2__', r:/builds/2020.1/continuous/2020_05_27_2902540/src/products/hls/hls_lib/hlsmath/include/FloatingPoint/hls_range_redux.h:520->r:/builds/2020.1/continuous/2020_05_27_2902540/src/products/hls/hls_lib/hlsmath/include/FloatingPoint\hls_hotbm.h:268) [43]  (0.468 ns)
	'cttz' operation ('tmp_i_i', r:/builds/2020.1/continuous/2020_05_27_2902540/src/products/hls/hls_lib/hlsmath/include/FloatingPoint/hls_normalize.h:104->r:/builds/2020.1/continuous/2020_05_27_2902540/src/products/hls/hls_lib/hlsmath/include/FloatingPoint/hls_range_redux.h:524->r:/builds/2020.1/continuous/2020_05_27_2902540/src/products/hls/hls_lib/hlsmath/include/FloatingPoint\hls_hotbm.h:268) [48]  (2.01 ns)
	'shl' operation ('r.V', r:/builds/2020.1/continuous/2020_05_27_2902540/src/products/hls/hls_lib/hlsmath/include/FloatingPoint/hls_range_redux.h:533->r:/builds/2020.1/continuous/2020_05_27_2902540/src/products/hls/hls_lib/hlsmath/include/FloatingPoint\hls_hotbm.h:268) [51]  (1.72 ns)

 <State 5>: 7.78ns
The critical path consists of the following:
	'sub' operation ('sub_ln1311', r:/builds/2020.1/continuous/2020_05_27_2902540/src/products/hls/hls_lib/hlsmath/include/FloatingPoint/hls_range_redux.h:535->r:/builds/2020.1/continuous/2020_05_27_2902540/src/products/hls/hls_lib/hlsmath/include/FloatingPoint\hls_hotbm.h:268) [57]  (0.948 ns)
	'select' operation ('sh', r:/builds/2020.1/continuous/2020_05_27_2902540/src/products/hls/hls_lib/hlsmath/include/FloatingPoint/hls_range_redux.h:535->r:/builds/2020.1/continuous/2020_05_27_2902540/src/products/hls/hls_lib/hlsmath/include/FloatingPoint\hls_hotbm.h:268) [58]  (0.431 ns)
	'lshr' operation ('r.V', r:/builds/2020.1/continuous/2020_05_27_2902540/src/products/hls/hls_lib/hlsmath/include/FloatingPoint/hls_range_redux.h:535->r:/builds/2020.1/continuous/2020_05_27_2902540/src/products/hls/hls_lib/hlsmath/include/FloatingPoint\hls_hotbm.h:268) [61]  (0 ns)
	'select' operation ('r.V', r:/builds/2020.1/continuous/2020_05_27_2902540/src/products/hls/hls_lib/hlsmath/include/FloatingPoint/hls_range_redux.h:535->r:/builds/2020.1/continuous/2020_05_27_2902540/src/products/hls/hls_lib/hlsmath/include/FloatingPoint\hls_hotbm.h:268) [63]  (1.72 ns)
	'mul' operation ('r.V', r:/builds/2020.1/continuous/2020_05_27_2902540/src/products/hls/hls_lib/hlsmath/src/common/hls_hotbm_double.cpp:25->r:/builds/2020.1/continuous/2020_05_27_2902540/src/products/hls/hls_lib/hlsmath/include/FloatingPoint\hls_hotbm.h:279) [78]  (4.68 ns)

 <State 6>: 8.63ns
The critical path consists of the following:
	'mul' operation ('r.V', r:/builds/2020.1/continuous/2020_05_27_2902540/src/products/hls/hls_lib/hlsmath/src/common/hls_hotbm_double.cpp:27->r:/builds/2020.1/continuous/2020_05_27_2902540/src/products/hls/hls_lib/hlsmath/include/FloatingPoint\hls_hotbm.h:279) [83]  (4.68 ns)
	'mul' operation ('r.V', r:/builds/2020.1/continuous/2020_05_27_2902540/src/products/hls/hls_lib/hlsmath/src/common/hls_hotbm_double.cpp:36->r:/builds/2020.1/continuous/2020_05_27_2902540/src/products/hls/hls_lib/hlsmath/include/FloatingPoint\hls_hotbm.h:279) [114]  (3.96 ns)

 <State 7>: 5.27ns
The critical path consists of the following:
	'mul' operation ('r.V', r:/builds/2020.1/continuous/2020_05_27_2902540/src/products/hls/hls_lib/hlsmath/src/common/hls_hotbm_double.cpp:35->r:/builds/2020.1/continuous/2020_05_27_2902540/src/products/hls/hls_lib/hlsmath/include/FloatingPoint\hls_hotbm.h:279) [108]  (4.26 ns)
	'add' operation ('ret.V', r:/builds/2020.1/continuous/2020_05_27_2902540/src/products/hls/hls_lib/hlsmath/src/common/hls_hotbm_double.cpp:37->r:/builds/2020.1/continuous/2020_05_27_2902540/src/products/hls/hls_lib/hlsmath/include/FloatingPoint\hls_hotbm.h:279) [122]  (0 ns)
	'add' operation ('ret.V', r:/builds/2020.1/continuous/2020_05_27_2902540/src/products/hls/hls_lib/hlsmath/src/common/hls_hotbm_double.cpp:37->r:/builds/2020.1/continuous/2020_05_27_2902540/src/products/hls/hls_lib/hlsmath/include/FloatingPoint\hls_hotbm.h:279) [124]  (1.01 ns)

 <State 8>: 6.37ns
The critical path consists of the following:
	'xor' operation ('xor_ln271', r:/builds/2020.1/continuous/2020_05_27_2902540/src/products/hls/hls_lib/hlsmath/include/FloatingPoint\hls_hotbm.h:271) [65]  (0 ns)
	'select' operation ('cos_basis', r:/builds/2020.1/continuous/2020_05_27_2902540/src/products/hls/hls_lib/hlsmath/include/FloatingPoint\hls_hotbm.h:271) [66]  (0.331 ns)
	'select' operation ('Mx.V', r:/builds/2020.1/continuous/2020_05_27_2902540/src/products/hls/hls_lib/hlsmath/include/FloatingPoint\hls_hotbm.h:272) [68]  (0.489 ns)
	'mul' operation ('r.V', r:/builds/2020.1/continuous/2020_05_27_2902540/src/products/hls/hls_lib/hlsmath/src/common/hls_hotbm_double.cpp:37->r:/builds/2020.1/continuous/2020_05_27_2902540/src/products/hls/hls_lib/hlsmath/include/FloatingPoint\hls_hotbm.h:279) [127]  (5.55 ns)

 <State 9>: 7.74ns
The critical path consists of the following:
	'call' operation ('resultf', r:/builds/2020.1/continuous/2020_05_27_2902540/src/products/hls/hls_lib/hlsmath/include/FloatingPoint\hls_hotbm.h:281) to 'scaled_fixed2ieee' [131]  (6.84 ns)
	'select' operation ('select_ln311', r:/builds/2020.1/continuous/2020_05_27_2902540/src/products/hls/hls_lib/hlsmath/include/FloatingPoint\hls_hotbm.h:311) [148]  (0.57 ns)
	'select' operation ('fp_struct<double>.sign.V', r:/builds/2020.1/continuous/2020_05_27_2902540/src/products/hls/hls_lib/hlsmath/include/FloatingPoint\hls_hotbm.h:300) [150]  (0.331 ns)


============================================================
+ Verbose Summary: Binding
============================================================
N/A
* FSMD analyzer results:
  - Output states:
 - Input state : 
  - Chain level:
	State 1
	State 2
	State 3
	State 4
	State 5
	State 6
	State 7
	State 8
	State 9


============================================================
+ Verbose Summary: Datapath Resource usage 
============================================================
N/A
