

================================================================
== Vivado HLS Report for 'matrix_vector'
================================================================
* Date:           Wed Jun 21 12:34:54 2023

* Version:        2020.1 (Build 2897737 on Wed May 27 20:21:37 MDT 2020)
* Project:        matrix_vector_proj
* Solution:       solution10
* Product family: zynquplus
* Target device:  xqzu5ev-ffrb900-1-i


================================================================
== Performance Estimates
================================================================
+ Timing: 
    * Summary: 
    +--------+---------+----------+------------+
    |  Clock |  Target | Estimated| Uncertainty|
    +--------+---------+----------+------------+
    |ap_clk  | 8.00 ns | 6.762 ns |   1.00 ns  |
    +--------+---------+----------+------------+

+ Latency: 
    * Summary: 
    +---------+---------+----------+----------+-----+-----+---------+
    |  Latency (cycles) |  Latency (absolute) |  Interval | Pipeline|
    |   min   |   max   |    min   |    max   | min | max |   Type  |
    +---------+---------+----------+----------+-----+-----+---------+
    |       18|       18| 0.144 us | 0.144 us |   18|   18|   none  |
    +---------+---------+----------+----------+-----+-----+---------+

    + Detail: 
        * Instance: 
        N/A

        * Loop: 
        +-------------+---------+---------+----------+-----------+-----------+------+----------+
        |             |  Latency (cycles) | Iteration|  Initiation Interval  | Trip |          |
        |  Loop Name  |   min   |   max   |  Latency |  achieved |   target  | Count| Pipelined|
        +-------------+---------+---------+----------+-----------+-----------+------+----------+
        |- data_loop  |       16|       16|         3|          2|          2|     8|    yes   |
        +-------------+---------+---------+----------+-----------+-----------+------+----------+

============================================================
+ Verbose Summary: Synthesis Manager
============================================================
InlineROM: 1
ExposeGlobal: 0
============================================================
+ Verbose Summary: CDFG Model
============================================================
IsTopModel: 1
ResetActiveHigh: 1
IsCombinational: 0
IsDatapathOnly: 0
HasWiredReturn: 1
HasMFsm: 0
HasVarLatency: 1
IsPipeline: 0
IsRtlPipelined: 0
IsInstanceOverlapped: 0
IsDontTouch: 0
HasImplIP: 0
IsGatedGlobalClock: 0

+ Individual pipeline summary: 
  * Pipeline-0: initiation interval (II) = 2, depth = 3


============================================================
+ Verbose Summary: Schedule
============================================================
* Number of FSM states : 5
* Pipeline : 1
  Pipeline-0 : II = 2, D = 3, States = { 2 3 4 }
* Dataflow Pipeline: 0

* FSM state transitions: 
1 --> 2 
2 --> 5 3 
3 --> 4 
4 --> 2 
5 --> 

* FSM state operations: 

State 1 <SV = 0> <Delay = 0.75>
ST_1 : Operation 6 [1/1] (0.00ns)   --->   "call void (...)* @_ssdm_op_SpecBitsMap(i32* %V_In_7), !map !7"   --->   Operation 6 'specbitsmap' <Predicate = true> <Delay = 0.00>
ST_1 : Operation 7 [1/1] (0.00ns)   --->   "call void (...)* @_ssdm_op_SpecBitsMap(i32* %V_In_6), !map !13"   --->   Operation 7 'specbitsmap' <Predicate = true> <Delay = 0.00>
ST_1 : Operation 8 [1/1] (0.00ns)   --->   "call void (...)* @_ssdm_op_SpecBitsMap(i32* %V_In_5), !map !19"   --->   Operation 8 'specbitsmap' <Predicate = true> <Delay = 0.00>
ST_1 : Operation 9 [1/1] (0.00ns)   --->   "call void (...)* @_ssdm_op_SpecBitsMap(i32* %V_In_4), !map !25"   --->   Operation 9 'specbitsmap' <Predicate = true> <Delay = 0.00>
ST_1 : Operation 10 [1/1] (0.00ns)   --->   "call void (...)* @_ssdm_op_SpecBitsMap(i32* %V_In_3), !map !31"   --->   Operation 10 'specbitsmap' <Predicate = true> <Delay = 0.00>
ST_1 : Operation 11 [1/1] (0.00ns)   --->   "call void (...)* @_ssdm_op_SpecBitsMap(i32* %V_In_2), !map !37"   --->   Operation 11 'specbitsmap' <Predicate = true> <Delay = 0.00>
ST_1 : Operation 12 [1/1] (0.00ns)   --->   "call void (...)* @_ssdm_op_SpecBitsMap(i32* %V_In_1), !map !43"   --->   Operation 12 'specbitsmap' <Predicate = true> <Delay = 0.00>
ST_1 : Operation 13 [1/1] (0.00ns)   --->   "call void (...)* @_ssdm_op_SpecBitsMap(i32* %V_In_0), !map !49"   --->   Operation 13 'specbitsmap' <Predicate = true> <Delay = 0.00>
ST_1 : Operation 14 [1/1] (0.00ns)   --->   "call void (...)* @_ssdm_op_SpecBitsMap([8 x i32]* %M_7), !map !55"   --->   Operation 14 'specbitsmap' <Predicate = true> <Delay = 0.00>
ST_1 : Operation 15 [1/1] (0.00ns)   --->   "call void (...)* @_ssdm_op_SpecBitsMap([8 x i32]* %M_6), !map !61"   --->   Operation 15 'specbitsmap' <Predicate = true> <Delay = 0.00>
ST_1 : Operation 16 [1/1] (0.00ns)   --->   "call void (...)* @_ssdm_op_SpecBitsMap([8 x i32]* %M_5), !map !66"   --->   Operation 16 'specbitsmap' <Predicate = true> <Delay = 0.00>
ST_1 : Operation 17 [1/1] (0.00ns)   --->   "call void (...)* @_ssdm_op_SpecBitsMap([8 x i32]* %M_4), !map !71"   --->   Operation 17 'specbitsmap' <Predicate = true> <Delay = 0.00>
ST_1 : Operation 18 [1/1] (0.00ns)   --->   "call void (...)* @_ssdm_op_SpecBitsMap([8 x i32]* %M_3), !map !76"   --->   Operation 18 'specbitsmap' <Predicate = true> <Delay = 0.00>
ST_1 : Operation 19 [1/1] (0.00ns)   --->   "call void (...)* @_ssdm_op_SpecBitsMap([8 x i32]* %M_2), !map !81"   --->   Operation 19 'specbitsmap' <Predicate = true> <Delay = 0.00>
ST_1 : Operation 20 [1/1] (0.00ns)   --->   "call void (...)* @_ssdm_op_SpecBitsMap([8 x i32]* %M_1), !map !86"   --->   Operation 20 'specbitsmap' <Predicate = true> <Delay = 0.00>
ST_1 : Operation 21 [1/1] (0.00ns)   --->   "call void (...)* @_ssdm_op_SpecBitsMap([8 x i32]* %M_0), !map !91"   --->   Operation 21 'specbitsmap' <Predicate = true> <Delay = 0.00>
ST_1 : Operation 22 [1/1] (0.00ns)   --->   "call void (...)* @_ssdm_op_SpecBitsMap([8 x i32]* %V_Out) nounwind, !map !96"   --->   Operation 22 'specbitsmap' <Predicate = true> <Delay = 0.00>
ST_1 : Operation 23 [1/1] (0.00ns)   --->   "call void (...)* @_ssdm_op_SpecTopModule([14 x i8]* @matrix_vector_str) nounwind"   --->   Operation 23 'spectopmodule' <Predicate = true> <Delay = 0.00>
ST_1 : Operation 24 [1/1] (0.75ns)   --->   "br label %1" [matrix_vector_base.c:7]   --->   Operation 24 'br' <Predicate = true> <Delay = 0.75>

State 2 <SV = 1> <Delay = 0.88>
ST_2 : Operation 25 [1/1] (0.00ns)   --->   "%i_0 = phi i4 [ 0, %0 ], [ %i, %data_loop ]"   --->   Operation 25 'phi' 'i_0' <Predicate = true> <Delay = 0.00>
ST_2 : Operation 26 [1/1] (0.88ns)   --->   "%icmp_ln7 = icmp eq i4 %i_0, -8" [matrix_vector_base.c:7]   --->   Operation 26 'icmp' 'icmp_ln7' <Predicate = true> <Delay = 0.88> <Core = "Cmp">   --->   Core 25 'Cmp' <Latency = 0> <II = 1> <Delay = 0.88> <FuncUnit> <Opcode : 'icmp'> <InPorts = 2> <OutPorts = 1>
ST_2 : Operation 27 [1/1] (0.00ns)   --->   "%empty = call i32 (...)* @_ssdm_op_SpecLoopTripCount(i64 8, i64 8, i64 8) nounwind"   --->   Operation 27 'speclooptripcount' 'empty' <Predicate = true> <Delay = 0.00>
ST_2 : Operation 28 [1/1] (0.86ns)   --->   "%i = add i4 %i_0, 1" [matrix_vector_base.c:7]   --->   Operation 28 'add' 'i' <Predicate = true> <Delay = 0.86> <Core = "AddSub">   --->   Core 14 'AddSub' <Latency = 0> <II = 1> <Delay = 1.20> <FuncUnit> <Opcode : 'add' 'sub'> <InPorts = 2> <OutPorts = 1>
ST_2 : Operation 29 [1/1] (0.00ns)   --->   "br i1 %icmp_ln7, label %2, label %data_loop" [matrix_vector_base.c:7]   --->   Operation 29 'br' <Predicate = true> <Delay = 0.00>
ST_2 : Operation 30 [1/1] (0.00ns)   --->   "%zext_ln11 = zext i4 %i_0 to i64" [matrix_vector_base.c:11]   --->   Operation 30 'zext' 'zext_ln11' <Predicate = (!icmp_ln7)> <Delay = 0.00>
ST_2 : Operation 31 [1/1] (0.00ns)   --->   "%M_0_addr = getelementptr [8 x i32]* %M_0, i64 0, i64 %zext_ln11" [matrix_vector_base.c:11]   --->   Operation 31 'getelementptr' 'M_0_addr' <Predicate = (!icmp_ln7)> <Delay = 0.00>
ST_2 : Operation 32 [2/2] (0.79ns)   --->   "%M_0_load = load i32* %M_0_addr, align 4" [matrix_vector_base.c:11]   --->   Operation 32 'load' 'M_0_load' <Predicate = (!icmp_ln7)> <Delay = 0.79> <Core = "RAM">   --->   Core 37 'RAM' <Latency = 1> <II = 1> <Delay = 0.79> <Storage> <Opcode : 'load' 'store'> <Ports = 2> <Width = 32> <Depth = 8> <RAM>
ST_2 : Operation 33 [1/1] (0.00ns)   --->   "%M_1_addr = getelementptr [8 x i32]* %M_1, i64 0, i64 %zext_ln11" [matrix_vector_base.c:11]   --->   Operation 33 'getelementptr' 'M_1_addr' <Predicate = (!icmp_ln7)> <Delay = 0.00>
ST_2 : Operation 34 [2/2] (0.79ns)   --->   "%M_1_load = load i32* %M_1_addr, align 4" [matrix_vector_base.c:11]   --->   Operation 34 'load' 'M_1_load' <Predicate = (!icmp_ln7)> <Delay = 0.79> <Core = "RAM">   --->   Core 37 'RAM' <Latency = 1> <II = 1> <Delay = 0.79> <Storage> <Opcode : 'load' 'store'> <Ports = 2> <Width = 32> <Depth = 8> <RAM>
ST_2 : Operation 35 [1/1] (0.00ns)   --->   "%M_2_addr = getelementptr [8 x i32]* %M_2, i64 0, i64 %zext_ln11" [matrix_vector_base.c:11]   --->   Operation 35 'getelementptr' 'M_2_addr' <Predicate = (!icmp_ln7)> <Delay = 0.00>
ST_2 : Operation 36 [2/2] (0.79ns)   --->   "%M_2_load = load i32* %M_2_addr, align 4" [matrix_vector_base.c:11]   --->   Operation 36 'load' 'M_2_load' <Predicate = (!icmp_ln7)> <Delay = 0.79> <Core = "RAM">   --->   Core 37 'RAM' <Latency = 1> <II = 1> <Delay = 0.79> <Storage> <Opcode : 'load' 'store'> <Ports = 2> <Width = 32> <Depth = 8> <RAM>
ST_2 : Operation 37 [1/1] (0.00ns)   --->   "%M_3_addr = getelementptr [8 x i32]* %M_3, i64 0, i64 %zext_ln11" [matrix_vector_base.c:11]   --->   Operation 37 'getelementptr' 'M_3_addr' <Predicate = (!icmp_ln7)> <Delay = 0.00>
ST_2 : Operation 38 [2/2] (0.79ns)   --->   "%M_3_load = load i32* %M_3_addr, align 4" [matrix_vector_base.c:11]   --->   Operation 38 'load' 'M_3_load' <Predicate = (!icmp_ln7)> <Delay = 0.79> <Core = "RAM">   --->   Core 37 'RAM' <Latency = 1> <II = 1> <Delay = 0.79> <Storage> <Opcode : 'load' 'store'> <Ports = 2> <Width = 32> <Depth = 8> <RAM>
ST_2 : Operation 39 [1/1] (0.00ns)   --->   "%M_4_addr = getelementptr [8 x i32]* %M_4, i64 0, i64 %zext_ln11" [matrix_vector_base.c:11]   --->   Operation 39 'getelementptr' 'M_4_addr' <Predicate = (!icmp_ln7)> <Delay = 0.00>
ST_2 : Operation 40 [2/2] (0.79ns)   --->   "%M_4_load = load i32* %M_4_addr, align 4" [matrix_vector_base.c:11]   --->   Operation 40 'load' 'M_4_load' <Predicate = (!icmp_ln7)> <Delay = 0.79> <Core = "RAM">   --->   Core 37 'RAM' <Latency = 1> <II = 1> <Delay = 0.79> <Storage> <Opcode : 'load' 'store'> <Ports = 2> <Width = 32> <Depth = 8> <RAM>
ST_2 : Operation 41 [1/1] (0.00ns)   --->   "%M_5_addr = getelementptr [8 x i32]* %M_5, i64 0, i64 %zext_ln11" [matrix_vector_base.c:11]   --->   Operation 41 'getelementptr' 'M_5_addr' <Predicate = (!icmp_ln7)> <Delay = 0.00>
ST_2 : Operation 42 [2/2] (0.79ns)   --->   "%M_5_load = load i32* %M_5_addr, align 4" [matrix_vector_base.c:11]   --->   Operation 42 'load' 'M_5_load' <Predicate = (!icmp_ln7)> <Delay = 0.79> <Core = "RAM">   --->   Core 37 'RAM' <Latency = 1> <II = 1> <Delay = 0.79> <Storage> <Opcode : 'load' 'store'> <Ports = 2> <Width = 32> <Depth = 8> <RAM>
ST_2 : Operation 43 [1/1] (0.00ns)   --->   "%M_6_addr = getelementptr [8 x i32]* %M_6, i64 0, i64 %zext_ln11" [matrix_vector_base.c:11]   --->   Operation 43 'getelementptr' 'M_6_addr' <Predicate = (!icmp_ln7)> <Delay = 0.00>
ST_2 : Operation 44 [2/2] (0.79ns)   --->   "%M_6_load = load i32* %M_6_addr, align 4" [matrix_vector_base.c:11]   --->   Operation 44 'load' 'M_6_load' <Predicate = (!icmp_ln7)> <Delay = 0.79> <Core = "RAM">   --->   Core 37 'RAM' <Latency = 1> <II = 1> <Delay = 0.79> <Storage> <Opcode : 'load' 'store'> <Ports = 2> <Width = 32> <Depth = 8> <RAM>
ST_2 : Operation 45 [1/1] (0.00ns)   --->   "%M_7_addr = getelementptr [8 x i32]* %M_7, i64 0, i64 %zext_ln11" [matrix_vector_base.c:11]   --->   Operation 45 'getelementptr' 'M_7_addr' <Predicate = (!icmp_ln7)> <Delay = 0.00>
ST_2 : Operation 46 [2/2] (0.79ns)   --->   "%M_7_load = load i32* %M_7_addr, align 4" [matrix_vector_base.c:11]   --->   Operation 46 'load' 'M_7_load' <Predicate = (!icmp_ln7)> <Delay = 0.79> <Core = "RAM">   --->   Core 37 'RAM' <Latency = 1> <II = 1> <Delay = 0.79> <Storage> <Opcode : 'load' 'store'> <Ports = 2> <Width = 32> <Depth = 8> <RAM>

State 3 <SV = 2> <Delay = 5.87>
ST_3 : Operation 47 [1/1] (0.00ns)   --->   "%V_In_0_read = call i32 @_ssdm_op_Read.ap_auto.i32P(i32* %V_In_0)" [matrix_vector_base.c:11]   --->   Operation 47 'read' 'V_In_0_read' <Predicate = (!icmp_ln7)> <Delay = 0.00>
ST_3 : Operation 48 [1/2] (0.79ns)   --->   "%M_0_load = load i32* %M_0_addr, align 4" [matrix_vector_base.c:11]   --->   Operation 48 'load' 'M_0_load' <Predicate = (!icmp_ln7)> <Delay = 0.79> <Core = "RAM">   --->   Core 37 'RAM' <Latency = 1> <II = 1> <Delay = 0.79> <Storage> <Opcode : 'load' 'store'> <Ports = 2> <Width = 32> <Depth = 8> <RAM>
ST_3 : Operation 49 [1/1] (3.88ns)   --->   "%mul_ln11 = mul nsw i32 %V_In_0_read, %M_0_load" [matrix_vector_base.c:11]   --->   Operation 49 'mul' 'mul_ln11' <Predicate = (!icmp_ln7)> <Delay = 3.88> <Core = "Mul">   --->   Core 16 'Mul' <Latency = 0> <II = 1> <Delay = 3.88> <FuncUnit> <Opcode : 'mul'> <InPorts = 2> <OutPorts = 1>
ST_3 : Operation 50 [1/1] (0.00ns)   --->   "%V_In_1_read = call i32 @_ssdm_op_Read.ap_auto.i32P(i32* %V_In_1)" [matrix_vector_base.c:11]   --->   Operation 50 'read' 'V_In_1_read' <Predicate = (!icmp_ln7)> <Delay = 0.00>
ST_3 : Operation 51 [1/2] (0.79ns)   --->   "%M_1_load = load i32* %M_1_addr, align 4" [matrix_vector_base.c:11]   --->   Operation 51 'load' 'M_1_load' <Predicate = (!icmp_ln7)> <Delay = 0.79> <Core = "RAM">   --->   Core 37 'RAM' <Latency = 1> <II = 1> <Delay = 0.79> <Storage> <Opcode : 'load' 'store'> <Ports = 2> <Width = 32> <Depth = 8> <RAM>
ST_3 : Operation 52 [1/1] (3.88ns)   --->   "%mul_ln11_1 = mul nsw i32 %V_In_1_read, %M_1_load" [matrix_vector_base.c:11]   --->   Operation 52 'mul' 'mul_ln11_1' <Predicate = (!icmp_ln7)> <Delay = 3.88> <Core = "Mul">   --->   Core 16 'Mul' <Latency = 0> <II = 1> <Delay = 3.88> <FuncUnit> <Opcode : 'mul'> <InPorts = 2> <OutPorts = 1>
ST_3 : Operation 53 [1/1] (0.00ns)   --->   "%V_In_2_read = call i32 @_ssdm_op_Read.ap_auto.i32P(i32* %V_In_2)" [matrix_vector_base.c:11]   --->   Operation 53 'read' 'V_In_2_read' <Predicate = (!icmp_ln7)> <Delay = 0.00>
ST_3 : Operation 54 [1/2] (0.79ns)   --->   "%M_2_load = load i32* %M_2_addr, align 4" [matrix_vector_base.c:11]   --->   Operation 54 'load' 'M_2_load' <Predicate = (!icmp_ln7)> <Delay = 0.79> <Core = "RAM">   --->   Core 37 'RAM' <Latency = 1> <II = 1> <Delay = 0.79> <Storage> <Opcode : 'load' 'store'> <Ports = 2> <Width = 32> <Depth = 8> <RAM>
ST_3 : Operation 55 [1/1] (0.00ns)   --->   "%V_In_3_read = call i32 @_ssdm_op_Read.ap_auto.i32P(i32* %V_In_3)" [matrix_vector_base.c:11]   --->   Operation 55 'read' 'V_In_3_read' <Predicate = (!icmp_ln7)> <Delay = 0.00>
ST_3 : Operation 56 [1/2] (0.79ns)   --->   "%M_3_load = load i32* %M_3_addr, align 4" [matrix_vector_base.c:11]   --->   Operation 56 'load' 'M_3_load' <Predicate = (!icmp_ln7)> <Delay = 0.79> <Core = "RAM">   --->   Core 37 'RAM' <Latency = 1> <II = 1> <Delay = 0.79> <Storage> <Opcode : 'load' 'store'> <Ports = 2> <Width = 32> <Depth = 8> <RAM>
ST_3 : Operation 57 [1/1] (0.00ns)   --->   "%V_In_4_read = call i32 @_ssdm_op_Read.ap_auto.i32P(i32* %V_In_4)" [matrix_vector_base.c:11]   --->   Operation 57 'read' 'V_In_4_read' <Predicate = (!icmp_ln7)> <Delay = 0.00>
ST_3 : Operation 58 [1/2] (0.79ns)   --->   "%M_4_load = load i32* %M_4_addr, align 4" [matrix_vector_base.c:11]   --->   Operation 58 'load' 'M_4_load' <Predicate = (!icmp_ln7)> <Delay = 0.79> <Core = "RAM">   --->   Core 37 'RAM' <Latency = 1> <II = 1> <Delay = 0.79> <Storage> <Opcode : 'load' 'store'> <Ports = 2> <Width = 32> <Depth = 8> <RAM>
ST_3 : Operation 59 [1/1] (0.00ns)   --->   "%V_In_5_read = call i32 @_ssdm_op_Read.ap_auto.i32P(i32* %V_In_5)" [matrix_vector_base.c:11]   --->   Operation 59 'read' 'V_In_5_read' <Predicate = (!icmp_ln7)> <Delay = 0.00>
ST_3 : Operation 60 [1/2] (0.79ns)   --->   "%M_5_load = load i32* %M_5_addr, align 4" [matrix_vector_base.c:11]   --->   Operation 60 'load' 'M_5_load' <Predicate = (!icmp_ln7)> <Delay = 0.79> <Core = "RAM">   --->   Core 37 'RAM' <Latency = 1> <II = 1> <Delay = 0.79> <Storage> <Opcode : 'load' 'store'> <Ports = 2> <Width = 32> <Depth = 8> <RAM>
ST_3 : Operation 61 [1/1] (0.00ns)   --->   "%V_In_6_read = call i32 @_ssdm_op_Read.ap_auto.i32P(i32* %V_In_6)" [matrix_vector_base.c:11]   --->   Operation 61 'read' 'V_In_6_read' <Predicate = (!icmp_ln7)> <Delay = 0.00>
ST_3 : Operation 62 [1/2] (0.79ns)   --->   "%M_6_load = load i32* %M_6_addr, align 4" [matrix_vector_base.c:11]   --->   Operation 62 'load' 'M_6_load' <Predicate = (!icmp_ln7)> <Delay = 0.79> <Core = "RAM">   --->   Core 37 'RAM' <Latency = 1> <II = 1> <Delay = 0.79> <Storage> <Opcode : 'load' 'store'> <Ports = 2> <Width = 32> <Depth = 8> <RAM>
ST_3 : Operation 63 [1/1] (3.88ns)   --->   "%mul_ln11_6 = mul nsw i32 %V_In_6_read, %M_6_load" [matrix_vector_base.c:11]   --->   Operation 63 'mul' 'mul_ln11_6' <Predicate = (!icmp_ln7)> <Delay = 3.88> <Core = "Mul">   --->   Core 16 'Mul' <Latency = 0> <II = 1> <Delay = 3.88> <FuncUnit> <Opcode : 'mul'> <InPorts = 2> <OutPorts = 1>
ST_3 : Operation 64 [1/1] (0.00ns)   --->   "%V_In_7_read = call i32 @_ssdm_op_Read.ap_auto.i32P(i32* %V_In_7)" [matrix_vector_base.c:11]   --->   Operation 64 'read' 'V_In_7_read' <Predicate = (!icmp_ln7)> <Delay = 0.00>
ST_3 : Operation 65 [1/2] (0.79ns)   --->   "%M_7_load = load i32* %M_7_addr, align 4" [matrix_vector_base.c:11]   --->   Operation 65 'load' 'M_7_load' <Predicate = (!icmp_ln7)> <Delay = 0.79> <Core = "RAM">   --->   Core 37 'RAM' <Latency = 1> <II = 1> <Delay = 0.79> <Storage> <Opcode : 'load' 'store'> <Ports = 2> <Width = 32> <Depth = 8> <RAM>
ST_3 : Operation 66 [1/1] (3.88ns)   --->   "%mul_ln11_7 = mul nsw i32 %V_In_7_read, %M_7_load" [matrix_vector_base.c:11]   --->   Operation 66 'mul' 'mul_ln11_7' <Predicate = (!icmp_ln7)> <Delay = 3.88> <Core = "Mul">   --->   Core 16 'Mul' <Latency = 0> <II = 1> <Delay = 3.88> <FuncUnit> <Opcode : 'mul'> <InPorts = 2> <OutPorts = 1>
ST_3 : Operation 67 [1/1] (1.20ns)   --->   "%add_ln11 = add i32 %mul_ln11, %mul_ln11_1" [matrix_vector_base.c:11]   --->   Operation 67 'add' 'add_ln11' <Predicate = (!icmp_ln7)> <Delay = 1.20> <Core = "AddSub">   --->   Core 14 'AddSub' <Latency = 0> <II = 1> <Delay = 1.20> <FuncUnit> <Opcode : 'add' 'sub'> <InPorts = 2> <OutPorts = 1>
ST_3 : Operation 68 [1/1] (1.20ns)   --->   "%add_ln11_4 = add i32 %mul_ln11_6, %mul_ln11_7" [matrix_vector_base.c:11]   --->   Operation 68 'add' 'add_ln11_4' <Predicate = (!icmp_ln7)> <Delay = 1.20> <Core = "AddSub">   --->   Core 14 'AddSub' <Latency = 0> <II = 1> <Delay = 1.20> <FuncUnit> <Opcode : 'add' 'sub'> <InPorts = 2> <OutPorts = 1>

State 4 <SV = 3> <Delay = 6.76>
ST_4 : Operation 69 [1/1] (0.00ns)   --->   "call void (...)* @_ssdm_op_SpecLoopName([10 x i8]* @p_str2) nounwind" [matrix_vector_base.c:7]   --->   Operation 69 'specloopname' <Predicate = (!icmp_ln7)> <Delay = 0.00>
ST_4 : Operation 70 [1/1] (0.00ns)   --->   "%tmp = call i32 (...)* @_ssdm_op_SpecRegionBegin([10 x i8]* @p_str2) nounwind" [matrix_vector_base.c:7]   --->   Operation 70 'specregionbegin' 'tmp' <Predicate = (!icmp_ln7)> <Delay = 0.00>
ST_4 : Operation 71 [1/1] (0.00ns)   --->   "call void (...)* @_ssdm_op_SpecPipeline(i32 2, i32 1, i32 1, i32 0, [1 x i8]* @p_str1) nounwind" [matrix_vector_base.c:8]   --->   Operation 71 'specpipeline' <Predicate = (!icmp_ln7)> <Delay = 0.00>
ST_4 : Operation 72 [1/1] (3.88ns)   --->   "%mul_ln11_2 = mul nsw i32 %V_In_2_read, %M_2_load" [matrix_vector_base.c:11]   --->   Operation 72 'mul' 'mul_ln11_2' <Predicate = (!icmp_ln7)> <Delay = 3.88> <Core = "Mul">   --->   Core 16 'Mul' <Latency = 0> <II = 1> <Delay = 3.88> <FuncUnit> <Opcode : 'mul'> <InPorts = 2> <OutPorts = 1>
ST_4 : Operation 73 [1/1] (3.88ns)   --->   "%mul_ln11_3 = mul nsw i32 %V_In_3_read, %M_3_load" [matrix_vector_base.c:11]   --->   Operation 73 'mul' 'mul_ln11_3' <Predicate = (!icmp_ln7)> <Delay = 3.88> <Core = "Mul">   --->   Core 16 'Mul' <Latency = 0> <II = 1> <Delay = 3.88> <FuncUnit> <Opcode : 'mul'> <InPorts = 2> <OutPorts = 1>
ST_4 : Operation 74 [1/1] (3.88ns)   --->   "%mul_ln11_4 = mul nsw i32 %V_In_4_read, %M_4_load" [matrix_vector_base.c:11]   --->   Operation 74 'mul' 'mul_ln11_4' <Predicate = (!icmp_ln7)> <Delay = 3.88> <Core = "Mul">   --->   Core 16 'Mul' <Latency = 0> <II = 1> <Delay = 3.88> <FuncUnit> <Opcode : 'mul'> <InPorts = 2> <OutPorts = 1>
ST_4 : Operation 75 [1/1] (3.88ns)   --->   "%mul_ln11_5 = mul nsw i32 %V_In_5_read, %M_5_load" [matrix_vector_base.c:11]   --->   Operation 75 'mul' 'mul_ln11_5' <Predicate = (!icmp_ln7)> <Delay = 3.88> <Core = "Mul">   --->   Core 16 'Mul' <Latency = 0> <II = 1> <Delay = 3.88> <FuncUnit> <Opcode : 'mul'> <InPorts = 2> <OutPorts = 1>
ST_4 : Operation 76 [1/1] (1.20ns)   --->   "%add_ln11_1 = add i32 %mul_ln11_2, %mul_ln11_3" [matrix_vector_base.c:11]   --->   Operation 76 'add' 'add_ln11_1' <Predicate = (!icmp_ln7)> <Delay = 1.20> <Core = "AddSub">   --->   Core 14 'AddSub' <Latency = 0> <II = 1> <Delay = 1.20> <FuncUnit> <Opcode : 'add' 'sub'> <InPorts = 2> <OutPorts = 1>
ST_4 : Operation 77 [1/1] (0.00ns) (grouped into TernaryAdder)   --->   "%add_ln11_2 = add i32 %add_ln11_1, %add_ln11" [matrix_vector_base.c:11]   --->   Operation 77 'add' 'add_ln11_2' <Predicate = (!icmp_ln7)> <Delay = 0.00> <Core = "TAddSub">   --->   Core 83 'TAddSub' <Latency = 0> <II = 1> <Delay = 0.44> <IPBlock> <Opcode : 'add' 'sub'> <InPorts = 3> <OutPorts = 1> <Sync> <CReg>
ST_4 : Operation 78 [1/1] (0.00ns) (grouped into TernaryAdder)   --->   "%add_ln11_3 = add i32 %mul_ln11_4, %mul_ln11_5" [matrix_vector_base.c:11]   --->   Operation 78 'add' 'add_ln11_3' <Predicate = (!icmp_ln7)> <Delay = 0.00> <Core = "TAddSub">   --->   Core 83 'TAddSub' <Latency = 0> <II = 1> <Delay = 0.44> <IPBlock> <Opcode : 'add' 'sub'> <InPorts = 3> <OutPorts = 1> <Sync> <CReg>
ST_4 : Operation 79 [1/1] (0.88ns) (root node of TernaryAdder)   --->   "%add_ln11_5 = add i32 %add_ln11_4, %add_ln11_3" [matrix_vector_base.c:11]   --->   Operation 79 'add' 'add_ln11_5' <Predicate = (!icmp_ln7)> <Delay = 0.88> <Core = "TAddSub">   --->   Core 83 'TAddSub' <Latency = 0> <II = 1> <Delay = 0.44> <IPBlock> <Opcode : 'add' 'sub'> <InPorts = 3> <OutPorts = 1> <Sync> <CReg>
ST_4 : Operation 80 [1/1] (0.88ns) (root node of TernaryAdder)   --->   "%add_ln11_6 = add nsw i32 %add_ln11_5, %add_ln11_2" [matrix_vector_base.c:11]   --->   Operation 80 'add' 'add_ln11_6' <Predicate = (!icmp_ln7)> <Delay = 0.88> <Core = "TAddSub">   --->   Core 83 'TAddSub' <Latency = 0> <II = 1> <Delay = 0.44> <IPBlock> <Opcode : 'add' 'sub'> <InPorts = 3> <OutPorts = 1> <Sync> <CReg>
ST_4 : Operation 81 [1/1] (0.00ns)   --->   "%V_Out_addr = getelementptr [8 x i32]* %V_Out, i64 0, i64 %zext_ln11" [matrix_vector_base.c:13]   --->   Operation 81 'getelementptr' 'V_Out_addr' <Predicate = (!icmp_ln7)> <Delay = 0.00>
ST_4 : Operation 82 [1/1] (0.79ns)   --->   "store i32 %add_ln11_6, i32* %V_Out_addr, align 4" [matrix_vector_base.c:13]   --->   Operation 82 'store' <Predicate = (!icmp_ln7)> <Delay = 0.79> <Core = "RAM">   --->   Core 37 'RAM' <Latency = 1> <II = 1> <Delay = 0.79> <Storage> <Opcode : 'load' 'store'> <Ports = 2> <Width = 32> <Depth = 8> <RAM>
ST_4 : Operation 83 [1/1] (0.00ns)   --->   "%empty_2 = call i32 (...)* @_ssdm_op_SpecRegionEnd([10 x i8]* @p_str2, i32 %tmp) nounwind" [matrix_vector_base.c:14]   --->   Operation 83 'specregionend' 'empty_2' <Predicate = (!icmp_ln7)> <Delay = 0.00>
ST_4 : Operation 84 [1/1] (0.00ns)   --->   "br label %1" [matrix_vector_base.c:7]   --->   Operation 84 'br' <Predicate = (!icmp_ln7)> <Delay = 0.00>

State 5 <SV = 2> <Delay = 0.00>
ST_5 : Operation 85 [1/1] (0.00ns)   --->   "ret void" [matrix_vector_base.c:15]   --->   Operation 85 'ret' <Predicate = true> <Delay = 0.00>


============================================================
+ Verbose Summary: Timing violations
============================================================
Target clock period: 8ns, clock uncertainty: 1ns.

 <State 1>: 0.755ns
The critical path consists of the following:
	multiplexor before 'phi' operation ('i') with incoming values : ('i', matrix_vector_base.c:7) [38]  (0.755 ns)

 <State 2>: 0.884ns
The critical path consists of the following:
	'phi' operation ('i') with incoming values : ('i', matrix_vector_base.c:7) [38]  (0 ns)
	'icmp' operation ('icmp_ln7', matrix_vector_base.c:7) [39]  (0.884 ns)

 <State 3>: 5.87ns
The critical path consists of the following:
	'load' operation ('M_0_load', matrix_vector_base.c:11) on array 'M_0' [50]  (0.79 ns)
	'mul' operation ('mul_ln11', matrix_vector_base.c:11) [51]  (3.88 ns)
	'add' operation ('add_ln11', matrix_vector_base.c:11) [80]  (1.2 ns)

 <State 4>: 6.76ns
The critical path consists of the following:
	'mul' operation ('mul_ln11_2', matrix_vector_base.c:11) [59]  (3.88 ns)
	'add' operation ('add_ln11_1', matrix_vector_base.c:11) [81]  (1.2 ns)
	'add' operation ('add_ln11_2', matrix_vector_base.c:11) [82]  (0 ns)
	'add' operation ('add_ln11_6', matrix_vector_base.c:11) [86]  (0.889 ns)
	'store' operation ('store_ln13', matrix_vector_base.c:13) of variable 'add_ln11_6', matrix_vector_base.c:11 on array 'V_Out' [88]  (0.79 ns)

 <State 5>: 0ns
The critical path consists of the following:


============================================================
+ Verbose Summary: Binding
============================================================
N/A
* FSMD analyzer results:
  - Output states:
 - Input state : 
  - Chain level:
	State 1
	State 2
	State 3
	State 4
	State 5


============================================================
+ Verbose Summary: Datapath Resource usage 
============================================================
N/A
